[0.134s] Invoking command in '/home/nvidia/F1Tenth_WS/build/vesc_driver': CMAKE_PREFIX_PATH=/home/nvidia/F1Tenth_WS/install/vesc_msgs:/home/nvidia/F1Tenth_WS/install/wall_follow:/home/nvidia/F1Tenth_WS/install/vesc:/home/nvidia/F1Tenth_WS/install/vesc_driver:/home/nvidia/F1Tenth_WS/install/vesc_ackermann:/home/nvidia/F1Tenth_WS/install/teleop_tools:/home/nvidia/F1Tenth_WS/install/teleop_tools_msgs:/home/nvidia/F1Tenth_WS/install/safety_node:/home/nvidia/F1Tenth_WS/install/ackermann_mux:/home/nvidia/F1Tenth_WS/install/f1tenth_stack:/home/nvidia/F1Tenth_WS/install/joy_teleop:/home/nvidia/F1Tenth_WS/install/mouse_teleop:/home/nvidia/F1Tenth_WS/install/key_teleop:/opt/ros/foxy LD_LIBRARY_PATH=/home/nvidia/F1Tenth_WS/install/vesc_msgs/lib:/home/nvidia/F1Tenth_WS/install/vesc_driver/lib:/home/nvidia/F1Tenth_WS/install/vesc_ackermann/lib:/home/nvidia/F1Tenth_WS/install/teleop_tools_msgs/lib:/opt/ros/foxy/opt/yaml_cpp_vendor/lib:/opt/ros/foxy/opt/rviz_ogre_vendor/lib:/opt/ros/foxy/lib/aarch64-linux-gnu:/opt/ros/foxy/lib PYTHONPATH=/home/nvidia/F1Tenth_WS/install/vesc_msgs/lib/python3.8/site-packages:/home/nvidia/F1Tenth_WS/install/wall_follow/lib/python3.8/site-packages:/home/nvidia/F1Tenth_WS/build/f1tenth_stack:/home/nvidia/F1Tenth_WS/install/f1tenth_stack/lib/python3.8/site-packages:/home/nvidia/F1Tenth_WS/build/joy_teleop:/home/nvidia/F1Tenth_WS/install/joy_teleop/lib/python3.8/site-packages:/home/nvidia/F1Tenth_WS/install/teleop_tools_msgs/lib/python3.8/site-packages:/home/nvidia/F1Tenth_WS/install/safety_node/lib/python3.8/site-packages:/home/nvidia/F1Tenth_WS/build/mouse_teleop:/home/nvidia/F1Tenth_WS/install/mouse_teleop/lib/python3.8/site-packages:/home/nvidia/F1Tenth_WS/build/key_teleop:/home/nvidia/F1Tenth_WS/install/key_teleop/lib/python3.8/site-packages:/opt/ros/foxy/lib/python3.8/site-packages /usr/bin/cmake --build /home/nvidia/F1Tenth_WS/build/vesc_driver -- -j4 -l4
[0.559s] [ 50%] Built target vesc_driver
[0.669s] [ 70%] Built target vesc_driver_node
[0.725s] [100%] Built target vesc_device_namer
[0.883s] Invoked command in '/home/nvidia/F1Tenth_WS/build/vesc_driver' returned '0': CMAKE_PREFIX_PATH=/home/nvidia/F1Tenth_WS/install/vesc_msgs:/home/nvidia/F1Tenth_WS/install/wall_follow:/home/nvidia/F1Tenth_WS/install/vesc:/home/nvidia/F1Tenth_WS/install/vesc_driver:/home/nvidia/F1Tenth_WS/install/vesc_ackermann:/home/nvidia/F1Tenth_WS/install/teleop_tools:/home/nvidia/F1Tenth_WS/install/teleop_tools_msgs:/home/nvidia/F1Tenth_WS/install/safety_node:/home/nvidia/F1Tenth_WS/install/ackermann_mux:/home/nvidia/F1Tenth_WS/install/f1tenth_stack:/home/nvidia/F1Tenth_WS/install/joy_teleop:/home/nvidia/F1Tenth_WS/install/mouse_teleop:/home/nvidia/F1Tenth_WS/install/key_teleop:/opt/ros/foxy LD_LIBRARY_PATH=/home/nvidia/F1Tenth_WS/install/vesc_msgs/lib:/home/nvidia/F1Tenth_WS/install/vesc_driver/lib:/home/nvidia/F1Tenth_WS/install/vesc_ackermann/lib:/home/nvidia/F1Tenth_WS/install/teleop_tools_msgs/lib:/opt/ros/foxy/opt/yaml_cpp_vendor/lib:/opt/ros/foxy/opt/rviz_ogre_vendor/lib:/opt/ros/foxy/lib/aarch64-linux-gnu:/opt/ros/foxy/lib PYTHONPATH=/home/nvidia/F1Tenth_WS/install/vesc_msgs/lib/python3.8/site-packages:/home/nvidia/F1Tenth_WS/install/wall_follow/lib/python3.8/site-packages:/home/nvidia/F1Tenth_WS/build/f1tenth_stack:/home/nvidia/F1Tenth_WS/install/f1tenth_stack/lib/python3.8/site-packages:/home/nvidia/F1Tenth_WS/build/joy_teleop:/home/nvidia/F1Tenth_WS/install/joy_teleop/lib/python3.8/site-packages:/home/nvidia/F1Tenth_WS/install/teleop_tools_msgs/lib/python3.8/site-packages:/home/nvidia/F1Tenth_WS/install/safety_node/lib/python3.8/site-packages:/home/nvidia/F1Tenth_WS/build/mouse_teleop:/home/nvidia/F1Tenth_WS/install/mouse_teleop/lib/python3.8/site-packages:/home/nvidia/F1Tenth_WS/build/key_teleop:/home/nvidia/F1Tenth_WS/install/key_teleop/lib/python3.8/site-packages:/opt/ros/foxy/lib/python3.8/site-packages /usr/bin/cmake --build /home/nvidia/F1Tenth_WS/build/vesc_driver -- -j4 -l4
[1.237s] Invoking command in '/home/nvidia/F1Tenth_WS/build/vesc_driver': CMAKE_PREFIX_PATH=/home/nvidia/F1Tenth_WS/install/vesc_msgs:/home/nvidia/F1Tenth_WS/install/wall_follow:/home/nvidia/F1Tenth_WS/install/vesc:/home/nvidia/F1Tenth_WS/install/vesc_driver:/home/nvidia/F1Tenth_WS/install/vesc_ackermann:/home/nvidia/F1Tenth_WS/install/teleop_tools:/home/nvidia/F1Tenth_WS/install/teleop_tools_msgs:/home/nvidia/F1Tenth_WS/install/safety_node:/home/nvidia/F1Tenth_WS/install/ackermann_mux:/home/nvidia/F1Tenth_WS/install/f1tenth_stack:/home/nvidia/F1Tenth_WS/install/joy_teleop:/home/nvidia/F1Tenth_WS/install/mouse_teleop:/home/nvidia/F1Tenth_WS/install/key_teleop:/opt/ros/foxy LD_LIBRARY_PATH=/home/nvidia/F1Tenth_WS/install/vesc_msgs/lib:/home/nvidia/F1Tenth_WS/install/vesc_driver/lib:/home/nvidia/F1Tenth_WS/install/vesc_ackermann/lib:/home/nvidia/F1Tenth_WS/install/teleop_tools_msgs/lib:/opt/ros/foxy/opt/yaml_cpp_vendor/lib:/opt/ros/foxy/opt/rviz_ogre_vendor/lib:/opt/ros/foxy/lib/aarch64-linux-gnu:/opt/ros/foxy/lib PYTHONPATH=/home/nvidia/F1Tenth_WS/install/vesc_msgs/lib/python3.8/site-packages:/home/nvidia/F1Tenth_WS/install/wall_follow/lib/python3.8/site-packages:/home/nvidia/F1Tenth_WS/build/f1tenth_stack:/home/nvidia/F1Tenth_WS/install/f1tenth_stack/lib/python3.8/site-packages:/home/nvidia/F1Tenth_WS/build/joy_teleop:/home/nvidia/F1Tenth_WS/install/joy_teleop/lib/python3.8/site-packages:/home/nvidia/F1Tenth_WS/install/teleop_tools_msgs/lib/python3.8/site-packages:/home/nvidia/F1Tenth_WS/install/safety_node/lib/python3.8/site-packages:/home/nvidia/F1Tenth_WS/build/mouse_teleop:/home/nvidia/F1Tenth_WS/install/mouse_teleop/lib/python3.8/site-packages:/home/nvidia/F1Tenth_WS/build/key_teleop:/home/nvidia/F1Tenth_WS/install/key_teleop/lib/python3.8/site-packages:/opt/ros/foxy/lib/python3.8/site-packages /usr/bin/cmake --install /home/nvidia/F1Tenth_WS/build/vesc_driver
[1.323s] -- Install configuration: ""
[1.325s] -- Execute custom install script
[1.326s] -- Up-to-date symlink: /home/nvidia/F1Tenth_WS/install/vesc_driver/lib/vesc_driver/vesc_driver_node
[1.329s] -- Up-to-date symlink: /home/nvidia/F1Tenth_WS/install/vesc_driver/include/vesc_driver/crc.hpp
[1.329s] -- Up-to-date symlink: /home/nvidia/F1Tenth_WS/install/vesc_driver/include/vesc_driver/datatypes.hpp
[1.330s] -- Up-to-date symlink: /home/nvidia/F1Tenth_WS/install/vesc_driver/include/vesc_driver/vesc_device_uuid_lookup.hpp
[1.331s] -- Up-to-date symlink: /home/nvidia/F1Tenth_WS/install/vesc_driver/include/vesc_driver/vesc_driver.hpp
[1.332s] -- Up-to-date symlink: /home/nvidia/F1Tenth_WS/install/vesc_driver/include/vesc_driver/vesc_interface.hpp
[1.333s] -- Up-to-date symlink: /home/nvidia/F1Tenth_WS/install/vesc_driver/include/vesc_driver/vesc_packet.hpp
[1.335s] -- Up-to-date symlink: /home/nvidia/F1Tenth_WS/install/vesc_driver/include/vesc_driver/vesc_packet_factory.hpp
[1.337s] -- Up-to-date symlink: /home/nvidia/F1Tenth_WS/install/vesc_driver/share/vesc_driver/environment/library_path.sh
[1.338s] -- Up-to-date symlink: /home/nvidia/F1Tenth_WS/install/vesc_driver/share/vesc_driver/environment/library_path.dsv
[1.342s] -- Up-to-date symlink: /home/nvidia/F1Tenth_WS/install/vesc_driver/lib/libvesc_driver.so
[1.343s] -- Up-to-date symlink: /home/nvidia/F1Tenth_WS/install/vesc_driver/lib/vesc_driver/vesc_device_namer
[1.346s] -- Up-to-date symlink: /home/nvidia/F1Tenth_WS/install/vesc_driver/share/vesc_driver/launch/vesc_driver_node.launch.py
[1.351s] -- Up-to-date symlink: /home/nvidia/F1Tenth_WS/install/vesc_driver/share/vesc_driver/params/vesc_config.yaml
[1.352s] -- Up-to-date symlink: /home/nvidia/F1Tenth_WS/install/vesc_driver/share/ament_index/resource_index/package_run_dependencies/vesc_driver
[1.354s] -- Up-to-date symlink: /home/nvidia/F1Tenth_WS/install/vesc_driver/share/ament_index/resource_index/parent_prefix_path/vesc_driver
[1.359s] -- Up-to-date symlink: /home/nvidia/F1Tenth_WS/install/vesc_driver/share/vesc_driver/environment/ament_prefix_path.sh
[1.360s] -- Up-to-date symlink: /home/nvidia/F1Tenth_WS/install/vesc_driver/share/vesc_driver/environment/ament_prefix_path.dsv
[1.360s] -- Up-to-date symlink: /home/nvidia/F1Tenth_WS/install/vesc_driver/share/vesc_driver/environment/path.sh
[1.361s] -- Up-to-date symlink: /home/nvidia/F1Tenth_WS/install/vesc_driver/share/vesc_driver/environment/path.dsv
[1.362s] -- Up-to-date symlink: /home/nvidia/F1Tenth_WS/install/vesc_driver/share/vesc_driver/local_setup.bash
[1.363s] -- Up-to-date symlink: /home/nvidia/F1Tenth_WS/install/vesc_driver/share/vesc_driver/local_setup.sh
[1.365s] -- Up-to-date symlink: /home/nvidia/F1Tenth_WS/install/vesc_driver/share/vesc_driver/local_setup.zsh
[1.366s] -- Up-to-date symlink: /home/nvidia/F1Tenth_WS/install/vesc_driver/share/vesc_driver/local_setup.dsv
[1.367s] -- Symlinking: /home/nvidia/F1Tenth_WS/install/vesc_driver/share/vesc_driver/package.dsv
[1.416s] -- Up-to-date symlink: /home/nvidia/F1Tenth_WS/install/vesc_driver/share/ament_index/resource_index/packages/vesc_driver
[1.417s] -- Up-to-date symlink: /home/nvidia/F1Tenth_WS/install/vesc_driver/share/ament_index/resource_index/rclcpp_components/vesc_driver
[1.420s] -- Up-to-date symlink: /home/nvidia/F1Tenth_WS/install/vesc_driver/share/vesc_driver/cmake/ament_cmake_export_dependencies-extras.cmake
[1.423s] -- Up-to-date symlink: /home/nvidia/F1Tenth_WS/install/vesc_driver/share/vesc_driver/cmake/ament_cmake_export_include_directories-extras.cmake
[1.423s] -- Up-to-date symlink: /home/nvidia/F1Tenth_WS/install/vesc_driver/share/vesc_driver/cmake/ament_cmake_export_libraries-extras.cmake
[1.425s] -- Up-to-date symlink: /home/nvidia/F1Tenth_WS/install/vesc_driver/share/vesc_driver/cmake/vesc_driverConfig.cmake
[1.426s] -- Up-to-date symlink: /home/nvidia/F1Tenth_WS/install/vesc_driver/share/vesc_driver/cmake/vesc_driverConfig-version.cmake
[1.427s] -- Up-to-date symlink: /home/nvidia/F1Tenth_WS/install/vesc_driver/share/vesc_driver/package.xml
[1.452s] Invoked command in '/home/nvidia/F1Tenth_WS/build/vesc_driver' returned '0': CMAKE_PREFIX_PATH=/home/nvidia/F1Tenth_WS/install/vesc_msgs:/home/nvidia/F1Tenth_WS/install/wall_follow:/home/nvidia/F1Tenth_WS/install/vesc:/home/nvidia/F1Tenth_WS/install/vesc_driver:/home/nvidia/F1Tenth_WS/install/vesc_ackermann:/home/nvidia/F1Tenth_WS/install/teleop_tools:/home/nvidia/F1Tenth_WS/install/teleop_tools_msgs:/home/nvidia/F1Tenth_WS/install/safety_node:/home/nvidia/F1Tenth_WS/install/ackermann_mux:/home/nvidia/F1Tenth_WS/install/f1tenth_stack:/home/nvidia/F1Tenth_WS/install/joy_teleop:/home/nvidia/F1Tenth_WS/install/mouse_teleop:/home/nvidia/F1Tenth_WS/install/key_teleop:/opt/ros/foxy LD_LIBRARY_PATH=/home/nvidia/F1Tenth_WS/install/vesc_msgs/lib:/home/nvidia/F1Tenth_WS/install/vesc_driver/lib:/home/nvidia/F1Tenth_WS/install/vesc_ackermann/lib:/home/nvidia/F1Tenth_WS/install/teleop_tools_msgs/lib:/opt/ros/foxy/opt/yaml_cpp_vendor/lib:/opt/ros/foxy/opt/rviz_ogre_vendor/lib:/opt/ros/foxy/lib/aarch64-linux-gnu:/opt/ros/foxy/lib PYTHONPATH=/home/nvidia/F1Tenth_WS/install/vesc_msgs/lib/python3.8/site-packages:/home/nvidia/F1Tenth_WS/install/wall_follow/lib/python3.8/site-packages:/home/nvidia/F1Tenth_WS/build/f1tenth_stack:/home/nvidia/F1Tenth_WS/install/f1tenth_stack/lib/python3.8/site-packages:/home/nvidia/F1Tenth_WS/build/joy_teleop:/home/nvidia/F1Tenth_WS/install/joy_teleop/lib/python3.8/site-packages:/home/nvidia/F1Tenth_WS/install/teleop_tools_msgs/lib/python3.8/site-packages:/home/nvidia/F1Tenth_WS/install/safety_node/lib/python3.8/site-packages:/home/nvidia/F1Tenth_WS/build/mouse_teleop:/home/nvidia/F1Tenth_WS/install/mouse_teleop/lib/python3.8/site-packages:/home/nvidia/F1Tenth_WS/build/key_teleop:/home/nvidia/F1Tenth_WS/install/key_teleop/lib/python3.8/site-packages:/opt/ros/foxy/lib/python3.8/site-packages /usr/bin/cmake --install /home/nvidia/F1Tenth_WS/build/vesc_driver
