running develop
running egg_info
creating mouse_teleop.egg-info
writing mouse_teleop.egg-info/PKG-INFO
writing dependency_links to mouse_teleop.egg-info/dependency_links.txt
writing entry points to mouse_teleop.egg-info/entry_points.txt
writing requirements to mouse_teleop.egg-info/requires.txt
writing top-level names to mouse_teleop.egg-info/top_level.txt
writing manifest file 'mouse_teleop.egg-info/SOURCES.txt'
reading manifest file 'mouse_teleop.egg-info/SOURCES.txt'
writing manifest file 'mouse_teleop.egg-info/SOURCES.txt'
running build_ext
Creating /home/nvidia/F1Tenth_WS/install/mouse_teleop/lib/python3.8/site-packages/site.py
Creating /home/nvidia/F1Tenth_WS/install/mouse_teleop/lib/python3.8/site-packages/mouse-teleop.egg-link (link to .)
Installing mouse_teleop script to /home/nvidia/F1Tenth_WS/install/mouse_teleop/lib/mouse_teleop

Installed /home/nvidia/F1Tenth_WS/build/mouse_teleop
running install_data
copying package.xml -> /home/nvidia/F1Tenth_WS/install/mouse_teleop/share/mouse_teleop
creating /home/nvidia/F1Tenth_WS/install/mouse_teleop/share/mouse_teleop/config
copying config/mouse_teleop.yaml -> /home/nvidia/F1Tenth_WS/install/mouse_teleop/share/mouse_teleop/config
creating /home/nvidia/F1Tenth_WS/install/mouse_teleop/share/mouse_teleop/launch
copying launch/mouse_teleop.launch.py -> /home/nvidia/F1Tenth_WS/install/mouse_teleop/share/mouse_teleop/launch
creating /home/nvidia/F1Tenth_WS/install/mouse_teleop/share/ament_index
creating /home/nvidia/F1Tenth_WS/install/mouse_teleop/share/ament_index/resource_index
creating /home/nvidia/F1Tenth_WS/install/mouse_teleop/share/ament_index/resource_index/packages
copying resource/mouse_teleop -> /home/nvidia/F1Tenth_WS/install/mouse_teleop/share/ament_index/resource_index/packages
