[35m[1mScanning dependencies of target safety_node[0m
[ 50%] [32mBuilding CXX object CMakeFiles/safety_node.dir/src/safety_node.cpp.o[0m
[100%] [32m[1mLinking CXX executable safety_node[0m
[100%] Built target safety_node
-- Install configuration: ""
-- Execute custom install script
-- Up-to-date symlink: /sim_ws/install/safety_node/share/safety_node/config/params.yaml
-- Up-to-date symlink: /sim_ws/install/safety_node/share/safety_node/launch/safety_node_launch.py
-- Up-to-date symlink: /sim_ws/install/safety_node/lib/safety_node/safety_node
-- Up-to-date symlink: /sim_ws/install/safety_node/share/safety_node/environment/pythonpath.sh
-- Up-to-date symlink: /sim_ws/install/safety_node/share/safety_node/environment/pythonpath.dsv
-- Up-to-date symlink: /sim_ws/install/safety_node/lib/python3.8/site-packages/safety_node/__init__.py
-- Up-to-date symlink: /sim_ws/install/safety_node/lib/safety_node/safety_node.py
-- Up-to-date symlink: /sim_ws/install/safety_node/share/ament_index/resource_index/package_run_dependencies/safety_node
-- Up-to-date symlink: /sim_ws/install/safety_node/share/ament_index/resource_index/parent_prefix_path/safety_node
-- Up-to-date symlink: /sim_ws/install/safety_node/share/safety_node/environment/ament_prefix_path.sh
-- Up-to-date symlink: /sim_ws/install/safety_node/share/safety_node/environment/ament_prefix_path.dsv
-- Up-to-date symlink: /sim_ws/install/safety_node/share/safety_node/environment/path.sh
-- Up-to-date symlink: /sim_ws/install/safety_node/share/safety_node/environment/path.dsv
-- Up-to-date symlink: /sim_ws/install/safety_node/share/safety_node/local_setup.bash
-- Up-to-date symlink: /sim_ws/install/safety_node/share/safety_node/local_setup.sh
-- Up-to-date symlink: /sim_ws/install/safety_node/share/safety_node/local_setup.zsh
-- Up-to-date symlink: /sim_ws/install/safety_node/share/safety_node/local_setup.dsv
-- Symlinking: /sim_ws/install/safety_node/share/safety_node/package.dsv
-- Up-to-date symlink: /sim_ws/install/safety_node/share/ament_index/resource_index/packages/safety_node
-- Up-to-date symlink: /sim_ws/install/safety_node/share/safety_node/cmake/safety_nodeConfig.cmake
-- Up-to-date symlink: /sim_ws/install/safety_node/share/safety_node/cmake/safety_nodeConfig-version.cmake
-- Up-to-date symlink: /sim_ws/install/safety_node/share/safety_node/package.xml
Listing '/sim_ws/install/safety_node/lib/python3.8/site-packages/safety_node'...
