[0.219s] Invoking command in '/sim_ws/build/safety_node': CMAKE_PREFIX_PATH=${CMAKE_PREFIX_PATH}:/sim_ws/install/f1tenth_gym_ros:/opt/ros/foxy /usr/bin/cmake --build /sim_ws/build/safety_node -- -j12 -l12
[0.259s] [35m[1mScanning dependencies of target safety_node[0m
[0.285s] [ 50%] [32mBuilding CXX object CMakeFiles/safety_node.dir/src/safety_node.cpp.o[0m
[1.874s] [01m[K/sim_ws/src/safety_node/src/safety_node.cpp:[m[K In member function ‘[01m[Kvoid Safety::scan_callback(sensor_msgs::msg::LaserScan_<std::allocator<void> >::ConstSharedPtr)[m[K’:
[1.874s] [01m[K/sim_ws/src/safety_node/src/safety_node.cpp:85:20:[m[K [01;35m[Kwarning: [m[Kunused variable ‘[01m[KR[m[K’ [[01;35m[K-Wunused-variable[m[K]
[1.874s]    85 |             double [01;35m[KR[m[K = speed / angular;
[1.874s]       |                    [01;35m[K^[m[K
[7.340s] [100%] [32m[1mLinking CXX executable safety_node[0m
[7.635s] [100%] Built target safety_node
[7.651s] Invoked command in '/sim_ws/build/safety_node' returned '0': CMAKE_PREFIX_PATH=${CMAKE_PREFIX_PATH}:/sim_ws/install/f1tenth_gym_ros:/opt/ros/foxy /usr/bin/cmake --build /sim_ws/build/safety_node -- -j12 -l12
[7.682s] Invoking command in '/sim_ws/build/safety_node': CMAKE_PREFIX_PATH=${CMAKE_PREFIX_PATH}:/sim_ws/install/f1tenth_gym_ros:/opt/ros/foxy /usr/bin/cmake --install /sim_ws/build/safety_node
[7.690s] -- Install configuration: ""
[7.690s] -- Execute custom install script
[7.691s] -- Up-to-date symlink: /sim_ws/install/safety_node/share/safety_node/config/params.yaml
[7.691s] -- Up-to-date symlink: /sim_ws/install/safety_node/share/safety_node/launch/safety_node_launch.py
[7.692s] -- Up-to-date symlink: /sim_ws/install/safety_node/lib/safety_node/safety_node
[7.692s] -- Up-to-date symlink: /sim_ws/install/safety_node/share/safety_node/environment/pythonpath.sh
[7.692s] -- Up-to-date symlink: /sim_ws/install/safety_node/share/safety_node/environment/pythonpath.dsv
[7.693s] -- Up-to-date symlink: /sim_ws/install/safety_node/lib/python3.8/site-packages/safety_node/__init__.py
[7.693s] -- Up-to-date symlink: /sim_ws/install/safety_node/lib/safety_node/safety_node.py
[7.693s] -- Up-to-date symlink: /sim_ws/install/safety_node/share/ament_index/resource_index/package_run_dependencies/safety_node
[7.693s] -- Up-to-date symlink: /sim_ws/install/safety_node/share/ament_index/resource_index/parent_prefix_path/safety_node
[7.694s] -- Up-to-date symlink: /sim_ws/install/safety_node/share/safety_node/environment/ament_prefix_path.sh
[7.694s] -- Up-to-date symlink: /sim_ws/install/safety_node/share/safety_node/environment/ament_prefix_path.dsv
[7.694s] -- Up-to-date symlink: /sim_ws/install/safety_node/share/safety_node/environment/path.sh
[7.694s] -- Up-to-date symlink: /sim_ws/install/safety_node/share/safety_node/environment/path.dsv
[7.695s] -- Up-to-date symlink: /sim_ws/install/safety_node/share/safety_node/local_setup.bash
[7.695s] -- Up-to-date symlink: /sim_ws/install/safety_node/share/safety_node/local_setup.sh
[7.695s] -- Up-to-date symlink: /sim_ws/install/safety_node/share/safety_node/local_setup.zsh
[7.695s] -- Up-to-date symlink: /sim_ws/install/safety_node/share/safety_node/local_setup.dsv
[7.695s] -- Symlinking: /sim_ws/install/safety_node/share/safety_node/package.dsv
[7.705s] -- Up-to-date symlink: /sim_ws/install/safety_node/share/ament_index/resource_index/packages/safety_node
[7.705s] -- Up-to-date symlink: /sim_ws/install/safety_node/share/safety_node/cmake/safety_nodeConfig.cmake
[7.705s] -- Up-to-date symlink: /sim_ws/install/safety_node/share/safety_node/cmake/safety_nodeConfig-version.cmake
[7.706s] -- Up-to-date symlink: /sim_ws/install/safety_node/share/safety_node/package.xml
[7.734s] Listing '/sim_ws/install/safety_node/lib/python3.8/site-packages/safety_node'...
[7.742s] Invoked command in '/sim_ws/build/safety_node' returned '0': CMAKE_PREFIX_PATH=${CMAKE_PREFIX_PATH}:/sim_ws/install/f1tenth_gym_ros:/opt/ros/foxy /usr/bin/cmake --install /sim_ws/build/safety_node
