[0.284s] Invoking command in '/home/nvidia/F1Tenth_WS/build/vesc_msgs': CMAKE_PREFIX_PATH=${CMAKE_PREFIX_PATH}:/home/nvidia/F1Tenth_WS/install/f1tenth_stack:/home/nvidia/F1Tenth_WS/install/joy_teleop:/home/nvidia/F1Tenth_WS/install/mouse_teleop:/home/nvidia/F1Tenth_WS/install/key_teleop:/opt/ros/foxy /usr/bin/cmake --build /home/nvidia/F1Tenth_WS/build/vesc_msgs -- -j4 -l4
[1.960s] [  1%] Built target vesc_msgs__cpp
[1.961s] [ 12%] Built target vesc_msgs__rosidl_generator_c
[1.961s] [ 23%] Built target vesc_msgs__rosidl_typesupport_cpp
[1.961s] [ 34%] Built target vesc_msgs__rosidl_typesupport_introspection_cpp
[1.962s] [ 45%] Built target vesc_msgs__rosidl_typesupport_fastrtps_cpp
[1.963s] [ 56%] Built target vesc_msgs__rosidl_typesupport_c
[1.963s] [ 67%] Built target vesc_msgs__rosidl_typesupport_introspection_c
[1.963s] [ 78%] Built target vesc_msgs__rosidl_typesupport_fastrtps_c
[1.964s] [ 78%] Built target vesc_msgs
[1.964s] [ 80%] Built target vesc_msgs__py
[1.964s] [ 89%] Built target vesc_msgs__python
[1.965s] [ 92%] Built target vesc_msgs__rosidl_typesupport_c__pyext
[1.965s] [ 96%] Built target vesc_msgs__rosidl_typesupport_fastrtps_c__pyext
[1.965s] [100%] Built target vesc_msgs__rosidl_typesupport_introspection_c__pyext
[2.010s] Invoked command in '/home/nvidia/F1Tenth_WS/build/vesc_msgs' returned '0': CMAKE_PREFIX_PATH=${CMAKE_PREFIX_PATH}:/home/nvidia/F1Tenth_WS/install/f1tenth_stack:/home/nvidia/F1Tenth_WS/install/joy_teleop:/home/nvidia/F1Tenth_WS/install/mouse_teleop:/home/nvidia/F1Tenth_WS/install/key_teleop:/opt/ros/foxy /usr/bin/cmake --build /home/nvidia/F1Tenth_WS/build/vesc_msgs -- -j4 -l4
[3.098s] Invoking command in '/home/nvidia/F1Tenth_WS/build/vesc_msgs': CMAKE_PREFIX_PATH=${CMAKE_PREFIX_PATH}:/home/nvidia/F1Tenth_WS/install/f1tenth_stack:/home/nvidia/F1Tenth_WS/install/joy_teleop:/home/nvidia/F1Tenth_WS/install/mouse_teleop:/home/nvidia/F1Tenth_WS/install/key_teleop:/opt/ros/foxy /usr/bin/cmake --install /home/nvidia/F1Tenth_WS/build/vesc_msgs
[3.160s] -- Install configuration: ""
[3.161s] -- Execute custom install script
[3.163s] -- Up-to-date symlink: /home/nvidia/F1Tenth_WS/install/vesc_msgs/share/ament_index/resource_index/rosidl_interfaces/vesc_msgs
[3.169s] -- Up-to-date symlink: /home/nvidia/F1Tenth_WS/install/vesc_msgs/include/vesc_msgs/msg/detail/vesc_imu__functions.h
[3.170s] -- Up-to-date symlink: /home/nvidia/F1Tenth_WS/install/vesc_msgs/include/vesc_msgs/msg/detail/vesc_imu__struct.h
[3.172s] -- Up-to-date symlink: /home/nvidia/F1Tenth_WS/install/vesc_msgs/include/vesc_msgs/msg/detail/vesc_imu__type_support.h
[3.174s] -- Up-to-date symlink: /home/nvidia/F1Tenth_WS/install/vesc_msgs/include/vesc_msgs/msg/detail/vesc_imu_stamped__functions.h
[3.185s] -- Up-to-date symlink: /home/nvidia/F1Tenth_WS/install/vesc_msgs/include/vesc_msgs/msg/detail/vesc_imu_stamped__struct.h
[3.188s] -- Up-to-date symlink: /home/nvidia/F1Tenth_WS/install/vesc_msgs/include/vesc_msgs/msg/detail/vesc_imu_stamped__type_support.h
[3.188s] -- Up-to-date symlink: /home/nvidia/F1Tenth_WS/install/vesc_msgs/include/vesc_msgs/msg/detail/vesc_state__functions.h
[3.189s] -- Up-to-date symlink: /home/nvidia/F1Tenth_WS/install/vesc_msgs/include/vesc_msgs/msg/detail/vesc_state__struct.h
[3.190s] -- Up-to-date symlink: /home/nvidia/F1Tenth_WS/install/vesc_msgs/include/vesc_msgs/msg/detail/vesc_state__type_support.h
[3.192s] -- Up-to-date symlink: /home/nvidia/F1Tenth_WS/install/vesc_msgs/include/vesc_msgs/msg/detail/vesc_state_stamped__functions.h
[3.193s] -- Up-to-date symlink: /home/nvidia/F1Tenth_WS/install/vesc_msgs/include/vesc_msgs/msg/detail/vesc_state_stamped__struct.h
[3.195s] -- Up-to-date symlink: /home/nvidia/F1Tenth_WS/install/vesc_msgs/include/vesc_msgs/msg/detail/vesc_state_stamped__type_support.h
[3.198s] -- Up-to-date symlink: /home/nvidia/F1Tenth_WS/install/vesc_msgs/include/vesc_msgs/msg/rosidl_generator_c__visibility_control.h
[3.198s] -- Up-to-date symlink: /home/nvidia/F1Tenth_WS/install/vesc_msgs/include/vesc_msgs/msg/vesc_imu.h
[3.199s] -- Up-to-date symlink: /home/nvidia/F1Tenth_WS/install/vesc_msgs/include/vesc_msgs/msg/vesc_imu_stamped.h
[3.200s] -- Up-to-date symlink: /home/nvidia/F1Tenth_WS/install/vesc_msgs/include/vesc_msgs/msg/vesc_state.h
[3.201s] -- Up-to-date symlink: /home/nvidia/F1Tenth_WS/install/vesc_msgs/include/vesc_msgs/msg/vesc_state_stamped.h
[3.203s] -- Up-to-date symlink: /home/nvidia/F1Tenth_WS/install/vesc_msgs/share/vesc_msgs/environment/library_path.sh
[3.205s] -- Up-to-date symlink: /home/nvidia/F1Tenth_WS/install/vesc_msgs/share/vesc_msgs/environment/library_path.dsv
[3.210s] -- Up-to-date symlink: /home/nvidia/F1Tenth_WS/install/vesc_msgs/include/vesc_msgs/msg/detail/vesc_imu__rosidl_typesupport_fastrtps_c.h
[3.211s] -- Up-to-date symlink: /home/nvidia/F1Tenth_WS/install/vesc_msgs/include/vesc_msgs/msg/detail/vesc_imu_stamped__rosidl_typesupport_fastrtps_c.h
[3.212s] -- Up-to-date symlink: /home/nvidia/F1Tenth_WS/install/vesc_msgs/include/vesc_msgs/msg/detail/vesc_state__rosidl_typesupport_fastrtps_c.h
[3.214s] -- Up-to-date symlink: /home/nvidia/F1Tenth_WS/install/vesc_msgs/include/vesc_msgs/msg/detail/vesc_state_stamped__rosidl_typesupport_fastrtps_c.h
[3.215s] -- Up-to-date symlink: /home/nvidia/F1Tenth_WS/install/vesc_msgs/include/vesc_msgs/msg/rosidl_typesupport_fastrtps_c__visibility_control.h
[3.219s] -- Up-to-date symlink: /home/nvidia/F1Tenth_WS/install/vesc_msgs/lib/libvesc_msgs__rosidl_typesupport_fastrtps_c.so
[3.224s] -- Up-to-date symlink: /home/nvidia/F1Tenth_WS/install/vesc_msgs/include/vesc_msgs/msg/detail/vesc_imu__rosidl_typesupport_fastrtps_cpp.hpp
[3.225s] -- Up-to-date symlink: /home/nvidia/F1Tenth_WS/install/vesc_msgs/include/vesc_msgs/msg/detail/vesc_imu_stamped__rosidl_typesupport_fastrtps_cpp.hpp
[3.227s] -- Up-to-date symlink: /home/nvidia/F1Tenth_WS/install/vesc_msgs/include/vesc_msgs/msg/detail/vesc_state__rosidl_typesupport_fastrtps_cpp.hpp
[3.228s] -- Up-to-date symlink: /home/nvidia/F1Tenth_WS/install/vesc_msgs/include/vesc_msgs/msg/detail/vesc_state_stamped__rosidl_typesupport_fastrtps_cpp.hpp
[3.229s] -- Up-to-date symlink: /home/nvidia/F1Tenth_WS/install/vesc_msgs/include/vesc_msgs/msg/rosidl_typesupport_fastrtps_cpp__visibility_control.h
[3.231s] -- Up-to-date symlink: /home/nvidia/F1Tenth_WS/install/vesc_msgs/lib/libvesc_msgs__rosidl_typesupport_fastrtps_cpp.so
[3.235s] -- Up-to-date symlink: /home/nvidia/F1Tenth_WS/install/vesc_msgs/include/vesc_msgs/msg/detail/vesc_imu__rosidl_typesupport_introspection_c.h
[3.236s] -- Up-to-date symlink: /home/nvidia/F1Tenth_WS/install/vesc_msgs/include/vesc_msgs/msg/detail/vesc_imu_stamped__rosidl_typesupport_introspection_c.h
[3.237s] -- Up-to-date symlink: /home/nvidia/F1Tenth_WS/install/vesc_msgs/include/vesc_msgs/msg/detail/vesc_state__rosidl_typesupport_introspection_c.h
[3.239s] -- Up-to-date symlink: /home/nvidia/F1Tenth_WS/install/vesc_msgs/include/vesc_msgs/msg/detail/vesc_state_stamped__rosidl_typesupport_introspection_c.h
[3.240s] -- Up-to-date symlink: /home/nvidia/F1Tenth_WS/install/vesc_msgs/include/vesc_msgs/msg/rosidl_typesupport_introspection_c__visibility_control.h
[3.245s] -- Up-to-date symlink: /home/nvidia/F1Tenth_WS/install/vesc_msgs/include/vesc_msgs/msg/detail/vesc_imu__builder.hpp
[3.247s] -- Up-to-date symlink: /home/nvidia/F1Tenth_WS/install/vesc_msgs/include/vesc_msgs/msg/detail/vesc_imu__struct.hpp
[3.248s] -- Up-to-date symlink: /home/nvidia/F1Tenth_WS/install/vesc_msgs/include/vesc_msgs/msg/detail/vesc_imu__traits.hpp
[3.250s] -- Up-to-date symlink: /home/nvidia/F1Tenth_WS/install/vesc_msgs/include/vesc_msgs/msg/detail/vesc_imu__type_support.hpp
[3.252s] -- Up-to-date symlink: /home/nvidia/F1Tenth_WS/install/vesc_msgs/include/vesc_msgs/msg/detail/vesc_imu_stamped__builder.hpp
[3.253s] -- Up-to-date symlink: /home/nvidia/F1Tenth_WS/install/vesc_msgs/include/vesc_msgs/msg/detail/vesc_imu_stamped__struct.hpp
[3.254s] -- Up-to-date symlink: /home/nvidia/F1Tenth_WS/install/vesc_msgs/include/vesc_msgs/msg/detail/vesc_imu_stamped__traits.hpp
[3.255s] -- Up-to-date symlink: /home/nvidia/F1Tenth_WS/install/vesc_msgs/include/vesc_msgs/msg/detail/vesc_imu_stamped__type_support.hpp
[3.257s] -- Up-to-date symlink: /home/nvidia/F1Tenth_WS/install/vesc_msgs/include/vesc_msgs/msg/detail/vesc_state__builder.hpp
[3.258s] -- Up-to-date symlink: /home/nvidia/F1Tenth_WS/install/vesc_msgs/include/vesc_msgs/msg/detail/vesc_state__struct.hpp
[3.259s] -- Up-to-date symlink: /home/nvidia/F1Tenth_WS/install/vesc_msgs/include/vesc_msgs/msg/detail/vesc_state__traits.hpp
[3.261s] -- Up-to-date symlink: /home/nvidia/F1Tenth_WS/install/vesc_msgs/include/vesc_msgs/msg/detail/vesc_state__type_support.hpp
[3.262s] -- Up-to-date symlink: /home/nvidia/F1Tenth_WS/install/vesc_msgs/include/vesc_msgs/msg/detail/vesc_state_stamped__builder.hpp
[3.263s] -- Up-to-date symlink: /home/nvidia/F1Tenth_WS/install/vesc_msgs/include/vesc_msgs/msg/detail/vesc_state_stamped__struct.hpp
[3.265s] -- Up-to-date symlink: /home/nvidia/F1Tenth_WS/install/vesc_msgs/include/vesc_msgs/msg/detail/vesc_state_stamped__traits.hpp
[3.266s] -- Up-to-date symlink: /home/nvidia/F1Tenth_WS/install/vesc_msgs/include/vesc_msgs/msg/detail/vesc_state_stamped__type_support.hpp
[3.267s] -- Up-to-date symlink: /home/nvidia/F1Tenth_WS/install/vesc_msgs/include/vesc_msgs/msg/rosidl_generator_cpp__visibility_control.hpp
[3.270s] -- Up-to-date symlink: /home/nvidia/F1Tenth_WS/install/vesc_msgs/include/vesc_msgs/msg/vesc_imu.hpp
[3.271s] -- Up-to-date symlink: /home/nvidia/F1Tenth_WS/install/vesc_msgs/include/vesc_msgs/msg/vesc_imu_stamped.hpp
[3.272s] -- Up-to-date symlink: /home/nvidia/F1Tenth_WS/install/vesc_msgs/include/vesc_msgs/msg/vesc_state.hpp
[3.273s] -- Up-to-date symlink: /home/nvidia/F1Tenth_WS/install/vesc_msgs/include/vesc_msgs/msg/vesc_state_stamped.hpp
[3.290s] -- Up-to-date symlink: /home/nvidia/F1Tenth_WS/install/vesc_msgs/include/vesc_msgs/msg/detail/vesc_imu__rosidl_typesupport_introspection_cpp.hpp
[3.291s] -- Up-to-date symlink: /home/nvidia/F1Tenth_WS/install/vesc_msgs/include/vesc_msgs/msg/detail/vesc_imu_stamped__rosidl_typesupport_introspection_cpp.hpp
[3.292s] -- Up-to-date symlink: /home/nvidia/F1Tenth_WS/install/vesc_msgs/include/vesc_msgs/msg/detail/vesc_state__rosidl_typesupport_introspection_cpp.hpp
[3.294s] -- Up-to-date symlink: /home/nvidia/F1Tenth_WS/install/vesc_msgs/include/vesc_msgs/msg/detail/vesc_state_stamped__rosidl_typesupport_introspection_cpp.hpp
[3.296s] -- Up-to-date symlink: /home/nvidia/F1Tenth_WS/install/vesc_msgs/share/vesc_msgs/environment/pythonpath.sh
[3.297s] -- Up-to-date symlink: /home/nvidia/F1Tenth_WS/install/vesc_msgs/share/vesc_msgs/environment/pythonpath.dsv
[3.299s] -- Up-to-date symlink: /home/nvidia/F1Tenth_WS/install/vesc_msgs/lib/python3.8/site-packages/vesc_msgs/__init__.py
[3.303s] -- Up-to-date symlink: /home/nvidia/F1Tenth_WS/install/vesc_msgs/lib/python3.8/site-packages/vesc_msgs/msg/__init__.py
[3.305s] -- Up-to-date symlink: /home/nvidia/F1Tenth_WS/install/vesc_msgs/lib/python3.8/site-packages/vesc_msgs/msg/_vesc_imu.py
[3.307s] -- Up-to-date symlink: /home/nvidia/F1Tenth_WS/install/vesc_msgs/lib/python3.8/site-packages/vesc_msgs/msg/_vesc_imu_stamped.py
[3.308s] -- Up-to-date symlink: /home/nvidia/F1Tenth_WS/install/vesc_msgs/lib/python3.8/site-packages/vesc_msgs/msg/_vesc_state.py
[3.309s] -- Up-to-date symlink: /home/nvidia/F1Tenth_WS/install/vesc_msgs/lib/python3.8/site-packages/vesc_msgs/msg/_vesc_state_stamped.py
[3.312s] -- Up-to-date symlink: /home/nvidia/F1Tenth_WS/install/vesc_msgs/lib/python3.8/site-packages/vesc_msgs/vesc_msgs_s__rosidl_typesupport_fastrtps_c.cpython-38-aarch64-linux-gnu.so
[3.314s] -- Up-to-date symlink: /home/nvidia/F1Tenth_WS/install/vesc_msgs/lib/python3.8/site-packages/vesc_msgs/vesc_msgs_s__rosidl_typesupport_introspection_c.cpython-38-aarch64-linux-gnu.so
[3.318s] -- Up-to-date symlink: /home/nvidia/F1Tenth_WS/install/vesc_msgs/lib/python3.8/site-packages/vesc_msgs/vesc_msgs_s__rosidl_typesupport_c.cpython-38-aarch64-linux-gnu.so
[3.318s] -- Up-to-date symlink: /home/nvidia/F1Tenth_WS/install/vesc_msgs/lib/libvesc_msgs__python.so
[3.320s] -- Up-to-date symlink: /home/nvidia/F1Tenth_WS/install/vesc_msgs/share/vesc_msgs/msg/VescState.idl
[3.322s] -- Up-to-date symlink: /home/nvidia/F1Tenth_WS/install/vesc_msgs/share/vesc_msgs/msg/VescStateStamped.idl
[3.323s] -- Up-to-date symlink: /home/nvidia/F1Tenth_WS/install/vesc_msgs/share/vesc_msgs/msg/VescImu.idl
[3.325s] -- Up-to-date symlink: /home/nvidia/F1Tenth_WS/install/vesc_msgs/share/vesc_msgs/msg/VescImuStamped.idl
[3.328s] -- Up-to-date symlink: /home/nvidia/F1Tenth_WS/install/vesc_msgs/share/vesc_msgs/msg/VescState.msg
[3.330s] -- Up-to-date symlink: /home/nvidia/F1Tenth_WS/install/vesc_msgs/share/vesc_msgs/msg/VescStateStamped.msg
[3.331s] -- Up-to-date symlink: /home/nvidia/F1Tenth_WS/install/vesc_msgs/share/vesc_msgs/msg/VescImu.msg
[3.332s] -- Up-to-date symlink: /home/nvidia/F1Tenth_WS/install/vesc_msgs/share/vesc_msgs/msg/VescImuStamped.msg
[3.336s] -- Up-to-date symlink: /home/nvidia/F1Tenth_WS/install/vesc_msgs/share/ament_index/resource_index/package_run_dependencies/vesc_msgs
[3.337s] -- Up-to-date symlink: /home/nvidia/F1Tenth_WS/install/vesc_msgs/share/ament_index/resource_index/parent_prefix_path/vesc_msgs
[3.339s] -- Up-to-date symlink: /home/nvidia/F1Tenth_WS/install/vesc_msgs/share/vesc_msgs/environment/ament_prefix_path.sh
[3.341s] -- Up-to-date symlink: /home/nvidia/F1Tenth_WS/install/vesc_msgs/share/vesc_msgs/environment/ament_prefix_path.dsv
[3.343s] -- Up-to-date symlink: /home/nvidia/F1Tenth_WS/install/vesc_msgs/share/vesc_msgs/environment/path.sh
[3.345s] -- Up-to-date symlink: /home/nvidia/F1Tenth_WS/install/vesc_msgs/share/vesc_msgs/environment/path.dsv
[3.347s] -- Up-to-date symlink: /home/nvidia/F1Tenth_WS/install/vesc_msgs/share/vesc_msgs/local_setup.bash
[3.350s] -- Up-to-date symlink: /home/nvidia/F1Tenth_WS/install/vesc_msgs/share/vesc_msgs/local_setup.sh
[3.354s] -- Up-to-date symlink: /home/nvidia/F1Tenth_WS/install/vesc_msgs/share/vesc_msgs/local_setup.zsh
[3.355s] -- Up-to-date symlink: /home/nvidia/F1Tenth_WS/install/vesc_msgs/share/vesc_msgs/local_setup.dsv
[3.356s] -- Symlinking: /home/nvidia/F1Tenth_WS/install/vesc_msgs/share/vesc_msgs/package.dsv
[3.410s] -- Up-to-date symlink: /home/nvidia/F1Tenth_WS/install/vesc_msgs/share/ament_index/resource_index/packages/vesc_msgs
[3.412s] -- Up-to-date symlink: /home/nvidia/F1Tenth_WS/install/vesc_msgs/share/vesc_msgs/cmake/rosidl_cmake-extras.cmake
[3.415s] -- Up-to-date symlink: /home/nvidia/F1Tenth_WS/install/vesc_msgs/share/vesc_msgs/cmake/ament_cmake_export_dependencies-extras.cmake
[3.417s] -- Up-to-date symlink: /home/nvidia/F1Tenth_WS/install/vesc_msgs/share/vesc_msgs/cmake/ament_cmake_export_libraries-extras.cmake
[3.422s] -- Up-to-date symlink: /home/nvidia/F1Tenth_WS/install/vesc_msgs/share/vesc_msgs/cmake/ament_cmake_export_targets-extras.cmake
[3.423s] -- Up-to-date symlink: /home/nvidia/F1Tenth_WS/install/vesc_msgs/share/vesc_msgs/cmake/ament_cmake_export_include_directories-extras.cmake
[3.425s] -- Up-to-date symlink: /home/nvidia/F1Tenth_WS/install/vesc_msgs/share/vesc_msgs/cmake/rosidl_cmake_export_typesupport_libraries-extras.cmake
[3.427s] -- Up-to-date symlink: /home/nvidia/F1Tenth_WS/install/vesc_msgs/share/vesc_msgs/cmake/rosidl_cmake_export_typesupport_targets-extras.cmake
[3.429s] -- Up-to-date symlink: /home/nvidia/F1Tenth_WS/install/vesc_msgs/share/vesc_msgs/cmake/vesc_msgsConfig.cmake
[3.430s] -- Up-to-date symlink: /home/nvidia/F1Tenth_WS/install/vesc_msgs/share/vesc_msgs/cmake/vesc_msgsConfig-version.cmake
[3.432s] -- Up-to-date symlink: /home/nvidia/F1Tenth_WS/install/vesc_msgs/share/vesc_msgs/package.xml
[3.434s] -- Up-to-date: /home/nvidia/F1Tenth_WS/install/vesc_msgs/lib/libvesc_msgs__rosidl_generator_c.so
[3.437s] -- Up-to-date: /home/nvidia/F1Tenth_WS/install/vesc_msgs/lib/libvesc_msgs__rosidl_typesupport_introspection_c.so
[3.441s] -- Up-to-date: /home/nvidia/F1Tenth_WS/install/vesc_msgs/lib/libvesc_msgs__rosidl_typesupport_c.so
[3.443s] -- Up-to-date: /home/nvidia/F1Tenth_WS/install/vesc_msgs/lib/libvesc_msgs__rosidl_typesupport_introspection_cpp.so
[3.447s] -- Up-to-date: /home/nvidia/F1Tenth_WS/install/vesc_msgs/lib/libvesc_msgs__rosidl_typesupport_cpp.so
[3.654s] -- Up-to-date: /home/nvidia/F1Tenth_WS/install/vesc_msgs/share/vesc_msgs/cmake/vesc_msgs__rosidl_generator_cExport.cmake
[3.656s] -- Up-to-date: /home/nvidia/F1Tenth_WS/install/vesc_msgs/share/vesc_msgs/cmake/vesc_msgs__rosidl_generator_cExport-noconfig.cmake
[3.657s] -- Up-to-date: /home/nvidia/F1Tenth_WS/install/vesc_msgs/share/vesc_msgs/cmake/vesc_msgs__rosidl_typesupport_introspection_cExport.cmake
[3.657s] -- Up-to-date: /home/nvidia/F1Tenth_WS/install/vesc_msgs/share/vesc_msgs/cmake/vesc_msgs__rosidl_typesupport_introspection_cExport-noconfig.cmake
[3.658s] -- Up-to-date: /home/nvidia/F1Tenth_WS/install/vesc_msgs/share/vesc_msgs/cmake/vesc_msgs__rosidl_typesupport_cExport.cmake
[3.658s] -- Up-to-date: /home/nvidia/F1Tenth_WS/install/vesc_msgs/share/vesc_msgs/cmake/vesc_msgs__rosidl_typesupport_cExport-noconfig.cmake
[3.660s] -- Up-to-date: /home/nvidia/F1Tenth_WS/install/vesc_msgs/share/vesc_msgs/cmake/vesc_msgs__rosidl_generator_cppExport.cmake
[3.661s] -- Up-to-date: /home/nvidia/F1Tenth_WS/install/vesc_msgs/share/vesc_msgs/cmake/vesc_msgs__rosidl_typesupport_introspection_cppExport.cmake
[3.661s] -- Up-to-date: /home/nvidia/F1Tenth_WS/install/vesc_msgs/share/vesc_msgs/cmake/vesc_msgs__rosidl_typesupport_introspection_cppExport-noconfig.cmake
[3.662s] -- Up-to-date: /home/nvidia/F1Tenth_WS/install/vesc_msgs/share/vesc_msgs/cmake/vesc_msgs__rosidl_typesupport_cppExport.cmake
[3.662s] -- Up-to-date: /home/nvidia/F1Tenth_WS/install/vesc_msgs/share/vesc_msgs/cmake/vesc_msgs__rosidl_typesupport_cppExport-noconfig.cmake
[4.501s] Invoked command in '/home/nvidia/F1Tenth_WS/build/vesc_msgs' returned '0': CMAKE_PREFIX_PATH=${CMAKE_PREFIX_PATH}:/home/nvidia/F1Tenth_WS/install/f1tenth_stack:/home/nvidia/F1Tenth_WS/install/joy_teleop:/home/nvidia/F1Tenth_WS/install/mouse_teleop:/home/nvidia/F1Tenth_WS/install/key_teleop:/opt/ros/foxy /usr/bin/cmake --install /home/nvidia/F1Tenth_WS/build/vesc_msgs
