[0.215s] Invoking command in '/sim_ws/build/safety_node': CMAKE_PREFIX_PATH=${CMAKE_PREFIX_PATH}:/sim_ws/install/f1tenth_gym_ros:/opt/ros/foxy /usr/bin/cmake /sim_ws/src/safety_node -DAMENT_CMAKE_SYMLINK_INSTALL=1 -DCMAKE_INSTALL_PREFIX=/sim_ws/install/safety_node
[0.252s] -- Found ament_cmake: 0.9.11 (/opt/ros/foxy/share/ament_cmake/cmake)
[0.279s] -- Using PYTHON_EXECUTABLE: /usr/bin/python3
[0.436s] -- Override CMake install command with custom implementation using symlinks instead of copying resources
[0.469s] -- Found rclcpp: 2.4.2 (/opt/ros/foxy/share/rclcpp/cmake)
[0.548s] -- Using all available rosidl_typesupport_c: rosidl_typesupport_fastrtps_c;rosidl_typesupport_introspection_c
[0.555s] -- Found rosidl_adapter: 1.3.0 (/opt/ros/foxy/share/rosidl_adapter/cmake)
[0.707s] -- Using all available rosidl_typesupport_cpp: rosidl_typesupport_fastrtps_cpp;rosidl_typesupport_introspection_cpp
[0.782s] -- Found rmw_implementation_cmake: 1.0.3 (/opt/ros/foxy/share/rmw_implementation_cmake/cmake)
[0.785s] -- Using RMW implementation 'rmw_fastrtps_cpp' as default
[0.956s] -- Found rclpy: 1.0.11 (/opt/ros/foxy/share/rclpy/cmake)
[0.958s] -- Found nav_msgs: 2.0.5 (/opt/ros/foxy/share/nav_msgs/cmake)
[1.084s] -- Found ackermann_msgs: 2.0.2 (/opt/ros/foxy/share/ackermann_msgs/cmake)
[1.124s] -- Found sensor_msgs: 2.0.5 (/opt/ros/foxy/share/sensor_msgs/cmake)
[1.205s] -- Found ament_lint_auto: 0.9.7 (/opt/ros/foxy/share/ament_lint_auto/cmake)
[1.290s] -- Added test 'copyright' to check source files copyright and LICENSE
[1.291s] -- Added test 'cppcheck' to perform static code analysis on C / C++ code
[1.291s] -- Configured cppcheck include dirs: /sim_ws/src/safety_node/include
[1.291s] -- Configured cppcheck exclude dirs and/or files: 
[1.292s] -- Added test 'cpplint' to check C / C++ code against the Google style
[1.292s] -- Configured cpplint exclude dirs and/or files: 
[1.293s] -- Added test 'flake8' to check Python code syntax and style conventions
[1.293s] -- Added test 'lint_cmake' to check CMake code style
[1.294s] -- Added test 'pep257' to check Python code against some of the style conventions in PEP 257
[1.295s] -- Added test 'uncrustify' to check C / C++ code style
[1.295s] -- Configured uncrustify additional arguments: 
[1.296s] -- Added test 'xmllint' to check XML markup files
[1.301s] -- Configuring done
[1.320s] -- Generating done
[1.321s] -- Build files have been written to: /sim_ws/build/safety_node
[1.329s] Invoked command in '/sim_ws/build/safety_node' returned '0': CMAKE_PREFIX_PATH=${CMAKE_PREFIX_PATH}:/sim_ws/install/f1tenth_gym_ros:/opt/ros/foxy /usr/bin/cmake /sim_ws/src/safety_node -DAMENT_CMAKE_SYMLINK_INSTALL=1 -DCMAKE_INSTALL_PREFIX=/sim_ws/install/safety_node
[1.331s] Invoking command in '/sim_ws/build/safety_node': CMAKE_PREFIX_PATH=${CMAKE_PREFIX_PATH}:/sim_ws/install/f1tenth_gym_ros:/opt/ros/foxy /usr/bin/cmake --build /sim_ws/build/safety_node -- -j12 -l12
[1.402s] [35m[1mScanning dependencies of target safety_node[0m
[1.432s] [ 50%] [32mBuilding CXX object CMakeFiles/safety_node.dir/src/safety_node.cpp.o[0m
[7.842s] [100%] [32m[1mLinking CXX executable safety_node[0m
[8.151s] [100%] Built target safety_node
[8.166s] Invoked command in '/sim_ws/build/safety_node' returned '0': CMAKE_PREFIX_PATH=${CMAKE_PREFIX_PATH}:/sim_ws/install/f1tenth_gym_ros:/opt/ros/foxy /usr/bin/cmake --build /sim_ws/build/safety_node -- -j12 -l12
[8.200s] Invoking command in '/sim_ws/build/safety_node': CMAKE_PREFIX_PATH=${CMAKE_PREFIX_PATH}:/sim_ws/install/f1tenth_gym_ros:/opt/ros/foxy /usr/bin/cmake --install /sim_ws/build/safety_node
[8.206s] -- Install configuration: ""
[8.207s] -- Execute custom install script
[8.207s] -- Symlinking: /sim_ws/install/safety_node/lib/safety_node/safety_node
[8.216s] -- Symlinking: /sim_ws/install/safety_node/share/safety_node/environment/pythonpath.sh
[8.224s] -- Symlinking: /sim_ws/install/safety_node/share/safety_node/environment/pythonpath.dsv
[8.232s] -- Symlinking: /sim_ws/install/safety_node/lib/python3.8/site-packages/safety_node/__init__.py
[8.240s] -- Symlinking: /sim_ws/install/safety_node/lib/safety_node/safety_node.py
[8.248s] -- Symlinking: /sim_ws/install/safety_node/share/ament_index/resource_index/package_run_dependencies/safety_node
[8.256s] -- Symlinking: /sim_ws/install/safety_node/share/ament_index/resource_index/parent_prefix_path/safety_node
[8.264s] -- Symlinking: /sim_ws/install/safety_node/share/safety_node/environment/ament_prefix_path.sh
[8.274s] -- Symlinking: /sim_ws/install/safety_node/share/safety_node/environment/ament_prefix_path.dsv
[8.283s] -- Symlinking: /sim_ws/install/safety_node/share/safety_node/environment/path.sh
[8.292s] -- Symlinking: /sim_ws/install/safety_node/share/safety_node/environment/path.dsv
[8.301s] -- Symlinking: /sim_ws/install/safety_node/share/safety_node/local_setup.bash
[8.309s] -- Symlinking: /sim_ws/install/safety_node/share/safety_node/local_setup.sh
[8.317s] -- Symlinking: /sim_ws/install/safety_node/share/safety_node/local_setup.zsh
[8.326s] -- Symlinking: /sim_ws/install/safety_node/share/safety_node/local_setup.dsv
[8.334s] -- Symlinking: /sim_ws/install/safety_node/share/safety_node/package.dsv
[8.342s] -- Symlinking: /sim_ws/install/safety_node/share/ament_index/resource_index/packages/safety_node
[8.350s] -- Symlinking: /sim_ws/install/safety_node/share/safety_node/cmake/safety_nodeConfig.cmake
[8.358s] -- Symlinking: /sim_ws/install/safety_node/share/safety_node/cmake/safety_nodeConfig-version.cmake
[8.366s] -- Symlinking: /sim_ws/install/safety_node/share/safety_node/package.xml
[8.415s] Listing '/sim_ws/install/safety_node/lib/python3.8/site-packages/safety_node'...
[8.423s] Invoked command in '/sim_ws/build/safety_node' returned '0': CMAKE_PREFIX_PATH=${CMAKE_PREFIX_PATH}:/sim_ws/install/f1tenth_gym_ros:/opt/ros/foxy /usr/bin/cmake --install /sim_ws/build/safety_node
