[01m[K/sim_ws/src/wall_follow/src/wall_follow_node.cpp:[m[K In member function ‘[01m[Kdouble WallFollow::get_range(std::vector<float>&, double)[m[K’:
[01m[K/sim_ws/src/wall_follow/src/wall_follow_node.cpp:86:32:[m[K [01;35m[Kwarning: [m[Kcomparison of integer expressions of different signedness: ‘[01m[Kint[m[K’ and ‘[01m[Kstd::vector<float>::size_type[m[K’ {aka ‘[01m[Klong unsigned int[m[K’} [[01;35m[K-Wsign-compare[m[K]
   86 |         if (index < 0 || [01;35m[Kindex > range_data.size()[m[K) {
      |                          [01;35m[K~~~~~~^~~~~~~~~~~~~~~~~~~[m[K
[01m[K/sim_ws/src/wall_follow/src/wall_follow_node.cpp:[m[K In member function ‘[01m[Kdouble WallFollow::get_error(std::vector<float>&, double, double)[m[K’:
[01m[K/sim_ws/src/wall_follow/src/wall_follow_node.cpp:139:18:[m[K [01;35m[Kwarning: [m[Kstatement has no effect [[01;35m[K-Wunused-value[m[K]
  139 |             for ([01;35m[Kb_angle[m[K;
      |                  [01;35m[K^~~~~~~[m[K
[01m[K/sim_ws/src/wall_follow/src/wall_follow_node.cpp:151:18:[m[K [01;35m[Kwarning: [m[Kstatement has no effect [[01;35m[K-Wunused-value[m[K]
  151 |             for ([01;35m[Ka_angle[m[K;
      |                  [01;35m[K^~~~~~~[m[K
[01m[K/sim_ws/src/wall_follow/src/wall_follow_node.cpp:169:24:[m[K [01;35m[Kwarning: [m[Kunused variable ‘[01m[Kdist_actual[m[K’ [[01;35m[K-Wunused-variable[m[K]
  169 |                 double [01;35m[Kdist_actual[m[K = a_valid * cos(alpha);
      |                        [01;35m[K^~~~~~~~~~~[m[K
[01m[K/sim_ws/src/wall_follow/src/wall_follow_node.cpp:172:24:[m[K [01;35m[Kwarning: [m[Kunused variable ‘[01m[Kdist_actual[m[K’ [[01;35m[K-Wunused-variable[m[K]
  172 |                 double [01;35m[Kdist_actual[m[K = b_valid * cos(alpha);
      |                        [01;35m[K^~~~~~~~~~~[m[K
[01m[K/sim_ws/src/wall_follow/src/wall_follow_node.cpp:174:21:[m[K [01;31m[Kerror: [m[K‘[01m[Kdist_actual[m[K’ was not declared in this scope
  174 |             error = [01;31m[Kdist_actual[m[K + velocity * sin(alpha) - dist;
      |                     [01;31m[K^~~~~~~~~~~[m[K
[01m[K/sim_ws/src/wall_follow/src/wall_follow_node.cpp:174:50:[m[K [01;31m[Kerror: [m[K‘[01m[Kalpha[m[K’ was not declared in this scope; did you mean ‘[01m[Kisalpha[m[K’?
  174 |             error = dist_actual + velocity * sin([01;31m[Kalpha[m[K) - dist;
      |                                                  [01;31m[K^~~~~[m[K
      |                                                  [32m[Kisalpha[m[K
make[2]: *** [CMakeFiles/wall_follow_node.dir/build.make:63: CMakeFiles/wall_follow_node.dir/src/wall_follow_node.cpp.o] Error 1
make[1]: *** [CMakeFiles/Makefile2:78: CMakeFiles/wall_follow_node.dir/all] Error 2
make: *** [Makefile:141: all] Error 2
