Running mpc...
MPC Initialized
min point:  227
ref trajectory [[-3.31024322 -3.31024322 -3.31024322 -3.31024322 -3.31024322 -3.31024322
  -3.31024322 -3.31024322 -3.31024322]
 [-1.02609376 -1.02609376 -1.02609376 -1.02609376 -1.02609376 -1.02609376
  -1.02609376 -1.02609376 -1.02609376]
 [ 1.5         1.5         1.5         1.5         1.5         1.5
   1.5         1.5         1.5       ]
 [ 0.26163834  0.26163834  0.26163834  0.26163834  0.26163834  0.26163834
   0.26163834  0.26163834  0.26163834]]
indices list [227 227 227 227 227 227 227 227 227]
predicted path [[-3.15599636 -3.15599636 -3.15599636 -3.15599636 -3.15599636 -3.15599636
  -3.15599636 -3.15599636 -3.15599636]
 [ 6.59975093  6.59975093  6.59975093  6.59975093  6.59975093  6.59975093
   6.59975093  6.59975093  6.59975093]
 [ 0.          0.          0.          0.          0.          0.
   0.          0.          0.        ]
 [ 1.61059     1.61059     1.61059     1.61059     1.61059     1.61059
   1.61059     1.61059     1.61059   ]]
