Running mpc...
MPC Initialized
min point:  0
ref trajectory [[0.27516475 0.27516475 0.27516475 0.27516475 1.68651532 1.68651532
  1.68651532 3.1340432  3.1340432 ]
 [0.01062883 0.01062883 0.01062883 0.01062883 0.3114212  0.3114212
  0.3114212  0.70302502 0.70302502]
 [1.5        1.5        1.5        1.5        1.49793159 1.49793159
  1.49793159 1.49998416 1.49998416]
 [0.04336778 0.04336778 0.04336778 0.04336778 0.26199265 0.26199265
  0.26199265 0.26526682 0.26526682]]
indices list [0 0 0 0 1 1 1 2 2]
predicted path [[0.72481731 0.66154437 0.59827143 0.53499849 0.47172555 0.40845261
  0.34517967 0.28190673 0.21863379]
 [2.27659439 2.28818597 2.29977756 2.31136914 2.32296072 2.33455231
  2.34614389 2.35773547 2.36932706]
 [0.64325964 0.64325964 0.64325964 0.64325964 0.64325964 0.64325964
  0.64325964 0.64325964 0.64325964]
 [2.96040217 2.96040217 2.96040217 2.96040217 2.96040217 2.96040217
  2.96040217 2.96040217 2.96040217]]
