[0.221s] Invoking command in '/home/nvidia/F1Tenth_WS/build/ackermann_mux': CMAKE_PREFIX_PATH=${CMAKE_PREFIX_PATH}:/home/nvidia/F1Tenth_WS/install/f1tenth_stack:/home/nvidia/F1Tenth_WS/install/joy_teleop:/home/nvidia/F1Tenth_WS/install/mouse_teleop:/home/nvidia/F1Tenth_WS/install/key_teleop:/opt/ros/foxy /usr/bin/cmake --build /home/nvidia/F1Tenth_WS/build/ackermann_mux -- -j4 -l4
[1.819s] [100%] Built target ackermann_mux
[1.822s] Invoked command in '/home/nvidia/F1Tenth_WS/build/ackermann_mux' returned '0': CMAKE_PREFIX_PATH=${CMAKE_PREFIX_PATH}:/home/nvidia/F1Tenth_WS/install/f1tenth_stack:/home/nvidia/F1Tenth_WS/install/joy_teleop:/home/nvidia/F1Tenth_WS/install/mouse_teleop:/home/nvidia/F1Tenth_WS/install/key_teleop:/opt/ros/foxy /usr/bin/cmake --build /home/nvidia/F1Tenth_WS/build/ackermann_mux -- -j4 -l4
[2.070s] Invoking command in '/home/nvidia/F1Tenth_WS/build/ackermann_mux': CMAKE_PREFIX_PATH=${CMAKE_PREFIX_PATH}:/home/nvidia/F1Tenth_WS/install/f1tenth_stack:/home/nvidia/F1Tenth_WS/install/joy_teleop:/home/nvidia/F1Tenth_WS/install/mouse_teleop:/home/nvidia/F1Tenth_WS/install/key_teleop:/opt/ros/foxy /usr/bin/cmake --install /home/nvidia/F1Tenth_WS/build/ackermann_mux
[2.132s] -- Install configuration: ""
[2.134s] -- Execute custom install script
[2.135s] -- Up-to-date symlink: /home/nvidia/F1Tenth_WS/install/ackermann_mux/lib/ackermann_mux/ackermann_mux
[2.137s] -- Up-to-date symlink: /home/nvidia/F1Tenth_WS/install/ackermann_mux/share/ackermann_mux/launch/ackermann_mux_launch.py
[2.140s] -- Up-to-date symlink: /home/nvidia/F1Tenth_WS/install/ackermann_mux/share/ackermann_mux/config/ackermann_mux_locks.yaml
[2.143s] -- Up-to-date symlink: /home/nvidia/F1Tenth_WS/install/ackermann_mux/share/ackermann_mux/config/ackermann_mux_topics.yaml
[2.144s] -- Up-to-date symlink: /home/nvidia/F1Tenth_WS/install/ackermann_mux/share/ackermann_mux/config/joystick.yaml
[2.149s] -- Up-to-date symlink: /home/nvidia/F1Tenth_WS/install/ackermann_mux/include/ackermann_mux/ackermann_mux.hpp
[2.152s] -- Up-to-date symlink: /home/nvidia/F1Tenth_WS/install/ackermann_mux/include/ackermann_mux/ackermann_mux_diagnostics.hpp
[2.153s] -- Up-to-date symlink: /home/nvidia/F1Tenth_WS/install/ackermann_mux/include/ackermann_mux/ackermann_mux_diagnostics_status.hpp
[2.154s] -- Up-to-date symlink: /home/nvidia/F1Tenth_WS/install/ackermann_mux/include/ackermann_mux/params_helpers.hpp
[2.155s] -- Up-to-date symlink: /home/nvidia/F1Tenth_WS/install/ackermann_mux/include/ackermann_mux/topic_handle.hpp
[2.156s] -- Up-to-date symlink: /home/nvidia/F1Tenth_WS/install/ackermann_mux/include/ackermann_mux/utils.hpp
[2.158s] -- Up-to-date symlink: /home/nvidia/F1Tenth_WS/install/ackermann_mux/share/ament_index/resource_index/package_run_dependencies/ackermann_mux
[2.162s] -- Up-to-date symlink: /home/nvidia/F1Tenth_WS/install/ackermann_mux/share/ament_index/resource_index/parent_prefix_path/ackermann_mux
[2.163s] -- Up-to-date symlink: /home/nvidia/F1Tenth_WS/install/ackermann_mux/share/ackermann_mux/environment/ament_prefix_path.sh
[2.163s] -- Up-to-date symlink: /home/nvidia/F1Tenth_WS/install/ackermann_mux/share/ackermann_mux/environment/ament_prefix_path.dsv
[2.164s] -- Up-to-date symlink: /home/nvidia/F1Tenth_WS/install/ackermann_mux/share/ackermann_mux/environment/path.sh
[2.165s] -- Up-to-date symlink: /home/nvidia/F1Tenth_WS/install/ackermann_mux/share/ackermann_mux/environment/path.dsv
[2.166s] -- Up-to-date symlink: /home/nvidia/F1Tenth_WS/install/ackermann_mux/share/ackermann_mux/local_setup.bash
[2.169s] -- Up-to-date symlink: /home/nvidia/F1Tenth_WS/install/ackermann_mux/share/ackermann_mux/local_setup.sh
[2.169s] -- Up-to-date symlink: /home/nvidia/F1Tenth_WS/install/ackermann_mux/share/ackermann_mux/local_setup.zsh
[2.170s] -- Up-to-date symlink: /home/nvidia/F1Tenth_WS/install/ackermann_mux/share/ackermann_mux/local_setup.dsv
[2.172s] -- Symlinking: /home/nvidia/F1Tenth_WS/install/ackermann_mux/share/ackermann_mux/package.dsv
[2.218s] -- Up-to-date symlink: /home/nvidia/F1Tenth_WS/install/ackermann_mux/share/ament_index/resource_index/packages/ackermann_mux
[2.220s] -- Up-to-date symlink: /home/nvidia/F1Tenth_WS/install/ackermann_mux/share/ackermann_mux/cmake/ament_cmake_export_include_directories-extras.cmake
[2.221s] -- Up-to-date symlink: /home/nvidia/F1Tenth_WS/install/ackermann_mux/share/ackermann_mux/cmake/ament_cmake_export_dependencies-extras.cmake
[2.223s] -- Up-to-date symlink: /home/nvidia/F1Tenth_WS/install/ackermann_mux/share/ackermann_mux/cmake/ackermann_muxConfig.cmake
[2.224s] -- Up-to-date symlink: /home/nvidia/F1Tenth_WS/install/ackermann_mux/share/ackermann_mux/cmake/ackermann_muxConfig-version.cmake
[2.225s] -- Up-to-date symlink: /home/nvidia/F1Tenth_WS/install/ackermann_mux/share/ackermann_mux/package.xml
[2.238s] Invoked command in '/home/nvidia/F1Tenth_WS/build/ackermann_mux' returned '0': CMAKE_PREFIX_PATH=${CMAKE_PREFIX_PATH}:/home/nvidia/F1Tenth_WS/install/f1tenth_stack:/home/nvidia/F1Tenth_WS/install/joy_teleop:/home/nvidia/F1Tenth_WS/install/mouse_teleop:/home/nvidia/F1Tenth_WS/install/key_teleop:/opt/ros/foxy /usr/bin/cmake --install /home/nvidia/F1Tenth_WS/build/ackermann_mux
