[0.026s] Invoking command in '/sim_ws/build/wall_follow': CMAKE_PREFIX_PATH=${CMAKE_PREFIX_PATH}:/sim_ws/install/f1tenth_gym_ros:/opt/ros/foxy /usr/bin/cmake --build /sim_ws/build/wall_follow -- -j12 -l12
[0.077s] [35m[1mScanning dependencies of target wall_follow_node[0m
[0.108s] [ 50%] [32mBuilding CXX object CMakeFiles/wall_follow_node.dir/src/wall_follow_node.cpp.o[0m
[9.622s] [100%] [32m[1mLinking CXX executable wall_follow_node[0m
[10.160s] [100%] Built target wall_follow_node
[10.175s] Invoked command in '/sim_ws/build/wall_follow' returned '0': CMAKE_PREFIX_PATH=${CMAKE_PREFIX_PATH}:/sim_ws/install/f1tenth_gym_ros:/opt/ros/foxy /usr/bin/cmake --build /sim_ws/build/wall_follow -- -j12 -l12
[10.220s] Invoking command in '/sim_ws/build/wall_follow': CMAKE_PREFIX_PATH=${CMAKE_PREFIX_PATH}:/sim_ws/install/f1tenth_gym_ros:/opt/ros/foxy /usr/bin/cmake --install /sim_ws/build/wall_follow
[10.230s] -- Install configuration: ""
[10.231s] -- Execute custom install script
[10.231s] -- Up-to-date symlink: /sim_ws/install/wall_follow/lib/wall_follow/wall_follow_node
[10.232s] -- Up-to-date symlink: /sim_ws/install/wall_follow/share/wall_follow/environment/pythonpath.sh
[10.232s] -- Up-to-date symlink: /sim_ws/install/wall_follow/share/wall_follow/environment/pythonpath.dsv
[10.232s] -- Up-to-date symlink: /sim_ws/install/wall_follow/lib/python3.8/site-packages/wall_follow/__init__.py
[10.233s] -- Up-to-date symlink: /sim_ws/install/wall_follow/lib/wall_follow/wall_follow_node.py
[10.233s] -- Up-to-date symlink: /sim_ws/install/wall_follow/share/wall_follow/config/wall_follow_params.yaml
[10.234s] -- Up-to-date symlink: /sim_ws/install/wall_follow/share/wall_follow/launch/wall_follow_launch.py
[10.234s] -- Up-to-date symlink: /sim_ws/install/wall_follow/share/ament_index/resource_index/package_run_dependencies/wall_follow
[10.234s] -- Up-to-date symlink: /sim_ws/install/wall_follow/share/ament_index/resource_index/parent_prefix_path/wall_follow
[10.235s] -- Up-to-date symlink: /sim_ws/install/wall_follow/share/wall_follow/environment/ament_prefix_path.sh
[10.235s] -- Up-to-date symlink: /sim_ws/install/wall_follow/share/wall_follow/environment/ament_prefix_path.dsv
[10.235s] -- Up-to-date symlink: /sim_ws/install/wall_follow/share/wall_follow/environment/path.sh
[10.235s] -- Up-to-date symlink: /sim_ws/install/wall_follow/share/wall_follow/environment/path.dsv
[10.236s] -- Up-to-date symlink: /sim_ws/install/wall_follow/share/wall_follow/local_setup.bash
[10.236s] -- Up-to-date symlink: /sim_ws/install/wall_follow/share/wall_follow/local_setup.sh
[10.236s] -- Up-to-date symlink: /sim_ws/install/wall_follow/share/wall_follow/local_setup.zsh
[10.237s] -- Up-to-date symlink: /sim_ws/install/wall_follow/share/wall_follow/local_setup.dsv
[10.237s] -- Symlinking: /sim_ws/install/wall_follow/share/wall_follow/package.dsv
[10.247s] -- Up-to-date symlink: /sim_ws/install/wall_follow/share/ament_index/resource_index/packages/wall_follow
[10.247s] -- Up-to-date symlink: /sim_ws/install/wall_follow/share/wall_follow/cmake/wall_followConfig.cmake
[10.248s] -- Up-to-date symlink: /sim_ws/install/wall_follow/share/wall_follow/cmake/wall_followConfig-version.cmake
[10.248s] -- Up-to-date symlink: /sim_ws/install/wall_follow/share/wall_follow/package.xml
[10.289s] Listing '/sim_ws/install/wall_follow/lib/python3.8/site-packages/wall_follow'...
[10.302s] Invoked command in '/sim_ws/build/wall_follow' returned '0': CMAKE_PREFIX_PATH=${CMAKE_PREFIX_PATH}:/sim_ws/install/f1tenth_gym_ros:/opt/ros/foxy /usr/bin/cmake --install /sim_ws/build/wall_follow
