[0.025s] Invoking command in '/sim_ws/build/wall_follow': CMAKE_PREFIX_PATH=${CMAKE_PREFIX_PATH}:/sim_ws/install/f1tenth_gym_ros:/opt/ros/foxy /usr/bin/cmake --build /sim_ws/build/wall_follow -- -j12 -l12
[0.067s] [35m[1mScanning dependencies of target wall_follow_node[0m
[0.092s] [ 50%] [32mBuilding CXX object CMakeFiles/wall_follow_node.dir/src/wall_follow_node.cpp.o[0m
[6.270s] [100%] [32m[1mLinking CXX executable wall_follow_node[0m
[6.548s] [100%] Built target wall_follow_node
[6.562s] Invoked command in '/sim_ws/build/wall_follow' returned '0': CMAKE_PREFIX_PATH=${CMAKE_PREFIX_PATH}:/sim_ws/install/f1tenth_gym_ros:/opt/ros/foxy /usr/bin/cmake --build /sim_ws/build/wall_follow -- -j12 -l12
[6.594s] Invoking command in '/sim_ws/build/wall_follow': CMAKE_PREFIX_PATH=${CMAKE_PREFIX_PATH}:/sim_ws/install/f1tenth_gym_ros:/opt/ros/foxy /usr/bin/cmake --install /sim_ws/build/wall_follow
[6.600s] -- Install configuration: ""
[6.601s] -- Execute custom install script
[6.602s] -- Symlinking: /sim_ws/install/wall_follow/lib/wall_follow/wall_follow_node
[6.610s] -- Symlinking: /sim_ws/install/wall_follow/share/wall_follow/environment/pythonpath.sh
[6.618s] -- Symlinking: /sim_ws/install/wall_follow/share/wall_follow/environment/pythonpath.dsv
[6.628s] -- Symlinking: /sim_ws/install/wall_follow/lib/python3.8/site-packages/wall_follow/__init__.py
[6.636s] -- Symlinking: /sim_ws/install/wall_follow/lib/wall_follow/wall_follow_node.py
[6.645s] -- Symlinking: /sim_ws/install/wall_follow/share/wall_follow/config/wall_follow_params.yaml
[6.653s] -- Symlinking: /sim_ws/install/wall_follow/share/wall_follow/launch/wall_follow_launch.py
[6.662s] -- Symlinking: /sim_ws/install/wall_follow/share/ament_index/resource_index/package_run_dependencies/wall_follow
[6.670s] -- Symlinking: /sim_ws/install/wall_follow/share/ament_index/resource_index/parent_prefix_path/wall_follow
[6.678s] -- Symlinking: /sim_ws/install/wall_follow/share/wall_follow/environment/ament_prefix_path.sh
[6.686s] -- Symlinking: /sim_ws/install/wall_follow/share/wall_follow/environment/ament_prefix_path.dsv
[6.694s] -- Symlinking: /sim_ws/install/wall_follow/share/wall_follow/environment/path.sh
[6.701s] -- Symlinking: /sim_ws/install/wall_follow/share/wall_follow/environment/path.dsv
[6.709s] -- Symlinking: /sim_ws/install/wall_follow/share/wall_follow/local_setup.bash
[6.717s] -- Symlinking: /sim_ws/install/wall_follow/share/wall_follow/local_setup.sh
[6.726s] -- Symlinking: /sim_ws/install/wall_follow/share/wall_follow/local_setup.zsh
[6.734s] -- Symlinking: /sim_ws/install/wall_follow/share/wall_follow/local_setup.dsv
[6.742s] -- Symlinking: /sim_ws/install/wall_follow/share/wall_follow/package.dsv
[6.750s] -- Symlinking: /sim_ws/install/wall_follow/share/ament_index/resource_index/packages/wall_follow
[6.758s] -- Symlinking: /sim_ws/install/wall_follow/share/wall_follow/cmake/wall_followConfig.cmake
[6.766s] -- Symlinking: /sim_ws/install/wall_follow/share/wall_follow/cmake/wall_followConfig-version.cmake
[6.774s] -- Symlinking: /sim_ws/install/wall_follow/share/wall_follow/package.xml
[6.809s] Listing '/sim_ws/install/wall_follow/lib/python3.8/site-packages/wall_follow'...
[6.810s] Compiling '/sim_ws/install/wall_follow/lib/python3.8/site-packages/wall_follow/__init__.py'...
[6.815s] Invoked command in '/sim_ws/build/wall_follow' returned '0': CMAKE_PREFIX_PATH=${CMAKE_PREFIX_PATH}:/sim_ws/install/f1tenth_gym_ros:/opt/ros/foxy /usr/bin/cmake --install /sim_ws/build/wall_follow
