[0.209s] Invoking command in '/sim_ws/build/wall_follow': CMAKE_PREFIX_PATH=${CMAKE_PREFIX_PATH}:/sim_ws/install/f1tenth_gym_ros:/opt/ros/foxy /usr/bin/cmake --build /sim_ws/build/wall_follow -- -j12 -l12
[0.262s] [100%] Built target wall_follow_node
[0.274s] Invoked command in '/sim_ws/build/wall_follow' returned '0': CMAKE_PREFIX_PATH=${CMAKE_PREFIX_PATH}:/sim_ws/install/f1tenth_gym_ros:/opt/ros/foxy /usr/bin/cmake --build /sim_ws/build/wall_follow -- -j12 -l12
[0.305s] Invoking command in '/sim_ws/build/wall_follow': CMAKE_PREFIX_PATH=${CMAKE_PREFIX_PATH}:/sim_ws/install/f1tenth_gym_ros:/opt/ros/foxy /usr/bin/cmake --install /sim_ws/build/wall_follow
[0.314s] -- Install configuration: ""
[0.314s] -- Execute custom install script
[0.315s] -- Up-to-date symlink: /sim_ws/install/wall_follow/lib/wall_follow/wall_follow_node
[0.315s] -- Up-to-date symlink: /sim_ws/install/wall_follow/share/wall_follow/environment/pythonpath.sh
[0.315s] -- Up-to-date symlink: /sim_ws/install/wall_follow/share/wall_follow/environment/pythonpath.dsv
[0.316s] -- Up-to-date symlink: /sim_ws/install/wall_follow/lib/python3.8/site-packages/wall_follow/__init__.py
[0.316s] -- Up-to-date symlink: /sim_ws/install/wall_follow/lib/wall_follow/wall_follow_node.py
[0.316s] -- Up-to-date symlink: /sim_ws/install/wall_follow/share/wall_follow/config/wall_follow_params.yaml
[0.317s] -- Up-to-date symlink: /sim_ws/install/wall_follow/share/wall_follow/launch/wall_follow_launch.py
[0.317s] -- Up-to-date symlink: /sim_ws/install/wall_follow/share/ament_index/resource_index/package_run_dependencies/wall_follow
[0.317s] -- Up-to-date symlink: /sim_ws/install/wall_follow/share/ament_index/resource_index/parent_prefix_path/wall_follow
[0.318s] -- Up-to-date symlink: /sim_ws/install/wall_follow/share/wall_follow/environment/ament_prefix_path.sh
[0.318s] -- Up-to-date symlink: /sim_ws/install/wall_follow/share/wall_follow/environment/ament_prefix_path.dsv
[0.318s] -- Up-to-date symlink: /sim_ws/install/wall_follow/share/wall_follow/environment/path.sh
[0.319s] -- Up-to-date symlink: /sim_ws/install/wall_follow/share/wall_follow/environment/path.dsv
[0.319s] -- Up-to-date symlink: /sim_ws/install/wall_follow/share/wall_follow/local_setup.bash
[0.319s] -- Up-to-date symlink: /sim_ws/install/wall_follow/share/wall_follow/local_setup.sh
[0.320s] -- Up-to-date symlink: /sim_ws/install/wall_follow/share/wall_follow/local_setup.zsh
[0.320s] -- Up-to-date symlink: /sim_ws/install/wall_follow/share/wall_follow/local_setup.dsv
[0.320s] -- Symlinking: /sim_ws/install/wall_follow/share/wall_follow/package.dsv
[0.331s] -- Up-to-date symlink: /sim_ws/install/wall_follow/share/ament_index/resource_index/packages/wall_follow
[0.331s] -- Up-to-date symlink: /sim_ws/install/wall_follow/share/wall_follow/cmake/wall_followConfig.cmake
[0.332s] -- Up-to-date symlink: /sim_ws/install/wall_follow/share/wall_follow/cmake/wall_followConfig-version.cmake
[0.332s] -- Up-to-date symlink: /sim_ws/install/wall_follow/share/wall_follow/package.xml
[0.360s] Listing '/sim_ws/install/wall_follow/lib/python3.8/site-packages/wall_follow'...
[0.368s] Invoked command in '/sim_ws/build/wall_follow' returned '0': CMAKE_PREFIX_PATH=${CMAKE_PREFIX_PATH}:/sim_ws/install/f1tenth_gym_ros:/opt/ros/foxy /usr/bin/cmake --install /sim_ws/build/wall_follow
