[0.150s] Invoking command in '/home/nvidia/F1Tenth_WS/build/safety_node': CMAKE_PREFIX_PATH=${CMAKE_PREFIX_PATH}:/home/nvidia/F1Tenth_WS/install/f1tenth_stack:/home/nvidia/F1Tenth_WS/install/joy_teleop:/home/nvidia/F1Tenth_WS/install/mouse_teleop:/home/nvidia/F1Tenth_WS/install/key_teleop:/opt/ros/foxy /usr/bin/cmake /home/nvidia/F1Tenth_WS/src/safety_node -DAMENT_CMAKE_SYMLINK_INSTALL=1 -DCMAKE_INSTALL_PREFIX=/home/nvidia/F1Tenth_WS/install/safety_node
[0.868s] -- The C compiler identification is GNU 9.4.0
[1.972s] -- The CXX compiler identification is GNU 9.4.0
[2.008s] -- Check for working C compiler: /usr/bin/cc
[3.138s] -- Check for working C compiler: /usr/bin/cc -- works
[3.146s] -- Detecting C compiler ABI info
[4.319s] -- Detecting C compiler ABI info - done
[4.513s] -- Detecting C compile features
[4.514s] -- Detecting C compile features - done
[4.554s] -- Check for working CXX compiler: /usr/bin/c++
[6.289s] -- Check for working CXX compiler: /usr/bin/c++ -- works
[6.306s] -- Detecting CXX compiler ABI info
[8.573s] -- Detecting CXX compiler ABI info - done
[9.045s] -- Detecting CXX compile features
[9.067s] -- Detecting CXX compile features - done
[9.306s] -- Found ament_cmake: 0.9.12 (/opt/ros/foxy/share/ament_cmake/cmake)
[10.309s] -- Found PythonInterp: /usr/bin/python3 (found suitable version "3.8.10", minimum required is "3") 
[10.313s] -- Using PYTHON_EXECUTABLE: /usr/bin/python3
[12.472s] -- Override CMake install command with custom implementation using symlinks instead of copying resources
[12.607s] -- Found rclcpp: 2.4.3 (/opt/ros/foxy/share/rclcpp/cmake)
[12.894s] -- Using all available rosidl_typesupport_c: rosidl_typesupport_fastrtps_c;rosidl_typesupport_introspection_c
[12.934s] -- Found rosidl_adapter: 1.3.1 (/opt/ros/foxy/share/rosidl_adapter/cmake)
[13.534s] -- Found OpenSSL: /usr/lib/aarch64-linux-gnu/libcrypto.so (found version "1.1.1f")  
[13.777s] -- Found FastRTPS: /opt/ros/foxy/include  
[14.994s] -- Using all available rosidl_typesupport_cpp: rosidl_typesupport_fastrtps_cpp;rosidl_typesupport_introspection_cpp
[15.802s] -- Found rmw_implementation_cmake: 1.0.4 (/opt/ros/foxy/share/rmw_implementation_cmake/cmake)
[15.825s] -- Using RMW implementation 'rmw_fastrtps_cpp' as default
[15.833s] -- Looking for pthread.h
[17.175s] -- Looking for pthread.h - found
[17.178s] -- Performing Test CMAKE_HAVE_LIBC_PTHREAD
[18.065s] -- Performing Test CMAKE_HAVE_LIBC_PTHREAD - Failed
[18.068s] -- Looking for pthread_create in pthreads
[18.891s] -- Looking for pthread_create in pthreads - not found
[18.894s] -- Looking for pthread_create in pthread
[20.229s] -- Looking for pthread_create in pthread - found
[20.240s] -- Found Threads: TRUE  
[21.771s] -- Found rclpy: 1.0.13 (/opt/ros/foxy/share/rclpy/cmake)
[21.777s] -- Found nav_msgs: 2.0.5 (/opt/ros/foxy/share/nav_msgs/cmake)
[22.439s] -- Found ackermann_msgs: 2.0.2 (/opt/ros/foxy/share/ackermann_msgs/cmake)
[22.585s] -- Found sensor_msgs: 2.0.5 (/opt/ros/foxy/share/sensor_msgs/cmake)
[23.465s] -- Found ament_lint_auto: 0.9.8 (/opt/ros/foxy/share/ament_lint_auto/cmake)
[24.087s] -- Added test 'copyright' to check source files copyright and LICENSE
[24.092s] -- Added test 'cppcheck' to perform static code analysis on C / C++ code
[24.093s] -- Configured cppcheck include dirs: /home/nvidia/F1Tenth_WS/src/safety_node/include
[24.093s] -- Configured cppcheck exclude dirs and/or files: 
[24.102s] -- Added test 'cpplint' to check C / C++ code against the Google style
[24.102s] -- Configured cpplint exclude dirs and/or files: 
[24.106s] -- Added test 'flake8' to check Python code syntax and style conventions
[24.110s] -- Added test 'lint_cmake' to check CMake code style
[24.114s] -- Added test 'pep257' to check Python code against some of the style conventions in PEP 257
[24.122s] -- Added test 'uncrustify' to check C / C++ code style
[24.123s] -- Configured uncrustify additional arguments: 
[24.127s] -- Added test 'xmllint' to check XML markup files
[24.191s] -- Configuring done
[24.284s] -- Generating done
[24.303s] -- Build files have been written to: /home/nvidia/F1Tenth_WS/build/safety_node
[24.467s] Invoked command in '/home/nvidia/F1Tenth_WS/build/safety_node' returned '0': CMAKE_PREFIX_PATH=${CMAKE_PREFIX_PATH}:/home/nvidia/F1Tenth_WS/install/f1tenth_stack:/home/nvidia/F1Tenth_WS/install/joy_teleop:/home/nvidia/F1Tenth_WS/install/mouse_teleop:/home/nvidia/F1Tenth_WS/install/key_teleop:/opt/ros/foxy /usr/bin/cmake /home/nvidia/F1Tenth_WS/src/safety_node -DAMENT_CMAKE_SYMLINK_INSTALL=1 -DCMAKE_INSTALL_PREFIX=/home/nvidia/F1Tenth_WS/install/safety_node
[24.477s] Invoking command in '/home/nvidia/F1Tenth_WS/build/safety_node': CMAKE_PREFIX_PATH=${CMAKE_PREFIX_PATH}:/home/nvidia/F1Tenth_WS/install/f1tenth_stack:/home/nvidia/F1Tenth_WS/install/joy_teleop:/home/nvidia/F1Tenth_WS/install/mouse_teleop:/home/nvidia/F1Tenth_WS/install/key_teleop:/opt/ros/foxy /usr/bin/cmake --build /home/nvidia/F1Tenth_WS/build/safety_node -- -j4 -l4
[24.975s] [35m[1mScanning dependencies of target safety_node[0m
[25.434s] [ 50%] [32mBuilding CXX object CMakeFiles/safety_node.dir/src/safety_node.cpp.o[0m
[32.641s] [01m[K/home/nvidia/F1Tenth_WS/src/safety_node/src/safety_node.cpp:[m[K In member function ‘[01m[Kvoid Safety::scan_callback(sensor_msgs::msg::LaserScan_<std::allocator<void> >::ConstSharedPtr)[m[K’:
[32.642s] [01m[K/home/nvidia/F1Tenth_WS/src/safety_node/src/safety_node.cpp:85:20:[m[K [01;35m[Kwarning: [m[Kunused variable ‘[01m[KR[m[K’ [[01;35m[K-Wunused-variable[m[K]
[32.642s]    85 |             double [01;35m[KR[m[K = speed / angular;
[32.643s]       |                    [01;35m[K^[m[K
[60.202s] [100%] [32m[1mLinking CXX executable safety_node[0m
[61.545s] [100%] Built target safety_node
[61.733s] Invoked command in '/home/nvidia/F1Tenth_WS/build/safety_node' returned '0': CMAKE_PREFIX_PATH=${CMAKE_PREFIX_PATH}:/home/nvidia/F1Tenth_WS/install/f1tenth_stack:/home/nvidia/F1Tenth_WS/install/joy_teleop:/home/nvidia/F1Tenth_WS/install/mouse_teleop:/home/nvidia/F1Tenth_WS/install/key_teleop:/opt/ros/foxy /usr/bin/cmake --build /home/nvidia/F1Tenth_WS/build/safety_node -- -j4 -l4
[61.860s] Invoking command in '/home/nvidia/F1Tenth_WS/build/safety_node': CMAKE_PREFIX_PATH=${CMAKE_PREFIX_PATH}:/home/nvidia/F1Tenth_WS/install/f1tenth_stack:/home/nvidia/F1Tenth_WS/install/joy_teleop:/home/nvidia/F1Tenth_WS/install/mouse_teleop:/home/nvidia/F1Tenth_WS/install/key_teleop:/opt/ros/foxy /usr/bin/cmake --install /home/nvidia/F1Tenth_WS/build/safety_node
[61.909s] -- Install configuration: ""
[61.913s] -- Execute custom install script
[61.921s] -- Symlinking: /home/nvidia/F1Tenth_WS/install/safety_node/share/safety_node/config/params.yaml
[61.959s] -- Symlinking: /home/nvidia/F1Tenth_WS/install/safety_node/share/safety_node/launch/safety_node_launch.py
[62.002s] -- Symlinking: /home/nvidia/F1Tenth_WS/install/safety_node/lib/safety_node/safety_node
[62.048s] -- Symlinking: /home/nvidia/F1Tenth_WS/install/safety_node/share/safety_node/environment/pythonpath.sh
[62.087s] -- Symlinking: /home/nvidia/F1Tenth_WS/install/safety_node/share/safety_node/environment/pythonpath.dsv
[62.134s] -- Symlinking: /home/nvidia/F1Tenth_WS/install/safety_node/lib/python3.8/site-packages/safety_node/__init__.py
[62.178s] -- Symlinking: /home/nvidia/F1Tenth_WS/install/safety_node/lib/safety_node/safety_node.py
[62.220s] -- Symlinking: /home/nvidia/F1Tenth_WS/install/safety_node/share/ament_index/resource_index/package_run_dependencies/safety_node
[62.263s] -- Symlinking: /home/nvidia/F1Tenth_WS/install/safety_node/share/ament_index/resource_index/parent_prefix_path/safety_node
[62.304s] -- Symlinking: /home/nvidia/F1Tenth_WS/install/safety_node/share/safety_node/environment/ament_prefix_path.sh
[62.349s] -- Symlinking: /home/nvidia/F1Tenth_WS/install/safety_node/share/safety_node/environment/ament_prefix_path.dsv
[62.394s] -- Symlinking: /home/nvidia/F1Tenth_WS/install/safety_node/share/safety_node/environment/path.sh
[62.434s] -- Symlinking: /home/nvidia/F1Tenth_WS/install/safety_node/share/safety_node/environment/path.dsv
[62.474s] -- Symlinking: /home/nvidia/F1Tenth_WS/install/safety_node/share/safety_node/local_setup.bash
[62.514s] -- Symlinking: /home/nvidia/F1Tenth_WS/install/safety_node/share/safety_node/local_setup.sh
[62.554s] -- Symlinking: /home/nvidia/F1Tenth_WS/install/safety_node/share/safety_node/local_setup.zsh
[62.593s] -- Symlinking: /home/nvidia/F1Tenth_WS/install/safety_node/share/safety_node/local_setup.dsv
[62.636s] -- Symlinking: /home/nvidia/F1Tenth_WS/install/safety_node/share/safety_node/package.dsv
[62.678s] -- Symlinking: /home/nvidia/F1Tenth_WS/install/safety_node/share/ament_index/resource_index/packages/safety_node
[62.725s] -- Symlinking: /home/nvidia/F1Tenth_WS/install/safety_node/share/safety_node/cmake/safety_nodeConfig.cmake
[62.766s] -- Symlinking: /home/nvidia/F1Tenth_WS/install/safety_node/share/safety_node/cmake/safety_nodeConfig-version.cmake
[62.809s] -- Symlinking: /home/nvidia/F1Tenth_WS/install/safety_node/share/safety_node/package.xml
[63.020s] Listing '/home/nvidia/F1Tenth_WS/install/safety_node/lib/python3.8/site-packages/safety_node'...
[63.020s] Compiling '/home/nvidia/F1Tenth_WS/install/safety_node/lib/python3.8/site-packages/safety_node/__init__.py'...
[63.060s] Invoked command in '/home/nvidia/F1Tenth_WS/build/safety_node' returned '0': CMAKE_PREFIX_PATH=${CMAKE_PREFIX_PATH}:/home/nvidia/F1Tenth_WS/install/f1tenth_stack:/home/nvidia/F1Tenth_WS/install/joy_teleop:/home/nvidia/F1Tenth_WS/install/mouse_teleop:/home/nvidia/F1Tenth_WS/install/key_teleop:/opt/ros/foxy /usr/bin/cmake --install /home/nvidia/F1Tenth_WS/build/safety_node
