-- Found ament_cmake: 0.9.11 (/opt/ros/foxy/share/ament_cmake/cmake)
-- Using PYTHON_EXECUTABLE: /usr/bin/python3
-- Override CMake install command with custom implementation using symlinks instead of copying resources
-- Found rclcpp: 2.4.2 (/opt/ros/foxy/share/rclcpp/cmake)
-- Using all available rosidl_typesupport_c: rosidl_typesupport_fastrtps_c;rosidl_typesupport_introspection_c
-- Found rosidl_adapter: 1.3.0 (/opt/ros/foxy/share/rosidl_adapter/cmake)
-- Using all available rosidl_typesupport_cpp: rosidl_typesupport_fastrtps_cpp;rosidl_typesupport_introspection_cpp
-- Found rmw_implementation_cmake: 1.0.3 (/opt/ros/foxy/share/rmw_implementation_cmake/cmake)
-- Using RMW implementation 'rmw_fastrtps_cpp' as default
-- Found rclpy: 1.0.11 (/opt/ros/foxy/share/rclpy/cmake)
-- Found nav_msgs: 2.0.5 (/opt/ros/foxy/share/nav_msgs/cmake)
-- Found ackermann_msgs: 2.0.2 (/opt/ros/foxy/share/ackermann_msgs/cmake)
-- Found sensor_msgs: 2.0.5 (/opt/ros/foxy/share/sensor_msgs/cmake)
-- Found ament_lint_auto: 0.9.7 (/opt/ros/foxy/share/ament_lint_auto/cmake)
-- Added test 'copyright' to check source files copyright and LICENSE
-- Added test 'cppcheck' to perform static code analysis on C / C++ code
-- Configured cppcheck include dirs: /sim_ws/src/safety_node/include
-- Configured cppcheck exclude dirs and/or files: 
-- Added test 'cpplint' to check C / C++ code against the Google style
-- Configured cpplint exclude dirs and/or files: 
-- Added test 'flake8' to check Python code syntax and style conventions
-- Added test 'lint_cmake' to check CMake code style
-- Added test 'pep257' to check Python code against some of the style conventions in PEP 257
-- Added test 'uncrustify' to check C / C++ code style
-- Configured uncrustify additional arguments: 
-- Added test 'xmllint' to check XML markup files
-- Configuring done
-- Generating done
-- Build files have been written to: /sim_ws/build/safety_node
[100%] Built target safety_node
-- Install configuration: ""
-- Execute custom install script
-- Symlinking: /sim_ws/install/safety_node/share/safety_node/config/params.yaml
-- Symlinking: /sim_ws/install/safety_node/share/safety_node/launch/safety_node_launch.py
-- Up-to-date symlink: /sim_ws/install/safety_node/lib/safety_node/safety_node
-- Up-to-date symlink: /sim_ws/install/safety_node/share/safety_node/environment/pythonpath.sh
-- Up-to-date symlink: /sim_ws/install/safety_node/share/safety_node/environment/pythonpath.dsv
-- Up-to-date symlink: /sim_ws/install/safety_node/lib/python3.8/site-packages/safety_node/__init__.py
-- Up-to-date symlink: /sim_ws/install/safety_node/lib/safety_node/safety_node.py
-- Up-to-date symlink: /sim_ws/install/safety_node/share/ament_index/resource_index/package_run_dependencies/safety_node
-- Up-to-date symlink: /sim_ws/install/safety_node/share/ament_index/resource_index/parent_prefix_path/safety_node
-- Up-to-date symlink: /sim_ws/install/safety_node/share/safety_node/environment/ament_prefix_path.sh
-- Up-to-date symlink: /sim_ws/install/safety_node/share/safety_node/environment/ament_prefix_path.dsv
-- Up-to-date symlink: /sim_ws/install/safety_node/share/safety_node/environment/path.sh
-- Up-to-date symlink: /sim_ws/install/safety_node/share/safety_node/environment/path.dsv
-- Up-to-date symlink: /sim_ws/install/safety_node/share/safety_node/local_setup.bash
-- Up-to-date symlink: /sim_ws/install/safety_node/share/safety_node/local_setup.sh
-- Up-to-date symlink: /sim_ws/install/safety_node/share/safety_node/local_setup.zsh
-- Up-to-date symlink: /sim_ws/install/safety_node/share/safety_node/local_setup.dsv
-- Symlinking: /sim_ws/install/safety_node/share/safety_node/package.dsv
-- Up-to-date symlink: /sim_ws/install/safety_node/share/ament_index/resource_index/packages/safety_node
-- Up-to-date symlink: /sim_ws/install/safety_node/share/safety_node/cmake/safety_nodeConfig.cmake
-- Up-to-date symlink: /sim_ws/install/safety_node/share/safety_node/cmake/safety_nodeConfig-version.cmake
-- Up-to-date symlink: /sim_ws/install/safety_node/share/safety_node/package.xml
Listing '/sim_ws/install/safety_node/lib/python3.8/site-packages/safety_node'...
