[0.236s] Invoking command in '/home/nvidia/F1Tenth_WS/build/teleop_tools_msgs': CMAKE_PREFIX_PATH=${CMAKE_PREFIX_PATH}:/home/nvidia/F1Tenth_WS/install/f1tenth_stack:/home/nvidia/F1Tenth_WS/install/joy_teleop:/home/nvidia/F1Tenth_WS/install/mouse_teleop:/home/nvidia/F1Tenth_WS/install/key_teleop:/opt/ros/foxy /usr/bin/cmake --build /home/nvidia/F1Tenth_WS/build/teleop_tools_msgs -- -j4 -l4
[1.715s] [  3%] Built target teleop_tools_msgs__cpp
[1.715s] [ 12%] Built target teleop_tools_msgs__rosidl_generator_c
[1.716s] [ 22%] Built target teleop_tools_msgs__rosidl_typesupport_introspection_c
[1.716s] [ 32%] Built target teleop_tools_msgs__rosidl_typesupport_cpp
[1.716s] [ 41%] Built target teleop_tools_msgs__rosidl_typesupport_introspection_cpp
[1.717s] [ 51%] Built target teleop_tools_msgs__rosidl_typesupport_fastrtps_cpp
[1.717s] [ 61%] Built target teleop_tools_msgs__rosidl_typesupport_fastrtps_c
[1.717s] [ 70%] Built target teleop_tools_msgs__rosidl_typesupport_c
[1.718s] [ 70%] Built target teleop_tools_msgs
[1.718s] [ 74%] Built target teleop_tools_msgs__py
[1.718s] [ 80%] Built target teleop_tools_msgs__python
[1.742s] [ 87%] Built target teleop_tools_msgs__rosidl_typesupport_fastrtps_c__pyext
[1.769s] [ 93%] Built target teleop_tools_msgs__rosidl_typesupport_introspection_c__pyext
[1.798s] [100%] Built target teleop_tools_msgs__rosidl_typesupport_c__pyext
[1.870s] Invoked command in '/home/nvidia/F1Tenth_WS/build/teleop_tools_msgs' returned '0': CMAKE_PREFIX_PATH=${CMAKE_PREFIX_PATH}:/home/nvidia/F1Tenth_WS/install/f1tenth_stack:/home/nvidia/F1Tenth_WS/install/joy_teleop:/home/nvidia/F1Tenth_WS/install/mouse_teleop:/home/nvidia/F1Tenth_WS/install/key_teleop:/opt/ros/foxy /usr/bin/cmake --build /home/nvidia/F1Tenth_WS/build/teleop_tools_msgs -- -j4 -l4
[2.186s] Invoking command in '/home/nvidia/F1Tenth_WS/build/teleop_tools_msgs': CMAKE_PREFIX_PATH=${CMAKE_PREFIX_PATH}:/home/nvidia/F1Tenth_WS/install/f1tenth_stack:/home/nvidia/F1Tenth_WS/install/joy_teleop:/home/nvidia/F1Tenth_WS/install/mouse_teleop:/home/nvidia/F1Tenth_WS/install/key_teleop:/opt/ros/foxy /usr/bin/cmake --install /home/nvidia/F1Tenth_WS/build/teleop_tools_msgs
[2.276s] -- Install configuration: ""
[2.284s] -- Execute custom install script
[2.287s] -- Up-to-date symlink: /home/nvidia/F1Tenth_WS/install/teleop_tools_msgs/share/ament_index/resource_index/rosidl_interfaces/teleop_tools_msgs
[2.294s] -- Up-to-date symlink: /home/nvidia/F1Tenth_WS/install/teleop_tools_msgs/include/teleop_tools_msgs/action/detail/increment__functions.h
[2.297s] -- Up-to-date symlink: /home/nvidia/F1Tenth_WS/install/teleop_tools_msgs/include/teleop_tools_msgs/action/detail/increment__struct.h
[2.299s] -- Up-to-date symlink: /home/nvidia/F1Tenth_WS/install/teleop_tools_msgs/include/teleop_tools_msgs/action/detail/increment__type_support.h
[2.302s] -- Up-to-date symlink: /home/nvidia/F1Tenth_WS/install/teleop_tools_msgs/include/teleop_tools_msgs/action/increment.h
[2.311s] -- Up-to-date symlink: /home/nvidia/F1Tenth_WS/install/teleop_tools_msgs/include/teleop_tools_msgs/msg/rosidl_generator_c__visibility_control.h
[2.314s] -- Up-to-date symlink: /home/nvidia/F1Tenth_WS/install/teleop_tools_msgs/share/teleop_tools_msgs/environment/library_path.sh
[2.319s] -- Up-to-date symlink: /home/nvidia/F1Tenth_WS/install/teleop_tools_msgs/share/teleop_tools_msgs/environment/library_path.dsv
[2.328s] -- Up-to-date symlink: /home/nvidia/F1Tenth_WS/install/teleop_tools_msgs/include/teleop_tools_msgs/action/detail/increment__rosidl_typesupport_fastrtps_c.h
[2.328s] -- Up-to-date symlink: /home/nvidia/F1Tenth_WS/install/teleop_tools_msgs/include/teleop_tools_msgs/msg/rosidl_typesupport_fastrtps_c__visibility_control.h
[2.329s] -- Up-to-date symlink: /home/nvidia/F1Tenth_WS/install/teleop_tools_msgs/lib/libteleop_tools_msgs__rosidl_typesupport_fastrtps_c.so
[2.333s] -- Up-to-date symlink: /home/nvidia/F1Tenth_WS/install/teleop_tools_msgs/include/teleop_tools_msgs/action/detail/increment__rosidl_typesupport_fastrtps_cpp.hpp
[2.334s] -- Up-to-date symlink: /home/nvidia/F1Tenth_WS/install/teleop_tools_msgs/include/teleop_tools_msgs/msg/rosidl_typesupport_fastrtps_cpp__visibility_control.h
[2.340s] -- Up-to-date symlink: /home/nvidia/F1Tenth_WS/install/teleop_tools_msgs/lib/libteleop_tools_msgs__rosidl_typesupport_fastrtps_cpp.so
[2.340s] -- Up-to-date symlink: /home/nvidia/F1Tenth_WS/install/teleop_tools_msgs/include/teleop_tools_msgs/action/detail/increment__rosidl_typesupport_introspection_c.h
[2.341s] -- Up-to-date symlink: /home/nvidia/F1Tenth_WS/install/teleop_tools_msgs/include/teleop_tools_msgs/msg/rosidl_typesupport_introspection_c__visibility_control.h
[2.342s] -- Up-to-date symlink: /home/nvidia/F1Tenth_WS/install/teleop_tools_msgs/include/teleop_tools_msgs/action/detail/increment__builder.hpp
[2.344s] -- Up-to-date symlink: /home/nvidia/F1Tenth_WS/install/teleop_tools_msgs/include/teleop_tools_msgs/action/detail/increment__struct.hpp
[2.345s] -- Up-to-date symlink: /home/nvidia/F1Tenth_WS/install/teleop_tools_msgs/include/teleop_tools_msgs/action/detail/increment__traits.hpp
[2.347s] -- Up-to-date symlink: /home/nvidia/F1Tenth_WS/install/teleop_tools_msgs/include/teleop_tools_msgs/action/detail/increment__type_support.hpp
[2.350s] -- Up-to-date symlink: /home/nvidia/F1Tenth_WS/install/teleop_tools_msgs/include/teleop_tools_msgs/action/increment.hpp
[2.350s] -- Up-to-date symlink: /home/nvidia/F1Tenth_WS/install/teleop_tools_msgs/include/teleop_tools_msgs/msg/rosidl_generator_cpp__visibility_control.hpp
[2.352s] -- Up-to-date symlink: /home/nvidia/F1Tenth_WS/install/teleop_tools_msgs/include/teleop_tools_msgs/action/detail/increment__rosidl_typesupport_introspection_cpp.hpp
[2.353s] -- Up-to-date symlink: /home/nvidia/F1Tenth_WS/install/teleop_tools_msgs/share/teleop_tools_msgs/environment/pythonpath.sh
[2.355s] -- Up-to-date symlink: /home/nvidia/F1Tenth_WS/install/teleop_tools_msgs/share/teleop_tools_msgs/environment/pythonpath.dsv
[2.357s] -- Up-to-date symlink: /home/nvidia/F1Tenth_WS/install/teleop_tools_msgs/lib/python3.8/site-packages/teleop_tools_msgs/__init__.py
[2.359s] -- Up-to-date symlink: /home/nvidia/F1Tenth_WS/install/teleop_tools_msgs/lib/python3.8/site-packages/teleop_tools_msgs/action/__init__.py
[2.361s] -- Up-to-date symlink: /home/nvidia/F1Tenth_WS/install/teleop_tools_msgs/lib/python3.8/site-packages/teleop_tools_msgs/action/_increment.py
[2.362s] -- Up-to-date symlink: /home/nvidia/F1Tenth_WS/install/teleop_tools_msgs/lib/python3.8/site-packages/teleop_tools_msgs/teleop_tools_msgs_s__rosidl_typesupport_fastrtps_c.cpython-38-aarch64-linux-gnu.so
[2.366s] -- Up-to-date symlink: /home/nvidia/F1Tenth_WS/install/teleop_tools_msgs/lib/python3.8/site-packages/teleop_tools_msgs/teleop_tools_msgs_s__rosidl_typesupport_introspection_c.cpython-38-aarch64-linux-gnu.so
[2.366s] -- Up-to-date symlink: /home/nvidia/F1Tenth_WS/install/teleop_tools_msgs/lib/python3.8/site-packages/teleop_tools_msgs/teleop_tools_msgs_s__rosidl_typesupport_c.cpython-38-aarch64-linux-gnu.so
[2.371s] -- Up-to-date symlink: /home/nvidia/F1Tenth_WS/install/teleop_tools_msgs/lib/libteleop_tools_msgs__python.so
[2.372s] -- Up-to-date symlink: /home/nvidia/F1Tenth_WS/install/teleop_tools_msgs/share/teleop_tools_msgs/action/Increment.idl
[2.373s] -- Up-to-date symlink: /home/nvidia/F1Tenth_WS/install/teleop_tools_msgs/share/teleop_tools_msgs/action/Increment.action
[2.376s] -- Up-to-date symlink: /home/nvidia/F1Tenth_WS/install/teleop_tools_msgs/share/ament_index/resource_index/package_run_dependencies/teleop_tools_msgs
[2.377s] -- Up-to-date symlink: /home/nvidia/F1Tenth_WS/install/teleop_tools_msgs/share/ament_index/resource_index/parent_prefix_path/teleop_tools_msgs
[2.378s] -- Up-to-date symlink: /home/nvidia/F1Tenth_WS/install/teleop_tools_msgs/share/teleop_tools_msgs/environment/ament_prefix_path.sh
[2.379s] -- Up-to-date symlink: /home/nvidia/F1Tenth_WS/install/teleop_tools_msgs/share/teleop_tools_msgs/environment/ament_prefix_path.dsv
[2.381s] -- Up-to-date symlink: /home/nvidia/F1Tenth_WS/install/teleop_tools_msgs/share/teleop_tools_msgs/environment/path.sh
[2.382s] -- Up-to-date symlink: /home/nvidia/F1Tenth_WS/install/teleop_tools_msgs/share/teleop_tools_msgs/environment/path.dsv
[2.383s] -- Up-to-date symlink: /home/nvidia/F1Tenth_WS/install/teleop_tools_msgs/share/teleop_tools_msgs/local_setup.bash
[2.384s] -- Up-to-date symlink: /home/nvidia/F1Tenth_WS/install/teleop_tools_msgs/share/teleop_tools_msgs/local_setup.sh
[2.386s] -- Up-to-date symlink: /home/nvidia/F1Tenth_WS/install/teleop_tools_msgs/share/teleop_tools_msgs/local_setup.zsh
[2.387s] -- Up-to-date symlink: /home/nvidia/F1Tenth_WS/install/teleop_tools_msgs/share/teleop_tools_msgs/local_setup.dsv
[2.388s] -- Symlinking: /home/nvidia/F1Tenth_WS/install/teleop_tools_msgs/share/teleop_tools_msgs/package.dsv
[2.442s] -- Up-to-date symlink: /home/nvidia/F1Tenth_WS/install/teleop_tools_msgs/share/ament_index/resource_index/packages/teleop_tools_msgs
[2.445s] -- Up-to-date symlink: /home/nvidia/F1Tenth_WS/install/teleop_tools_msgs/share/teleop_tools_msgs/cmake/rosidl_cmake-extras.cmake
[2.447s] -- Up-to-date symlink: /home/nvidia/F1Tenth_WS/install/teleop_tools_msgs/share/teleop_tools_msgs/cmake/ament_cmake_export_dependencies-extras.cmake
[2.448s] -- Up-to-date symlink: /home/nvidia/F1Tenth_WS/install/teleop_tools_msgs/share/teleop_tools_msgs/cmake/ament_cmake_export_libraries-extras.cmake
[2.450s] -- Up-to-date symlink: /home/nvidia/F1Tenth_WS/install/teleop_tools_msgs/share/teleop_tools_msgs/cmake/ament_cmake_export_targets-extras.cmake
[2.454s] -- Up-to-date symlink: /home/nvidia/F1Tenth_WS/install/teleop_tools_msgs/share/teleop_tools_msgs/cmake/ament_cmake_export_include_directories-extras.cmake
[2.456s] -- Up-to-date symlink: /home/nvidia/F1Tenth_WS/install/teleop_tools_msgs/share/teleop_tools_msgs/cmake/rosidl_cmake_export_typesupport_libraries-extras.cmake
[2.460s] -- Up-to-date symlink: /home/nvidia/F1Tenth_WS/install/teleop_tools_msgs/share/teleop_tools_msgs/cmake/rosidl_cmake_export_typesupport_targets-extras.cmake
[2.460s] -- Up-to-date symlink: /home/nvidia/F1Tenth_WS/install/teleop_tools_msgs/share/teleop_tools_msgs/cmake/teleop_tools_msgsConfig.cmake
[2.461s] -- Up-to-date symlink: /home/nvidia/F1Tenth_WS/install/teleop_tools_msgs/share/teleop_tools_msgs/cmake/teleop_tools_msgsConfig-version.cmake
[2.461s] -- Up-to-date symlink: /home/nvidia/F1Tenth_WS/install/teleop_tools_msgs/share/teleop_tools_msgs/package.xml
[2.463s] -- Up-to-date: /home/nvidia/F1Tenth_WS/install/teleop_tools_msgs/lib/libteleop_tools_msgs__rosidl_generator_c.so
[2.466s] -- Up-to-date: /home/nvidia/F1Tenth_WS/install/teleop_tools_msgs/lib/libteleop_tools_msgs__rosidl_typesupport_introspection_c.so
[2.468s] -- Up-to-date: /home/nvidia/F1Tenth_WS/install/teleop_tools_msgs/lib/libteleop_tools_msgs__rosidl_typesupport_c.so
[2.471s] -- Up-to-date: /home/nvidia/F1Tenth_WS/install/teleop_tools_msgs/lib/libteleop_tools_msgs__rosidl_typesupport_introspection_cpp.so
[2.480s] -- Up-to-date: /home/nvidia/F1Tenth_WS/install/teleop_tools_msgs/lib/libteleop_tools_msgs__rosidl_typesupport_cpp.so
[2.694s] -- Up-to-date: /home/nvidia/F1Tenth_WS/install/teleop_tools_msgs/share/teleop_tools_msgs/cmake/teleop_tools_msgs__rosidl_generator_cExport.cmake
[2.695s] -- Up-to-date: /home/nvidia/F1Tenth_WS/install/teleop_tools_msgs/share/teleop_tools_msgs/cmake/teleop_tools_msgs__rosidl_generator_cExport-noconfig.cmake
[2.697s] -- Up-to-date: /home/nvidia/F1Tenth_WS/install/teleop_tools_msgs/share/teleop_tools_msgs/cmake/teleop_tools_msgs__rosidl_typesupport_introspection_cExport.cmake
[2.698s] -- Up-to-date: /home/nvidia/F1Tenth_WS/install/teleop_tools_msgs/share/teleop_tools_msgs/cmake/teleop_tools_msgs__rosidl_typesupport_introspection_cExport-noconfig.cmake
[2.699s] -- Up-to-date: /home/nvidia/F1Tenth_WS/install/teleop_tools_msgs/share/teleop_tools_msgs/cmake/teleop_tools_msgs__rosidl_typesupport_cExport.cmake
[2.700s] -- Up-to-date: /home/nvidia/F1Tenth_WS/install/teleop_tools_msgs/share/teleop_tools_msgs/cmake/teleop_tools_msgs__rosidl_typesupport_cExport-noconfig.cmake
[2.700s] -- Up-to-date: /home/nvidia/F1Tenth_WS/install/teleop_tools_msgs/share/teleop_tools_msgs/cmake/teleop_tools_msgs__rosidl_generator_cppExport.cmake
[2.701s] -- Up-to-date: /home/nvidia/F1Tenth_WS/install/teleop_tools_msgs/share/teleop_tools_msgs/cmake/teleop_tools_msgs__rosidl_typesupport_introspection_cppExport.cmake
[2.702s] -- Up-to-date: /home/nvidia/F1Tenth_WS/install/teleop_tools_msgs/share/teleop_tools_msgs/cmake/teleop_tools_msgs__rosidl_typesupport_introspection_cppExport-noconfig.cmake
[2.702s] -- Up-to-date: /home/nvidia/F1Tenth_WS/install/teleop_tools_msgs/share/teleop_tools_msgs/cmake/teleop_tools_msgs__rosidl_typesupport_cppExport.cmake
[2.702s] -- Up-to-date: /home/nvidia/F1Tenth_WS/install/teleop_tools_msgs/share/teleop_tools_msgs/cmake/teleop_tools_msgs__rosidl_typesupport_cppExport-noconfig.cmake
[2.738s] Invoked command in '/home/nvidia/F1Tenth_WS/build/teleop_tools_msgs' returned '0': CMAKE_PREFIX_PATH=${CMAKE_PREFIX_PATH}:/home/nvidia/F1Tenth_WS/install/f1tenth_stack:/home/nvidia/F1Tenth_WS/install/joy_teleop:/home/nvidia/F1Tenth_WS/install/mouse_teleop:/home/nvidia/F1Tenth_WS/install/key_teleop:/opt/ros/foxy /usr/bin/cmake --install /home/nvidia/F1Tenth_WS/build/teleop_tools_msgs
