running develop
running egg_info
creating key_teleop.egg-info
writing key_teleop.egg-info/PKG-INFO
writing dependency_links to key_teleop.egg-info/dependency_links.txt
writing entry points to key_teleop.egg-info/entry_points.txt
writing requirements to key_teleop.egg-info/requires.txt
writing top-level names to key_teleop.egg-info/top_level.txt
writing manifest file 'key_teleop.egg-info/SOURCES.txt'
reading manifest file 'key_teleop.egg-info/SOURCES.txt'
writing manifest file 'key_teleop.egg-info/SOURCES.txt'
running build_ext
Creating /home/nvidia/F1Tenth_WS/install/key_teleop/lib/python3.8/site-packages/site.py
Creating /home/nvidia/F1Tenth_WS/install/key_teleop/lib/python3.8/site-packages/key-teleop.egg-link (link to .)
Installing key_teleop script to /home/nvidia/F1Tenth_WS/install/key_teleop/lib/key_teleop

Installed /home/nvidia/F1Tenth_WS/build/key_teleop
running install_data
copying package.xml -> /home/nvidia/F1Tenth_WS/install/key_teleop/share/key_teleop
creating /home/nvidia/F1Tenth_WS/install/key_teleop/share/key_teleop/config
copying config/key_teleop.yaml -> /home/nvidia/F1Tenth_WS/install/key_teleop/share/key_teleop/config
creating /home/nvidia/F1Tenth_WS/install/key_teleop/share/ament_index
creating /home/nvidia/F1Tenth_WS/install/key_teleop/share/ament_index/resource_index
creating /home/nvidia/F1Tenth_WS/install/key_teleop/share/ament_index/resource_index/packages
copying resource/key_teleop -> /home/nvidia/F1Tenth_WS/install/key_teleop/share/ament_index/resource_index/packages
