[3.376s] Invoking command in '/home/nvidia/F1Tenth_WS/build/key_teleop': PYTHONPATH=/home/nvidia/F1Tenth_WS/build/key_teleop/prefix_override:/home/nvidia/F1Tenth_WS/install/key_teleop/lib/python3.8/site-packages:${PYTHONPATH} /usr/bin/python3 setup.py develop --editable --build-directory /home/nvidia/F1Tenth_WS/build/key_teleop/build --no-deps install_data
[4.514s] running develop
[5.248s] running egg_info
[5.255s] creating key_teleop.egg-info
[5.256s] writing key_teleop.egg-info/PKG-INFO
[5.256s] writing dependency_links to key_teleop.egg-info/dependency_links.txt
[5.256s] writing entry points to key_teleop.egg-info/entry_points.txt
[5.257s] writing requirements to key_teleop.egg-info/requires.txt
[5.257s] writing top-level names to key_teleop.egg-info/top_level.txt
[5.258s] writing manifest file 'key_teleop.egg-info/SOURCES.txt'
[5.393s] reading manifest file 'key_teleop.egg-info/SOURCES.txt'
[5.397s] writing manifest file 'key_teleop.egg-info/SOURCES.txt'
[5.697s] running build_ext
[5.698s] Creating /home/nvidia/F1Tenth_WS/install/key_teleop/lib/python3.8/site-packages/site.py
[5.708s] Creating /home/nvidia/F1Tenth_WS/install/key_teleop/lib/python3.8/site-packages/key-teleop.egg-link (link to .)
[5.711s] Installing key_teleop script to /home/nvidia/F1Tenth_WS/install/key_teleop/lib/key_teleop
[5.712s] 
[5.712s] Installed /home/nvidia/F1Tenth_WS/build/key_teleop
[5.713s] running install_data
[5.713s] copying package.xml -> /home/nvidia/F1Tenth_WS/install/key_teleop/share/key_teleop
[5.714s] creating /home/nvidia/F1Tenth_WS/install/key_teleop/share/key_teleop/config
[5.714s] copying config/key_teleop.yaml -> /home/nvidia/F1Tenth_WS/install/key_teleop/share/key_teleop/config
[5.714s] creating /home/nvidia/F1Tenth_WS/install/key_teleop/share/ament_index
[5.715s] creating /home/nvidia/F1Tenth_WS/install/key_teleop/share/ament_index/resource_index
[5.715s] creating /home/nvidia/F1Tenth_WS/install/key_teleop/share/ament_index/resource_index/packages
[5.716s] copying resource/key_teleop -> /home/nvidia/F1Tenth_WS/install/key_teleop/share/ament_index/resource_index/packages
[5.852s] Invoked command in '/home/nvidia/F1Tenth_WS/build/key_teleop' returned '0': PYTHONPATH=/home/nvidia/F1Tenth_WS/build/key_teleop/prefix_override:/home/nvidia/F1Tenth_WS/install/key_teleop/lib/python3.8/site-packages:${PYTHONPATH} /usr/bin/python3 setup.py develop --editable --build-directory /home/nvidia/F1Tenth_WS/build/key_teleop/build --no-deps install_data
