[0.020s] Invoking command in '/sim_ws/build/wall_follow': CMAKE_PREFIX_PATH=${CMAKE_PREFIX_PATH}:/sim_ws/install/f1tenth_gym_ros:/opt/ros/foxy /usr/bin/cmake --build /sim_ws/build/wall_follow -- -j12 -l12
[0.060s] [35m[1mScanning dependencies of target wall_follow_node[0m
[0.080s] [ 50%] [32mBuilding CXX object CMakeFiles/wall_follow_node.dir/src/wall_follow_node.cpp.o[0m
[6.203s] [100%] [32m[1mLinking CXX executable wall_follow_node[0m
[6.507s] /usr/bin/ld: CMakeFiles/wall_follow_node.dir/src/wall_follow_node.cpp.o: in function `WallFollow::get_range(std::vector<float, std::allocator<float> >&, double)':
[6.507s] wall_follow_node.cpp:(.text._ZN10WallFollow9get_rangeERSt6vectorIfSaIfEEd[_ZN10WallFollow9get_rangeERSt6vectorIfSaIfEEd]+0x6b): undefined reference to `WallFollow::angle_min'
[6.507s] /usr/bin/ld: wall_follow_node.cpp:(.text._ZN10WallFollow9get_rangeERSt6vectorIfSaIfEEd[_ZN10WallFollow9get_rangeERSt6vectorIfSaIfEEd]+0x83): undefined reference to `WallFollow::angle_max'
[6.507s] /usr/bin/ld: wall_follow_node.cpp:(.text._ZN10WallFollow9get_rangeERSt6vectorIfSaIfEEd[_ZN10WallFollow9get_rangeERSt6vectorIfSaIfEEd]+0x8b): undefined reference to `WallFollow::angle_min'
[6.507s] /usr/bin/ld: CMakeFiles/wall_follow_node.dir/src/wall_follow_node.cpp.o: in function `WallFollow::get_error(std::vector<float, std::allocator<float> >&, double, double)':
[6.507s] wall_follow_node.cpp:(.text._ZN10WallFollow9get_errorERSt6vectorIfSaIfEEdd[_ZN10WallFollow9get_errorERSt6vectorIfSaIfEEdd]+0x1cb): undefined reference to `WallFollow::angle_increment'
[6.507s] /usr/bin/ld: wall_follow_node.cpp:(.text._ZN10WallFollow9get_errorERSt6vectorIfSaIfEEdd[_ZN10WallFollow9get_errorERSt6vectorIfSaIfEEdd]+0x269): undefined reference to `WallFollow::angle_increment'
[6.507s] /usr/bin/ld: CMakeFiles/wall_follow_node.dir/src/wall_follow_node.cpp.o: in function `WallFollow::scan_callback(std::shared_ptr<sensor_msgs::msg::LaserScan_<std::allocator<void> > const>)':
[6.507s] wall_follow_node.cpp:(.text._ZN10WallFollow13scan_callbackESt10shared_ptrIKN11sensor_msgs3msg10LaserScan_ISaIvEEEE[_ZN10WallFollow13scan_callbackESt10shared_ptrIKN11sensor_msgs3msg10LaserScan_ISaIvEEEE]+0x102): undefined reference to `WallFollow::angle_min'
[6.508s] /usr/bin/ld: wall_follow_node.cpp:(.text._ZN10WallFollow13scan_callbackESt10shared_ptrIKN11sensor_msgs3msg10LaserScan_ISaIvEEEE[_ZN10WallFollow13scan_callbackESt10shared_ptrIKN11sensor_msgs3msg10LaserScan_ISaIvEEEE]+0x122): undefined reference to `WallFollow::angle_max'
[6.508s] /usr/bin/ld: wall_follow_node.cpp:(.text._ZN10WallFollow13scan_callbackESt10shared_ptrIKN11sensor_msgs3msg10LaserScan_ISaIvEEEE[_ZN10WallFollow13scan_callbackESt10shared_ptrIKN11sensor_msgs3msg10LaserScan_ISaIvEEEE]+0x142): undefined reference to `WallFollow::angle_increment'
[6.517s] collect2: error: ld returned 1 exit status
[6.518s] make[2]: *** [CMakeFiles/wall_follow_node.dir/build.make:151: wall_follow_node] Error 1
[6.518s] make[1]: *** [CMakeFiles/Makefile2:78: CMakeFiles/wall_follow_node.dir/all] Error 2
[6.518s] make: *** [Makefile:141: all] Error 2
[6.520s] Invoked command in '/sim_ws/build/wall_follow' returned '2': CMAKE_PREFIX_PATH=${CMAKE_PREFIX_PATH}:/sim_ws/install/f1tenth_gym_ros:/opt/ros/foxy /usr/bin/cmake --build /sim_ws/build/wall_follow -- -j12 -l12
