[0.249s] Invoking command in '/home/nvidia/F1Tenth_WS/build/vesc_msgs': CMAKE_PREFIX_PATH=${CMAKE_PREFIX_PATH}:/home/nvidia/F1Tenth_WS/install/f1tenth_stack:/home/nvidia/F1Tenth_WS/install/joy_teleop:/home/nvidia/F1Tenth_WS/install/mouse_teleop:/home/nvidia/F1Tenth_WS/install/key_teleop:/opt/ros/foxy /usr/bin/cmake --build /home/nvidia/F1Tenth_WS/build/vesc_msgs -- -j4 -l4
[0.597s] [  1%] Built target vesc_msgs__cpp
[0.651s] [ 12%] Built target vesc_msgs__rosidl_generator_c
[0.921s] [ 23%] Built target vesc_msgs__rosidl_typesupport_fastrtps_cpp
[0.957s] [ 34%] Built target vesc_msgs__rosidl_typesupport_cpp
[0.970s] [ 45%] Built target vesc_msgs__rosidl_typesupport_introspection_cpp
[1.024s] [ 56%] Built target vesc_msgs__rosidl_typesupport_c
[1.185s] [ 67%] Built target vesc_msgs__rosidl_typesupport_introspection_c
[1.199s] [ 78%] Built target vesc_msgs__rosidl_typesupport_fastrtps_c
[1.301s] [ 78%] Built target vesc_msgs
[1.405s] [ 80%] Built target vesc_msgs__py
[1.540s] [ 89%] Built target vesc_msgs__python
[1.775s] [ 92%] Built target vesc_msgs__rosidl_typesupport_introspection_c__pyext
[1.791s] [ 96%] Built target vesc_msgs__rosidl_typesupport_c__pyext
[1.798s] [100%] Built target vesc_msgs__rosidl_typesupport_fastrtps_c__pyext
[1.966s] Invoked command in '/home/nvidia/F1Tenth_WS/build/vesc_msgs' returned '0': CMAKE_PREFIX_PATH=${CMAKE_PREFIX_PATH}:/home/nvidia/F1Tenth_WS/install/f1tenth_stack:/home/nvidia/F1Tenth_WS/install/joy_teleop:/home/nvidia/F1Tenth_WS/install/mouse_teleop:/home/nvidia/F1Tenth_WS/install/key_teleop:/opt/ros/foxy /usr/bin/cmake --build /home/nvidia/F1Tenth_WS/build/vesc_msgs -- -j4 -l4
[2.738s] Invoking command in '/home/nvidia/F1Tenth_WS/build/vesc_msgs': CMAKE_PREFIX_PATH=${CMAKE_PREFIX_PATH}:/home/nvidia/F1Tenth_WS/install/f1tenth_stack:/home/nvidia/F1Tenth_WS/install/joy_teleop:/home/nvidia/F1Tenth_WS/install/mouse_teleop:/home/nvidia/F1Tenth_WS/install/key_teleop:/opt/ros/foxy /usr/bin/cmake --install /home/nvidia/F1Tenth_WS/build/vesc_msgs
[2.798s] -- Install configuration: ""
[2.798s] -- Execute custom install script
[2.808s] -- Up-to-date symlink: /home/nvidia/F1Tenth_WS/install/vesc_msgs/share/ament_index/resource_index/rosidl_interfaces/vesc_msgs
[2.809s] -- Up-to-date symlink: /home/nvidia/F1Tenth_WS/install/vesc_msgs/include/vesc_msgs/msg/detail/vesc_imu__functions.h
[2.809s] -- Up-to-date symlink: /home/nvidia/F1Tenth_WS/install/vesc_msgs/include/vesc_msgs/msg/detail/vesc_imu__struct.h
[2.810s] -- Up-to-date symlink: /home/nvidia/F1Tenth_WS/install/vesc_msgs/include/vesc_msgs/msg/detail/vesc_imu__type_support.h
[2.810s] -- Up-to-date symlink: /home/nvidia/F1Tenth_WS/install/vesc_msgs/include/vesc_msgs/msg/detail/vesc_imu_stamped__functions.h
[2.814s] -- Up-to-date symlink: /home/nvidia/F1Tenth_WS/install/vesc_msgs/include/vesc_msgs/msg/detail/vesc_imu_stamped__struct.h
[2.814s] -- Up-to-date symlink: /home/nvidia/F1Tenth_WS/install/vesc_msgs/include/vesc_msgs/msg/detail/vesc_imu_stamped__type_support.h
[2.815s] -- Up-to-date symlink: /home/nvidia/F1Tenth_WS/install/vesc_msgs/include/vesc_msgs/msg/detail/vesc_state__functions.h
[2.815s] -- Up-to-date symlink: /home/nvidia/F1Tenth_WS/install/vesc_msgs/include/vesc_msgs/msg/detail/vesc_state__struct.h
[2.816s] -- Up-to-date symlink: /home/nvidia/F1Tenth_WS/install/vesc_msgs/include/vesc_msgs/msg/detail/vesc_state__type_support.h
[2.817s] -- Up-to-date symlink: /home/nvidia/F1Tenth_WS/install/vesc_msgs/include/vesc_msgs/msg/detail/vesc_state_stamped__functions.h
[2.818s] -- Up-to-date symlink: /home/nvidia/F1Tenth_WS/install/vesc_msgs/include/vesc_msgs/msg/detail/vesc_state_stamped__struct.h
[2.819s] -- Up-to-date symlink: /home/nvidia/F1Tenth_WS/install/vesc_msgs/include/vesc_msgs/msg/detail/vesc_state_stamped__type_support.h
[2.822s] -- Up-to-date symlink: /home/nvidia/F1Tenth_WS/install/vesc_msgs/include/vesc_msgs/msg/rosidl_generator_c__visibility_control.h
[2.823s] -- Up-to-date symlink: /home/nvidia/F1Tenth_WS/install/vesc_msgs/include/vesc_msgs/msg/vesc_imu.h
[2.824s] -- Up-to-date symlink: /home/nvidia/F1Tenth_WS/install/vesc_msgs/include/vesc_msgs/msg/vesc_imu_stamped.h
[2.825s] -- Up-to-date symlink: /home/nvidia/F1Tenth_WS/install/vesc_msgs/include/vesc_msgs/msg/vesc_state.h
[2.826s] -- Up-to-date symlink: /home/nvidia/F1Tenth_WS/install/vesc_msgs/include/vesc_msgs/msg/vesc_state_stamped.h
[2.828s] -- Up-to-date symlink: /home/nvidia/F1Tenth_WS/install/vesc_msgs/share/vesc_msgs/environment/library_path.sh
[2.834s] -- Up-to-date symlink: /home/nvidia/F1Tenth_WS/install/vesc_msgs/share/vesc_msgs/environment/library_path.dsv
[2.835s] -- Up-to-date symlink: /home/nvidia/F1Tenth_WS/install/vesc_msgs/include/vesc_msgs/msg/detail/vesc_imu__rosidl_typesupport_fastrtps_c.h
[2.835s] -- Up-to-date symlink: /home/nvidia/F1Tenth_WS/install/vesc_msgs/include/vesc_msgs/msg/detail/vesc_imu_stamped__rosidl_typesupport_fastrtps_c.h
[2.837s] -- Up-to-date symlink: /home/nvidia/F1Tenth_WS/install/vesc_msgs/include/vesc_msgs/msg/detail/vesc_state__rosidl_typesupport_fastrtps_c.h
[2.837s] -- Up-to-date symlink: /home/nvidia/F1Tenth_WS/install/vesc_msgs/include/vesc_msgs/msg/detail/vesc_state_stamped__rosidl_typesupport_fastrtps_c.h
[2.838s] -- Up-to-date symlink: /home/nvidia/F1Tenth_WS/install/vesc_msgs/include/vesc_msgs/msg/rosidl_typesupport_fastrtps_c__visibility_control.h
[2.839s] -- Up-to-date symlink: /home/nvidia/F1Tenth_WS/install/vesc_msgs/lib/libvesc_msgs__rosidl_typesupport_fastrtps_c.so
[2.844s] -- Up-to-date symlink: /home/nvidia/F1Tenth_WS/install/vesc_msgs/include/vesc_msgs/msg/detail/vesc_imu__rosidl_typesupport_fastrtps_cpp.hpp
[2.846s] -- Up-to-date symlink: /home/nvidia/F1Tenth_WS/install/vesc_msgs/include/vesc_msgs/msg/detail/vesc_imu_stamped__rosidl_typesupport_fastrtps_cpp.hpp
[2.847s] -- Up-to-date symlink: /home/nvidia/F1Tenth_WS/install/vesc_msgs/include/vesc_msgs/msg/detail/vesc_state__rosidl_typesupport_fastrtps_cpp.hpp
[2.848s] -- Up-to-date symlink: /home/nvidia/F1Tenth_WS/install/vesc_msgs/include/vesc_msgs/msg/detail/vesc_state_stamped__rosidl_typesupport_fastrtps_cpp.hpp
[2.852s] -- Up-to-date symlink: /home/nvidia/F1Tenth_WS/install/vesc_msgs/include/vesc_msgs/msg/rosidl_typesupport_fastrtps_cpp__visibility_control.h
[2.858s] -- Up-to-date symlink: /home/nvidia/F1Tenth_WS/install/vesc_msgs/lib/libvesc_msgs__rosidl_typesupport_fastrtps_cpp.so
[2.860s] -- Up-to-date symlink: /home/nvidia/F1Tenth_WS/install/vesc_msgs/include/vesc_msgs/msg/detail/vesc_imu__rosidl_typesupport_introspection_c.h
[2.861s] -- Up-to-date symlink: /home/nvidia/F1Tenth_WS/install/vesc_msgs/include/vesc_msgs/msg/detail/vesc_imu_stamped__rosidl_typesupport_introspection_c.h
[2.861s] -- Up-to-date symlink: /home/nvidia/F1Tenth_WS/install/vesc_msgs/include/vesc_msgs/msg/detail/vesc_state__rosidl_typesupport_introspection_c.h
[2.862s] -- Up-to-date symlink: /home/nvidia/F1Tenth_WS/install/vesc_msgs/include/vesc_msgs/msg/detail/vesc_state_stamped__rosidl_typesupport_introspection_c.h
[2.862s] -- Up-to-date symlink: /home/nvidia/F1Tenth_WS/install/vesc_msgs/include/vesc_msgs/msg/rosidl_typesupport_introspection_c__visibility_control.h
[2.865s] -- Up-to-date symlink: /home/nvidia/F1Tenth_WS/install/vesc_msgs/include/vesc_msgs/msg/detail/vesc_imu__builder.hpp
[2.866s] -- Up-to-date symlink: /home/nvidia/F1Tenth_WS/install/vesc_msgs/include/vesc_msgs/msg/detail/vesc_imu__struct.hpp
[2.867s] -- Up-to-date symlink: /home/nvidia/F1Tenth_WS/install/vesc_msgs/include/vesc_msgs/msg/detail/vesc_imu__traits.hpp
[2.868s] -- Up-to-date symlink: /home/nvidia/F1Tenth_WS/install/vesc_msgs/include/vesc_msgs/msg/detail/vesc_imu__type_support.hpp
[2.870s] -- Up-to-date symlink: /home/nvidia/F1Tenth_WS/install/vesc_msgs/include/vesc_msgs/msg/detail/vesc_imu_stamped__builder.hpp
[2.871s] -- Up-to-date symlink: /home/nvidia/F1Tenth_WS/install/vesc_msgs/include/vesc_msgs/msg/detail/vesc_imu_stamped__struct.hpp
[2.871s] -- Up-to-date symlink: /home/nvidia/F1Tenth_WS/install/vesc_msgs/include/vesc_msgs/msg/detail/vesc_imu_stamped__traits.hpp
[2.873s] -- Up-to-date symlink: /home/nvidia/F1Tenth_WS/install/vesc_msgs/include/vesc_msgs/msg/detail/vesc_imu_stamped__type_support.hpp
[2.873s] -- Up-to-date symlink: /home/nvidia/F1Tenth_WS/install/vesc_msgs/include/vesc_msgs/msg/detail/vesc_state__builder.hpp
[2.874s] -- Up-to-date symlink: /home/nvidia/F1Tenth_WS/install/vesc_msgs/include/vesc_msgs/msg/detail/vesc_state__struct.hpp
[2.876s] -- Up-to-date symlink: /home/nvidia/F1Tenth_WS/install/vesc_msgs/include/vesc_msgs/msg/detail/vesc_state__traits.hpp
[2.877s] -- Up-to-date symlink: /home/nvidia/F1Tenth_WS/install/vesc_msgs/include/vesc_msgs/msg/detail/vesc_state__type_support.hpp
[2.878s] -- Up-to-date symlink: /home/nvidia/F1Tenth_WS/install/vesc_msgs/include/vesc_msgs/msg/detail/vesc_state_stamped__builder.hpp
[2.879s] -- Up-to-date symlink: /home/nvidia/F1Tenth_WS/install/vesc_msgs/include/vesc_msgs/msg/detail/vesc_state_stamped__struct.hpp
[2.881s] -- Up-to-date symlink: /home/nvidia/F1Tenth_WS/install/vesc_msgs/include/vesc_msgs/msg/detail/vesc_state_stamped__traits.hpp
[2.882s] -- Up-to-date symlink: /home/nvidia/F1Tenth_WS/install/vesc_msgs/include/vesc_msgs/msg/detail/vesc_state_stamped__type_support.hpp
[2.891s] -- Up-to-date symlink: /home/nvidia/F1Tenth_WS/install/vesc_msgs/include/vesc_msgs/msg/rosidl_generator_cpp__visibility_control.hpp
[2.892s] -- Up-to-date symlink: /home/nvidia/F1Tenth_WS/install/vesc_msgs/include/vesc_msgs/msg/vesc_imu.hpp
[2.892s] -- Up-to-date symlink: /home/nvidia/F1Tenth_WS/install/vesc_msgs/include/vesc_msgs/msg/vesc_imu_stamped.hpp
[2.893s] -- Up-to-date symlink: /home/nvidia/F1Tenth_WS/install/vesc_msgs/include/vesc_msgs/msg/vesc_state.hpp
[2.894s] -- Up-to-date symlink: /home/nvidia/F1Tenth_WS/install/vesc_msgs/include/vesc_msgs/msg/vesc_state_stamped.hpp
[2.895s] -- Up-to-date symlink: /home/nvidia/F1Tenth_WS/install/vesc_msgs/include/vesc_msgs/msg/detail/vesc_imu__rosidl_typesupport_introspection_cpp.hpp
[2.902s] -- Up-to-date symlink: /home/nvidia/F1Tenth_WS/install/vesc_msgs/include/vesc_msgs/msg/detail/vesc_imu_stamped__rosidl_typesupport_introspection_cpp.hpp
[2.903s] -- Up-to-date symlink: /home/nvidia/F1Tenth_WS/install/vesc_msgs/include/vesc_msgs/msg/detail/vesc_state__rosidl_typesupport_introspection_cpp.hpp
[2.904s] -- Up-to-date symlink: /home/nvidia/F1Tenth_WS/install/vesc_msgs/include/vesc_msgs/msg/detail/vesc_state_stamped__rosidl_typesupport_introspection_cpp.hpp
[2.904s] -- Up-to-date symlink: /home/nvidia/F1Tenth_WS/install/vesc_msgs/share/vesc_msgs/environment/pythonpath.sh
[2.914s] -- Up-to-date symlink: /home/nvidia/F1Tenth_WS/install/vesc_msgs/share/vesc_msgs/environment/pythonpath.dsv
[2.914s] -- Up-to-date symlink: /home/nvidia/F1Tenth_WS/install/vesc_msgs/lib/python3.8/site-packages/vesc_msgs/__init__.py
[2.915s] -- Up-to-date symlink: /home/nvidia/F1Tenth_WS/install/vesc_msgs/lib/python3.8/site-packages/vesc_msgs/msg/__init__.py
[2.916s] -- Up-to-date symlink: /home/nvidia/F1Tenth_WS/install/vesc_msgs/lib/python3.8/site-packages/vesc_msgs/msg/_vesc_imu.py
[2.917s] -- Up-to-date symlink: /home/nvidia/F1Tenth_WS/install/vesc_msgs/lib/python3.8/site-packages/vesc_msgs/msg/_vesc_imu_stamped.py
[2.917s] -- Up-to-date symlink: /home/nvidia/F1Tenth_WS/install/vesc_msgs/lib/python3.8/site-packages/vesc_msgs/msg/_vesc_state.py
[2.918s] -- Up-to-date symlink: /home/nvidia/F1Tenth_WS/install/vesc_msgs/lib/python3.8/site-packages/vesc_msgs/msg/_vesc_state_stamped.py
[2.923s] -- Up-to-date symlink: /home/nvidia/F1Tenth_WS/install/vesc_msgs/lib/python3.8/site-packages/vesc_msgs/vesc_msgs_s__rosidl_typesupport_fastrtps_c.cpython-38-aarch64-linux-gnu.so
[2.925s] -- Up-to-date symlink: /home/nvidia/F1Tenth_WS/install/vesc_msgs/lib/python3.8/site-packages/vesc_msgs/vesc_msgs_s__rosidl_typesupport_introspection_c.cpython-38-aarch64-linux-gnu.so
[2.926s] -- Up-to-date symlink: /home/nvidia/F1Tenth_WS/install/vesc_msgs/lib/python3.8/site-packages/vesc_msgs/vesc_msgs_s__rosidl_typesupport_c.cpython-38-aarch64-linux-gnu.so
[2.926s] -- Up-to-date symlink: /home/nvidia/F1Tenth_WS/install/vesc_msgs/lib/libvesc_msgs__python.so
[2.929s] -- Up-to-date symlink: /home/nvidia/F1Tenth_WS/install/vesc_msgs/share/vesc_msgs/msg/VescState.idl
[2.929s] -- Up-to-date symlink: /home/nvidia/F1Tenth_WS/install/vesc_msgs/share/vesc_msgs/msg/VescStateStamped.idl
[2.930s] -- Up-to-date symlink: /home/nvidia/F1Tenth_WS/install/vesc_msgs/share/vesc_msgs/msg/VescImu.idl
[2.931s] -- Up-to-date symlink: /home/nvidia/F1Tenth_WS/install/vesc_msgs/share/vesc_msgs/msg/VescImuStamped.idl
[2.932s] -- Up-to-date symlink: /home/nvidia/F1Tenth_WS/install/vesc_msgs/share/vesc_msgs/msg/VescState.msg
[2.932s] -- Up-to-date symlink: /home/nvidia/F1Tenth_WS/install/vesc_msgs/share/vesc_msgs/msg/VescStateStamped.msg
[2.932s] -- Up-to-date symlink: /home/nvidia/F1Tenth_WS/install/vesc_msgs/share/vesc_msgs/msg/VescImu.msg
[2.933s] -- Up-to-date symlink: /home/nvidia/F1Tenth_WS/install/vesc_msgs/share/vesc_msgs/msg/VescImuStamped.msg
[2.937s] -- Up-to-date symlink: /home/nvidia/F1Tenth_WS/install/vesc_msgs/share/ament_index/resource_index/package_run_dependencies/vesc_msgs
[2.938s] -- Up-to-date symlink: /home/nvidia/F1Tenth_WS/install/vesc_msgs/share/ament_index/resource_index/parent_prefix_path/vesc_msgs
[2.938s] -- Up-to-date symlink: /home/nvidia/F1Tenth_WS/install/vesc_msgs/share/vesc_msgs/environment/ament_prefix_path.sh
[2.940s] -- Up-to-date symlink: /home/nvidia/F1Tenth_WS/install/vesc_msgs/share/vesc_msgs/environment/ament_prefix_path.dsv
[2.942s] -- Up-to-date symlink: /home/nvidia/F1Tenth_WS/install/vesc_msgs/share/vesc_msgs/environment/path.sh
[2.943s] -- Up-to-date symlink: /home/nvidia/F1Tenth_WS/install/vesc_msgs/share/vesc_msgs/environment/path.dsv
[2.944s] -- Up-to-date symlink: /home/nvidia/F1Tenth_WS/install/vesc_msgs/share/vesc_msgs/local_setup.bash
[2.946s] -- Up-to-date symlink: /home/nvidia/F1Tenth_WS/install/vesc_msgs/share/vesc_msgs/local_setup.sh
[2.947s] -- Up-to-date symlink: /home/nvidia/F1Tenth_WS/install/vesc_msgs/share/vesc_msgs/local_setup.zsh
[2.949s] -- Up-to-date symlink: /home/nvidia/F1Tenth_WS/install/vesc_msgs/share/vesc_msgs/local_setup.dsv
[2.952s] -- Symlinking: /home/nvidia/F1Tenth_WS/install/vesc_msgs/share/vesc_msgs/package.dsv
[3.009s] -- Up-to-date symlink: /home/nvidia/F1Tenth_WS/install/vesc_msgs/share/ament_index/resource_index/packages/vesc_msgs
[3.010s] -- Up-to-date symlink: /home/nvidia/F1Tenth_WS/install/vesc_msgs/share/vesc_msgs/cmake/rosidl_cmake-extras.cmake
[3.013s] -- Up-to-date symlink: /home/nvidia/F1Tenth_WS/install/vesc_msgs/share/vesc_msgs/cmake/ament_cmake_export_dependencies-extras.cmake
[3.013s] -- Up-to-date symlink: /home/nvidia/F1Tenth_WS/install/vesc_msgs/share/vesc_msgs/cmake/ament_cmake_export_libraries-extras.cmake
[3.015s] -- Up-to-date symlink: /home/nvidia/F1Tenth_WS/install/vesc_msgs/share/vesc_msgs/cmake/ament_cmake_export_targets-extras.cmake
[3.018s] -- Up-to-date symlink: /home/nvidia/F1Tenth_WS/install/vesc_msgs/share/vesc_msgs/cmake/ament_cmake_export_include_directories-extras.cmake
[3.020s] -- Up-to-date symlink: /home/nvidia/F1Tenth_WS/install/vesc_msgs/share/vesc_msgs/cmake/rosidl_cmake_export_typesupport_libraries-extras.cmake
[3.023s] -- Up-to-date symlink: /home/nvidia/F1Tenth_WS/install/vesc_msgs/share/vesc_msgs/cmake/rosidl_cmake_export_typesupport_targets-extras.cmake
[3.025s] -- Up-to-date symlink: /home/nvidia/F1Tenth_WS/install/vesc_msgs/share/vesc_msgs/cmake/vesc_msgsConfig.cmake
[3.030s] -- Up-to-date symlink: /home/nvidia/F1Tenth_WS/install/vesc_msgs/share/vesc_msgs/cmake/vesc_msgsConfig-version.cmake
[3.031s] -- Up-to-date symlink: /home/nvidia/F1Tenth_WS/install/vesc_msgs/share/vesc_msgs/package.xml
[3.033s] -- Up-to-date: /home/nvidia/F1Tenth_WS/install/vesc_msgs/lib/libvesc_msgs__rosidl_generator_c.so
[3.040s] -- Up-to-date: /home/nvidia/F1Tenth_WS/install/vesc_msgs/lib/libvesc_msgs__rosidl_typesupport_introspection_c.so
[3.043s] -- Up-to-date: /home/nvidia/F1Tenth_WS/install/vesc_msgs/lib/libvesc_msgs__rosidl_typesupport_c.so
[3.045s] -- Up-to-date: /home/nvidia/F1Tenth_WS/install/vesc_msgs/lib/libvesc_msgs__rosidl_typesupport_introspection_cpp.so
[3.047s] -- Up-to-date: /home/nvidia/F1Tenth_WS/install/vesc_msgs/lib/libvesc_msgs__rosidl_typesupport_cpp.so
[3.299s] -- Up-to-date: /home/nvidia/F1Tenth_WS/install/vesc_msgs/share/vesc_msgs/cmake/vesc_msgs__rosidl_generator_cExport.cmake
[3.300s] -- Up-to-date: /home/nvidia/F1Tenth_WS/install/vesc_msgs/share/vesc_msgs/cmake/vesc_msgs__rosidl_generator_cExport-noconfig.cmake
[3.301s] -- Up-to-date: /home/nvidia/F1Tenth_WS/install/vesc_msgs/share/vesc_msgs/cmake/vesc_msgs__rosidl_typesupport_introspection_cExport.cmake
[3.302s] -- Up-to-date: /home/nvidia/F1Tenth_WS/install/vesc_msgs/share/vesc_msgs/cmake/vesc_msgs__rosidl_typesupport_introspection_cExport-noconfig.cmake
[3.302s] -- Up-to-date: /home/nvidia/F1Tenth_WS/install/vesc_msgs/share/vesc_msgs/cmake/vesc_msgs__rosidl_typesupport_cExport.cmake
[3.303s] -- Up-to-date: /home/nvidia/F1Tenth_WS/install/vesc_msgs/share/vesc_msgs/cmake/vesc_msgs__rosidl_typesupport_cExport-noconfig.cmake
[3.303s] -- Up-to-date: /home/nvidia/F1Tenth_WS/install/vesc_msgs/share/vesc_msgs/cmake/vesc_msgs__rosidl_generator_cppExport.cmake
[3.304s] -- Up-to-date: /home/nvidia/F1Tenth_WS/install/vesc_msgs/share/vesc_msgs/cmake/vesc_msgs__rosidl_typesupport_introspection_cppExport.cmake
[3.304s] -- Up-to-date: /home/nvidia/F1Tenth_WS/install/vesc_msgs/share/vesc_msgs/cmake/vesc_msgs__rosidl_typesupport_introspection_cppExport-noconfig.cmake
[3.305s] -- Up-to-date: /home/nvidia/F1Tenth_WS/install/vesc_msgs/share/vesc_msgs/cmake/vesc_msgs__rosidl_typesupport_cppExport.cmake
[3.305s] -- Up-to-date: /home/nvidia/F1Tenth_WS/install/vesc_msgs/share/vesc_msgs/cmake/vesc_msgs__rosidl_typesupport_cppExport-noconfig.cmake
[4.535s] Invoked command in '/home/nvidia/F1Tenth_WS/build/vesc_msgs' returned '0': CMAKE_PREFIX_PATH=${CMAKE_PREFIX_PATH}:/home/nvidia/F1Tenth_WS/install/f1tenth_stack:/home/nvidia/F1Tenth_WS/install/joy_teleop:/home/nvidia/F1Tenth_WS/install/mouse_teleop:/home/nvidia/F1Tenth_WS/install/key_teleop:/opt/ros/foxy /usr/bin/cmake --install /home/nvidia/F1Tenth_WS/build/vesc_msgs
