[0.126s] Invoking command in '/home/nvidia/F1Tenth_WS/build/vesc_driver': CMAKE_PREFIX_PATH=/home/nvidia/F1Tenth_WS/install/vesc_msgs:/home/nvidia/F1Tenth_WS/install/wall_follow:/home/nvidia/F1Tenth_WS/install/vesc:/home/nvidia/F1Tenth_WS/install/vesc_driver:/home/nvidia/F1Tenth_WS/install/vesc_ackermann:/home/nvidia/F1Tenth_WS/install/teleop_tools:/home/nvidia/F1Tenth_WS/install/teleop_tools_msgs:/home/nvidia/F1Tenth_WS/install/safety_node:/home/nvidia/F1Tenth_WS/install/ackermann_mux:/home/nvidia/F1Tenth_WS/install/f1tenth_stack:/home/nvidia/F1Tenth_WS/install/joy_teleop:/home/nvidia/F1Tenth_WS/install/mouse_teleop:/home/nvidia/F1Tenth_WS/install/key_teleop:/opt/ros/foxy LD_LIBRARY_PATH=/home/nvidia/F1Tenth_WS/install/vesc_msgs/lib:/home/nvidia/F1Tenth_WS/install/vesc_driver/lib:/home/nvidia/F1Tenth_WS/install/vesc_ackermann/lib:/home/nvidia/F1Tenth_WS/install/teleop_tools_msgs/lib:/opt/ros/foxy/opt/yaml_cpp_vendor/lib:/opt/ros/foxy/opt/rviz_ogre_vendor/lib:/opt/ros/foxy/lib/aarch64-linux-gnu:/opt/ros/foxy/lib PYTHONPATH=/home/nvidia/F1Tenth_WS/install/vesc_msgs/lib/python3.8/site-packages:/home/nvidia/F1Tenth_WS/install/wall_follow/lib/python3.8/site-packages:/home/nvidia/F1Tenth_WS/build/f1tenth_stack:/home/nvidia/F1Tenth_WS/install/f1tenth_stack/lib/python3.8/site-packages:/home/nvidia/F1Tenth_WS/build/joy_teleop:/home/nvidia/F1Tenth_WS/install/joy_teleop/lib/python3.8/site-packages:/home/nvidia/F1Tenth_WS/install/teleop_tools_msgs/lib/python3.8/site-packages:/home/nvidia/F1Tenth_WS/install/safety_node/lib/python3.8/site-packages:/home/nvidia/F1Tenth_WS/build/mouse_teleop:/home/nvidia/F1Tenth_WS/install/mouse_teleop/lib/python3.8/site-packages:/home/nvidia/F1Tenth_WS/build/key_teleop:/home/nvidia/F1Tenth_WS/install/key_teleop/lib/python3.8/site-packages:/opt/ros/foxy/lib/python3.8/site-packages /usr/bin/cmake /home/nvidia/F1Tenth_WS/src/f1tenth_system/vesc/vesc_driver -DAMENT_CMAKE_SYMLINK_INSTALL=1 -DCMAKE_INSTALL_PREFIX=/home/nvidia/F1Tenth_WS/install/vesc_driver
[0.445s] -- The C compiler identification is GNU 9.4.0
[0.762s] -- The CXX compiler identification is GNU 9.4.0
[0.790s] -- Check for working C compiler: /usr/bin/cc
[1.161s] -- Check for working C compiler: /usr/bin/cc -- works
[1.165s] -- Detecting C compiler ABI info
[1.559s] -- Detecting C compiler ABI info - done
[1.614s] -- Detecting C compile features
[1.615s] -- Detecting C compile features - done
[1.626s] -- Check for working CXX compiler: /usr/bin/c++
[2.056s] -- Check for working CXX compiler: /usr/bin/c++ -- works
[2.062s] -- Detecting CXX compiler ABI info
[2.523s] -- Detecting CXX compiler ABI info - done
[2.581s] -- Detecting CXX compile features
[2.583s] -- Detecting CXX compile features - done
[2.726s] -- Found ament_cmake_auto: 0.9.12 (/opt/ros/foxy/share/ament_cmake_auto/cmake)
[2.902s] -- Found PythonInterp: /usr/bin/python3 (found suitable version "3.8.10", minimum required is "3") 
[2.903s] -- Using PYTHON_EXECUTABLE: /usr/bin/python3
[3.847s] -- Override CMake install command with custom implementation using symlinks instead of copying resources
[4.511s] -- Using all available rosidl_typesupport_c: rosidl_typesupport_fastrtps_c;rosidl_typesupport_introspection_c
[4.551s] -- Found rosidl_adapter: 1.3.1 (/opt/ros/foxy/share/rosidl_adapter/cmake)
[5.019s] -- Found OpenSSL: /usr/lib/aarch64-linux-gnu/libcrypto.so (found version "1.1.1f")  
[5.153s] -- Found FastRTPS: /opt/ros/foxy/include  
[5.528s] -- Using all available rosidl_typesupport_cpp: rosidl_typesupport_fastrtps_cpp;rosidl_typesupport_introspection_cpp
[5.805s] -- Found rmw_implementation_cmake: 1.0.4 (/opt/ros/foxy/share/rmw_implementation_cmake/cmake)
[5.814s] -- Using RMW implementation 'rmw_fastrtps_cpp' as default
[5.818s] -- Looking for pthread.h
[6.230s] -- Looking for pthread.h - found
[6.231s] -- Performing Test CMAKE_HAVE_LIBC_PTHREAD
[6.729s] -- Performing Test CMAKE_HAVE_LIBC_PTHREAD - Failed
[6.730s] -- Looking for pthread_create in pthreads
[7.124s] -- Looking for pthread_create in pthreads - not found
[7.127s] -- Looking for pthread_create in pthread
[7.525s] -- Looking for pthread_create in pthread - found
[7.535s] -- Found Threads: TRUE  
[10.493s] -- Found ament_lint_auto: 0.9.8 (/opt/ros/foxy/share/ament_lint_auto/cmake)
[10.632s] -- Added test 'copyright' to check source files copyright and LICENSE
[10.644s] -- Added test 'cppcheck' to perform static code analysis on C / C++ code
[10.645s] -- Configured cppcheck include dirs: /home/nvidia/F1Tenth_WS/src/f1tenth_system/vesc/vesc_driver/include
[10.646s] -- Configured cppcheck exclude dirs and/or files: 
[10.657s] -- Added test 'cpplint' to check C / C++ code against the Google style
[10.658s] -- Configured cpplint exclude dirs and/or files: 
[10.662s] -- Added test 'flake8' to check Python code syntax and style conventions
[10.666s] -- Added test 'lint_cmake' to check CMake code style
[10.670s] -- Added test 'pep257' to check Python code against some of the style conventions in PEP 257
[10.681s] -- Added test 'uncrustify' to check C / C++ code style
[10.682s] -- Configured uncrustify additional arguments: 
[10.685s] -- Added test 'xmllint' to check XML markup files
[10.734s] -- Configuring done
[11.055s] -- Generating done
[11.069s] -- Build files have been written to: /home/nvidia/F1Tenth_WS/build/vesc_driver
[11.135s] Invoked command in '/home/nvidia/F1Tenth_WS/build/vesc_driver' returned '0': CMAKE_PREFIX_PATH=/home/nvidia/F1Tenth_WS/install/vesc_msgs:/home/nvidia/F1Tenth_WS/install/wall_follow:/home/nvidia/F1Tenth_WS/install/vesc:/home/nvidia/F1Tenth_WS/install/vesc_driver:/home/nvidia/F1Tenth_WS/install/vesc_ackermann:/home/nvidia/F1Tenth_WS/install/teleop_tools:/home/nvidia/F1Tenth_WS/install/teleop_tools_msgs:/home/nvidia/F1Tenth_WS/install/safety_node:/home/nvidia/F1Tenth_WS/install/ackermann_mux:/home/nvidia/F1Tenth_WS/install/f1tenth_stack:/home/nvidia/F1Tenth_WS/install/joy_teleop:/home/nvidia/F1Tenth_WS/install/mouse_teleop:/home/nvidia/F1Tenth_WS/install/key_teleop:/opt/ros/foxy LD_LIBRARY_PATH=/home/nvidia/F1Tenth_WS/install/vesc_msgs/lib:/home/nvidia/F1Tenth_WS/install/vesc_driver/lib:/home/nvidia/F1Tenth_WS/install/vesc_ackermann/lib:/home/nvidia/F1Tenth_WS/install/teleop_tools_msgs/lib:/opt/ros/foxy/opt/yaml_cpp_vendor/lib:/opt/ros/foxy/opt/rviz_ogre_vendor/lib:/opt/ros/foxy/lib/aarch64-linux-gnu:/opt/ros/foxy/lib PYTHONPATH=/home/nvidia/F1Tenth_WS/install/vesc_msgs/lib/python3.8/site-packages:/home/nvidia/F1Tenth_WS/install/wall_follow/lib/python3.8/site-packages:/home/nvidia/F1Tenth_WS/build/f1tenth_stack:/home/nvidia/F1Tenth_WS/install/f1tenth_stack/lib/python3.8/site-packages:/home/nvidia/F1Tenth_WS/build/joy_teleop:/home/nvidia/F1Tenth_WS/install/joy_teleop/lib/python3.8/site-packages:/home/nvidia/F1Tenth_WS/install/teleop_tools_msgs/lib/python3.8/site-packages:/home/nvidia/F1Tenth_WS/install/safety_node/lib/python3.8/site-packages:/home/nvidia/F1Tenth_WS/build/mouse_teleop:/home/nvidia/F1Tenth_WS/install/mouse_teleop/lib/python3.8/site-packages:/home/nvidia/F1Tenth_WS/build/key_teleop:/home/nvidia/F1Tenth_WS/install/key_teleop/lib/python3.8/site-packages:/opt/ros/foxy/lib/python3.8/site-packages /usr/bin/cmake /home/nvidia/F1Tenth_WS/src/f1tenth_system/vesc/vesc_driver -DAMENT_CMAKE_SYMLINK_INSTALL=1 -DCMAKE_INSTALL_PREFIX=/home/nvidia/F1Tenth_WS/install/vesc_driver
[11.152s] Invoking command in '/home/nvidia/F1Tenth_WS/build/vesc_driver': CMAKE_PREFIX_PATH=/home/nvidia/F1Tenth_WS/install/vesc_msgs:/home/nvidia/F1Tenth_WS/install/wall_follow:/home/nvidia/F1Tenth_WS/install/vesc:/home/nvidia/F1Tenth_WS/install/vesc_driver:/home/nvidia/F1Tenth_WS/install/vesc_ackermann:/home/nvidia/F1Tenth_WS/install/teleop_tools:/home/nvidia/F1Tenth_WS/install/teleop_tools_msgs:/home/nvidia/F1Tenth_WS/install/safety_node:/home/nvidia/F1Tenth_WS/install/ackermann_mux:/home/nvidia/F1Tenth_WS/install/f1tenth_stack:/home/nvidia/F1Tenth_WS/install/joy_teleop:/home/nvidia/F1Tenth_WS/install/mouse_teleop:/home/nvidia/F1Tenth_WS/install/key_teleop:/opt/ros/foxy LD_LIBRARY_PATH=/home/nvidia/F1Tenth_WS/install/vesc_msgs/lib:/home/nvidia/F1Tenth_WS/install/vesc_driver/lib:/home/nvidia/F1Tenth_WS/install/vesc_ackermann/lib:/home/nvidia/F1Tenth_WS/install/teleop_tools_msgs/lib:/opt/ros/foxy/opt/yaml_cpp_vendor/lib:/opt/ros/foxy/opt/rviz_ogre_vendor/lib:/opt/ros/foxy/lib/aarch64-linux-gnu:/opt/ros/foxy/lib PYTHONPATH=/home/nvidia/F1Tenth_WS/install/vesc_msgs/lib/python3.8/site-packages:/home/nvidia/F1Tenth_WS/install/wall_follow/lib/python3.8/site-packages:/home/nvidia/F1Tenth_WS/build/f1tenth_stack:/home/nvidia/F1Tenth_WS/install/f1tenth_stack/lib/python3.8/site-packages:/home/nvidia/F1Tenth_WS/build/joy_teleop:/home/nvidia/F1Tenth_WS/install/joy_teleop/lib/python3.8/site-packages:/home/nvidia/F1Tenth_WS/install/teleop_tools_msgs/lib/python3.8/site-packages:/home/nvidia/F1Tenth_WS/install/safety_node/lib/python3.8/site-packages:/home/nvidia/F1Tenth_WS/build/mouse_teleop:/home/nvidia/F1Tenth_WS/install/mouse_teleop/lib/python3.8/site-packages:/home/nvidia/F1Tenth_WS/build/key_teleop:/home/nvidia/F1Tenth_WS/install/key_teleop/lib/python3.8/site-packages:/opt/ros/foxy/lib/python3.8/site-packages /usr/bin/cmake --build /home/nvidia/F1Tenth_WS/build/vesc_driver -- -j4 -l4
[11.388s] [35m[1mScanning dependencies of target vesc_driver[0m
[11.696s] [ 10%] [32mBuilding CXX object CMakeFiles/vesc_driver.dir/src/vesc_driver.cpp.o[0m
[36.282s] [ 20%] [32mBuilding CXX object CMakeFiles/vesc_driver.dir/src/vesc_packet.cpp.o[0m
[38.804s] [ 30%] [32mBuilding CXX object CMakeFiles/vesc_driver.dir/src/vesc_packet_factory.cpp.o[0m
[40.922s] [ 40%] [32mBuilding CXX object CMakeFiles/vesc_driver.dir/src/vesc_interface.cpp.o[0m
[47.802s] [ 50%] [32m[1mLinking CXX shared library libvesc_driver.so[0m
[49.458s] [ 50%] Built target vesc_driver
[49.511s] [35m[1mScanning dependencies of target vesc_driver_node[0m
[49.725s] [ 60%] [32mBuilding CXX object CMakeFiles/vesc_driver_node.dir/rclcpp_components/node_main_vesc_driver_node.cpp.o[0m
[57.970s] [ 70%] [32m[1mLinking CXX executable vesc_driver_node[0m
[58.475s] [ 70%] Built target vesc_driver_node
[58.532s] [35m[1mScanning dependencies of target vesc_device_namer[0m
[58.595s] [ 80%] [32mBuilding CXX object CMakeFiles/vesc_device_namer.dir/src/vesc_device_namer.cpp.o[0m
[58.631s] [ 90%] [32mBuilding CXX object CMakeFiles/vesc_device_namer.dir/src/vesc_device_uuid_lookup.cpp.o[0m
[61.063s] [100%] [32m[1mLinking CXX executable vesc_device_namer[0m
[61.884s] [100%] Built target vesc_device_namer
[62.059s] Invoked command in '/home/nvidia/F1Tenth_WS/build/vesc_driver' returned '0': CMAKE_PREFIX_PATH=/home/nvidia/F1Tenth_WS/install/vesc_msgs:/home/nvidia/F1Tenth_WS/install/wall_follow:/home/nvidia/F1Tenth_WS/install/vesc:/home/nvidia/F1Tenth_WS/install/vesc_driver:/home/nvidia/F1Tenth_WS/install/vesc_ackermann:/home/nvidia/F1Tenth_WS/install/teleop_tools:/home/nvidia/F1Tenth_WS/install/teleop_tools_msgs:/home/nvidia/F1Tenth_WS/install/safety_node:/home/nvidia/F1Tenth_WS/install/ackermann_mux:/home/nvidia/F1Tenth_WS/install/f1tenth_stack:/home/nvidia/F1Tenth_WS/install/joy_teleop:/home/nvidia/F1Tenth_WS/install/mouse_teleop:/home/nvidia/F1Tenth_WS/install/key_teleop:/opt/ros/foxy LD_LIBRARY_PATH=/home/nvidia/F1Tenth_WS/install/vesc_msgs/lib:/home/nvidia/F1Tenth_WS/install/vesc_driver/lib:/home/nvidia/F1Tenth_WS/install/vesc_ackermann/lib:/home/nvidia/F1Tenth_WS/install/teleop_tools_msgs/lib:/opt/ros/foxy/opt/yaml_cpp_vendor/lib:/opt/ros/foxy/opt/rviz_ogre_vendor/lib:/opt/ros/foxy/lib/aarch64-linux-gnu:/opt/ros/foxy/lib PYTHONPATH=/home/nvidia/F1Tenth_WS/install/vesc_msgs/lib/python3.8/site-packages:/home/nvidia/F1Tenth_WS/install/wall_follow/lib/python3.8/site-packages:/home/nvidia/F1Tenth_WS/build/f1tenth_stack:/home/nvidia/F1Tenth_WS/install/f1tenth_stack/lib/python3.8/site-packages:/home/nvidia/F1Tenth_WS/build/joy_teleop:/home/nvidia/F1Tenth_WS/install/joy_teleop/lib/python3.8/site-packages:/home/nvidia/F1Tenth_WS/install/teleop_tools_msgs/lib/python3.8/site-packages:/home/nvidia/F1Tenth_WS/install/safety_node/lib/python3.8/site-packages:/home/nvidia/F1Tenth_WS/build/mouse_teleop:/home/nvidia/F1Tenth_WS/install/mouse_teleop/lib/python3.8/site-packages:/home/nvidia/F1Tenth_WS/build/key_teleop:/home/nvidia/F1Tenth_WS/install/key_teleop/lib/python3.8/site-packages:/opt/ros/foxy/lib/python3.8/site-packages /usr/bin/cmake --build /home/nvidia/F1Tenth_WS/build/vesc_driver -- -j4 -l4
[62.272s] Invoking command in '/home/nvidia/F1Tenth_WS/build/vesc_driver': CMAKE_PREFIX_PATH=/home/nvidia/F1Tenth_WS/install/vesc_msgs:/home/nvidia/F1Tenth_WS/install/wall_follow:/home/nvidia/F1Tenth_WS/install/vesc:/home/nvidia/F1Tenth_WS/install/vesc_driver:/home/nvidia/F1Tenth_WS/install/vesc_ackermann:/home/nvidia/F1Tenth_WS/install/teleop_tools:/home/nvidia/F1Tenth_WS/install/teleop_tools_msgs:/home/nvidia/F1Tenth_WS/install/safety_node:/home/nvidia/F1Tenth_WS/install/ackermann_mux:/home/nvidia/F1Tenth_WS/install/f1tenth_stack:/home/nvidia/F1Tenth_WS/install/joy_teleop:/home/nvidia/F1Tenth_WS/install/mouse_teleop:/home/nvidia/F1Tenth_WS/install/key_teleop:/opt/ros/foxy LD_LIBRARY_PATH=/home/nvidia/F1Tenth_WS/install/vesc_msgs/lib:/home/nvidia/F1Tenth_WS/install/vesc_driver/lib:/home/nvidia/F1Tenth_WS/install/vesc_ackermann/lib:/home/nvidia/F1Tenth_WS/install/teleop_tools_msgs/lib:/opt/ros/foxy/opt/yaml_cpp_vendor/lib:/opt/ros/foxy/opt/rviz_ogre_vendor/lib:/opt/ros/foxy/lib/aarch64-linux-gnu:/opt/ros/foxy/lib PYTHONPATH=/home/nvidia/F1Tenth_WS/install/vesc_msgs/lib/python3.8/site-packages:/home/nvidia/F1Tenth_WS/install/wall_follow/lib/python3.8/site-packages:/home/nvidia/F1Tenth_WS/build/f1tenth_stack:/home/nvidia/F1Tenth_WS/install/f1tenth_stack/lib/python3.8/site-packages:/home/nvidia/F1Tenth_WS/build/joy_teleop:/home/nvidia/F1Tenth_WS/install/joy_teleop/lib/python3.8/site-packages:/home/nvidia/F1Tenth_WS/install/teleop_tools_msgs/lib/python3.8/site-packages:/home/nvidia/F1Tenth_WS/install/safety_node/lib/python3.8/site-packages:/home/nvidia/F1Tenth_WS/build/mouse_teleop:/home/nvidia/F1Tenth_WS/install/mouse_teleop/lib/python3.8/site-packages:/home/nvidia/F1Tenth_WS/build/key_teleop:/home/nvidia/F1Tenth_WS/install/key_teleop/lib/python3.8/site-packages:/opt/ros/foxy/lib/python3.8/site-packages /usr/bin/cmake --install /home/nvidia/F1Tenth_WS/build/vesc_driver
[62.307s] -- Install configuration: ""
[62.310s] -- Execute custom install script
[62.313s] -- Symlinking: /home/nvidia/F1Tenth_WS/install/vesc_driver/lib/vesc_driver/vesc_driver_node
[62.356s] -- Symlinking: /home/nvidia/F1Tenth_WS/install/vesc_driver/include/vesc_driver/crc.hpp
[62.397s] -- Symlinking: /home/nvidia/F1Tenth_WS/install/vesc_driver/include/vesc_driver/datatypes.hpp
[62.437s] -- Symlinking: /home/nvidia/F1Tenth_WS/install/vesc_driver/include/vesc_driver/vesc_device_uuid_lookup.hpp
[62.476s] -- Symlinking: /home/nvidia/F1Tenth_WS/install/vesc_driver/include/vesc_driver/vesc_driver.hpp
[62.518s] -- Symlinking: /home/nvidia/F1Tenth_WS/install/vesc_driver/include/vesc_driver/vesc_interface.hpp
[62.557s] -- Symlinking: /home/nvidia/F1Tenth_WS/install/vesc_driver/include/vesc_driver/vesc_packet.hpp
[62.598s] -- Symlinking: /home/nvidia/F1Tenth_WS/install/vesc_driver/include/vesc_driver/vesc_packet_factory.hpp
[62.639s] -- Symlinking: /home/nvidia/F1Tenth_WS/install/vesc_driver/share/vesc_driver/environment/library_path.sh
[62.681s] -- Symlinking: /home/nvidia/F1Tenth_WS/install/vesc_driver/share/vesc_driver/environment/library_path.dsv
[62.724s] -- Symlinking: /home/nvidia/F1Tenth_WS/install/vesc_driver/lib/libvesc_driver.so
[62.766s] -- Symlinking: /home/nvidia/F1Tenth_WS/install/vesc_driver/lib/vesc_driver/vesc_device_namer
[62.811s] -- Symlinking: /home/nvidia/F1Tenth_WS/install/vesc_driver/share/vesc_driver/launch/vesc_driver_node.launch.py
[62.854s] -- Symlinking: /home/nvidia/F1Tenth_WS/install/vesc_driver/share/vesc_driver/params/vesc_config.yaml
[62.899s] -- Symlinking: /home/nvidia/F1Tenth_WS/install/vesc_driver/share/ament_index/resource_index/package_run_dependencies/vesc_driver
[62.939s] -- Symlinking: /home/nvidia/F1Tenth_WS/install/vesc_driver/share/ament_index/resource_index/parent_prefix_path/vesc_driver
[62.980s] -- Symlinking: /home/nvidia/F1Tenth_WS/install/vesc_driver/share/vesc_driver/environment/ament_prefix_path.sh
[63.019s] -- Symlinking: /home/nvidia/F1Tenth_WS/install/vesc_driver/share/vesc_driver/environment/ament_prefix_path.dsv
[63.059s] -- Symlinking: /home/nvidia/F1Tenth_WS/install/vesc_driver/share/vesc_driver/environment/path.sh
[63.099s] -- Symlinking: /home/nvidia/F1Tenth_WS/install/vesc_driver/share/vesc_driver/environment/path.dsv
[63.139s] -- Symlinking: /home/nvidia/F1Tenth_WS/install/vesc_driver/share/vesc_driver/local_setup.bash
[63.178s] -- Symlinking: /home/nvidia/F1Tenth_WS/install/vesc_driver/share/vesc_driver/local_setup.sh
[63.218s] -- Symlinking: /home/nvidia/F1Tenth_WS/install/vesc_driver/share/vesc_driver/local_setup.zsh
[63.257s] -- Symlinking: /home/nvidia/F1Tenth_WS/install/vesc_driver/share/vesc_driver/local_setup.dsv
[63.297s] -- Symlinking: /home/nvidia/F1Tenth_WS/install/vesc_driver/share/vesc_driver/package.dsv
[63.336s] -- Symlinking: /home/nvidia/F1Tenth_WS/install/vesc_driver/share/ament_index/resource_index/packages/vesc_driver
[63.375s] -- Symlinking: /home/nvidia/F1Tenth_WS/install/vesc_driver/share/ament_index/resource_index/rclcpp_components/vesc_driver
[63.415s] -- Symlinking: /home/nvidia/F1Tenth_WS/install/vesc_driver/share/vesc_driver/cmake/ament_cmake_export_dependencies-extras.cmake
[63.453s] -- Symlinking: /home/nvidia/F1Tenth_WS/install/vesc_driver/share/vesc_driver/cmake/ament_cmake_export_include_directories-extras.cmake
[63.493s] -- Symlinking: /home/nvidia/F1Tenth_WS/install/vesc_driver/share/vesc_driver/cmake/ament_cmake_export_libraries-extras.cmake
[63.532s] -- Symlinking: /home/nvidia/F1Tenth_WS/install/vesc_driver/share/vesc_driver/cmake/vesc_driverConfig.cmake
[63.570s] -- Symlinking: /home/nvidia/F1Tenth_WS/install/vesc_driver/share/vesc_driver/cmake/vesc_driverConfig-version.cmake
[63.611s] -- Symlinking: /home/nvidia/F1Tenth_WS/install/vesc_driver/share/vesc_driver/package.xml
[63.668s] Invoked command in '/home/nvidia/F1Tenth_WS/build/vesc_driver' returned '0': CMAKE_PREFIX_PATH=/home/nvidia/F1Tenth_WS/install/vesc_msgs:/home/nvidia/F1Tenth_WS/install/wall_follow:/home/nvidia/F1Tenth_WS/install/vesc:/home/nvidia/F1Tenth_WS/install/vesc_driver:/home/nvidia/F1Tenth_WS/install/vesc_ackermann:/home/nvidia/F1Tenth_WS/install/teleop_tools:/home/nvidia/F1Tenth_WS/install/teleop_tools_msgs:/home/nvidia/F1Tenth_WS/install/safety_node:/home/nvidia/F1Tenth_WS/install/ackermann_mux:/home/nvidia/F1Tenth_WS/install/f1tenth_stack:/home/nvidia/F1Tenth_WS/install/joy_teleop:/home/nvidia/F1Tenth_WS/install/mouse_teleop:/home/nvidia/F1Tenth_WS/install/key_teleop:/opt/ros/foxy LD_LIBRARY_PATH=/home/nvidia/F1Tenth_WS/install/vesc_msgs/lib:/home/nvidia/F1Tenth_WS/install/vesc_driver/lib:/home/nvidia/F1Tenth_WS/install/vesc_ackermann/lib:/home/nvidia/F1Tenth_WS/install/teleop_tools_msgs/lib:/opt/ros/foxy/opt/yaml_cpp_vendor/lib:/opt/ros/foxy/opt/rviz_ogre_vendor/lib:/opt/ros/foxy/lib/aarch64-linux-gnu:/opt/ros/foxy/lib PYTHONPATH=/home/nvidia/F1Tenth_WS/install/vesc_msgs/lib/python3.8/site-packages:/home/nvidia/F1Tenth_WS/install/wall_follow/lib/python3.8/site-packages:/home/nvidia/F1Tenth_WS/build/f1tenth_stack:/home/nvidia/F1Tenth_WS/install/f1tenth_stack/lib/python3.8/site-packages:/home/nvidia/F1Tenth_WS/build/joy_teleop:/home/nvidia/F1Tenth_WS/install/joy_teleop/lib/python3.8/site-packages:/home/nvidia/F1Tenth_WS/install/teleop_tools_msgs/lib/python3.8/site-packages:/home/nvidia/F1Tenth_WS/install/safety_node/lib/python3.8/site-packages:/home/nvidia/F1Tenth_WS/build/mouse_teleop:/home/nvidia/F1Tenth_WS/install/mouse_teleop/lib/python3.8/site-packages:/home/nvidia/F1Tenth_WS/build/key_teleop:/home/nvidia/F1Tenth_WS/install/key_teleop/lib/python3.8/site-packages:/opt/ros/foxy/lib/python3.8/site-packages /usr/bin/cmake --install /home/nvidia/F1Tenth_WS/build/vesc_driver
