[0.025s] Invoking command in '/sim_ws/build/wall_follow': /usr/bin/cmake /sim_ws/src/wall_follow -DAMENT_CMAKE_SYMLINK_INSTALL=1 -DCMAKE_INSTALL_PREFIX=/sim_ws/install/wall_follow
[0.191s] -- The C compiler identification is GNU 9.4.0
[0.319s] -- The CXX compiler identification is GNU 9.4.0
[0.331s] -- Check for working C compiler: /usr/bin/cc
[0.394s] -- Check for working C compiler: /usr/bin/cc -- works
[0.396s] -- Detecting C compiler ABI info
[0.458s] -- Detecting C compiler ABI info - done
[0.469s] -- Detecting C compile features
[0.469s] -- Detecting C compile features - done
[0.473s] -- Check for working CXX compiler: /usr/bin/c++
[0.548s] -- Check for working CXX compiler: /usr/bin/c++ -- works
[0.549s] -- Detecting CXX compiler ABI info
[0.616s] -- Detecting CXX compiler ABI info - done
[0.626s] -- Detecting CXX compile features
[0.626s] -- Detecting CXX compile features - done
[0.636s] CMake Error at CMakeLists.txt:25 (find_package):
[0.636s]   By not providing "Findament_cmake.cmake" in CMAKE_MODULE_PATH this project
[0.637s]   has asked CMake to find a package configuration file provided by
[0.637s]   "ament_cmake", but CMake did not find one.
[0.637s] 
[0.637s]   Could not find a package configuration file provided by "ament_cmake" with
[0.637s]   any of the following names:
[0.638s] 
[0.638s]     ament_cmakeConfig.cmake
[0.638s]     ament_cmake-config.cmake
[0.638s] 
[0.638s]   Add the installation prefix of "ament_cmake" to CMAKE_PREFIX_PATH or set
[0.638s]   "ament_cmake_DIR" to a directory containing one of the above files.  If
[0.639s]   "ament_cmake" provides a separate development package or SDK, be sure it
[0.639s]   has been installed.
[0.639s] 
[0.640s] 
[0.641s] -- Configuring incomplete, errors occurred!
[0.641s] See also "/sim_ws/build/wall_follow/CMakeFiles/CMakeOutput.log".
[0.642s] Invoked command in '/sim_ws/build/wall_follow' returned '1': /usr/bin/cmake /sim_ws/src/wall_follow -DAMENT_CMAKE_SYMLINK_INSTALL=1 -DCMAKE_INSTALL_PREFIX=/sim_ws/install/wall_follow
