[0.015s] Invoking command in '/sim_ws/build/safety_node': /usr/bin/cmake --build /sim_ws/build/safety_node -- -j12 -l12
[0.058s] [100%] Built target safety_node
[0.068s] Invoked command in '/sim_ws/build/safety_node' returned '0': /usr/bin/cmake --build /sim_ws/build/safety_node -- -j12 -l12
[0.095s] Invoking command in '/sim_ws/build/safety_node': /usr/bin/cmake --install /sim_ws/build/safety_node
[0.112s] -- Install configuration: ""
[0.113s] -- Execute custom install script
[0.113s] -- Up-to-date symlink: /sim_ws/install/safety_node/share/safety_node/config/params.yaml
[0.114s] -- Up-to-date symlink: /sim_ws/install/safety_node/share/safety_node/launch/safety_node_launch.py
[0.115s] -- Up-to-date symlink: /sim_ws/install/safety_node/lib/safety_node/safety_node
[0.115s] -- Up-to-date symlink: /sim_ws/install/safety_node/share/safety_node/environment/pythonpath.sh
[0.115s] -- Up-to-date symlink: /sim_ws/install/safety_node/share/safety_node/environment/pythonpath.dsv
[0.115s] -- Up-to-date symlink: /sim_ws/install/safety_node/lib/python3.8/site-packages/safety_node/__init__.py
[0.116s] -- Up-to-date symlink: /sim_ws/install/safety_node/lib/safety_node/safety_node.py
[0.116s] -- Up-to-date symlink: /sim_ws/install/safety_node/share/ament_index/resource_index/package_run_dependencies/safety_node
[0.116s] -- Up-to-date symlink: /sim_ws/install/safety_node/share/ament_index/resource_index/parent_prefix_path/safety_node
[0.117s] -- Up-to-date symlink: /sim_ws/install/safety_node/share/safety_node/environment/ament_prefix_path.sh
[0.117s] -- Up-to-date symlink: /sim_ws/install/safety_node/share/safety_node/environment/ament_prefix_path.dsv
[0.117s] -- Up-to-date symlink: /sim_ws/install/safety_node/share/safety_node/environment/path.sh
[0.117s] -- Up-to-date symlink: /sim_ws/install/safety_node/share/safety_node/environment/path.dsv
[0.118s] -- Up-to-date symlink: /sim_ws/install/safety_node/share/safety_node/local_setup.bash
[0.118s] -- Up-to-date symlink: /sim_ws/install/safety_node/share/safety_node/local_setup.sh
[0.118s] -- Up-to-date symlink: /sim_ws/install/safety_node/share/safety_node/local_setup.zsh
[0.118s] -- Up-to-date symlink: /sim_ws/install/safety_node/share/safety_node/local_setup.dsv
[0.118s] -- Symlinking: /sim_ws/install/safety_node/share/safety_node/package.dsv
[0.126s] -- Up-to-date symlink: /sim_ws/install/safety_node/share/ament_index/resource_index/packages/safety_node
[0.127s] -- Up-to-date symlink: /sim_ws/install/safety_node/share/safety_node/cmake/safety_nodeConfig.cmake
[0.127s] -- Up-to-date symlink: /sim_ws/install/safety_node/share/safety_node/cmake/safety_nodeConfig-version.cmake
[0.127s] -- Up-to-date symlink: /sim_ws/install/safety_node/share/safety_node/package.xml
[0.150s] Listing '/sim_ws/install/safety_node/lib/python3.8/site-packages/safety_node'...
[0.156s] Invoked command in '/sim_ws/build/safety_node' returned '0': /usr/bin/cmake --install /sim_ws/build/safety_node
