[0.221s] Invoking command in '/home/nvidia/F1Tenth_WS/build/wall_follow': CMAKE_PREFIX_PATH=${CMAKE_PREFIX_PATH}:/home/nvidia/F1Tenth_WS/install/f1tenth_stack:/home/nvidia/F1Tenth_WS/install/joy_teleop:/home/nvidia/F1Tenth_WS/install/mouse_teleop:/home/nvidia/F1Tenth_WS/install/key_teleop:/opt/ros/foxy /usr/bin/cmake --build /home/nvidia/F1Tenth_WS/build/wall_follow -- -j4 -l4
[0.546s] [100%] Built target wall_follow_node
[0.600s] Invoked command in '/home/nvidia/F1Tenth_WS/build/wall_follow' returned '0': CMAKE_PREFIX_PATH=${CMAKE_PREFIX_PATH}:/home/nvidia/F1Tenth_WS/install/f1tenth_stack:/home/nvidia/F1Tenth_WS/install/joy_teleop:/home/nvidia/F1Tenth_WS/install/mouse_teleop:/home/nvidia/F1Tenth_WS/install/key_teleop:/opt/ros/foxy /usr/bin/cmake --build /home/nvidia/F1Tenth_WS/build/wall_follow -- -j4 -l4
[0.826s] Invoking command in '/home/nvidia/F1Tenth_WS/build/wall_follow': CMAKE_PREFIX_PATH=${CMAKE_PREFIX_PATH}:/home/nvidia/F1Tenth_WS/install/f1tenth_stack:/home/nvidia/F1Tenth_WS/install/joy_teleop:/home/nvidia/F1Tenth_WS/install/mouse_teleop:/home/nvidia/F1Tenth_WS/install/key_teleop:/opt/ros/foxy /usr/bin/cmake --install /home/nvidia/F1Tenth_WS/build/wall_follow
[0.886s] -- Install configuration: ""
[0.889s] -- Execute custom install script
[0.897s] -- Up-to-date symlink: /home/nvidia/F1Tenth_WS/install/wall_follow/lib/wall_follow/wall_follow_node
[0.900s] -- Up-to-date symlink: /home/nvidia/F1Tenth_WS/install/wall_follow/share/wall_follow/environment/pythonpath.sh
[0.901s] -- Up-to-date symlink: /home/nvidia/F1Tenth_WS/install/wall_follow/share/wall_follow/environment/pythonpath.dsv
[0.901s] -- Up-to-date symlink: /home/nvidia/F1Tenth_WS/install/wall_follow/lib/python3.8/site-packages/wall_follow/__init__.py
[0.901s] -- Up-to-date symlink: /home/nvidia/F1Tenth_WS/install/wall_follow/lib/wall_follow/wall_follow_node.py
[0.914s] -- Up-to-date symlink: /home/nvidia/F1Tenth_WS/install/wall_follow/share/wall_follow/config/wall_follow_params.yaml
[0.915s] -- Up-to-date symlink: /home/nvidia/F1Tenth_WS/install/wall_follow/share/wall_follow/launch/wall_follow_launch.py
[0.915s] -- Up-to-date symlink: /home/nvidia/F1Tenth_WS/install/wall_follow/share/ament_index/resource_index/package_run_dependencies/wall_follow
[0.916s] -- Up-to-date symlink: /home/nvidia/F1Tenth_WS/install/wall_follow/share/ament_index/resource_index/parent_prefix_path/wall_follow
[0.916s] -- Up-to-date symlink: /home/nvidia/F1Tenth_WS/install/wall_follow/share/wall_follow/environment/ament_prefix_path.sh
[0.917s] -- Up-to-date symlink: /home/nvidia/F1Tenth_WS/install/wall_follow/share/wall_follow/environment/ament_prefix_path.dsv
[0.917s] -- Up-to-date symlink: /home/nvidia/F1Tenth_WS/install/wall_follow/share/wall_follow/environment/path.sh
[0.918s] -- Up-to-date symlink: /home/nvidia/F1Tenth_WS/install/wall_follow/share/wall_follow/environment/path.dsv
[0.933s] -- Up-to-date symlink: /home/nvidia/F1Tenth_WS/install/wall_follow/share/wall_follow/local_setup.bash
[0.934s] -- Up-to-date symlink: /home/nvidia/F1Tenth_WS/install/wall_follow/share/wall_follow/local_setup.sh
[0.934s] -- Up-to-date symlink: /home/nvidia/F1Tenth_WS/install/wall_follow/share/wall_follow/local_setup.zsh
[0.935s] -- Up-to-date symlink: /home/nvidia/F1Tenth_WS/install/wall_follow/share/wall_follow/local_setup.dsv
[0.936s] -- Symlinking: /home/nvidia/F1Tenth_WS/install/wall_follow/share/wall_follow/package.dsv
[0.973s] -- Up-to-date symlink: /home/nvidia/F1Tenth_WS/install/wall_follow/share/ament_index/resource_index/packages/wall_follow
[0.976s] -- Up-to-date symlink: /home/nvidia/F1Tenth_WS/install/wall_follow/share/wall_follow/cmake/wall_followConfig.cmake
[0.976s] -- Up-to-date symlink: /home/nvidia/F1Tenth_WS/install/wall_follow/share/wall_follow/cmake/wall_followConfig-version.cmake
[0.977s] -- Up-to-date symlink: /home/nvidia/F1Tenth_WS/install/wall_follow/share/wall_follow/package.xml
[1.169s] Listing '/home/nvidia/F1Tenth_WS/install/wall_follow/lib/python3.8/site-packages/wall_follow'...
[1.193s] Invoked command in '/home/nvidia/F1Tenth_WS/build/wall_follow' returned '0': CMAKE_PREFIX_PATH=${CMAKE_PREFIX_PATH}:/home/nvidia/F1Tenth_WS/install/f1tenth_stack:/home/nvidia/F1Tenth_WS/install/joy_teleop:/home/nvidia/F1Tenth_WS/install/mouse_teleop:/home/nvidia/F1Tenth_WS/install/key_teleop:/opt/ros/foxy /usr/bin/cmake --install /home/nvidia/F1Tenth_WS/build/wall_follow
