[0.269s] Invoking command in '/sim_ws/build/safety_node': CMAKE_PREFIX_PATH=${CMAKE_PREFIX_PATH}:/sim_ws/install/f1tenth_gym_ros:/opt/ros/foxy /usr/bin/cmake /sim_ws/src/safety_node -DCMAKE_INSTALL_PREFIX=/sim_ws/install/safety_node
[0.497s] -- The C compiler identification is GNU 9.4.0
[0.694s] -- The CXX compiler identification is GNU 9.4.0
[0.709s] -- Check for working C compiler: /usr/bin/cc
[0.804s] -- Check for working C compiler: /usr/bin/cc -- works
[0.806s] -- Detecting C compiler ABI info
[0.903s] -- Detecting C compiler ABI info - done
[0.915s] -- Detecting C compile features
[0.916s] -- Detecting C compile features - done
[0.921s] -- Check for working CXX compiler: /usr/bin/c++
[1.037s] -- Check for working CXX compiler: /usr/bin/c++ -- works
[1.038s] -- Detecting CXX compiler ABI info
[1.125s] -- Detecting CXX compiler ABI info - done
[1.137s] -- Detecting CXX compile features
[1.138s] -- Detecting CXX compile features - done
[1.146s] -- Found ament_cmake: 0.9.11 (/opt/ros/foxy/share/ament_cmake/cmake)
[1.182s] -- Found PythonInterp: /usr/bin/python3 (found suitable version "3.8.10", minimum required is "3") 
[1.182s] -- Using PYTHON_EXECUTABLE: /usr/bin/python3
[1.418s] -- Found rclcpp: 2.4.2 (/opt/ros/foxy/share/rclcpp/cmake)
[1.505s] -- Using all available rosidl_typesupport_c: rosidl_typesupport_fastrtps_c;rosidl_typesupport_introspection_c
[1.520s] -- Found rosidl_adapter: 1.3.0 (/opt/ros/foxy/share/rosidl_adapter/cmake)
[1.645s] -- Found OpenSSL: /usr/lib/x86_64-linux-gnu/libcrypto.so (found version "1.1.1f")  
[1.676s] -- Found FastRTPS: /opt/ros/foxy/include  
[1.778s] -- Using all available rosidl_typesupport_cpp: rosidl_typesupport_fastrtps_cpp;rosidl_typesupport_introspection_cpp
[1.877s] -- Found rmw_implementation_cmake: 1.0.3 (/opt/ros/foxy/share/rmw_implementation_cmake/cmake)
[1.881s] -- Using RMW implementation 'rmw_fastrtps_cpp' as default
[1.887s] -- Looking for pthread.h
[1.976s] -- Looking for pthread.h - found
[1.977s] -- Performing Test CMAKE_HAVE_LIBC_PTHREAD
[2.075s] -- Performing Test CMAKE_HAVE_LIBC_PTHREAD - Failed
[2.075s] -- Looking for pthread_create in pthreads
[2.149s] -- Looking for pthread_create in pthreads - not found
[2.149s] -- Looking for pthread_create in pthread
[2.224s] -- Looking for pthread_create in pthread - found
[2.225s] -- Found Threads: TRUE  
[2.448s] -- Found rclpy: 1.0.11 (/opt/ros/foxy/share/rclpy/cmake)
[2.451s] -- Found nav_msgs: 2.0.5 (/opt/ros/foxy/share/nav_msgs/cmake)
[2.605s] -- Found ackermann_msgs: 2.0.2 (/opt/ros/foxy/share/ackermann_msgs/cmake)
[2.657s] -- Found sensor_msgs: 2.0.5 (/opt/ros/foxy/share/sensor_msgs/cmake)
[2.790s] -- Found ament_lint_auto: 0.9.7 (/opt/ros/foxy/share/ament_lint_auto/cmake)
[2.918s] -- Added test 'copyright' to check source files copyright and LICENSE
[2.920s] -- Added test 'cppcheck' to perform static code analysis on C / C++ code
[2.920s] -- Configured cppcheck include dirs: /sim_ws/src/safety_node/include
[2.920s] -- Configured cppcheck exclude dirs and/or files: 
[2.922s] -- Added test 'cpplint' to check C / C++ code against the Google style
[2.922s] -- Configured cpplint exclude dirs and/or files: 
[2.923s] -- Added test 'flake8' to check Python code syntax and style conventions
[2.924s] -- Added test 'lint_cmake' to check CMake code style
[2.925s] -- Added test 'pep257' to check Python code against some of the style conventions in PEP 257
[2.926s] -- Added test 'uncrustify' to check C / C++ code style
[2.926s] -- Configured uncrustify additional arguments: 
[2.927s] -- Added test 'xmllint' to check XML markup files
[2.931s] -- Configuring done
[2.944s] -- Generating done
[2.946s] -- Build files have been written to: /sim_ws/build/safety_node
[2.958s] Invoked command in '/sim_ws/build/safety_node' returned '0': CMAKE_PREFIX_PATH=${CMAKE_PREFIX_PATH}:/sim_ws/install/f1tenth_gym_ros:/opt/ros/foxy /usr/bin/cmake /sim_ws/src/safety_node -DCMAKE_INSTALL_PREFIX=/sim_ws/install/safety_node
[2.961s] Invoking command in '/sim_ws/build/safety_node': CMAKE_PREFIX_PATH=${CMAKE_PREFIX_PATH}:/sim_ws/install/f1tenth_gym_ros:/opt/ros/foxy /usr/bin/cmake --build /sim_ws/build/safety_node -- -j12 -l12
[3.012s] [35m[1mScanning dependencies of target safety_node[0m
[3.225s] [ 50%] [32mBuilding CXX object CMakeFiles/safety_node.dir/src/safety_node.cpp.o[0m
[11.951s] [100%] [32m[1mLinking CXX executable safety_node[0m
[12.364s] [100%] Built target safety_node
[12.383s] Invoked command in '/sim_ws/build/safety_node' returned '0': CMAKE_PREFIX_PATH=${CMAKE_PREFIX_PATH}:/sim_ws/install/f1tenth_gym_ros:/opt/ros/foxy /usr/bin/cmake --build /sim_ws/build/safety_node -- -j12 -l12
[12.431s] Invoking command in '/sim_ws/build/safety_node': CMAKE_PREFIX_PATH=${CMAKE_PREFIX_PATH}:/sim_ws/install/f1tenth_gym_ros:/opt/ros/foxy /usr/bin/cmake --install /sim_ws/build/safety_node
[12.439s] -- Install configuration: ""
[12.440s] -- Installing: /sim_ws/install/safety_node/lib/safety_node/safety_node
[12.444s] -- Set runtime path of "/sim_ws/install/safety_node/lib/safety_node/safety_node" to ""
[12.444s] -- Installing: /sim_ws/install/safety_node/share/safety_node/environment/pythonpath.sh
[12.444s] -- Installing: /sim_ws/install/safety_node/share/safety_node/environment/pythonpath.dsv
[12.445s] -- Installing: /sim_ws/install/safety_node/lib/python3.8/site-packages/safety_node
[12.447s] -- Installing: /sim_ws/install/safety_node/lib/python3.8/site-packages/safety_node/__init__.py
[12.495s] Listing '/sim_ws/install/safety_node/lib/python3.8/site-packages/safety_node'...
[12.495s] Compiling '/sim_ws/install/safety_node/lib/python3.8/site-packages/safety_node/__init__.py'...
[12.500s] -- Installing: /sim_ws/install/safety_node/lib/safety_node/safety_node.py
[12.500s] -- Installing: /sim_ws/install/safety_node/share/ament_index/resource_index/package_run_dependencies/safety_node
[12.500s] -- Installing: /sim_ws/install/safety_node/share/ament_index/resource_index/parent_prefix_path/safety_node
[12.501s] -- Installing: /sim_ws/install/safety_node/share/safety_node/environment/ament_prefix_path.sh
[12.501s] -- Installing: /sim_ws/install/safety_node/share/safety_node/environment/ament_prefix_path.dsv
[12.501s] -- Installing: /sim_ws/install/safety_node/share/safety_node/environment/path.sh
[12.501s] -- Installing: /sim_ws/install/safety_node/share/safety_node/environment/path.dsv
[12.502s] -- Installing: /sim_ws/install/safety_node/share/safety_node/local_setup.bash
[12.502s] -- Installing: /sim_ws/install/safety_node/share/safety_node/local_setup.sh
[12.502s] -- Installing: /sim_ws/install/safety_node/share/safety_node/local_setup.zsh
[12.502s] -- Installing: /sim_ws/install/safety_node/share/safety_node/local_setup.dsv
[12.503s] -- Installing: /sim_ws/install/safety_node/share/safety_node/package.dsv
[12.503s] -- Installing: /sim_ws/install/safety_node/share/ament_index/resource_index/packages/safety_node
[12.503s] -- Installing: /sim_ws/install/safety_node/share/safety_node/cmake/safety_nodeConfig.cmake
[12.503s] -- Installing: /sim_ws/install/safety_node/share/safety_node/cmake/safety_nodeConfig-version.cmake
[12.503s] -- Installing: /sim_ws/install/safety_node/share/safety_node/package.xml
[12.506s] Invoked command in '/sim_ws/build/safety_node' returned '0': CMAKE_PREFIX_PATH=${CMAKE_PREFIX_PATH}:/sim_ws/install/f1tenth_gym_ros:/opt/ros/foxy /usr/bin/cmake --install /sim_ws/build/safety_node
