[0.286s] Invoking command in '/home/nvidia/F1Tenth_WS/build/safety_node': CMAKE_PREFIX_PATH=${CMAKE_PREFIX_PATH}:/home/nvidia/F1Tenth_WS/install/f1tenth_stack:/home/nvidia/F1Tenth_WS/install/joy_teleop:/home/nvidia/F1Tenth_WS/install/mouse_teleop:/home/nvidia/F1Tenth_WS/install/key_teleop:/opt/ros/foxy /usr/bin/cmake --build /home/nvidia/F1Tenth_WS/build/safety_node -- -j4 -l4
[0.565s] [35m[1mScanning dependencies of target safety_node[0m
[0.869s] [ 50%] [32mBuilding CXX object CMakeFiles/safety_node.dir/src/safety_node.cpp.o[0m
[7.364s] [01m[K/home/nvidia/F1Tenth_WS/src/safety_node/src/safety_node.cpp:[m[K In member function ‘[01m[Kvoid Safety::scan_callback(sensor_msgs::msg::LaserScan_<std::allocator<void> >::ConstSharedPtr)[m[K’:
[7.365s] [01m[K/home/nvidia/F1Tenth_WS/src/safety_node/src/safety_node.cpp:85:20:[m[K [01;35m[Kwarning: [m[Kunused variable ‘[01m[KR[m[K’ [[01;35m[K-Wunused-variable[m[K]
[7.365s]    85 |             double [01;35m[KR[m[K = speed / angular;
[7.366s]       |                    [01;35m[K^[m[K
[25.955s] [100%] [32m[1mLinking CXX executable safety_node[0m
[27.204s] [100%] Built target safety_node
[27.383s] Invoked command in '/home/nvidia/F1Tenth_WS/build/safety_node' returned '0': CMAKE_PREFIX_PATH=${CMAKE_PREFIX_PATH}:/home/nvidia/F1Tenth_WS/install/f1tenth_stack:/home/nvidia/F1Tenth_WS/install/joy_teleop:/home/nvidia/F1Tenth_WS/install/mouse_teleop:/home/nvidia/F1Tenth_WS/install/key_teleop:/opt/ros/foxy /usr/bin/cmake --build /home/nvidia/F1Tenth_WS/build/safety_node -- -j4 -l4
[27.530s] Invoking command in '/home/nvidia/F1Tenth_WS/build/safety_node': CMAKE_PREFIX_PATH=${CMAKE_PREFIX_PATH}:/home/nvidia/F1Tenth_WS/install/f1tenth_stack:/home/nvidia/F1Tenth_WS/install/joy_teleop:/home/nvidia/F1Tenth_WS/install/mouse_teleop:/home/nvidia/F1Tenth_WS/install/key_teleop:/opt/ros/foxy /usr/bin/cmake --install /home/nvidia/F1Tenth_WS/build/safety_node
[27.573s] -- Install configuration: ""
[27.575s] -- Execute custom install script
[27.579s] -- Up-to-date symlink: /home/nvidia/F1Tenth_WS/install/safety_node/share/safety_node/config/params.yaml
[27.582s] -- Up-to-date symlink: /home/nvidia/F1Tenth_WS/install/safety_node/share/safety_node/launch/safety_node_launch.py
[27.585s] -- Up-to-date symlink: /home/nvidia/F1Tenth_WS/install/safety_node/lib/safety_node/safety_node
[27.587s] -- Up-to-date symlink: /home/nvidia/F1Tenth_WS/install/safety_node/share/safety_node/environment/pythonpath.sh
[27.588s] -- Up-to-date symlink: /home/nvidia/F1Tenth_WS/install/safety_node/share/safety_node/environment/pythonpath.dsv
[27.593s] -- Up-to-date symlink: /home/nvidia/F1Tenth_WS/install/safety_node/lib/python3.8/site-packages/safety_node/__init__.py
[27.594s] -- Up-to-date symlink: /home/nvidia/F1Tenth_WS/install/safety_node/lib/safety_node/safety_node.py
[27.596s] -- Up-to-date symlink: /home/nvidia/F1Tenth_WS/install/safety_node/share/ament_index/resource_index/package_run_dependencies/safety_node
[27.597s] -- Up-to-date symlink: /home/nvidia/F1Tenth_WS/install/safety_node/share/ament_index/resource_index/parent_prefix_path/safety_node
[27.599s] -- Up-to-date symlink: /home/nvidia/F1Tenth_WS/install/safety_node/share/safety_node/environment/ament_prefix_path.sh
[27.601s] -- Up-to-date symlink: /home/nvidia/F1Tenth_WS/install/safety_node/share/safety_node/environment/ament_prefix_path.dsv
[27.603s] -- Up-to-date symlink: /home/nvidia/F1Tenth_WS/install/safety_node/share/safety_node/environment/path.sh
[27.606s] -- Up-to-date symlink: /home/nvidia/F1Tenth_WS/install/safety_node/share/safety_node/environment/path.dsv
[27.607s] -- Up-to-date symlink: /home/nvidia/F1Tenth_WS/install/safety_node/share/safety_node/local_setup.bash
[27.608s] -- Up-to-date symlink: /home/nvidia/F1Tenth_WS/install/safety_node/share/safety_node/local_setup.sh
[27.610s] -- Up-to-date symlink: /home/nvidia/F1Tenth_WS/install/safety_node/share/safety_node/local_setup.zsh
[27.611s] -- Up-to-date symlink: /home/nvidia/F1Tenth_WS/install/safety_node/share/safety_node/local_setup.dsv
[27.612s] -- Symlinking: /home/nvidia/F1Tenth_WS/install/safety_node/share/safety_node/package.dsv
[27.658s] -- Up-to-date symlink: /home/nvidia/F1Tenth_WS/install/safety_node/share/ament_index/resource_index/packages/safety_node
[27.660s] -- Up-to-date symlink: /home/nvidia/F1Tenth_WS/install/safety_node/share/safety_node/cmake/safety_nodeConfig.cmake
[27.661s] -- Up-to-date symlink: /home/nvidia/F1Tenth_WS/install/safety_node/share/safety_node/cmake/safety_nodeConfig-version.cmake
[27.662s] -- Up-to-date symlink: /home/nvidia/F1Tenth_WS/install/safety_node/share/safety_node/package.xml
[27.843s] Listing '/home/nvidia/F1Tenth_WS/install/safety_node/lib/python3.8/site-packages/safety_node'...
[27.878s] Invoked command in '/home/nvidia/F1Tenth_WS/build/safety_node' returned '0': CMAKE_PREFIX_PATH=${CMAKE_PREFIX_PATH}:/home/nvidia/F1Tenth_WS/install/f1tenth_stack:/home/nvidia/F1Tenth_WS/install/joy_teleop:/home/nvidia/F1Tenth_WS/install/mouse_teleop:/home/nvidia/F1Tenth_WS/install/key_teleop:/opt/ros/foxy /usr/bin/cmake --install /home/nvidia/F1Tenth_WS/build/safety_node
