[0.235s] Invoking command in '/home/nvidia/F1Tenth_WS/build/vesc_driver': CMAKE_PREFIX_PATH=/home/nvidia/F1Tenth_WS/install/vesc_msgs:/home/nvidia/F1Tenth_WS/install/wall_follow:/home/nvidia/F1Tenth_WS/install/vesc:/home/nvidia/F1Tenth_WS/install/vesc_driver:/home/nvidia/F1Tenth_WS/install/vesc_ackermann:/home/nvidia/F1Tenth_WS/install/teleop_tools:/home/nvidia/F1Tenth_WS/install/teleop_tools_msgs:/home/nvidia/F1Tenth_WS/install/safety_node:/home/nvidia/F1Tenth_WS/install/ackermann_mux:/home/nvidia/F1Tenth_WS/install/f1tenth_stack:/home/nvidia/F1Tenth_WS/install/joy_teleop:/home/nvidia/F1Tenth_WS/install/mouse_teleop:/home/nvidia/F1Tenth_WS/install/key_teleop:/opt/ros/foxy LD_LIBRARY_PATH=/home/nvidia/F1Tenth_WS/install/vesc_msgs/lib:/home/nvidia/F1Tenth_WS/install/vesc_driver/lib:/home/nvidia/F1Tenth_WS/install/vesc_ackermann/lib:/home/nvidia/F1Tenth_WS/install/teleop_tools_msgs/lib:/opt/ros/foxy/opt/yaml_cpp_vendor/lib:/opt/ros/foxy/opt/rviz_ogre_vendor/lib:/opt/ros/foxy/lib/aarch64-linux-gnu:/opt/ros/foxy/lib PYTHONPATH=/home/nvidia/F1Tenth_WS/install/vesc_msgs/lib/python3.8/site-packages:/home/nvidia/F1Tenth_WS/install/wall_follow/lib/python3.8/site-packages:/home/nvidia/F1Tenth_WS/build/f1tenth_stack:/home/nvidia/F1Tenth_WS/install/f1tenth_stack/lib/python3.8/site-packages:/home/nvidia/F1Tenth_WS/build/joy_teleop:/home/nvidia/F1Tenth_WS/install/joy_teleop/lib/python3.8/site-packages:/home/nvidia/F1Tenth_WS/install/teleop_tools_msgs/lib/python3.8/site-packages:/home/nvidia/F1Tenth_WS/install/safety_node/lib/python3.8/site-packages:/home/nvidia/F1Tenth_WS/build/mouse_teleop:/home/nvidia/F1Tenth_WS/install/mouse_teleop/lib/python3.8/site-packages:/home/nvidia/F1Tenth_WS/build/key_teleop:/home/nvidia/F1Tenth_WS/install/key_teleop/lib/python3.8/site-packages:/opt/ros/foxy/lib/python3.8/site-packages /usr/bin/cmake --build /home/nvidia/F1Tenth_WS/build/vesc_driver -- -j4 -l4
[0.680s] [ 50%] Built target vesc_driver
[0.829s] [ 70%] Built target vesc_driver_node
[0.836s] [100%] Built target vesc_device_namer
[0.897s] Invoked command in '/home/nvidia/F1Tenth_WS/build/vesc_driver' returned '0': CMAKE_PREFIX_PATH=/home/nvidia/F1Tenth_WS/install/vesc_msgs:/home/nvidia/F1Tenth_WS/install/wall_follow:/home/nvidia/F1Tenth_WS/install/vesc:/home/nvidia/F1Tenth_WS/install/vesc_driver:/home/nvidia/F1Tenth_WS/install/vesc_ackermann:/home/nvidia/F1Tenth_WS/install/teleop_tools:/home/nvidia/F1Tenth_WS/install/teleop_tools_msgs:/home/nvidia/F1Tenth_WS/install/safety_node:/home/nvidia/F1Tenth_WS/install/ackermann_mux:/home/nvidia/F1Tenth_WS/install/f1tenth_stack:/home/nvidia/F1Tenth_WS/install/joy_teleop:/home/nvidia/F1Tenth_WS/install/mouse_teleop:/home/nvidia/F1Tenth_WS/install/key_teleop:/opt/ros/foxy LD_LIBRARY_PATH=/home/nvidia/F1Tenth_WS/install/vesc_msgs/lib:/home/nvidia/F1Tenth_WS/install/vesc_driver/lib:/home/nvidia/F1Tenth_WS/install/vesc_ackermann/lib:/home/nvidia/F1Tenth_WS/install/teleop_tools_msgs/lib:/opt/ros/foxy/opt/yaml_cpp_vendor/lib:/opt/ros/foxy/opt/rviz_ogre_vendor/lib:/opt/ros/foxy/lib/aarch64-linux-gnu:/opt/ros/foxy/lib PYTHONPATH=/home/nvidia/F1Tenth_WS/install/vesc_msgs/lib/python3.8/site-packages:/home/nvidia/F1Tenth_WS/install/wall_follow/lib/python3.8/site-packages:/home/nvidia/F1Tenth_WS/build/f1tenth_stack:/home/nvidia/F1Tenth_WS/install/f1tenth_stack/lib/python3.8/site-packages:/home/nvidia/F1Tenth_WS/build/joy_teleop:/home/nvidia/F1Tenth_WS/install/joy_teleop/lib/python3.8/site-packages:/home/nvidia/F1Tenth_WS/install/teleop_tools_msgs/lib/python3.8/site-packages:/home/nvidia/F1Tenth_WS/install/safety_node/lib/python3.8/site-packages:/home/nvidia/F1Tenth_WS/build/mouse_teleop:/home/nvidia/F1Tenth_WS/install/mouse_teleop/lib/python3.8/site-packages:/home/nvidia/F1Tenth_WS/build/key_teleop:/home/nvidia/F1Tenth_WS/install/key_teleop/lib/python3.8/site-packages:/opt/ros/foxy/lib/python3.8/site-packages /usr/bin/cmake --build /home/nvidia/F1Tenth_WS/build/vesc_driver -- -j4 -l4
[1.349s] Invoking command in '/home/nvidia/F1Tenth_WS/build/vesc_driver': CMAKE_PREFIX_PATH=/home/nvidia/F1Tenth_WS/install/vesc_msgs:/home/nvidia/F1Tenth_WS/install/wall_follow:/home/nvidia/F1Tenth_WS/install/vesc:/home/nvidia/F1Tenth_WS/install/vesc_driver:/home/nvidia/F1Tenth_WS/install/vesc_ackermann:/home/nvidia/F1Tenth_WS/install/teleop_tools:/home/nvidia/F1Tenth_WS/install/teleop_tools_msgs:/home/nvidia/F1Tenth_WS/install/safety_node:/home/nvidia/F1Tenth_WS/install/ackermann_mux:/home/nvidia/F1Tenth_WS/install/f1tenth_stack:/home/nvidia/F1Tenth_WS/install/joy_teleop:/home/nvidia/F1Tenth_WS/install/mouse_teleop:/home/nvidia/F1Tenth_WS/install/key_teleop:/opt/ros/foxy LD_LIBRARY_PATH=/home/nvidia/F1Tenth_WS/install/vesc_msgs/lib:/home/nvidia/F1Tenth_WS/install/vesc_driver/lib:/home/nvidia/F1Tenth_WS/install/vesc_ackermann/lib:/home/nvidia/F1Tenth_WS/install/teleop_tools_msgs/lib:/opt/ros/foxy/opt/yaml_cpp_vendor/lib:/opt/ros/foxy/opt/rviz_ogre_vendor/lib:/opt/ros/foxy/lib/aarch64-linux-gnu:/opt/ros/foxy/lib PYTHONPATH=/home/nvidia/F1Tenth_WS/install/vesc_msgs/lib/python3.8/site-packages:/home/nvidia/F1Tenth_WS/install/wall_follow/lib/python3.8/site-packages:/home/nvidia/F1Tenth_WS/build/f1tenth_stack:/home/nvidia/F1Tenth_WS/install/f1tenth_stack/lib/python3.8/site-packages:/home/nvidia/F1Tenth_WS/build/joy_teleop:/home/nvidia/F1Tenth_WS/install/joy_teleop/lib/python3.8/site-packages:/home/nvidia/F1Tenth_WS/install/teleop_tools_msgs/lib/python3.8/site-packages:/home/nvidia/F1Tenth_WS/install/safety_node/lib/python3.8/site-packages:/home/nvidia/F1Tenth_WS/build/mouse_teleop:/home/nvidia/F1Tenth_WS/install/mouse_teleop/lib/python3.8/site-packages:/home/nvidia/F1Tenth_WS/build/key_teleop:/home/nvidia/F1Tenth_WS/install/key_teleop/lib/python3.8/site-packages:/opt/ros/foxy/lib/python3.8/site-packages /usr/bin/cmake --install /home/nvidia/F1Tenth_WS/build/vesc_driver
[1.411s] -- Install configuration: ""
[1.415s] -- Execute custom install script
[1.419s] -- Up-to-date symlink: /home/nvidia/F1Tenth_WS/install/vesc_driver/lib/vesc_driver/vesc_driver_node
[1.424s] -- Up-to-date symlink: /home/nvidia/F1Tenth_WS/install/vesc_driver/include/vesc_driver/crc.hpp
[1.427s] -- Up-to-date symlink: /home/nvidia/F1Tenth_WS/install/vesc_driver/include/vesc_driver/datatypes.hpp
[1.429s] -- Up-to-date symlink: /home/nvidia/F1Tenth_WS/install/vesc_driver/include/vesc_driver/vesc_device_uuid_lookup.hpp
[1.432s] -- Up-to-date symlink: /home/nvidia/F1Tenth_WS/install/vesc_driver/include/vesc_driver/vesc_driver.hpp
[1.433s] -- Up-to-date symlink: /home/nvidia/F1Tenth_WS/install/vesc_driver/include/vesc_driver/vesc_interface.hpp
[1.435s] -- Up-to-date symlink: /home/nvidia/F1Tenth_WS/install/vesc_driver/include/vesc_driver/vesc_packet.hpp
[1.437s] -- Up-to-date symlink: /home/nvidia/F1Tenth_WS/install/vesc_driver/include/vesc_driver/vesc_packet_factory.hpp
[1.439s] -- Up-to-date symlink: /home/nvidia/F1Tenth_WS/install/vesc_driver/share/vesc_driver/environment/library_path.sh
[1.442s] -- Up-to-date symlink: /home/nvidia/F1Tenth_WS/install/vesc_driver/share/vesc_driver/environment/library_path.dsv
[1.446s] -- Up-to-date symlink: /home/nvidia/F1Tenth_WS/install/vesc_driver/lib/libvesc_driver.so
[1.449s] -- Up-to-date symlink: /home/nvidia/F1Tenth_WS/install/vesc_driver/lib/vesc_driver/vesc_device_namer
[1.452s] -- Up-to-date symlink: /home/nvidia/F1Tenth_WS/install/vesc_driver/share/vesc_driver/launch/vesc_driver_node.launch.py
[1.456s] -- Up-to-date symlink: /home/nvidia/F1Tenth_WS/install/vesc_driver/share/vesc_driver/params/vesc_config.yaml
[1.458s] -- Up-to-date symlink: /home/nvidia/F1Tenth_WS/install/vesc_driver/share/ament_index/resource_index/package_run_dependencies/vesc_driver
[1.460s] -- Up-to-date symlink: /home/nvidia/F1Tenth_WS/install/vesc_driver/share/ament_index/resource_index/parent_prefix_path/vesc_driver
[1.463s] -- Up-to-date symlink: /home/nvidia/F1Tenth_WS/install/vesc_driver/share/vesc_driver/environment/ament_prefix_path.sh
[1.465s] -- Up-to-date symlink: /home/nvidia/F1Tenth_WS/install/vesc_driver/share/vesc_driver/environment/ament_prefix_path.dsv
[1.469s] -- Up-to-date symlink: /home/nvidia/F1Tenth_WS/install/vesc_driver/share/vesc_driver/environment/path.sh
[1.471s] -- Up-to-date symlink: /home/nvidia/F1Tenth_WS/install/vesc_driver/share/vesc_driver/environment/path.dsv
[1.474s] -- Up-to-date symlink: /home/nvidia/F1Tenth_WS/install/vesc_driver/share/vesc_driver/local_setup.bash
[1.476s] -- Up-to-date symlink: /home/nvidia/F1Tenth_WS/install/vesc_driver/share/vesc_driver/local_setup.sh
[1.479s] -- Up-to-date symlink: /home/nvidia/F1Tenth_WS/install/vesc_driver/share/vesc_driver/local_setup.zsh
[1.481s] -- Up-to-date symlink: /home/nvidia/F1Tenth_WS/install/vesc_driver/share/vesc_driver/local_setup.dsv
[1.483s] -- Symlinking: /home/nvidia/F1Tenth_WS/install/vesc_driver/share/vesc_driver/package.dsv
[1.533s] -- Up-to-date symlink: /home/nvidia/F1Tenth_WS/install/vesc_driver/share/ament_index/resource_index/packages/vesc_driver
[1.535s] -- Up-to-date symlink: /home/nvidia/F1Tenth_WS/install/vesc_driver/share/ament_index/resource_index/rclcpp_components/vesc_driver
[1.538s] -- Up-to-date symlink: /home/nvidia/F1Tenth_WS/install/vesc_driver/share/vesc_driver/cmake/ament_cmake_export_dependencies-extras.cmake
[1.541s] -- Up-to-date symlink: /home/nvidia/F1Tenth_WS/install/vesc_driver/share/vesc_driver/cmake/ament_cmake_export_include_directories-extras.cmake
[1.543s] -- Up-to-date symlink: /home/nvidia/F1Tenth_WS/install/vesc_driver/share/vesc_driver/cmake/ament_cmake_export_libraries-extras.cmake
[1.547s] -- Up-to-date symlink: /home/nvidia/F1Tenth_WS/install/vesc_driver/share/vesc_driver/cmake/vesc_driverConfig.cmake
[1.549s] -- Up-to-date symlink: /home/nvidia/F1Tenth_WS/install/vesc_driver/share/vesc_driver/cmake/vesc_driverConfig-version.cmake
[1.551s] -- Up-to-date symlink: /home/nvidia/F1Tenth_WS/install/vesc_driver/share/vesc_driver/package.xml
[1.571s] Invoked command in '/home/nvidia/F1Tenth_WS/build/vesc_driver' returned '0': CMAKE_PREFIX_PATH=/home/nvidia/F1Tenth_WS/install/vesc_msgs:/home/nvidia/F1Tenth_WS/install/wall_follow:/home/nvidia/F1Tenth_WS/install/vesc:/home/nvidia/F1Tenth_WS/install/vesc_driver:/home/nvidia/F1Tenth_WS/install/vesc_ackermann:/home/nvidia/F1Tenth_WS/install/teleop_tools:/home/nvidia/F1Tenth_WS/install/teleop_tools_msgs:/home/nvidia/F1Tenth_WS/install/safety_node:/home/nvidia/F1Tenth_WS/install/ackermann_mux:/home/nvidia/F1Tenth_WS/install/f1tenth_stack:/home/nvidia/F1Tenth_WS/install/joy_teleop:/home/nvidia/F1Tenth_WS/install/mouse_teleop:/home/nvidia/F1Tenth_WS/install/key_teleop:/opt/ros/foxy LD_LIBRARY_PATH=/home/nvidia/F1Tenth_WS/install/vesc_msgs/lib:/home/nvidia/F1Tenth_WS/install/vesc_driver/lib:/home/nvidia/F1Tenth_WS/install/vesc_ackermann/lib:/home/nvidia/F1Tenth_WS/install/teleop_tools_msgs/lib:/opt/ros/foxy/opt/yaml_cpp_vendor/lib:/opt/ros/foxy/opt/rviz_ogre_vendor/lib:/opt/ros/foxy/lib/aarch64-linux-gnu:/opt/ros/foxy/lib PYTHONPATH=/home/nvidia/F1Tenth_WS/install/vesc_msgs/lib/python3.8/site-packages:/home/nvidia/F1Tenth_WS/install/wall_follow/lib/python3.8/site-packages:/home/nvidia/F1Tenth_WS/build/f1tenth_stack:/home/nvidia/F1Tenth_WS/install/f1tenth_stack/lib/python3.8/site-packages:/home/nvidia/F1Tenth_WS/build/joy_teleop:/home/nvidia/F1Tenth_WS/install/joy_teleop/lib/python3.8/site-packages:/home/nvidia/F1Tenth_WS/install/teleop_tools_msgs/lib/python3.8/site-packages:/home/nvidia/F1Tenth_WS/install/safety_node/lib/python3.8/site-packages:/home/nvidia/F1Tenth_WS/build/mouse_teleop:/home/nvidia/F1Tenth_WS/install/mouse_teleop/lib/python3.8/site-packages:/home/nvidia/F1Tenth_WS/build/key_teleop:/home/nvidia/F1Tenth_WS/install/key_teleop/lib/python3.8/site-packages:/opt/ros/foxy/lib/python3.8/site-packages /usr/bin/cmake --install /home/nvidia/F1Tenth_WS/build/vesc_driver
