[0.250s] Invoking command in '/home/nvidia/F1Tenth_WS/build/vesc_msgs': CMAKE_PREFIX_PATH=${CMAKE_PREFIX_PATH}:/home/nvidia/F1Tenth_WS/install/f1tenth_stack:/home/nvidia/F1Tenth_WS/install/joy_teleop:/home/nvidia/F1Tenth_WS/install/mouse_teleop:/home/nvidia/F1Tenth_WS/install/key_teleop:/opt/ros/foxy /usr/bin/cmake --build /home/nvidia/F1Tenth_WS/build/vesc_msgs -- -j4 -l4
[1.764s] [  1%] Built target vesc_msgs__cpp
[1.765s] [ 12%] Built target vesc_msgs__rosidl_generator_c
[1.765s] [ 32%] Built target vesc_msgs__rosidl_typesupport_cpp
[1.766s] [ 43%] Built target vesc_msgs__rosidl_typesupport_fastrtps_cpp
[1.766s] [ 45%] Built target vesc_msgs__rosidl_typesupport_introspection_c
[1.766s] [ 56%] Built target vesc_msgs__rosidl_typesupport_introspection_cpp
[1.768s] [ 67%] Built target vesc_msgs__rosidl_typesupport_c
[1.769s] [ 78%] Built target vesc_msgs__rosidl_typesupport_fastrtps_c
[1.769s] [ 78%] Built target vesc_msgs
[1.769s] [ 80%] Built target vesc_msgs__py
[1.770s] [ 89%] Built target vesc_msgs__python
[1.836s] [ 92%] Built target vesc_msgs__rosidl_typesupport_c__pyext
[1.845s] [ 96%] Built target vesc_msgs__rosidl_typesupport_fastrtps_c__pyext
[1.884s] [100%] Built target vesc_msgs__rosidl_typesupport_introspection_c__pyext
[1.948s] Invoked command in '/home/nvidia/F1Tenth_WS/build/vesc_msgs' returned '0': CMAKE_PREFIX_PATH=${CMAKE_PREFIX_PATH}:/home/nvidia/F1Tenth_WS/install/f1tenth_stack:/home/nvidia/F1Tenth_WS/install/joy_teleop:/home/nvidia/F1Tenth_WS/install/mouse_teleop:/home/nvidia/F1Tenth_WS/install/key_teleop:/opt/ros/foxy /usr/bin/cmake --build /home/nvidia/F1Tenth_WS/build/vesc_msgs -- -j4 -l4
[2.665s] Invoking command in '/home/nvidia/F1Tenth_WS/build/vesc_msgs': CMAKE_PREFIX_PATH=${CMAKE_PREFIX_PATH}:/home/nvidia/F1Tenth_WS/install/f1tenth_stack:/home/nvidia/F1Tenth_WS/install/joy_teleop:/home/nvidia/F1Tenth_WS/install/mouse_teleop:/home/nvidia/F1Tenth_WS/install/key_teleop:/opt/ros/foxy /usr/bin/cmake --install /home/nvidia/F1Tenth_WS/build/vesc_msgs
[2.726s] -- Install configuration: ""
[2.727s] -- Execute custom install script
[2.729s] -- Up-to-date symlink: /home/nvidia/F1Tenth_WS/install/vesc_msgs/share/ament_index/resource_index/rosidl_interfaces/vesc_msgs
[2.734s] -- Up-to-date symlink: /home/nvidia/F1Tenth_WS/install/vesc_msgs/include/vesc_msgs/msg/detail/vesc_imu__functions.h
[2.736s] -- Up-to-date symlink: /home/nvidia/F1Tenth_WS/install/vesc_msgs/include/vesc_msgs/msg/detail/vesc_imu__struct.h
[2.737s] -- Up-to-date symlink: /home/nvidia/F1Tenth_WS/install/vesc_msgs/include/vesc_msgs/msg/detail/vesc_imu__type_support.h
[2.738s] -- Up-to-date symlink: /home/nvidia/F1Tenth_WS/install/vesc_msgs/include/vesc_msgs/msg/detail/vesc_imu_stamped__functions.h
[2.739s] -- Up-to-date symlink: /home/nvidia/F1Tenth_WS/install/vesc_msgs/include/vesc_msgs/msg/detail/vesc_imu_stamped__struct.h
[2.740s] -- Up-to-date symlink: /home/nvidia/F1Tenth_WS/install/vesc_msgs/include/vesc_msgs/msg/detail/vesc_imu_stamped__type_support.h
[2.741s] -- Up-to-date symlink: /home/nvidia/F1Tenth_WS/install/vesc_msgs/include/vesc_msgs/msg/detail/vesc_state__functions.h
[2.742s] -- Up-to-date symlink: /home/nvidia/F1Tenth_WS/install/vesc_msgs/include/vesc_msgs/msg/detail/vesc_state__struct.h
[2.744s] -- Up-to-date symlink: /home/nvidia/F1Tenth_WS/install/vesc_msgs/include/vesc_msgs/msg/detail/vesc_state__type_support.h
[2.745s] -- Up-to-date symlink: /home/nvidia/F1Tenth_WS/install/vesc_msgs/include/vesc_msgs/msg/detail/vesc_state_stamped__functions.h
[2.747s] -- Up-to-date symlink: /home/nvidia/F1Tenth_WS/install/vesc_msgs/include/vesc_msgs/msg/detail/vesc_state_stamped__struct.h
[2.748s] -- Up-to-date symlink: /home/nvidia/F1Tenth_WS/install/vesc_msgs/include/vesc_msgs/msg/detail/vesc_state_stamped__type_support.h
[2.748s] -- Up-to-date symlink: /home/nvidia/F1Tenth_WS/install/vesc_msgs/include/vesc_msgs/msg/rosidl_generator_c__visibility_control.h
[2.749s] -- Up-to-date symlink: /home/nvidia/F1Tenth_WS/install/vesc_msgs/include/vesc_msgs/msg/vesc_imu.h
[2.751s] -- Up-to-date symlink: /home/nvidia/F1Tenth_WS/install/vesc_msgs/include/vesc_msgs/msg/vesc_imu_stamped.h
[2.752s] -- Up-to-date symlink: /home/nvidia/F1Tenth_WS/install/vesc_msgs/include/vesc_msgs/msg/vesc_state.h
[2.754s] -- Up-to-date symlink: /home/nvidia/F1Tenth_WS/install/vesc_msgs/include/vesc_msgs/msg/vesc_state_stamped.h
[2.757s] -- Up-to-date symlink: /home/nvidia/F1Tenth_WS/install/vesc_msgs/share/vesc_msgs/environment/library_path.sh
[2.761s] -- Up-to-date symlink: /home/nvidia/F1Tenth_WS/install/vesc_msgs/share/vesc_msgs/environment/library_path.dsv
[2.765s] -- Up-to-date symlink: /home/nvidia/F1Tenth_WS/install/vesc_msgs/include/vesc_msgs/msg/detail/vesc_imu__rosidl_typesupport_fastrtps_c.h
[2.765s] -- Up-to-date symlink: /home/nvidia/F1Tenth_WS/install/vesc_msgs/include/vesc_msgs/msg/detail/vesc_imu_stamped__rosidl_typesupport_fastrtps_c.h
[2.766s] -- Up-to-date symlink: /home/nvidia/F1Tenth_WS/install/vesc_msgs/include/vesc_msgs/msg/detail/vesc_state__rosidl_typesupport_fastrtps_c.h
[2.767s] -- Up-to-date symlink: /home/nvidia/F1Tenth_WS/install/vesc_msgs/include/vesc_msgs/msg/detail/vesc_state_stamped__rosidl_typesupport_fastrtps_c.h
[2.768s] -- Up-to-date symlink: /home/nvidia/F1Tenth_WS/install/vesc_msgs/include/vesc_msgs/msg/rosidl_typesupport_fastrtps_c__visibility_control.h
[2.770s] -- Up-to-date symlink: /home/nvidia/F1Tenth_WS/install/vesc_msgs/lib/libvesc_msgs__rosidl_typesupport_fastrtps_c.so
[2.795s] -- Up-to-date symlink: /home/nvidia/F1Tenth_WS/install/vesc_msgs/include/vesc_msgs/msg/detail/vesc_imu__rosidl_typesupport_fastrtps_cpp.hpp
[2.796s] -- Up-to-date symlink: /home/nvidia/F1Tenth_WS/install/vesc_msgs/include/vesc_msgs/msg/detail/vesc_imu_stamped__rosidl_typesupport_fastrtps_cpp.hpp
[2.798s] -- Up-to-date symlink: /home/nvidia/F1Tenth_WS/install/vesc_msgs/include/vesc_msgs/msg/detail/vesc_state__rosidl_typesupport_fastrtps_cpp.hpp
[2.798s] -- Up-to-date symlink: /home/nvidia/F1Tenth_WS/install/vesc_msgs/include/vesc_msgs/msg/detail/vesc_state_stamped__rosidl_typesupport_fastrtps_cpp.hpp
[2.799s] -- Up-to-date symlink: /home/nvidia/F1Tenth_WS/install/vesc_msgs/include/vesc_msgs/msg/rosidl_typesupport_fastrtps_cpp__visibility_control.h
[2.799s] -- Up-to-date symlink: /home/nvidia/F1Tenth_WS/install/vesc_msgs/lib/libvesc_msgs__rosidl_typesupport_fastrtps_cpp.so
[2.804s] -- Up-to-date symlink: /home/nvidia/F1Tenth_WS/install/vesc_msgs/include/vesc_msgs/msg/detail/vesc_imu__rosidl_typesupport_introspection_c.h
[2.804s] -- Up-to-date symlink: /home/nvidia/F1Tenth_WS/install/vesc_msgs/include/vesc_msgs/msg/detail/vesc_imu_stamped__rosidl_typesupport_introspection_c.h
[2.804s] -- Up-to-date symlink: /home/nvidia/F1Tenth_WS/install/vesc_msgs/include/vesc_msgs/msg/detail/vesc_state__rosidl_typesupport_introspection_c.h
[2.805s] -- Up-to-date symlink: /home/nvidia/F1Tenth_WS/install/vesc_msgs/include/vesc_msgs/msg/detail/vesc_state_stamped__rosidl_typesupport_introspection_c.h
[2.805s] -- Up-to-date symlink: /home/nvidia/F1Tenth_WS/install/vesc_msgs/include/vesc_msgs/msg/rosidl_typesupport_introspection_c__visibility_control.h
[2.806s] -- Up-to-date symlink: /home/nvidia/F1Tenth_WS/install/vesc_msgs/include/vesc_msgs/msg/detail/vesc_imu__builder.hpp
[2.806s] -- Up-to-date symlink: /home/nvidia/F1Tenth_WS/install/vesc_msgs/include/vesc_msgs/msg/detail/vesc_imu__struct.hpp
[2.807s] -- Up-to-date symlink: /home/nvidia/F1Tenth_WS/install/vesc_msgs/include/vesc_msgs/msg/detail/vesc_imu__traits.hpp
[2.807s] -- Up-to-date symlink: /home/nvidia/F1Tenth_WS/install/vesc_msgs/include/vesc_msgs/msg/detail/vesc_imu__type_support.hpp
[2.809s] -- Up-to-date symlink: /home/nvidia/F1Tenth_WS/install/vesc_msgs/include/vesc_msgs/msg/detail/vesc_imu_stamped__builder.hpp
[2.811s] -- Up-to-date symlink: /home/nvidia/F1Tenth_WS/install/vesc_msgs/include/vesc_msgs/msg/detail/vesc_imu_stamped__struct.hpp
[2.811s] -- Up-to-date symlink: /home/nvidia/F1Tenth_WS/install/vesc_msgs/include/vesc_msgs/msg/detail/vesc_imu_stamped__traits.hpp
[2.812s] -- Up-to-date symlink: /home/nvidia/F1Tenth_WS/install/vesc_msgs/include/vesc_msgs/msg/detail/vesc_imu_stamped__type_support.hpp
[2.814s] -- Up-to-date symlink: /home/nvidia/F1Tenth_WS/install/vesc_msgs/include/vesc_msgs/msg/detail/vesc_state__builder.hpp
[2.815s] -- Up-to-date symlink: /home/nvidia/F1Tenth_WS/install/vesc_msgs/include/vesc_msgs/msg/detail/vesc_state__struct.hpp
[2.816s] -- Up-to-date symlink: /home/nvidia/F1Tenth_WS/install/vesc_msgs/include/vesc_msgs/msg/detail/vesc_state__traits.hpp
[2.817s] -- Up-to-date symlink: /home/nvidia/F1Tenth_WS/install/vesc_msgs/include/vesc_msgs/msg/detail/vesc_state__type_support.hpp
[2.818s] -- Up-to-date symlink: /home/nvidia/F1Tenth_WS/install/vesc_msgs/include/vesc_msgs/msg/detail/vesc_state_stamped__builder.hpp
[2.818s] -- Up-to-date symlink: /home/nvidia/F1Tenth_WS/install/vesc_msgs/include/vesc_msgs/msg/detail/vesc_state_stamped__struct.hpp
[2.819s] -- Up-to-date symlink: /home/nvidia/F1Tenth_WS/install/vesc_msgs/include/vesc_msgs/msg/detail/vesc_state_stamped__traits.hpp
[2.819s] -- Up-to-date symlink: /home/nvidia/F1Tenth_WS/install/vesc_msgs/include/vesc_msgs/msg/detail/vesc_state_stamped__type_support.hpp
[2.819s] -- Up-to-date symlink: /home/nvidia/F1Tenth_WS/install/vesc_msgs/include/vesc_msgs/msg/rosidl_generator_cpp__visibility_control.hpp
[2.820s] -- Up-to-date symlink: /home/nvidia/F1Tenth_WS/install/vesc_msgs/include/vesc_msgs/msg/vesc_imu.hpp
[2.820s] -- Up-to-date symlink: /home/nvidia/F1Tenth_WS/install/vesc_msgs/include/vesc_msgs/msg/vesc_imu_stamped.hpp
[2.820s] -- Up-to-date symlink: /home/nvidia/F1Tenth_WS/install/vesc_msgs/include/vesc_msgs/msg/vesc_state.hpp
[2.820s] -- Up-to-date symlink: /home/nvidia/F1Tenth_WS/install/vesc_msgs/include/vesc_msgs/msg/vesc_state_stamped.hpp
[2.827s] -- Up-to-date symlink: /home/nvidia/F1Tenth_WS/install/vesc_msgs/include/vesc_msgs/msg/detail/vesc_imu__rosidl_typesupport_introspection_cpp.hpp
[2.828s] -- Up-to-date symlink: /home/nvidia/F1Tenth_WS/install/vesc_msgs/include/vesc_msgs/msg/detail/vesc_imu_stamped__rosidl_typesupport_introspection_cpp.hpp
[2.829s] -- Up-to-date symlink: /home/nvidia/F1Tenth_WS/install/vesc_msgs/include/vesc_msgs/msg/detail/vesc_state__rosidl_typesupport_introspection_cpp.hpp
[2.829s] -- Up-to-date symlink: /home/nvidia/F1Tenth_WS/install/vesc_msgs/include/vesc_msgs/msg/detail/vesc_state_stamped__rosidl_typesupport_introspection_cpp.hpp
[2.829s] -- Up-to-date symlink: /home/nvidia/F1Tenth_WS/install/vesc_msgs/share/vesc_msgs/environment/pythonpath.sh
[2.830s] -- Up-to-date symlink: /home/nvidia/F1Tenth_WS/install/vesc_msgs/share/vesc_msgs/environment/pythonpath.dsv
[2.830s] -- Up-to-date symlink: /home/nvidia/F1Tenth_WS/install/vesc_msgs/lib/python3.8/site-packages/vesc_msgs/__init__.py
[2.833s] -- Up-to-date symlink: /home/nvidia/F1Tenth_WS/install/vesc_msgs/lib/python3.8/site-packages/vesc_msgs/msg/__init__.py
[2.834s] -- Up-to-date symlink: /home/nvidia/F1Tenth_WS/install/vesc_msgs/lib/python3.8/site-packages/vesc_msgs/msg/_vesc_imu.py
[2.835s] -- Up-to-date symlink: /home/nvidia/F1Tenth_WS/install/vesc_msgs/lib/python3.8/site-packages/vesc_msgs/msg/_vesc_imu_stamped.py
[2.836s] -- Up-to-date symlink: /home/nvidia/F1Tenth_WS/install/vesc_msgs/lib/python3.8/site-packages/vesc_msgs/msg/_vesc_state.py
[2.837s] -- Up-to-date symlink: /home/nvidia/F1Tenth_WS/install/vesc_msgs/lib/python3.8/site-packages/vesc_msgs/msg/_vesc_state_stamped.py
[2.839s] -- Up-to-date symlink: /home/nvidia/F1Tenth_WS/install/vesc_msgs/lib/python3.8/site-packages/vesc_msgs/vesc_msgs_s__rosidl_typesupport_fastrtps_c.cpython-38-aarch64-linux-gnu.so
[2.841s] -- Up-to-date symlink: /home/nvidia/F1Tenth_WS/install/vesc_msgs/lib/python3.8/site-packages/vesc_msgs/vesc_msgs_s__rosidl_typesupport_introspection_c.cpython-38-aarch64-linux-gnu.so
[2.843s] -- Up-to-date symlink: /home/nvidia/F1Tenth_WS/install/vesc_msgs/lib/python3.8/site-packages/vesc_msgs/vesc_msgs_s__rosidl_typesupport_c.cpython-38-aarch64-linux-gnu.so
[2.845s] -- Up-to-date symlink: /home/nvidia/F1Tenth_WS/install/vesc_msgs/lib/libvesc_msgs__python.so
[2.848s] -- Up-to-date symlink: /home/nvidia/F1Tenth_WS/install/vesc_msgs/share/vesc_msgs/msg/VescState.idl
[2.848s] -- Up-to-date symlink: /home/nvidia/F1Tenth_WS/install/vesc_msgs/share/vesc_msgs/msg/VescStateStamped.idl
[2.856s] -- Up-to-date symlink: /home/nvidia/F1Tenth_WS/install/vesc_msgs/share/vesc_msgs/msg/VescImu.idl
[2.857s] -- Up-to-date symlink: /home/nvidia/F1Tenth_WS/install/vesc_msgs/share/vesc_msgs/msg/VescImuStamped.idl
[2.858s] -- Up-to-date symlink: /home/nvidia/F1Tenth_WS/install/vesc_msgs/share/vesc_msgs/msg/VescState.msg
[2.858s] -- Up-to-date symlink: /home/nvidia/F1Tenth_WS/install/vesc_msgs/share/vesc_msgs/msg/VescStateStamped.msg
[2.860s] -- Up-to-date symlink: /home/nvidia/F1Tenth_WS/install/vesc_msgs/share/vesc_msgs/msg/VescImu.msg
[2.861s] -- Up-to-date symlink: /home/nvidia/F1Tenth_WS/install/vesc_msgs/share/vesc_msgs/msg/VescImuStamped.msg
[2.863s] -- Up-to-date symlink: /home/nvidia/F1Tenth_WS/install/vesc_msgs/share/ament_index/resource_index/package_run_dependencies/vesc_msgs
[2.865s] -- Up-to-date symlink: /home/nvidia/F1Tenth_WS/install/vesc_msgs/share/ament_index/resource_index/parent_prefix_path/vesc_msgs
[2.866s] -- Up-to-date symlink: /home/nvidia/F1Tenth_WS/install/vesc_msgs/share/vesc_msgs/environment/ament_prefix_path.sh
[2.867s] -- Up-to-date symlink: /home/nvidia/F1Tenth_WS/install/vesc_msgs/share/vesc_msgs/environment/ament_prefix_path.dsv
[2.869s] -- Up-to-date symlink: /home/nvidia/F1Tenth_WS/install/vesc_msgs/share/vesc_msgs/environment/path.sh
[2.870s] -- Up-to-date symlink: /home/nvidia/F1Tenth_WS/install/vesc_msgs/share/vesc_msgs/environment/path.dsv
[2.875s] -- Up-to-date symlink: /home/nvidia/F1Tenth_WS/install/vesc_msgs/share/vesc_msgs/local_setup.bash
[2.876s] -- Up-to-date symlink: /home/nvidia/F1Tenth_WS/install/vesc_msgs/share/vesc_msgs/local_setup.sh
[2.877s] -- Up-to-date symlink: /home/nvidia/F1Tenth_WS/install/vesc_msgs/share/vesc_msgs/local_setup.zsh
[2.884s] -- Up-to-date symlink: /home/nvidia/F1Tenth_WS/install/vesc_msgs/share/vesc_msgs/local_setup.dsv
[2.884s] -- Symlinking: /home/nvidia/F1Tenth_WS/install/vesc_msgs/share/vesc_msgs/package.dsv
[2.931s] -- Up-to-date symlink: /home/nvidia/F1Tenth_WS/install/vesc_msgs/share/ament_index/resource_index/packages/vesc_msgs
[2.934s] -- Up-to-date symlink: /home/nvidia/F1Tenth_WS/install/vesc_msgs/share/vesc_msgs/cmake/rosidl_cmake-extras.cmake
[2.935s] -- Up-to-date symlink: /home/nvidia/F1Tenth_WS/install/vesc_msgs/share/vesc_msgs/cmake/ament_cmake_export_dependencies-extras.cmake
[2.938s] -- Up-to-date symlink: /home/nvidia/F1Tenth_WS/install/vesc_msgs/share/vesc_msgs/cmake/ament_cmake_export_libraries-extras.cmake
[2.939s] -- Up-to-date symlink: /home/nvidia/F1Tenth_WS/install/vesc_msgs/share/vesc_msgs/cmake/ament_cmake_export_targets-extras.cmake
[2.941s] -- Up-to-date symlink: /home/nvidia/F1Tenth_WS/install/vesc_msgs/share/vesc_msgs/cmake/ament_cmake_export_include_directories-extras.cmake
[2.943s] -- Up-to-date symlink: /home/nvidia/F1Tenth_WS/install/vesc_msgs/share/vesc_msgs/cmake/rosidl_cmake_export_typesupport_libraries-extras.cmake
[2.950s] -- Up-to-date symlink: /home/nvidia/F1Tenth_WS/install/vesc_msgs/share/vesc_msgs/cmake/rosidl_cmake_export_typesupport_targets-extras.cmake
[2.952s] -- Up-to-date symlink: /home/nvidia/F1Tenth_WS/install/vesc_msgs/share/vesc_msgs/cmake/vesc_msgsConfig.cmake
[2.954s] -- Up-to-date symlink: /home/nvidia/F1Tenth_WS/install/vesc_msgs/share/vesc_msgs/cmake/vesc_msgsConfig-version.cmake
[2.982s] -- Up-to-date symlink: /home/nvidia/F1Tenth_WS/install/vesc_msgs/share/vesc_msgs/package.xml
[2.983s] -- Up-to-date: /home/nvidia/F1Tenth_WS/install/vesc_msgs/lib/libvesc_msgs__rosidl_generator_c.so
[2.985s] -- Up-to-date: /home/nvidia/F1Tenth_WS/install/vesc_msgs/lib/libvesc_msgs__rosidl_typesupport_introspection_c.so
[3.002s] -- Up-to-date: /home/nvidia/F1Tenth_WS/install/vesc_msgs/lib/libvesc_msgs__rosidl_typesupport_c.so
[3.002s] -- Up-to-date: /home/nvidia/F1Tenth_WS/install/vesc_msgs/lib/libvesc_msgs__rosidl_typesupport_introspection_cpp.so
[3.003s] -- Up-to-date: /home/nvidia/F1Tenth_WS/install/vesc_msgs/lib/libvesc_msgs__rosidl_typesupport_cpp.so
[3.246s] -- Up-to-date: /home/nvidia/F1Tenth_WS/install/vesc_msgs/share/vesc_msgs/cmake/vesc_msgs__rosidl_generator_cExport.cmake
[3.247s] -- Up-to-date: /home/nvidia/F1Tenth_WS/install/vesc_msgs/share/vesc_msgs/cmake/vesc_msgs__rosidl_generator_cExport-noconfig.cmake
[3.248s] -- Up-to-date: /home/nvidia/F1Tenth_WS/install/vesc_msgs/share/vesc_msgs/cmake/vesc_msgs__rosidl_typesupport_introspection_cExport.cmake
[3.248s] -- Up-to-date: /home/nvidia/F1Tenth_WS/install/vesc_msgs/share/vesc_msgs/cmake/vesc_msgs__rosidl_typesupport_introspection_cExport-noconfig.cmake
[3.249s] -- Up-to-date: /home/nvidia/F1Tenth_WS/install/vesc_msgs/share/vesc_msgs/cmake/vesc_msgs__rosidl_typesupport_cExport.cmake
[3.249s] -- Up-to-date: /home/nvidia/F1Tenth_WS/install/vesc_msgs/share/vesc_msgs/cmake/vesc_msgs__rosidl_typesupport_cExport-noconfig.cmake
[3.249s] -- Up-to-date: /home/nvidia/F1Tenth_WS/install/vesc_msgs/share/vesc_msgs/cmake/vesc_msgs__rosidl_generator_cppExport.cmake
[3.249s] -- Up-to-date: /home/nvidia/F1Tenth_WS/install/vesc_msgs/share/vesc_msgs/cmake/vesc_msgs__rosidl_typesupport_introspection_cppExport.cmake
[3.250s] -- Up-to-date: /home/nvidia/F1Tenth_WS/install/vesc_msgs/share/vesc_msgs/cmake/vesc_msgs__rosidl_typesupport_introspection_cppExport-noconfig.cmake
[3.253s] -- Up-to-date: /home/nvidia/F1Tenth_WS/install/vesc_msgs/share/vesc_msgs/cmake/vesc_msgs__rosidl_typesupport_cppExport.cmake
[3.255s] -- Up-to-date: /home/nvidia/F1Tenth_WS/install/vesc_msgs/share/vesc_msgs/cmake/vesc_msgs__rosidl_typesupport_cppExport-noconfig.cmake
[4.669s] Invoked command in '/home/nvidia/F1Tenth_WS/build/vesc_msgs' returned '0': CMAKE_PREFIX_PATH=${CMAKE_PREFIX_PATH}:/home/nvidia/F1Tenth_WS/install/f1tenth_stack:/home/nvidia/F1Tenth_WS/install/joy_teleop:/home/nvidia/F1Tenth_WS/install/mouse_teleop:/home/nvidia/F1Tenth_WS/install/key_teleop:/opt/ros/foxy /usr/bin/cmake --install /home/nvidia/F1Tenth_WS/build/vesc_msgs
