[0.117s] Invoking command in '/home/nvidia/F1Tenth_WS/build/safety_node': CMAKE_PREFIX_PATH=${CMAKE_PREFIX_PATH}:/home/nvidia/F1Tenth_WS/install/f1tenth_stack:/home/nvidia/F1Tenth_WS/install/joy_teleop:/home/nvidia/F1Tenth_WS/install/mouse_teleop:/home/nvidia/F1Tenth_WS/install/key_teleop:/opt/ros/foxy /usr/bin/cmake --build /home/nvidia/F1Tenth_WS/build/safety_node -- -j4 -l4
[0.488s] [100%] Built target safety_node
[0.546s] Invoked command in '/home/nvidia/F1Tenth_WS/build/safety_node' returned '0': CMAKE_PREFIX_PATH=${CMAKE_PREFIX_PATH}:/home/nvidia/F1Tenth_WS/install/f1tenth_stack:/home/nvidia/F1Tenth_WS/install/joy_teleop:/home/nvidia/F1Tenth_WS/install/mouse_teleop:/home/nvidia/F1Tenth_WS/install/key_teleop:/opt/ros/foxy /usr/bin/cmake --build /home/nvidia/F1Tenth_WS/build/safety_node -- -j4 -l4
[0.700s] Invoking command in '/home/nvidia/F1Tenth_WS/build/safety_node': CMAKE_PREFIX_PATH=${CMAKE_PREFIX_PATH}:/home/nvidia/F1Tenth_WS/install/f1tenth_stack:/home/nvidia/F1Tenth_WS/install/joy_teleop:/home/nvidia/F1Tenth_WS/install/mouse_teleop:/home/nvidia/F1Tenth_WS/install/key_teleop:/opt/ros/foxy /usr/bin/cmake --install /home/nvidia/F1Tenth_WS/build/safety_node
[0.782s] -- Install configuration: ""
[0.786s] -- Execute custom install script
[0.790s] -- Up-to-date symlink: /home/nvidia/F1Tenth_WS/install/safety_node/share/safety_node/config/params.yaml
[0.793s] -- Up-to-date symlink: /home/nvidia/F1Tenth_WS/install/safety_node/share/safety_node/launch/safety_node_launch.py
[0.798s] -- Up-to-date symlink: /home/nvidia/F1Tenth_WS/install/safety_node/lib/safety_node/safety_node
[0.800s] -- Up-to-date symlink: /home/nvidia/F1Tenth_WS/install/safety_node/share/safety_node/environment/pythonpath.sh
[0.803s] -- Up-to-date symlink: /home/nvidia/F1Tenth_WS/install/safety_node/share/safety_node/environment/pythonpath.dsv
[0.807s] -- Up-to-date symlink: /home/nvidia/F1Tenth_WS/install/safety_node/lib/python3.8/site-packages/safety_node/__init__.py
[0.810s] -- Up-to-date symlink: /home/nvidia/F1Tenth_WS/install/safety_node/lib/safety_node/safety_node.py
[0.814s] -- Up-to-date symlink: /home/nvidia/F1Tenth_WS/install/safety_node/share/ament_index/resource_index/package_run_dependencies/safety_node
[0.817s] -- Up-to-date symlink: /home/nvidia/F1Tenth_WS/install/safety_node/share/ament_index/resource_index/parent_prefix_path/safety_node
[0.821s] -- Up-to-date symlink: /home/nvidia/F1Tenth_WS/install/safety_node/share/safety_node/environment/ament_prefix_path.sh
[0.829s] -- Up-to-date symlink: /home/nvidia/F1Tenth_WS/install/safety_node/share/safety_node/environment/ament_prefix_path.dsv
[0.841s] -- Up-to-date symlink: /home/nvidia/F1Tenth_WS/install/safety_node/share/safety_node/environment/path.sh
[0.844s] -- Up-to-date symlink: /home/nvidia/F1Tenth_WS/install/safety_node/share/safety_node/environment/path.dsv
[0.844s] -- Up-to-date symlink: /home/nvidia/F1Tenth_WS/install/safety_node/share/safety_node/local_setup.bash
[0.845s] -- Up-to-date symlink: /home/nvidia/F1Tenth_WS/install/safety_node/share/safety_node/local_setup.sh
[0.845s] -- Up-to-date symlink: /home/nvidia/F1Tenth_WS/install/safety_node/share/safety_node/local_setup.zsh
[0.845s] -- Up-to-date symlink: /home/nvidia/F1Tenth_WS/install/safety_node/share/safety_node/local_setup.dsv
[0.846s] -- Symlinking: /home/nvidia/F1Tenth_WS/install/safety_node/share/safety_node/package.dsv
[0.889s] -- Up-to-date symlink: /home/nvidia/F1Tenth_WS/install/safety_node/share/ament_index/resource_index/packages/safety_node
[0.891s] -- Up-to-date symlink: /home/nvidia/F1Tenth_WS/install/safety_node/share/safety_node/cmake/safety_nodeConfig.cmake
[0.891s] -- Up-to-date symlink: /home/nvidia/F1Tenth_WS/install/safety_node/share/safety_node/cmake/safety_nodeConfig-version.cmake
[0.893s] -- Up-to-date symlink: /home/nvidia/F1Tenth_WS/install/safety_node/share/safety_node/package.xml
[1.085s] Listing '/home/nvidia/F1Tenth_WS/install/safety_node/lib/python3.8/site-packages/safety_node'...
[1.123s] Invoked command in '/home/nvidia/F1Tenth_WS/build/safety_node' returned '0': CMAKE_PREFIX_PATH=${CMAKE_PREFIX_PATH}:/home/nvidia/F1Tenth_WS/install/f1tenth_stack:/home/nvidia/F1Tenth_WS/install/joy_teleop:/home/nvidia/F1Tenth_WS/install/mouse_teleop:/home/nvidia/F1Tenth_WS/install/key_teleop:/opt/ros/foxy /usr/bin/cmake --install /home/nvidia/F1Tenth_WS/build/safety_node
