[35m[1mScanning dependencies of target wall_follow_node[0m
[ 50%] [32mBuilding CXX object CMakeFiles/wall_follow_node.dir/src/wall_follow_node.cpp.o[0m
[01m[K/sim_ws/src/wall_follow/src/wall_follow_node.cpp:[m[K In member function ‘[01m[Kdouble WallFollow::get_error(std::vector<float>&, double, double)[m[K’:
[01m[K/sim_ws/src/wall_follow/src/wall_follow_node.cpp:115:14:[m[K [01;35m[Kwarning: [m[Kunused variable ‘[01m[Kfollow_left[m[K’ [[01;35m[K-Wunused-variable[m[K]
  115 |         bool [01;35m[Kfollow_left[m[K = (this->get_parameter("following_left_wall")).as_bool();
      |              [01;35m[K^~~~~~~~~~~[m[K
[100%] [32m[1mLinking CXX executable wall_follow_node[0m
[100%] Built target wall_follow_node
-- Install configuration: ""
-- Execute custom install script
-- Up-to-date symlink: /sim_ws/install/wall_follow/lib/wall_follow/wall_follow_node
-- Up-to-date symlink: /sim_ws/install/wall_follow/share/wall_follow/environment/pythonpath.sh
-- Up-to-date symlink: /sim_ws/install/wall_follow/share/wall_follow/environment/pythonpath.dsv
-- Up-to-date symlink: /sim_ws/install/wall_follow/lib/python3.8/site-packages/wall_follow/__init__.py
-- Up-to-date symlink: /sim_ws/install/wall_follow/lib/wall_follow/wall_follow_node.py
-- Up-to-date symlink: /sim_ws/install/wall_follow/share/wall_follow/config/wall_follow_params.yaml
-- Up-to-date symlink: /sim_ws/install/wall_follow/share/wall_follow/launch/wall_follow_launch.py
-- Up-to-date symlink: /sim_ws/install/wall_follow/share/ament_index/resource_index/package_run_dependencies/wall_follow
-- Up-to-date symlink: /sim_ws/install/wall_follow/share/ament_index/resource_index/parent_prefix_path/wall_follow
-- Up-to-date symlink: /sim_ws/install/wall_follow/share/wall_follow/environment/ament_prefix_path.sh
-- Up-to-date symlink: /sim_ws/install/wall_follow/share/wall_follow/environment/ament_prefix_path.dsv
-- Up-to-date symlink: /sim_ws/install/wall_follow/share/wall_follow/environment/path.sh
-- Up-to-date symlink: /sim_ws/install/wall_follow/share/wall_follow/environment/path.dsv
-- Up-to-date symlink: /sim_ws/install/wall_follow/share/wall_follow/local_setup.bash
-- Up-to-date symlink: /sim_ws/install/wall_follow/share/wall_follow/local_setup.sh
-- Up-to-date symlink: /sim_ws/install/wall_follow/share/wall_follow/local_setup.zsh
-- Up-to-date symlink: /sim_ws/install/wall_follow/share/wall_follow/local_setup.dsv
-- Symlinking: /sim_ws/install/wall_follow/share/wall_follow/package.dsv
-- Up-to-date symlink: /sim_ws/install/wall_follow/share/ament_index/resource_index/packages/wall_follow
-- Up-to-date symlink: /sim_ws/install/wall_follow/share/wall_follow/cmake/wall_followConfig.cmake
-- Up-to-date symlink: /sim_ws/install/wall_follow/share/wall_follow/cmake/wall_followConfig-version.cmake
-- Up-to-date symlink: /sim_ws/install/wall_follow/share/wall_follow/package.xml
Listing '/sim_ws/install/wall_follow/lib/python3.8/site-packages/wall_follow'...
