[0.084s] Invoking command in '/home/nvidia/F1Tenth_WS/build/safety_node': CMAKE_PREFIX_PATH=${CMAKE_PREFIX_PATH}:/home/nvidia/F1Tenth_WS/install/f1tenth_stack:/home/nvidia/F1Tenth_WS/install/joy_teleop:/home/nvidia/F1Tenth_WS/install/mouse_teleop:/home/nvidia/F1Tenth_WS/install/key_teleop:/opt/ros/foxy /usr/bin/cmake --build /home/nvidia/F1Tenth_WS/build/safety_node -- -j4 -l4
[0.483s] [100%] Built target safety_node
[0.647s] Invoked command in '/home/nvidia/F1Tenth_WS/build/safety_node' returned '0': CMAKE_PREFIX_PATH=${CMAKE_PREFIX_PATH}:/home/nvidia/F1Tenth_WS/install/f1tenth_stack:/home/nvidia/F1Tenth_WS/install/joy_teleop:/home/nvidia/F1Tenth_WS/install/mouse_teleop:/home/nvidia/F1Tenth_WS/install/key_teleop:/opt/ros/foxy /usr/bin/cmake --build /home/nvidia/F1Tenth_WS/build/safety_node -- -j4 -l4
[0.873s] Invoking command in '/home/nvidia/F1Tenth_WS/build/safety_node': CMAKE_PREFIX_PATH=${CMAKE_PREFIX_PATH}:/home/nvidia/F1Tenth_WS/install/f1tenth_stack:/home/nvidia/F1Tenth_WS/install/joy_teleop:/home/nvidia/F1Tenth_WS/install/mouse_teleop:/home/nvidia/F1Tenth_WS/install/key_teleop:/opt/ros/foxy /usr/bin/cmake --install /home/nvidia/F1Tenth_WS/build/safety_node
[1.102s] -- Install configuration: ""
[1.112s] -- Execute custom install script
[1.117s] -- Up-to-date symlink: /home/nvidia/F1Tenth_WS/install/safety_node/share/safety_node/config/params.yaml
[1.124s] -- Up-to-date symlink: /home/nvidia/F1Tenth_WS/install/safety_node/share/safety_node/launch/safety_node_launch.py
[1.124s] -- Up-to-date symlink: /home/nvidia/F1Tenth_WS/install/safety_node/lib/safety_node/safety_node
[1.127s] -- Up-to-date symlink: /home/nvidia/F1Tenth_WS/install/safety_node/share/safety_node/environment/pythonpath.sh
[1.130s] -- Up-to-date symlink: /home/nvidia/F1Tenth_WS/install/safety_node/share/safety_node/environment/pythonpath.dsv
[1.139s] -- Up-to-date symlink: /home/nvidia/F1Tenth_WS/install/safety_node/lib/python3.8/site-packages/safety_node/__init__.py
[1.147s] -- Up-to-date symlink: /home/nvidia/F1Tenth_WS/install/safety_node/lib/safety_node/safety_node.py
[1.148s] -- Up-to-date symlink: /home/nvidia/F1Tenth_WS/install/safety_node/share/ament_index/resource_index/package_run_dependencies/safety_node
[1.148s] -- Up-to-date symlink: /home/nvidia/F1Tenth_WS/install/safety_node/share/ament_index/resource_index/parent_prefix_path/safety_node
[1.151s] -- Up-to-date symlink: /home/nvidia/F1Tenth_WS/install/safety_node/share/safety_node/environment/ament_prefix_path.sh
[1.154s] -- Up-to-date symlink: /home/nvidia/F1Tenth_WS/install/safety_node/share/safety_node/environment/ament_prefix_path.dsv
[1.178s] -- Up-to-date symlink: /home/nvidia/F1Tenth_WS/install/safety_node/share/safety_node/environment/path.sh
[1.199s] -- Up-to-date symlink: /home/nvidia/F1Tenth_WS/install/safety_node/share/safety_node/environment/path.dsv
[1.234s] -- Up-to-date symlink: /home/nvidia/F1Tenth_WS/install/safety_node/share/safety_node/local_setup.bash
[1.235s] -- Up-to-date symlink: /home/nvidia/F1Tenth_WS/install/safety_node/share/safety_node/local_setup.sh
[1.235s] -- Up-to-date symlink: /home/nvidia/F1Tenth_WS/install/safety_node/share/safety_node/local_setup.zsh
[1.236s] -- Up-to-date symlink: /home/nvidia/F1Tenth_WS/install/safety_node/share/safety_node/local_setup.dsv
[1.236s] -- Symlinking: /home/nvidia/F1Tenth_WS/install/safety_node/share/safety_node/package.dsv
[1.285s] -- Up-to-date symlink: /home/nvidia/F1Tenth_WS/install/safety_node/share/ament_index/resource_index/packages/safety_node
[1.286s] -- Up-to-date symlink: /home/nvidia/F1Tenth_WS/install/safety_node/share/safety_node/cmake/safety_nodeConfig.cmake
[1.287s] -- Up-to-date symlink: /home/nvidia/F1Tenth_WS/install/safety_node/share/safety_node/cmake/safety_nodeConfig-version.cmake
[1.287s] -- Up-to-date symlink: /home/nvidia/F1Tenth_WS/install/safety_node/share/safety_node/package.xml
[1.511s] Listing '/home/nvidia/F1Tenth_WS/install/safety_node/lib/python3.8/site-packages/safety_node'...
[1.624s] Invoked command in '/home/nvidia/F1Tenth_WS/build/safety_node' returned '0': CMAKE_PREFIX_PATH=${CMAKE_PREFIX_PATH}:/home/nvidia/F1Tenth_WS/install/f1tenth_stack:/home/nvidia/F1Tenth_WS/install/joy_teleop:/home/nvidia/F1Tenth_WS/install/mouse_teleop:/home/nvidia/F1Tenth_WS/install/key_teleop:/opt/ros/foxy /usr/bin/cmake --install /home/nvidia/F1Tenth_WS/build/safety_node
