[0.249s] Invoking command in '/home/nvidia/F1Tenth_WS/build/teleop_tools_msgs': CMAKE_PREFIX_PATH=${CMAKE_PREFIX_PATH}:/home/nvidia/F1Tenth_WS/install/f1tenth_stack:/home/nvidia/F1Tenth_WS/install/joy_teleop:/home/nvidia/F1Tenth_WS/install/mouse_teleop:/home/nvidia/F1Tenth_WS/install/key_teleop:/opt/ros/foxy /usr/bin/cmake --build /home/nvidia/F1Tenth_WS/build/teleop_tools_msgs -- -j4 -l4
[0.641s] [  9%] Built target teleop_tools_msgs__rosidl_generator_c
[0.677s] [ 12%] Built target teleop_tools_msgs__cpp
[0.882s] [ 22%] Built target teleop_tools_msgs__rosidl_typesupport_introspection_c
[0.891s] [ 32%] Built target teleop_tools_msgs__rosidl_typesupport_introspection_cpp
[0.967s] [ 41%] Built target teleop_tools_msgs__rosidl_typesupport_c
[0.974s] [ 51%] Built target teleop_tools_msgs__rosidl_typesupport_cpp
[1.074s] [ 61%] Built target teleop_tools_msgs__rosidl_typesupport_fastrtps_cpp
[1.202s] [ 70%] Built target teleop_tools_msgs__rosidl_typesupport_fastrtps_c
[1.308s] [ 70%] Built target teleop_tools_msgs
[1.417s] [ 74%] Built target teleop_tools_msgs__py
[1.554s] [ 80%] Built target teleop_tools_msgs__python
[1.719s] [ 87%] Built target teleop_tools_msgs__rosidl_typesupport_c__pyext
[1.763s] [ 93%] Built target teleop_tools_msgs__rosidl_typesupport_introspection_c__pyext
[1.782s] [100%] Built target teleop_tools_msgs__rosidl_typesupport_fastrtps_c__pyext
[1.879s] Invoked command in '/home/nvidia/F1Tenth_WS/build/teleop_tools_msgs' returned '0': CMAKE_PREFIX_PATH=${CMAKE_PREFIX_PATH}:/home/nvidia/F1Tenth_WS/install/f1tenth_stack:/home/nvidia/F1Tenth_WS/install/joy_teleop:/home/nvidia/F1Tenth_WS/install/mouse_teleop:/home/nvidia/F1Tenth_WS/install/key_teleop:/opt/ros/foxy /usr/bin/cmake --build /home/nvidia/F1Tenth_WS/build/teleop_tools_msgs -- -j4 -l4
[2.197s] Invoking command in '/home/nvidia/F1Tenth_WS/build/teleop_tools_msgs': CMAKE_PREFIX_PATH=${CMAKE_PREFIX_PATH}:/home/nvidia/F1Tenth_WS/install/f1tenth_stack:/home/nvidia/F1Tenth_WS/install/joy_teleop:/home/nvidia/F1Tenth_WS/install/mouse_teleop:/home/nvidia/F1Tenth_WS/install/key_teleop:/opt/ros/foxy /usr/bin/cmake --install /home/nvidia/F1Tenth_WS/build/teleop_tools_msgs
[2.248s] -- Install configuration: ""
[2.258s] -- Execute custom install script
[2.262s] -- Up-to-date symlink: /home/nvidia/F1Tenth_WS/install/teleop_tools_msgs/share/ament_index/resource_index/rosidl_interfaces/teleop_tools_msgs
[2.268s] -- Up-to-date symlink: /home/nvidia/F1Tenth_WS/install/teleop_tools_msgs/include/teleop_tools_msgs/action/detail/increment__functions.h
[2.273s] -- Up-to-date symlink: /home/nvidia/F1Tenth_WS/install/teleop_tools_msgs/include/teleop_tools_msgs/action/detail/increment__struct.h
[2.275s] -- Up-to-date symlink: /home/nvidia/F1Tenth_WS/install/teleop_tools_msgs/include/teleop_tools_msgs/action/detail/increment__type_support.h
[2.278s] -- Up-to-date symlink: /home/nvidia/F1Tenth_WS/install/teleop_tools_msgs/include/teleop_tools_msgs/action/increment.h
[2.279s] -- Up-to-date symlink: /home/nvidia/F1Tenth_WS/install/teleop_tools_msgs/include/teleop_tools_msgs/msg/rosidl_generator_c__visibility_control.h
[2.281s] -- Up-to-date symlink: /home/nvidia/F1Tenth_WS/install/teleop_tools_msgs/share/teleop_tools_msgs/environment/library_path.sh
[2.285s] -- Up-to-date symlink: /home/nvidia/F1Tenth_WS/install/teleop_tools_msgs/share/teleop_tools_msgs/environment/library_path.dsv
[2.289s] -- Up-to-date symlink: /home/nvidia/F1Tenth_WS/install/teleop_tools_msgs/include/teleop_tools_msgs/action/detail/increment__rosidl_typesupport_fastrtps_c.h
[2.291s] -- Up-to-date symlink: /home/nvidia/F1Tenth_WS/install/teleop_tools_msgs/include/teleop_tools_msgs/msg/rosidl_typesupport_fastrtps_c__visibility_control.h
[2.296s] -- Up-to-date symlink: /home/nvidia/F1Tenth_WS/install/teleop_tools_msgs/lib/libteleop_tools_msgs__rosidl_typesupport_fastrtps_c.so
[2.301s] -- Up-to-date symlink: /home/nvidia/F1Tenth_WS/install/teleop_tools_msgs/include/teleop_tools_msgs/action/detail/increment__rosidl_typesupport_fastrtps_cpp.hpp
[2.304s] -- Up-to-date symlink: /home/nvidia/F1Tenth_WS/install/teleop_tools_msgs/include/teleop_tools_msgs/msg/rosidl_typesupport_fastrtps_cpp__visibility_control.h
[2.307s] -- Up-to-date symlink: /home/nvidia/F1Tenth_WS/install/teleop_tools_msgs/lib/libteleop_tools_msgs__rosidl_typesupport_fastrtps_cpp.so
[2.312s] -- Up-to-date symlink: /home/nvidia/F1Tenth_WS/install/teleop_tools_msgs/include/teleop_tools_msgs/action/detail/increment__rosidl_typesupport_introspection_c.h
[2.315s] -- Up-to-date symlink: /home/nvidia/F1Tenth_WS/install/teleop_tools_msgs/include/teleop_tools_msgs/msg/rosidl_typesupport_introspection_c__visibility_control.h
[2.321s] -- Up-to-date symlink: /home/nvidia/F1Tenth_WS/install/teleop_tools_msgs/include/teleop_tools_msgs/action/detail/increment__builder.hpp
[2.327s] -- Up-to-date symlink: /home/nvidia/F1Tenth_WS/install/teleop_tools_msgs/include/teleop_tools_msgs/action/detail/increment__struct.hpp
[2.332s] -- Up-to-date symlink: /home/nvidia/F1Tenth_WS/install/teleop_tools_msgs/include/teleop_tools_msgs/action/detail/increment__traits.hpp
[2.335s] -- Up-to-date symlink: /home/nvidia/F1Tenth_WS/install/teleop_tools_msgs/include/teleop_tools_msgs/action/detail/increment__type_support.hpp
[2.346s] -- Up-to-date symlink: /home/nvidia/F1Tenth_WS/install/teleop_tools_msgs/include/teleop_tools_msgs/action/increment.hpp
[2.346s] -- Up-to-date symlink: /home/nvidia/F1Tenth_WS/install/teleop_tools_msgs/include/teleop_tools_msgs/msg/rosidl_generator_cpp__visibility_control.hpp
[2.347s] -- Up-to-date symlink: /home/nvidia/F1Tenth_WS/install/teleop_tools_msgs/include/teleop_tools_msgs/action/detail/increment__rosidl_typesupport_introspection_cpp.hpp
[2.347s] -- Up-to-date symlink: /home/nvidia/F1Tenth_WS/install/teleop_tools_msgs/share/teleop_tools_msgs/environment/pythonpath.sh
[2.348s] -- Up-to-date symlink: /home/nvidia/F1Tenth_WS/install/teleop_tools_msgs/share/teleop_tools_msgs/environment/pythonpath.dsv
[2.352s] -- Up-to-date symlink: /home/nvidia/F1Tenth_WS/install/teleop_tools_msgs/lib/python3.8/site-packages/teleop_tools_msgs/__init__.py
[2.356s] -- Up-to-date symlink: /home/nvidia/F1Tenth_WS/install/teleop_tools_msgs/lib/python3.8/site-packages/teleop_tools_msgs/action/__init__.py
[2.359s] -- Up-to-date symlink: /home/nvidia/F1Tenth_WS/install/teleop_tools_msgs/lib/python3.8/site-packages/teleop_tools_msgs/action/_increment.py
[2.359s] -- Up-to-date symlink: /home/nvidia/F1Tenth_WS/install/teleop_tools_msgs/lib/python3.8/site-packages/teleop_tools_msgs/teleop_tools_msgs_s__rosidl_typesupport_fastrtps_c.cpython-38-aarch64-linux-gnu.so
[2.360s] -- Up-to-date symlink: /home/nvidia/F1Tenth_WS/install/teleop_tools_msgs/lib/python3.8/site-packages/teleop_tools_msgs/teleop_tools_msgs_s__rosidl_typesupport_introspection_c.cpython-38-aarch64-linux-gnu.so
[2.363s] -- Up-to-date symlink: /home/nvidia/F1Tenth_WS/install/teleop_tools_msgs/lib/python3.8/site-packages/teleop_tools_msgs/teleop_tools_msgs_s__rosidl_typesupport_c.cpython-38-aarch64-linux-gnu.so
[2.365s] -- Up-to-date symlink: /home/nvidia/F1Tenth_WS/install/teleop_tools_msgs/lib/libteleop_tools_msgs__python.so
[2.368s] -- Up-to-date symlink: /home/nvidia/F1Tenth_WS/install/teleop_tools_msgs/share/teleop_tools_msgs/action/Increment.idl
[2.369s] -- Up-to-date symlink: /home/nvidia/F1Tenth_WS/install/teleop_tools_msgs/share/teleop_tools_msgs/action/Increment.action
[2.371s] -- Up-to-date symlink: /home/nvidia/F1Tenth_WS/install/teleop_tools_msgs/share/ament_index/resource_index/package_run_dependencies/teleop_tools_msgs
[2.372s] -- Up-to-date symlink: /home/nvidia/F1Tenth_WS/install/teleop_tools_msgs/share/ament_index/resource_index/parent_prefix_path/teleop_tools_msgs
[2.376s] -- Up-to-date symlink: /home/nvidia/F1Tenth_WS/install/teleop_tools_msgs/share/teleop_tools_msgs/environment/ament_prefix_path.sh
[2.377s] -- Up-to-date symlink: /home/nvidia/F1Tenth_WS/install/teleop_tools_msgs/share/teleop_tools_msgs/environment/ament_prefix_path.dsv
[2.379s] -- Up-to-date symlink: /home/nvidia/F1Tenth_WS/install/teleop_tools_msgs/share/teleop_tools_msgs/environment/path.sh
[2.381s] -- Up-to-date symlink: /home/nvidia/F1Tenth_WS/install/teleop_tools_msgs/share/teleop_tools_msgs/environment/path.dsv
[2.382s] -- Up-to-date symlink: /home/nvidia/F1Tenth_WS/install/teleop_tools_msgs/share/teleop_tools_msgs/local_setup.bash
[2.386s] -- Up-to-date symlink: /home/nvidia/F1Tenth_WS/install/teleop_tools_msgs/share/teleop_tools_msgs/local_setup.sh
[2.387s] -- Up-to-date symlink: /home/nvidia/F1Tenth_WS/install/teleop_tools_msgs/share/teleop_tools_msgs/local_setup.zsh
[2.388s] -- Up-to-date symlink: /home/nvidia/F1Tenth_WS/install/teleop_tools_msgs/share/teleop_tools_msgs/local_setup.dsv
[2.389s] -- Symlinking: /home/nvidia/F1Tenth_WS/install/teleop_tools_msgs/share/teleop_tools_msgs/package.dsv
[2.443s] -- Up-to-date symlink: /home/nvidia/F1Tenth_WS/install/teleop_tools_msgs/share/ament_index/resource_index/packages/teleop_tools_msgs
[2.451s] -- Up-to-date symlink: /home/nvidia/F1Tenth_WS/install/teleop_tools_msgs/share/teleop_tools_msgs/cmake/rosidl_cmake-extras.cmake
[2.457s] -- Up-to-date symlink: /home/nvidia/F1Tenth_WS/install/teleop_tools_msgs/share/teleop_tools_msgs/cmake/ament_cmake_export_dependencies-extras.cmake
[2.468s] -- Up-to-date symlink: /home/nvidia/F1Tenth_WS/install/teleop_tools_msgs/share/teleop_tools_msgs/cmake/ament_cmake_export_libraries-extras.cmake
[2.490s] -- Up-to-date symlink: /home/nvidia/F1Tenth_WS/install/teleop_tools_msgs/share/teleop_tools_msgs/cmake/ament_cmake_export_targets-extras.cmake
[2.504s] -- Up-to-date symlink: /home/nvidia/F1Tenth_WS/install/teleop_tools_msgs/share/teleop_tools_msgs/cmake/ament_cmake_export_include_directories-extras.cmake
[2.505s] -- Up-to-date symlink: /home/nvidia/F1Tenth_WS/install/teleop_tools_msgs/share/teleop_tools_msgs/cmake/rosidl_cmake_export_typesupport_libraries-extras.cmake
[2.505s] -- Up-to-date symlink: /home/nvidia/F1Tenth_WS/install/teleop_tools_msgs/share/teleop_tools_msgs/cmake/rosidl_cmake_export_typesupport_targets-extras.cmake
[2.505s] -- Up-to-date symlink: /home/nvidia/F1Tenth_WS/install/teleop_tools_msgs/share/teleop_tools_msgs/cmake/teleop_tools_msgsConfig.cmake
[2.506s] -- Up-to-date symlink: /home/nvidia/F1Tenth_WS/install/teleop_tools_msgs/share/teleop_tools_msgs/cmake/teleop_tools_msgsConfig-version.cmake
[2.506s] -- Up-to-date symlink: /home/nvidia/F1Tenth_WS/install/teleop_tools_msgs/share/teleop_tools_msgs/package.xml
[2.506s] -- Up-to-date: /home/nvidia/F1Tenth_WS/install/teleop_tools_msgs/lib/libteleop_tools_msgs__rosidl_generator_c.so
[2.506s] -- Up-to-date: /home/nvidia/F1Tenth_WS/install/teleop_tools_msgs/lib/libteleop_tools_msgs__rosidl_typesupport_introspection_c.so
[2.507s] -- Up-to-date: /home/nvidia/F1Tenth_WS/install/teleop_tools_msgs/lib/libteleop_tools_msgs__rosidl_typesupport_c.so
[2.507s] -- Up-to-date: /home/nvidia/F1Tenth_WS/install/teleop_tools_msgs/lib/libteleop_tools_msgs__rosidl_typesupport_introspection_cpp.so
[2.507s] -- Up-to-date: /home/nvidia/F1Tenth_WS/install/teleop_tools_msgs/lib/libteleop_tools_msgs__rosidl_typesupport_cpp.so
[2.699s] -- Up-to-date: /home/nvidia/F1Tenth_WS/install/teleop_tools_msgs/share/teleop_tools_msgs/cmake/teleop_tools_msgs__rosidl_generator_cExport.cmake
[2.700s] -- Up-to-date: /home/nvidia/F1Tenth_WS/install/teleop_tools_msgs/share/teleop_tools_msgs/cmake/teleop_tools_msgs__rosidl_generator_cExport-noconfig.cmake
[2.701s] -- Up-to-date: /home/nvidia/F1Tenth_WS/install/teleop_tools_msgs/share/teleop_tools_msgs/cmake/teleop_tools_msgs__rosidl_typesupport_introspection_cExport.cmake
[2.701s] -- Up-to-date: /home/nvidia/F1Tenth_WS/install/teleop_tools_msgs/share/teleop_tools_msgs/cmake/teleop_tools_msgs__rosidl_typesupport_introspection_cExport-noconfig.cmake
[2.704s] -- Up-to-date: /home/nvidia/F1Tenth_WS/install/teleop_tools_msgs/share/teleop_tools_msgs/cmake/teleop_tools_msgs__rosidl_typesupport_cExport.cmake
[2.705s] -- Up-to-date: /home/nvidia/F1Tenth_WS/install/teleop_tools_msgs/share/teleop_tools_msgs/cmake/teleop_tools_msgs__rosidl_typesupport_cExport-noconfig.cmake
[2.705s] -- Up-to-date: /home/nvidia/F1Tenth_WS/install/teleop_tools_msgs/share/teleop_tools_msgs/cmake/teleop_tools_msgs__rosidl_generator_cppExport.cmake
[2.706s] -- Up-to-date: /home/nvidia/F1Tenth_WS/install/teleop_tools_msgs/share/teleop_tools_msgs/cmake/teleop_tools_msgs__rosidl_typesupport_introspection_cppExport.cmake
[2.706s] -- Up-to-date: /home/nvidia/F1Tenth_WS/install/teleop_tools_msgs/share/teleop_tools_msgs/cmake/teleop_tools_msgs__rosidl_typesupport_introspection_cppExport-noconfig.cmake
[2.707s] -- Up-to-date: /home/nvidia/F1Tenth_WS/install/teleop_tools_msgs/share/teleop_tools_msgs/cmake/teleop_tools_msgs__rosidl_typesupport_cppExport.cmake
[2.707s] -- Up-to-date: /home/nvidia/F1Tenth_WS/install/teleop_tools_msgs/share/teleop_tools_msgs/cmake/teleop_tools_msgs__rosidl_typesupport_cppExport-noconfig.cmake
[2.935s] Invoked command in '/home/nvidia/F1Tenth_WS/build/teleop_tools_msgs' returned '0': CMAKE_PREFIX_PATH=${CMAKE_PREFIX_PATH}:/home/nvidia/F1Tenth_WS/install/f1tenth_stack:/home/nvidia/F1Tenth_WS/install/joy_teleop:/home/nvidia/F1Tenth_WS/install/mouse_teleop:/home/nvidia/F1Tenth_WS/install/key_teleop:/opt/ros/foxy /usr/bin/cmake --install /home/nvidia/F1Tenth_WS/build/teleop_tools_msgs
