[0.164s] Invoking command in '/home/nvidia/F1Tenth_WS/build/wall_follow': CMAKE_PREFIX_PATH=${CMAKE_PREFIX_PATH}:/home/nvidia/F1Tenth_WS/install/f1tenth_stack:/home/nvidia/F1Tenth_WS/install/joy_teleop:/home/nvidia/F1Tenth_WS/install/mouse_teleop:/home/nvidia/F1Tenth_WS/install/key_teleop:/opt/ros/foxy /usr/bin/cmake --build /home/nvidia/F1Tenth_WS/build/wall_follow -- -j4 -l4
[0.570s] [100%] Built target wall_follow_node
[0.633s] Invoked command in '/home/nvidia/F1Tenth_WS/build/wall_follow' returned '0': CMAKE_PREFIX_PATH=${CMAKE_PREFIX_PATH}:/home/nvidia/F1Tenth_WS/install/f1tenth_stack:/home/nvidia/F1Tenth_WS/install/joy_teleop:/home/nvidia/F1Tenth_WS/install/mouse_teleop:/home/nvidia/F1Tenth_WS/install/key_teleop:/opt/ros/foxy /usr/bin/cmake --build /home/nvidia/F1Tenth_WS/build/wall_follow -- -j4 -l4
[0.822s] Invoking command in '/home/nvidia/F1Tenth_WS/build/wall_follow': CMAKE_PREFIX_PATH=${CMAKE_PREFIX_PATH}:/home/nvidia/F1Tenth_WS/install/f1tenth_stack:/home/nvidia/F1Tenth_WS/install/joy_teleop:/home/nvidia/F1Tenth_WS/install/mouse_teleop:/home/nvidia/F1Tenth_WS/install/key_teleop:/opt/ros/foxy /usr/bin/cmake --install /home/nvidia/F1Tenth_WS/build/wall_follow
[0.890s] -- Install configuration: ""
[0.893s] -- Execute custom install script
[0.898s] -- Up-to-date symlink: /home/nvidia/F1Tenth_WS/install/wall_follow/lib/wall_follow/wall_follow_node
[0.901s] -- Up-to-date symlink: /home/nvidia/F1Tenth_WS/install/wall_follow/share/wall_follow/environment/pythonpath.sh
[0.904s] -- Up-to-date symlink: /home/nvidia/F1Tenth_WS/install/wall_follow/share/wall_follow/environment/pythonpath.dsv
[0.908s] -- Up-to-date symlink: /home/nvidia/F1Tenth_WS/install/wall_follow/lib/python3.8/site-packages/wall_follow/__init__.py
[0.909s] -- Up-to-date symlink: /home/nvidia/F1Tenth_WS/install/wall_follow/lib/wall_follow/wall_follow_node.py
[0.913s] -- Up-to-date symlink: /home/nvidia/F1Tenth_WS/install/wall_follow/share/wall_follow/config/wall_follow_params.yaml
[0.916s] -- Up-to-date symlink: /home/nvidia/F1Tenth_WS/install/wall_follow/share/wall_follow/launch/wall_follow_launch.py
[0.919s] -- Up-to-date symlink: /home/nvidia/F1Tenth_WS/install/wall_follow/share/ament_index/resource_index/package_run_dependencies/wall_follow
[0.932s] -- Up-to-date symlink: /home/nvidia/F1Tenth_WS/install/wall_follow/share/ament_index/resource_index/parent_prefix_path/wall_follow
[0.952s] -- Up-to-date symlink: /home/nvidia/F1Tenth_WS/install/wall_follow/share/wall_follow/environment/ament_prefix_path.sh
[0.953s] -- Up-to-date symlink: /home/nvidia/F1Tenth_WS/install/wall_follow/share/wall_follow/environment/ament_prefix_path.dsv
[0.953s] -- Up-to-date symlink: /home/nvidia/F1Tenth_WS/install/wall_follow/share/wall_follow/environment/path.sh
[0.954s] -- Up-to-date symlink: /home/nvidia/F1Tenth_WS/install/wall_follow/share/wall_follow/environment/path.dsv
[0.955s] -- Up-to-date symlink: /home/nvidia/F1Tenth_WS/install/wall_follow/share/wall_follow/local_setup.bash
[0.955s] -- Up-to-date symlink: /home/nvidia/F1Tenth_WS/install/wall_follow/share/wall_follow/local_setup.sh
[0.956s] -- Up-to-date symlink: /home/nvidia/F1Tenth_WS/install/wall_follow/share/wall_follow/local_setup.zsh
[0.956s] -- Up-to-date symlink: /home/nvidia/F1Tenth_WS/install/wall_follow/share/wall_follow/local_setup.dsv
[0.956s] -- Symlinking: /home/nvidia/F1Tenth_WS/install/wall_follow/share/wall_follow/package.dsv
[0.999s] -- Up-to-date symlink: /home/nvidia/F1Tenth_WS/install/wall_follow/share/ament_index/resource_index/packages/wall_follow
[0.999s] -- Up-to-date symlink: /home/nvidia/F1Tenth_WS/install/wall_follow/share/wall_follow/cmake/wall_followConfig.cmake
[1.000s] -- Up-to-date symlink: /home/nvidia/F1Tenth_WS/install/wall_follow/share/wall_follow/cmake/wall_followConfig-version.cmake
[1.000s] -- Up-to-date symlink: /home/nvidia/F1Tenth_WS/install/wall_follow/share/wall_follow/package.xml
[1.169s] Listing '/home/nvidia/F1Tenth_WS/install/wall_follow/lib/python3.8/site-packages/wall_follow'...
[1.198s] Invoked command in '/home/nvidia/F1Tenth_WS/build/wall_follow' returned '0': CMAKE_PREFIX_PATH=${CMAKE_PREFIX_PATH}:/home/nvidia/F1Tenth_WS/install/f1tenth_stack:/home/nvidia/F1Tenth_WS/install/joy_teleop:/home/nvidia/F1Tenth_WS/install/mouse_teleop:/home/nvidia/F1Tenth_WS/install/key_teleop:/opt/ros/foxy /usr/bin/cmake --install /home/nvidia/F1Tenth_WS/build/wall_follow
