[0.018s] Invoking command in '/sim_ws/build/wall_follow': /usr/bin/cmake --build /sim_ws/build/wall_follow -- -j12 -l12
[0.082s] [100%] Built target wall_follow_node
[0.097s] Invoked command in '/sim_ws/build/wall_follow' returned '0': /usr/bin/cmake --build /sim_ws/build/wall_follow -- -j12 -l12
[0.132s] Invoking command in '/sim_ws/build/wall_follow': /usr/bin/cmake --install /sim_ws/build/wall_follow
[0.139s] -- Install configuration: ""
[0.139s] -- Execute custom install script
[0.140s] -- Up-to-date symlink: /sim_ws/install/wall_follow/lib/wall_follow/wall_follow_node
[0.140s] -- Up-to-date symlink: /sim_ws/install/wall_follow/share/wall_follow/environment/pythonpath.sh
[0.140s] -- Up-to-date symlink: /sim_ws/install/wall_follow/share/wall_follow/environment/pythonpath.dsv
[0.141s] -- Up-to-date symlink: /sim_ws/install/wall_follow/lib/python3.8/site-packages/wall_follow/__init__.py
[0.141s] -- Up-to-date symlink: /sim_ws/install/wall_follow/lib/wall_follow/wall_follow_node.py
[0.142s] -- Up-to-date symlink: /sim_ws/install/wall_follow/share/wall_follow/config/wall_follow_params.yaml
[0.142s] -- Up-to-date symlink: /sim_ws/install/wall_follow/share/wall_follow/launch/wall_follow_launch.py
[0.142s] -- Up-to-date symlink: /sim_ws/install/wall_follow/share/ament_index/resource_index/package_run_dependencies/wall_follow
[0.143s] -- Up-to-date symlink: /sim_ws/install/wall_follow/share/ament_index/resource_index/parent_prefix_path/wall_follow
[0.143s] -- Up-to-date symlink: /sim_ws/install/wall_follow/share/wall_follow/environment/ament_prefix_path.sh
[0.143s] -- Up-to-date symlink: /sim_ws/install/wall_follow/share/wall_follow/environment/ament_prefix_path.dsv
[0.144s] -- Up-to-date symlink: /sim_ws/install/wall_follow/share/wall_follow/environment/path.sh
[0.147s] -- Up-to-date symlink: /sim_ws/install/wall_follow/share/wall_follow/environment/path.dsv
[0.147s] -- Up-to-date symlink: /sim_ws/install/wall_follow/share/wall_follow/local_setup.bash
[0.147s] -- Up-to-date symlink: /sim_ws/install/wall_follow/share/wall_follow/local_setup.sh
[0.147s] -- Up-to-date symlink: /sim_ws/install/wall_follow/share/wall_follow/local_setup.zsh
[0.147s] -- Up-to-date symlink: /sim_ws/install/wall_follow/share/wall_follow/local_setup.dsv
[0.147s] -- Symlinking: /sim_ws/install/wall_follow/share/wall_follow/package.dsv
[0.160s] -- Up-to-date symlink: /sim_ws/install/wall_follow/share/ament_index/resource_index/packages/wall_follow
[0.160s] -- Up-to-date symlink: /sim_ws/install/wall_follow/share/wall_follow/cmake/wall_followConfig.cmake
[0.160s] -- Up-to-date symlink: /sim_ws/install/wall_follow/share/wall_follow/cmake/wall_followConfig-version.cmake
[0.160s] -- Up-to-date symlink: /sim_ws/install/wall_follow/share/wall_follow/package.xml
[0.190s] Listing '/sim_ws/install/wall_follow/lib/python3.8/site-packages/wall_follow'...
[0.197s] Invoked command in '/sim_ws/build/wall_follow' returned '0': /usr/bin/cmake --install /sim_ws/build/wall_follow
