[4.345s] Invoking command in '/home/nvidia/F1Tenth_WS/build/joy_teleop': CMAKE_PREFIX_PATH=/home/nvidia/F1Tenth_WS/install/teleop_tools_msgs:/home/nvidia/F1Tenth_WS/install/wall_follow:/home/nvidia/F1Tenth_WS/install/vesc:/home/nvidia/F1Tenth_WS/install/vesc_driver:/home/nvidia/F1Tenth_WS/install/vesc_ackermann:/home/nvidia/F1Tenth_WS/install/vesc_msgs:/home/nvidia/F1Tenth_WS/install/teleop_tools:/home/nvidia/F1Tenth_WS/install/safety_node:/home/nvidia/F1Tenth_WS/install/ackermann_mux LD_LIBRARY_PATH=/home/nvidia/F1Tenth_WS/install/teleop_tools_msgs/lib:/home/nvidia/F1Tenth_WS/install/vesc_driver/lib:/home/nvidia/F1Tenth_WS/install/vesc_ackermann/lib:/home/nvidia/F1Tenth_WS/install/vesc_msgs/lib:/opt/ros/foxy/opt/yaml_cpp_vendor/lib:/opt/ros/foxy/opt/rviz_ogre_vendor/lib:/opt/ros/foxy/lib/aarch64-linux-gnu:/opt/ros/foxy/lib PYTHONPATH=/home/nvidia/F1Tenth_WS/build/joy_teleop/prefix_override:/home/nvidia/F1Tenth_WS/install/joy_teleop/lib/python3.8/site-packages:/home/nvidia/F1Tenth_WS/install/teleop_tools_msgs/lib/python3.8/site-packages:/home/nvidia/F1Tenth_WS/install/wall_follow/lib/python3.8/site-packages:/home/nvidia/F1Tenth_WS/build/f1tenth_stack:/home/nvidia/F1Tenth_WS/install/f1tenth_stack/lib/python3.8/site-packages:/home/nvidia/F1Tenth_WS/install/vesc_msgs/lib/python3.8/site-packages:/home/nvidia/F1Tenth_WS/build/joy_teleop:/home/nvidia/F1Tenth_WS/install/joy_teleop/lib/python3.8/site-packages:/home/nvidia/F1Tenth_WS/install/safety_node/lib/python3.8/site-packages:/home/nvidia/F1Tenth_WS/build/mouse_teleop:/home/nvidia/F1Tenth_WS/install/mouse_teleop/lib/python3.8/site-packages:/home/nvidia/F1Tenth_WS/build/key_teleop:/home/nvidia/F1Tenth_WS/install/key_teleop/lib/python3.8/site-packages:/opt/ros/foxy/lib/python3.8/site-packages /usr/bin/python3 setup.py develop --editable --build-directory /home/nvidia/F1Tenth_WS/build/joy_teleop/build --no-deps install_data
[5.663s] running develop
[6.543s] running egg_info
[6.543s] creating joy_teleop.egg-info
[6.544s] writing joy_teleop.egg-info/PKG-INFO
[6.545s] writing dependency_links to joy_teleop.egg-info/dependency_links.txt
[6.545s] writing entry points to joy_teleop.egg-info/entry_points.txt
[6.546s] writing requirements to joy_teleop.egg-info/requires.txt
[6.546s] writing top-level names to joy_teleop.egg-info/top_level.txt
[6.552s] writing manifest file 'joy_teleop.egg-info/SOURCES.txt'
[6.695s] reading manifest file 'joy_teleop.egg-info/SOURCES.txt'
[6.698s] writing manifest file 'joy_teleop.egg-info/SOURCES.txt'
[6.936s] running build_ext
[6.939s] Creating /home/nvidia/F1Tenth_WS/install/joy_teleop/lib/python3.8/site-packages/site.py
[6.949s] Creating /home/nvidia/F1Tenth_WS/install/joy_teleop/lib/python3.8/site-packages/joy-teleop.egg-link (link to .)
[6.956s] Installing incrementer_server script to /home/nvidia/F1Tenth_WS/install/joy_teleop/lib/joy_teleop
[6.958s] Installing joy_teleop script to /home/nvidia/F1Tenth_WS/install/joy_teleop/lib/joy_teleop
[6.964s] 
[6.965s] Installed /home/nvidia/F1Tenth_WS/build/joy_teleop
[6.970s] running install_data
[6.972s] copying package.xml -> /home/nvidia/F1Tenth_WS/install/joy_teleop/share/joy_teleop
[6.974s] creating /home/nvidia/F1Tenth_WS/install/joy_teleop/share/joy_teleop/config
[6.976s] copying config/joy_teleop_example.yaml -> /home/nvidia/F1Tenth_WS/install/joy_teleop/share/joy_teleop/config
[6.978s] creating /home/nvidia/F1Tenth_WS/install/joy_teleop/share/joy_teleop/launch
[6.980s] copying launch/example.launch.py -> /home/nvidia/F1Tenth_WS/install/joy_teleop/share/joy_teleop/launch
[6.982s] creating /home/nvidia/F1Tenth_WS/install/joy_teleop/share/ament_index
[6.983s] creating /home/nvidia/F1Tenth_WS/install/joy_teleop/share/ament_index/resource_index
[6.984s] creating /home/nvidia/F1Tenth_WS/install/joy_teleop/share/ament_index/resource_index/packages
[6.985s] copying resource/joy_teleop -> /home/nvidia/F1Tenth_WS/install/joy_teleop/share/ament_index/resource_index/packages
[7.136s] Invoked command in '/home/nvidia/F1Tenth_WS/build/joy_teleop' returned '0': CMAKE_PREFIX_PATH=/home/nvidia/F1Tenth_WS/install/teleop_tools_msgs:/home/nvidia/F1Tenth_WS/install/wall_follow:/home/nvidia/F1Tenth_WS/install/vesc:/home/nvidia/F1Tenth_WS/install/vesc_driver:/home/nvidia/F1Tenth_WS/install/vesc_ackermann:/home/nvidia/F1Tenth_WS/install/vesc_msgs:/home/nvidia/F1Tenth_WS/install/teleop_tools:/home/nvidia/F1Tenth_WS/install/safety_node:/home/nvidia/F1Tenth_WS/install/ackermann_mux LD_LIBRARY_PATH=/home/nvidia/F1Tenth_WS/install/teleop_tools_msgs/lib:/home/nvidia/F1Tenth_WS/install/vesc_driver/lib:/home/nvidia/F1Tenth_WS/install/vesc_ackermann/lib:/home/nvidia/F1Tenth_WS/install/vesc_msgs/lib:/opt/ros/foxy/opt/yaml_cpp_vendor/lib:/opt/ros/foxy/opt/rviz_ogre_vendor/lib:/opt/ros/foxy/lib/aarch64-linux-gnu:/opt/ros/foxy/lib PYTHONPATH=/home/nvidia/F1Tenth_WS/build/joy_teleop/prefix_override:/home/nvidia/F1Tenth_WS/install/joy_teleop/lib/python3.8/site-packages:/home/nvidia/F1Tenth_WS/install/teleop_tools_msgs/lib/python3.8/site-packages:/home/nvidia/F1Tenth_WS/install/wall_follow/lib/python3.8/site-packages:/home/nvidia/F1Tenth_WS/build/f1tenth_stack:/home/nvidia/F1Tenth_WS/install/f1tenth_stack/lib/python3.8/site-packages:/home/nvidia/F1Tenth_WS/install/vesc_msgs/lib/python3.8/site-packages:/home/nvidia/F1Tenth_WS/build/joy_teleop:/home/nvidia/F1Tenth_WS/install/joy_teleop/lib/python3.8/site-packages:/home/nvidia/F1Tenth_WS/install/safety_node/lib/python3.8/site-packages:/home/nvidia/F1Tenth_WS/build/mouse_teleop:/home/nvidia/F1Tenth_WS/install/mouse_teleop/lib/python3.8/site-packages:/home/nvidia/F1Tenth_WS/build/key_teleop:/home/nvidia/F1Tenth_WS/install/key_teleop/lib/python3.8/site-packages:/opt/ros/foxy/lib/python3.8/site-packages /usr/bin/python3 setup.py develop --editable --build-directory /home/nvidia/F1Tenth_WS/build/joy_teleop/build --no-deps install_data
