[0.207s] Invoking command in '/home/nvidia/F1Tenth_WS/build/ackermann_mux': CMAKE_PREFIX_PATH=${CMAKE_PREFIX_PATH}:/home/nvidia/F1Tenth_WS/install/f1tenth_stack:/home/nvidia/F1Tenth_WS/install/joy_teleop:/home/nvidia/F1Tenth_WS/install/mouse_teleop:/home/nvidia/F1Tenth_WS/install/key_teleop:/opt/ros/foxy /usr/bin/cmake --build /home/nvidia/F1Tenth_WS/build/ackermann_mux -- -j4 -l4
[0.720s] [100%] Built target ackermann_mux
[1.830s] Invoked command in '/home/nvidia/F1Tenth_WS/build/ackermann_mux' returned '0': CMAKE_PREFIX_PATH=${CMAKE_PREFIX_PATH}:/home/nvidia/F1Tenth_WS/install/f1tenth_stack:/home/nvidia/F1Tenth_WS/install/joy_teleop:/home/nvidia/F1Tenth_WS/install/mouse_teleop:/home/nvidia/F1Tenth_WS/install/key_teleop:/opt/ros/foxy /usr/bin/cmake --build /home/nvidia/F1Tenth_WS/build/ackermann_mux -- -j4 -l4
[2.104s] Invoking command in '/home/nvidia/F1Tenth_WS/build/ackermann_mux': CMAKE_PREFIX_PATH=${CMAKE_PREFIX_PATH}:/home/nvidia/F1Tenth_WS/install/f1tenth_stack:/home/nvidia/F1Tenth_WS/install/joy_teleop:/home/nvidia/F1Tenth_WS/install/mouse_teleop:/home/nvidia/F1Tenth_WS/install/key_teleop:/opt/ros/foxy /usr/bin/cmake --install /home/nvidia/F1Tenth_WS/build/ackermann_mux
[2.203s] -- Install configuration: ""
[2.208s] -- Execute custom install script
[2.213s] -- Up-to-date symlink: /home/nvidia/F1Tenth_WS/install/ackermann_mux/lib/ackermann_mux/ackermann_mux
[2.217s] -- Up-to-date symlink: /home/nvidia/F1Tenth_WS/install/ackermann_mux/share/ackermann_mux/launch/ackermann_mux_launch.py
[2.220s] -- Up-to-date symlink: /home/nvidia/F1Tenth_WS/install/ackermann_mux/share/ackermann_mux/config/ackermann_mux_locks.yaml
[2.221s] -- Up-to-date symlink: /home/nvidia/F1Tenth_WS/install/ackermann_mux/share/ackermann_mux/config/ackermann_mux_topics.yaml
[2.222s] -- Up-to-date symlink: /home/nvidia/F1Tenth_WS/install/ackermann_mux/share/ackermann_mux/config/joystick.yaml
[2.225s] -- Up-to-date symlink: /home/nvidia/F1Tenth_WS/install/ackermann_mux/include/ackermann_mux/ackermann_mux.hpp
[2.229s] -- Up-to-date symlink: /home/nvidia/F1Tenth_WS/install/ackermann_mux/include/ackermann_mux/ackermann_mux_diagnostics.hpp
[2.229s] -- Up-to-date symlink: /home/nvidia/F1Tenth_WS/install/ackermann_mux/include/ackermann_mux/ackermann_mux_diagnostics_status.hpp
[2.230s] -- Up-to-date symlink: /home/nvidia/F1Tenth_WS/install/ackermann_mux/include/ackermann_mux/params_helpers.hpp
[2.231s] -- Up-to-date symlink: /home/nvidia/F1Tenth_WS/install/ackermann_mux/include/ackermann_mux/topic_handle.hpp
[2.231s] -- Up-to-date symlink: /home/nvidia/F1Tenth_WS/install/ackermann_mux/include/ackermann_mux/utils.hpp
[2.233s] -- Up-to-date symlink: /home/nvidia/F1Tenth_WS/install/ackermann_mux/share/ament_index/resource_index/package_run_dependencies/ackermann_mux
[2.237s] -- Up-to-date symlink: /home/nvidia/F1Tenth_WS/install/ackermann_mux/share/ament_index/resource_index/parent_prefix_path/ackermann_mux
[2.237s] -- Up-to-date symlink: /home/nvidia/F1Tenth_WS/install/ackermann_mux/share/ackermann_mux/environment/ament_prefix_path.sh
[2.239s] -- Up-to-date symlink: /home/nvidia/F1Tenth_WS/install/ackermann_mux/share/ackermann_mux/environment/ament_prefix_path.dsv
[2.243s] -- Up-to-date symlink: /home/nvidia/F1Tenth_WS/install/ackermann_mux/share/ackermann_mux/environment/path.sh
[2.244s] -- Up-to-date symlink: /home/nvidia/F1Tenth_WS/install/ackermann_mux/share/ackermann_mux/environment/path.dsv
[2.245s] -- Up-to-date symlink: /home/nvidia/F1Tenth_WS/install/ackermann_mux/share/ackermann_mux/local_setup.bash
[2.245s] -- Up-to-date symlink: /home/nvidia/F1Tenth_WS/install/ackermann_mux/share/ackermann_mux/local_setup.sh
[2.246s] -- Up-to-date symlink: /home/nvidia/F1Tenth_WS/install/ackermann_mux/share/ackermann_mux/local_setup.zsh
[2.247s] -- Up-to-date symlink: /home/nvidia/F1Tenth_WS/install/ackermann_mux/share/ackermann_mux/local_setup.dsv
[2.249s] -- Symlinking: /home/nvidia/F1Tenth_WS/install/ackermann_mux/share/ackermann_mux/package.dsv
[2.298s] -- Up-to-date symlink: /home/nvidia/F1Tenth_WS/install/ackermann_mux/share/ament_index/resource_index/packages/ackermann_mux
[2.299s] -- Up-to-date symlink: /home/nvidia/F1Tenth_WS/install/ackermann_mux/share/ackermann_mux/cmake/ament_cmake_export_include_directories-extras.cmake
[2.301s] -- Up-to-date symlink: /home/nvidia/F1Tenth_WS/install/ackermann_mux/share/ackermann_mux/cmake/ament_cmake_export_dependencies-extras.cmake
[2.303s] -- Up-to-date symlink: /home/nvidia/F1Tenth_WS/install/ackermann_mux/share/ackermann_mux/cmake/ackermann_muxConfig.cmake
[2.305s] -- Up-to-date symlink: /home/nvidia/F1Tenth_WS/install/ackermann_mux/share/ackermann_mux/cmake/ackermann_muxConfig-version.cmake
[2.306s] -- Up-to-date symlink: /home/nvidia/F1Tenth_WS/install/ackermann_mux/share/ackermann_mux/package.xml
[2.322s] Invoked command in '/home/nvidia/F1Tenth_WS/build/ackermann_mux' returned '0': CMAKE_PREFIX_PATH=${CMAKE_PREFIX_PATH}:/home/nvidia/F1Tenth_WS/install/f1tenth_stack:/home/nvidia/F1Tenth_WS/install/joy_teleop:/home/nvidia/F1Tenth_WS/install/mouse_teleop:/home/nvidia/F1Tenth_WS/install/key_teleop:/opt/ros/foxy /usr/bin/cmake --install /home/nvidia/F1Tenth_WS/build/ackermann_mux
