[0.255s] Invoking command in '/home/nvidia/F1Tenth_WS/build/teleop_tools_msgs': CMAKE_PREFIX_PATH=${CMAKE_PREFIX_PATH}:/home/nvidia/F1Tenth_WS/install/f1tenth_stack:/home/nvidia/F1Tenth_WS/install/joy_teleop:/home/nvidia/F1Tenth_WS/install/mouse_teleop:/home/nvidia/F1Tenth_WS/install/key_teleop:/opt/ros/foxy /usr/bin/cmake --build /home/nvidia/F1Tenth_WS/build/teleop_tools_msgs -- -j4 -l4
[0.630s] [  3%] Built target teleop_tools_msgs__cpp
[0.636s] [ 12%] Built target teleop_tools_msgs__rosidl_generator_c
[0.868s] [ 22%] Built target teleop_tools_msgs__rosidl_typesupport_introspection_cpp
[0.917s] [ 32%] Built target teleop_tools_msgs__rosidl_typesupport_cpp
[0.996s] [ 41%] Built target teleop_tools_msgs__rosidl_typesupport_fastrtps_cpp
[1.003s] [ 51%] Built target teleop_tools_msgs__rosidl_typesupport_c
[1.132s] [ 61%] Built target teleop_tools_msgs__rosidl_typesupport_introspection_c
[1.182s] [ 70%] Built target teleop_tools_msgs__rosidl_typesupport_fastrtps_c
[1.276s] [ 70%] Built target teleop_tools_msgs
[1.376s] [ 74%] Built target teleop_tools_msgs__py
[1.509s] [ 80%] Built target teleop_tools_msgs__python
[1.673s] [ 87%] Built target teleop_tools_msgs__rosidl_typesupport_fastrtps_c__pyext
[1.708s] [ 93%] Built target teleop_tools_msgs__rosidl_typesupport_c__pyext
[1.732s] [100%] Built target teleop_tools_msgs__rosidl_typesupport_introspection_c__pyext
[1.879s] Invoked command in '/home/nvidia/F1Tenth_WS/build/teleop_tools_msgs' returned '0': CMAKE_PREFIX_PATH=${CMAKE_PREFIX_PATH}:/home/nvidia/F1Tenth_WS/install/f1tenth_stack:/home/nvidia/F1Tenth_WS/install/joy_teleop:/home/nvidia/F1Tenth_WS/install/mouse_teleop:/home/nvidia/F1Tenth_WS/install/key_teleop:/opt/ros/foxy /usr/bin/cmake --build /home/nvidia/F1Tenth_WS/build/teleop_tools_msgs -- -j4 -l4
[2.424s] Invoking command in '/home/nvidia/F1Tenth_WS/build/teleop_tools_msgs': CMAKE_PREFIX_PATH=${CMAKE_PREFIX_PATH}:/home/nvidia/F1Tenth_WS/install/f1tenth_stack:/home/nvidia/F1Tenth_WS/install/joy_teleop:/home/nvidia/F1Tenth_WS/install/mouse_teleop:/home/nvidia/F1Tenth_WS/install/key_teleop:/opt/ros/foxy /usr/bin/cmake --install /home/nvidia/F1Tenth_WS/build/teleop_tools_msgs
[2.492s] -- Install configuration: ""
[2.498s] -- Execute custom install script
[2.504s] -- Up-to-date symlink: /home/nvidia/F1Tenth_WS/install/teleop_tools_msgs/share/ament_index/resource_index/rosidl_interfaces/teleop_tools_msgs
[2.509s] -- Up-to-date symlink: /home/nvidia/F1Tenth_WS/install/teleop_tools_msgs/include/teleop_tools_msgs/action/detail/increment__functions.h
[2.512s] -- Up-to-date symlink: /home/nvidia/F1Tenth_WS/install/teleop_tools_msgs/include/teleop_tools_msgs/action/detail/increment__struct.h
[2.515s] -- Up-to-date symlink: /home/nvidia/F1Tenth_WS/install/teleop_tools_msgs/include/teleop_tools_msgs/action/detail/increment__type_support.h
[2.519s] -- Up-to-date symlink: /home/nvidia/F1Tenth_WS/install/teleop_tools_msgs/include/teleop_tools_msgs/action/increment.h
[2.523s] -- Up-to-date symlink: /home/nvidia/F1Tenth_WS/install/teleop_tools_msgs/include/teleop_tools_msgs/msg/rosidl_generator_c__visibility_control.h
[2.528s] -- Up-to-date symlink: /home/nvidia/F1Tenth_WS/install/teleop_tools_msgs/share/teleop_tools_msgs/environment/library_path.sh
[2.530s] -- Up-to-date symlink: /home/nvidia/F1Tenth_WS/install/teleop_tools_msgs/share/teleop_tools_msgs/environment/library_path.dsv
[2.535s] -- Up-to-date symlink: /home/nvidia/F1Tenth_WS/install/teleop_tools_msgs/include/teleop_tools_msgs/action/detail/increment__rosidl_typesupport_fastrtps_c.h
[2.537s] -- Up-to-date symlink: /home/nvidia/F1Tenth_WS/install/teleop_tools_msgs/include/teleop_tools_msgs/msg/rosidl_typesupport_fastrtps_c__visibility_control.h
[2.539s] -- Up-to-date symlink: /home/nvidia/F1Tenth_WS/install/teleop_tools_msgs/lib/libteleop_tools_msgs__rosidl_typesupport_fastrtps_c.so
[2.542s] -- Up-to-date symlink: /home/nvidia/F1Tenth_WS/install/teleop_tools_msgs/include/teleop_tools_msgs/action/detail/increment__rosidl_typesupport_fastrtps_cpp.hpp
[2.543s] -- Up-to-date symlink: /home/nvidia/F1Tenth_WS/install/teleop_tools_msgs/include/teleop_tools_msgs/msg/rosidl_typesupport_fastrtps_cpp__visibility_control.h
[2.546s] -- Up-to-date symlink: /home/nvidia/F1Tenth_WS/install/teleop_tools_msgs/lib/libteleop_tools_msgs__rosidl_typesupport_fastrtps_cpp.so
[2.549s] -- Up-to-date symlink: /home/nvidia/F1Tenth_WS/install/teleop_tools_msgs/include/teleop_tools_msgs/action/detail/increment__rosidl_typesupport_introspection_c.h
[2.550s] -- Up-to-date symlink: /home/nvidia/F1Tenth_WS/install/teleop_tools_msgs/include/teleop_tools_msgs/msg/rosidl_typesupport_introspection_c__visibility_control.h
[2.553s] -- Up-to-date symlink: /home/nvidia/F1Tenth_WS/install/teleop_tools_msgs/include/teleop_tools_msgs/action/detail/increment__builder.hpp
[2.554s] -- Up-to-date symlink: /home/nvidia/F1Tenth_WS/install/teleop_tools_msgs/include/teleop_tools_msgs/action/detail/increment__struct.hpp
[2.555s] -- Up-to-date symlink: /home/nvidia/F1Tenth_WS/install/teleop_tools_msgs/include/teleop_tools_msgs/action/detail/increment__traits.hpp
[2.559s] -- Up-to-date symlink: /home/nvidia/F1Tenth_WS/install/teleop_tools_msgs/include/teleop_tools_msgs/action/detail/increment__type_support.hpp
[2.568s] -- Up-to-date symlink: /home/nvidia/F1Tenth_WS/install/teleop_tools_msgs/include/teleop_tools_msgs/action/increment.hpp
[2.569s] -- Up-to-date symlink: /home/nvidia/F1Tenth_WS/install/teleop_tools_msgs/include/teleop_tools_msgs/msg/rosidl_generator_cpp__visibility_control.hpp
[2.570s] -- Up-to-date symlink: /home/nvidia/F1Tenth_WS/install/teleop_tools_msgs/include/teleop_tools_msgs/action/detail/increment__rosidl_typesupport_introspection_cpp.hpp
[2.570s] -- Up-to-date symlink: /home/nvidia/F1Tenth_WS/install/teleop_tools_msgs/share/teleop_tools_msgs/environment/pythonpath.sh
[2.570s] -- Up-to-date symlink: /home/nvidia/F1Tenth_WS/install/teleop_tools_msgs/share/teleop_tools_msgs/environment/pythonpath.dsv
[2.571s] -- Up-to-date symlink: /home/nvidia/F1Tenth_WS/install/teleop_tools_msgs/lib/python3.8/site-packages/teleop_tools_msgs/__init__.py
[2.571s] -- Up-to-date symlink: /home/nvidia/F1Tenth_WS/install/teleop_tools_msgs/lib/python3.8/site-packages/teleop_tools_msgs/action/__init__.py
[2.572s] -- Up-to-date symlink: /home/nvidia/F1Tenth_WS/install/teleop_tools_msgs/lib/python3.8/site-packages/teleop_tools_msgs/action/_increment.py
[2.574s] -- Up-to-date symlink: /home/nvidia/F1Tenth_WS/install/teleop_tools_msgs/lib/python3.8/site-packages/teleop_tools_msgs/teleop_tools_msgs_s__rosidl_typesupport_fastrtps_c.cpython-38-aarch64-linux-gnu.so
[2.576s] -- Up-to-date symlink: /home/nvidia/F1Tenth_WS/install/teleop_tools_msgs/lib/python3.8/site-packages/teleop_tools_msgs/teleop_tools_msgs_s__rosidl_typesupport_introspection_c.cpython-38-aarch64-linux-gnu.so
[2.578s] -- Up-to-date symlink: /home/nvidia/F1Tenth_WS/install/teleop_tools_msgs/lib/python3.8/site-packages/teleop_tools_msgs/teleop_tools_msgs_s__rosidl_typesupport_c.cpython-38-aarch64-linux-gnu.so
[2.589s] -- Up-to-date symlink: /home/nvidia/F1Tenth_WS/install/teleop_tools_msgs/lib/libteleop_tools_msgs__python.so
[2.590s] -- Up-to-date symlink: /home/nvidia/F1Tenth_WS/install/teleop_tools_msgs/share/teleop_tools_msgs/action/Increment.idl
[2.590s] -- Up-to-date symlink: /home/nvidia/F1Tenth_WS/install/teleop_tools_msgs/share/teleop_tools_msgs/action/Increment.action
[2.591s] -- Up-to-date symlink: /home/nvidia/F1Tenth_WS/install/teleop_tools_msgs/share/ament_index/resource_index/package_run_dependencies/teleop_tools_msgs
[2.591s] -- Up-to-date symlink: /home/nvidia/F1Tenth_WS/install/teleop_tools_msgs/share/ament_index/resource_index/parent_prefix_path/teleop_tools_msgs
[2.593s] -- Up-to-date symlink: /home/nvidia/F1Tenth_WS/install/teleop_tools_msgs/share/teleop_tools_msgs/environment/ament_prefix_path.sh
[2.593s] -- Up-to-date symlink: /home/nvidia/F1Tenth_WS/install/teleop_tools_msgs/share/teleop_tools_msgs/environment/ament_prefix_path.dsv
[2.594s] -- Up-to-date symlink: /home/nvidia/F1Tenth_WS/install/teleop_tools_msgs/share/teleop_tools_msgs/environment/path.sh
[2.600s] -- Up-to-date symlink: /home/nvidia/F1Tenth_WS/install/teleop_tools_msgs/share/teleop_tools_msgs/environment/path.dsv
[2.601s] -- Up-to-date symlink: /home/nvidia/F1Tenth_WS/install/teleop_tools_msgs/share/teleop_tools_msgs/local_setup.bash
[2.601s] -- Up-to-date symlink: /home/nvidia/F1Tenth_WS/install/teleop_tools_msgs/share/teleop_tools_msgs/local_setup.sh
[2.601s] -- Up-to-date symlink: /home/nvidia/F1Tenth_WS/install/teleop_tools_msgs/share/teleop_tools_msgs/local_setup.zsh
[2.602s] -- Up-to-date symlink: /home/nvidia/F1Tenth_WS/install/teleop_tools_msgs/share/teleop_tools_msgs/local_setup.dsv
[2.602s] -- Symlinking: /home/nvidia/F1Tenth_WS/install/teleop_tools_msgs/share/teleop_tools_msgs/package.dsv
[2.668s] -- Up-to-date symlink: /home/nvidia/F1Tenth_WS/install/teleop_tools_msgs/share/ament_index/resource_index/packages/teleop_tools_msgs
[2.676s] -- Up-to-date symlink: /home/nvidia/F1Tenth_WS/install/teleop_tools_msgs/share/teleop_tools_msgs/cmake/rosidl_cmake-extras.cmake
[2.677s] -- Up-to-date symlink: /home/nvidia/F1Tenth_WS/install/teleop_tools_msgs/share/teleop_tools_msgs/cmake/ament_cmake_export_dependencies-extras.cmake
[2.677s] -- Up-to-date symlink: /home/nvidia/F1Tenth_WS/install/teleop_tools_msgs/share/teleop_tools_msgs/cmake/ament_cmake_export_libraries-extras.cmake
[2.677s] -- Up-to-date symlink: /home/nvidia/F1Tenth_WS/install/teleop_tools_msgs/share/teleop_tools_msgs/cmake/ament_cmake_export_targets-extras.cmake
[2.678s] -- Up-to-date symlink: /home/nvidia/F1Tenth_WS/install/teleop_tools_msgs/share/teleop_tools_msgs/cmake/ament_cmake_export_include_directories-extras.cmake
[2.678s] -- Up-to-date symlink: /home/nvidia/F1Tenth_WS/install/teleop_tools_msgs/share/teleop_tools_msgs/cmake/rosidl_cmake_export_typesupport_libraries-extras.cmake
[2.678s] -- Up-to-date symlink: /home/nvidia/F1Tenth_WS/install/teleop_tools_msgs/share/teleop_tools_msgs/cmake/rosidl_cmake_export_typesupport_targets-extras.cmake
[2.679s] -- Up-to-date symlink: /home/nvidia/F1Tenth_WS/install/teleop_tools_msgs/share/teleop_tools_msgs/cmake/teleop_tools_msgsConfig.cmake
[2.679s] -- Up-to-date symlink: /home/nvidia/F1Tenth_WS/install/teleop_tools_msgs/share/teleop_tools_msgs/cmake/teleop_tools_msgsConfig-version.cmake
[2.680s] -- Up-to-date symlink: /home/nvidia/F1Tenth_WS/install/teleop_tools_msgs/share/teleop_tools_msgs/package.xml
[2.680s] -- Up-to-date: /home/nvidia/F1Tenth_WS/install/teleop_tools_msgs/lib/libteleop_tools_msgs__rosidl_generator_c.so
[2.680s] -- Up-to-date: /home/nvidia/F1Tenth_WS/install/teleop_tools_msgs/lib/libteleop_tools_msgs__rosidl_typesupport_introspection_c.so
[2.681s] -- Up-to-date: /home/nvidia/F1Tenth_WS/install/teleop_tools_msgs/lib/libteleop_tools_msgs__rosidl_typesupport_c.so
[2.681s] -- Up-to-date: /home/nvidia/F1Tenth_WS/install/teleop_tools_msgs/lib/libteleop_tools_msgs__rosidl_typesupport_introspection_cpp.so
[2.681s] -- Up-to-date: /home/nvidia/F1Tenth_WS/install/teleop_tools_msgs/lib/libteleop_tools_msgs__rosidl_typesupport_cpp.so
[2.897s] -- Up-to-date: /home/nvidia/F1Tenth_WS/install/teleop_tools_msgs/share/teleop_tools_msgs/cmake/teleop_tools_msgs__rosidl_generator_cExport.cmake
[2.900s] -- Up-to-date: /home/nvidia/F1Tenth_WS/install/teleop_tools_msgs/share/teleop_tools_msgs/cmake/teleop_tools_msgs__rosidl_generator_cExport-noconfig.cmake
[2.900s] -- Up-to-date: /home/nvidia/F1Tenth_WS/install/teleop_tools_msgs/share/teleop_tools_msgs/cmake/teleop_tools_msgs__rosidl_typesupport_introspection_cExport.cmake
[2.901s] -- Up-to-date: /home/nvidia/F1Tenth_WS/install/teleop_tools_msgs/share/teleop_tools_msgs/cmake/teleop_tools_msgs__rosidl_typesupport_introspection_cExport-noconfig.cmake
[2.901s] -- Up-to-date: /home/nvidia/F1Tenth_WS/install/teleop_tools_msgs/share/teleop_tools_msgs/cmake/teleop_tools_msgs__rosidl_typesupport_cExport.cmake
[2.902s] -- Up-to-date: /home/nvidia/F1Tenth_WS/install/teleop_tools_msgs/share/teleop_tools_msgs/cmake/teleop_tools_msgs__rosidl_typesupport_cExport-noconfig.cmake
[2.903s] -- Up-to-date: /home/nvidia/F1Tenth_WS/install/teleop_tools_msgs/share/teleop_tools_msgs/cmake/teleop_tools_msgs__rosidl_generator_cppExport.cmake
[2.903s] -- Up-to-date: /home/nvidia/F1Tenth_WS/install/teleop_tools_msgs/share/teleop_tools_msgs/cmake/teleop_tools_msgs__rosidl_typesupport_introspection_cppExport.cmake
[2.904s] -- Up-to-date: /home/nvidia/F1Tenth_WS/install/teleop_tools_msgs/share/teleop_tools_msgs/cmake/teleop_tools_msgs__rosidl_typesupport_introspection_cppExport-noconfig.cmake
[2.904s] -- Up-to-date: /home/nvidia/F1Tenth_WS/install/teleop_tools_msgs/share/teleop_tools_msgs/cmake/teleop_tools_msgs__rosidl_typesupport_cppExport.cmake
[2.904s] -- Up-to-date: /home/nvidia/F1Tenth_WS/install/teleop_tools_msgs/share/teleop_tools_msgs/cmake/teleop_tools_msgs__rosidl_typesupport_cppExport-noconfig.cmake
[3.916s] Invoked command in '/home/nvidia/F1Tenth_WS/build/teleop_tools_msgs' returned '0': CMAKE_PREFIX_PATH=${CMAKE_PREFIX_PATH}:/home/nvidia/F1Tenth_WS/install/f1tenth_stack:/home/nvidia/F1Tenth_WS/install/joy_teleop:/home/nvidia/F1Tenth_WS/install/mouse_teleop:/home/nvidia/F1Tenth_WS/install/key_teleop:/opt/ros/foxy /usr/bin/cmake --install /home/nvidia/F1Tenth_WS/build/teleop_tools_msgs
