[0.252s] Invoking command in '/home/nvidia/F1Tenth_WS/build/vesc_msgs': CMAKE_PREFIX_PATH=${CMAKE_PREFIX_PATH}:/home/nvidia/F1Tenth_WS/install/f1tenth_stack:/home/nvidia/F1Tenth_WS/install/joy_teleop:/home/nvidia/F1Tenth_WS/install/mouse_teleop:/home/nvidia/F1Tenth_WS/install/key_teleop:/opt/ros/foxy /usr/bin/cmake --build /home/nvidia/F1Tenth_WS/build/vesc_msgs -- -j4 -l4
[0.612s] [  1%] Built target vesc_msgs__cpp
[0.652s] [ 12%] Built target vesc_msgs__rosidl_generator_c
[0.885s] [ 23%] Built target vesc_msgs__rosidl_typesupport_cpp
[0.997s] [ 34%] Built target vesc_msgs__rosidl_typesupport_c
[1.000s] [ 45%] Built target vesc_msgs__rosidl_typesupport_fastrtps_cpp
[1.011s] [ 56%] Built target vesc_msgs__rosidl_typesupport_introspection_cpp
[1.073s] [ 67%] Built target vesc_msgs__rosidl_typesupport_introspection_c
[1.164s] [ 78%] Built target vesc_msgs__rosidl_typesupport_fastrtps_c
[1.271s] [ 78%] Built target vesc_msgs
[1.377s] [ 80%] Built target vesc_msgs__py
[1.519s] [ 89%] Built target vesc_msgs__python
[1.702s] [ 92%] Built target vesc_msgs__rosidl_typesupport_c__pyext
[1.735s] [ 96%] Built target vesc_msgs__rosidl_typesupport_introspection_c__pyext
[1.778s] [100%] Built target vesc_msgs__rosidl_typesupport_fastrtps_c__pyext
[1.915s] Invoked command in '/home/nvidia/F1Tenth_WS/build/vesc_msgs' returned '0': CMAKE_PREFIX_PATH=${CMAKE_PREFIX_PATH}:/home/nvidia/F1Tenth_WS/install/f1tenth_stack:/home/nvidia/F1Tenth_WS/install/joy_teleop:/home/nvidia/F1Tenth_WS/install/mouse_teleop:/home/nvidia/F1Tenth_WS/install/key_teleop:/opt/ros/foxy /usr/bin/cmake --build /home/nvidia/F1Tenth_WS/build/vesc_msgs -- -j4 -l4
[2.748s] Invoking command in '/home/nvidia/F1Tenth_WS/build/vesc_msgs': CMAKE_PREFIX_PATH=${CMAKE_PREFIX_PATH}:/home/nvidia/F1Tenth_WS/install/f1tenth_stack:/home/nvidia/F1Tenth_WS/install/joy_teleop:/home/nvidia/F1Tenth_WS/install/mouse_teleop:/home/nvidia/F1Tenth_WS/install/key_teleop:/opt/ros/foxy /usr/bin/cmake --install /home/nvidia/F1Tenth_WS/build/vesc_msgs
[2.797s] -- Install configuration: ""
[2.800s] -- Execute custom install script
[2.809s] -- Up-to-date symlink: /home/nvidia/F1Tenth_WS/install/vesc_msgs/share/ament_index/resource_index/rosidl_interfaces/vesc_msgs
[2.810s] -- Up-to-date symlink: /home/nvidia/F1Tenth_WS/install/vesc_msgs/include/vesc_msgs/msg/detail/vesc_imu__functions.h
[2.810s] -- Up-to-date symlink: /home/nvidia/F1Tenth_WS/install/vesc_msgs/include/vesc_msgs/msg/detail/vesc_imu__struct.h
[2.814s] -- Up-to-date symlink: /home/nvidia/F1Tenth_WS/install/vesc_msgs/include/vesc_msgs/msg/detail/vesc_imu__type_support.h
[2.815s] -- Up-to-date symlink: /home/nvidia/F1Tenth_WS/install/vesc_msgs/include/vesc_msgs/msg/detail/vesc_imu_stamped__functions.h
[2.818s] -- Up-to-date symlink: /home/nvidia/F1Tenth_WS/install/vesc_msgs/include/vesc_msgs/msg/detail/vesc_imu_stamped__struct.h
[2.822s] -- Up-to-date symlink: /home/nvidia/F1Tenth_WS/install/vesc_msgs/include/vesc_msgs/msg/detail/vesc_imu_stamped__type_support.h
[2.823s] -- Up-to-date symlink: /home/nvidia/F1Tenth_WS/install/vesc_msgs/include/vesc_msgs/msg/detail/vesc_state__functions.h
[2.836s] -- Up-to-date symlink: /home/nvidia/F1Tenth_WS/install/vesc_msgs/include/vesc_msgs/msg/detail/vesc_state__struct.h
[2.837s] -- Up-to-date symlink: /home/nvidia/F1Tenth_WS/install/vesc_msgs/include/vesc_msgs/msg/detail/vesc_state__type_support.h
[2.839s] -- Up-to-date symlink: /home/nvidia/F1Tenth_WS/install/vesc_msgs/include/vesc_msgs/msg/detail/vesc_state_stamped__functions.h
[2.840s] -- Up-to-date symlink: /home/nvidia/F1Tenth_WS/install/vesc_msgs/include/vesc_msgs/msg/detail/vesc_state_stamped__struct.h
[2.842s] -- Up-to-date symlink: /home/nvidia/F1Tenth_WS/install/vesc_msgs/include/vesc_msgs/msg/detail/vesc_state_stamped__type_support.h
[2.843s] -- Up-to-date symlink: /home/nvidia/F1Tenth_WS/install/vesc_msgs/include/vesc_msgs/msg/rosidl_generator_c__visibility_control.h
[2.844s] -- Up-to-date symlink: /home/nvidia/F1Tenth_WS/install/vesc_msgs/include/vesc_msgs/msg/vesc_imu.h
[2.844s] -- Up-to-date symlink: /home/nvidia/F1Tenth_WS/install/vesc_msgs/include/vesc_msgs/msg/vesc_imu_stamped.h
[2.844s] -- Up-to-date symlink: /home/nvidia/F1Tenth_WS/install/vesc_msgs/include/vesc_msgs/msg/vesc_state.h
[2.845s] -- Up-to-date symlink: /home/nvidia/F1Tenth_WS/install/vesc_msgs/include/vesc_msgs/msg/vesc_state_stamped.h
[2.845s] -- Up-to-date symlink: /home/nvidia/F1Tenth_WS/install/vesc_msgs/share/vesc_msgs/environment/library_path.sh
[2.846s] -- Up-to-date symlink: /home/nvidia/F1Tenth_WS/install/vesc_msgs/share/vesc_msgs/environment/library_path.dsv
[2.852s] -- Up-to-date symlink: /home/nvidia/F1Tenth_WS/install/vesc_msgs/include/vesc_msgs/msg/detail/vesc_imu__rosidl_typesupport_fastrtps_c.h
[2.853s] -- Up-to-date symlink: /home/nvidia/F1Tenth_WS/install/vesc_msgs/include/vesc_msgs/msg/detail/vesc_imu_stamped__rosidl_typesupport_fastrtps_c.h
[2.855s] -- Up-to-date symlink: /home/nvidia/F1Tenth_WS/install/vesc_msgs/include/vesc_msgs/msg/detail/vesc_state__rosidl_typesupport_fastrtps_c.h
[2.868s] -- Up-to-date symlink: /home/nvidia/F1Tenth_WS/install/vesc_msgs/include/vesc_msgs/msg/detail/vesc_state_stamped__rosidl_typesupport_fastrtps_c.h
[2.869s] -- Up-to-date symlink: /home/nvidia/F1Tenth_WS/install/vesc_msgs/include/vesc_msgs/msg/rosidl_typesupport_fastrtps_c__visibility_control.h
[2.870s] -- Up-to-date symlink: /home/nvidia/F1Tenth_WS/install/vesc_msgs/lib/libvesc_msgs__rosidl_typesupport_fastrtps_c.so
[2.873s] -- Up-to-date symlink: /home/nvidia/F1Tenth_WS/install/vesc_msgs/include/vesc_msgs/msg/detail/vesc_imu__rosidl_typesupport_fastrtps_cpp.hpp
[2.875s] -- Up-to-date symlink: /home/nvidia/F1Tenth_WS/install/vesc_msgs/include/vesc_msgs/msg/detail/vesc_imu_stamped__rosidl_typesupport_fastrtps_cpp.hpp
[2.876s] -- Up-to-date symlink: /home/nvidia/F1Tenth_WS/install/vesc_msgs/include/vesc_msgs/msg/detail/vesc_state__rosidl_typesupport_fastrtps_cpp.hpp
[2.884s] -- Up-to-date symlink: /home/nvidia/F1Tenth_WS/install/vesc_msgs/include/vesc_msgs/msg/detail/vesc_state_stamped__rosidl_typesupport_fastrtps_cpp.hpp
[2.889s] -- Up-to-date symlink: /home/nvidia/F1Tenth_WS/install/vesc_msgs/include/vesc_msgs/msg/rosidl_typesupport_fastrtps_cpp__visibility_control.h
[2.890s] -- Up-to-date symlink: /home/nvidia/F1Tenth_WS/install/vesc_msgs/lib/libvesc_msgs__rosidl_typesupport_fastrtps_cpp.so
[2.890s] -- Up-to-date symlink: /home/nvidia/F1Tenth_WS/install/vesc_msgs/include/vesc_msgs/msg/detail/vesc_imu__rosidl_typesupport_introspection_c.h
[2.891s] -- Up-to-date symlink: /home/nvidia/F1Tenth_WS/install/vesc_msgs/include/vesc_msgs/msg/detail/vesc_imu_stamped__rosidl_typesupport_introspection_c.h
[2.892s] -- Up-to-date symlink: /home/nvidia/F1Tenth_WS/install/vesc_msgs/include/vesc_msgs/msg/detail/vesc_state__rosidl_typesupport_introspection_c.h
[2.894s] -- Up-to-date symlink: /home/nvidia/F1Tenth_WS/install/vesc_msgs/include/vesc_msgs/msg/detail/vesc_state_stamped__rosidl_typesupport_introspection_c.h
[2.895s] -- Up-to-date symlink: /home/nvidia/F1Tenth_WS/install/vesc_msgs/include/vesc_msgs/msg/rosidl_typesupport_introspection_c__visibility_control.h
[2.901s] -- Up-to-date symlink: /home/nvidia/F1Tenth_WS/install/vesc_msgs/include/vesc_msgs/msg/detail/vesc_imu__builder.hpp
[2.906s] -- Up-to-date symlink: /home/nvidia/F1Tenth_WS/install/vesc_msgs/include/vesc_msgs/msg/detail/vesc_imu__struct.hpp
[2.909s] -- Up-to-date symlink: /home/nvidia/F1Tenth_WS/install/vesc_msgs/include/vesc_msgs/msg/detail/vesc_imu__traits.hpp
[2.911s] -- Up-to-date symlink: /home/nvidia/F1Tenth_WS/install/vesc_msgs/include/vesc_msgs/msg/detail/vesc_imu__type_support.hpp
[2.913s] -- Up-to-date symlink: /home/nvidia/F1Tenth_WS/install/vesc_msgs/include/vesc_msgs/msg/detail/vesc_imu_stamped__builder.hpp
[2.917s] -- Up-to-date symlink: /home/nvidia/F1Tenth_WS/install/vesc_msgs/include/vesc_msgs/msg/detail/vesc_imu_stamped__struct.hpp
[2.918s] -- Up-to-date symlink: /home/nvidia/F1Tenth_WS/install/vesc_msgs/include/vesc_msgs/msg/detail/vesc_imu_stamped__traits.hpp
[2.921s] -- Up-to-date symlink: /home/nvidia/F1Tenth_WS/install/vesc_msgs/include/vesc_msgs/msg/detail/vesc_imu_stamped__type_support.hpp
[2.921s] -- Up-to-date symlink: /home/nvidia/F1Tenth_WS/install/vesc_msgs/include/vesc_msgs/msg/detail/vesc_state__builder.hpp
[2.926s] -- Up-to-date symlink: /home/nvidia/F1Tenth_WS/install/vesc_msgs/include/vesc_msgs/msg/detail/vesc_state__struct.hpp
[2.928s] -- Up-to-date symlink: /home/nvidia/F1Tenth_WS/install/vesc_msgs/include/vesc_msgs/msg/detail/vesc_state__traits.hpp
[2.930s] -- Up-to-date symlink: /home/nvidia/F1Tenth_WS/install/vesc_msgs/include/vesc_msgs/msg/detail/vesc_state__type_support.hpp
[2.931s] -- Up-to-date symlink: /home/nvidia/F1Tenth_WS/install/vesc_msgs/include/vesc_msgs/msg/detail/vesc_state_stamped__builder.hpp
[2.932s] -- Up-to-date symlink: /home/nvidia/F1Tenth_WS/install/vesc_msgs/include/vesc_msgs/msg/detail/vesc_state_stamped__struct.hpp
[2.934s] -- Up-to-date symlink: /home/nvidia/F1Tenth_WS/install/vesc_msgs/include/vesc_msgs/msg/detail/vesc_state_stamped__traits.hpp
[2.935s] -- Up-to-date symlink: /home/nvidia/F1Tenth_WS/install/vesc_msgs/include/vesc_msgs/msg/detail/vesc_state_stamped__type_support.hpp
[2.937s] -- Up-to-date symlink: /home/nvidia/F1Tenth_WS/install/vesc_msgs/include/vesc_msgs/msg/rosidl_generator_cpp__visibility_control.hpp
[2.938s] -- Up-to-date symlink: /home/nvidia/F1Tenth_WS/install/vesc_msgs/include/vesc_msgs/msg/vesc_imu.hpp
[2.939s] -- Up-to-date symlink: /home/nvidia/F1Tenth_WS/install/vesc_msgs/include/vesc_msgs/msg/vesc_imu_stamped.hpp
[2.939s] -- Up-to-date symlink: /home/nvidia/F1Tenth_WS/install/vesc_msgs/include/vesc_msgs/msg/vesc_state.hpp
[2.953s] -- Up-to-date symlink: /home/nvidia/F1Tenth_WS/install/vesc_msgs/include/vesc_msgs/msg/vesc_state_stamped.hpp
[2.954s] -- Up-to-date symlink: /home/nvidia/F1Tenth_WS/install/vesc_msgs/include/vesc_msgs/msg/detail/vesc_imu__rosidl_typesupport_introspection_cpp.hpp
[2.955s] -- Up-to-date symlink: /home/nvidia/F1Tenth_WS/install/vesc_msgs/include/vesc_msgs/msg/detail/vesc_imu_stamped__rosidl_typesupport_introspection_cpp.hpp
[2.955s] -- Up-to-date symlink: /home/nvidia/F1Tenth_WS/install/vesc_msgs/include/vesc_msgs/msg/detail/vesc_state__rosidl_typesupport_introspection_cpp.hpp
[2.955s] -- Up-to-date symlink: /home/nvidia/F1Tenth_WS/install/vesc_msgs/include/vesc_msgs/msg/detail/vesc_state_stamped__rosidl_typesupport_introspection_cpp.hpp
[2.956s] -- Up-to-date symlink: /home/nvidia/F1Tenth_WS/install/vesc_msgs/share/vesc_msgs/environment/pythonpath.sh
[2.972s] -- Up-to-date symlink: /home/nvidia/F1Tenth_WS/install/vesc_msgs/share/vesc_msgs/environment/pythonpath.dsv
[2.982s] -- Up-to-date symlink: /home/nvidia/F1Tenth_WS/install/vesc_msgs/lib/python3.8/site-packages/vesc_msgs/__init__.py
[2.985s] -- Up-to-date symlink: /home/nvidia/F1Tenth_WS/install/vesc_msgs/lib/python3.8/site-packages/vesc_msgs/msg/__init__.py
[2.999s] -- Up-to-date symlink: /home/nvidia/F1Tenth_WS/install/vesc_msgs/lib/python3.8/site-packages/vesc_msgs/msg/_vesc_imu.py
[2.999s] -- Up-to-date symlink: /home/nvidia/F1Tenth_WS/install/vesc_msgs/lib/python3.8/site-packages/vesc_msgs/msg/_vesc_imu_stamped.py
[2.999s] -- Up-to-date symlink: /home/nvidia/F1Tenth_WS/install/vesc_msgs/lib/python3.8/site-packages/vesc_msgs/msg/_vesc_state.py
[3.000s] -- Up-to-date symlink: /home/nvidia/F1Tenth_WS/install/vesc_msgs/lib/python3.8/site-packages/vesc_msgs/msg/_vesc_state_stamped.py
[3.001s] -- Up-to-date symlink: /home/nvidia/F1Tenth_WS/install/vesc_msgs/lib/python3.8/site-packages/vesc_msgs/vesc_msgs_s__rosidl_typesupport_fastrtps_c.cpython-38-aarch64-linux-gnu.so
[3.001s] -- Up-to-date symlink: /home/nvidia/F1Tenth_WS/install/vesc_msgs/lib/python3.8/site-packages/vesc_msgs/vesc_msgs_s__rosidl_typesupport_introspection_c.cpython-38-aarch64-linux-gnu.so
[3.008s] -- Up-to-date symlink: /home/nvidia/F1Tenth_WS/install/vesc_msgs/lib/python3.8/site-packages/vesc_msgs/vesc_msgs_s__rosidl_typesupport_c.cpython-38-aarch64-linux-gnu.so
[3.008s] -- Up-to-date symlink: /home/nvidia/F1Tenth_WS/install/vesc_msgs/lib/libvesc_msgs__python.so
[3.009s] -- Up-to-date symlink: /home/nvidia/F1Tenth_WS/install/vesc_msgs/share/vesc_msgs/msg/VescState.idl
[3.014s] -- Up-to-date symlink: /home/nvidia/F1Tenth_WS/install/vesc_msgs/share/vesc_msgs/msg/VescStateStamped.idl
[3.015s] -- Up-to-date symlink: /home/nvidia/F1Tenth_WS/install/vesc_msgs/share/vesc_msgs/msg/VescImu.idl
[3.015s] -- Up-to-date symlink: /home/nvidia/F1Tenth_WS/install/vesc_msgs/share/vesc_msgs/msg/VescImuStamped.idl
[3.015s] -- Up-to-date symlink: /home/nvidia/F1Tenth_WS/install/vesc_msgs/share/vesc_msgs/msg/VescState.msg
[3.016s] -- Up-to-date symlink: /home/nvidia/F1Tenth_WS/install/vesc_msgs/share/vesc_msgs/msg/VescStateStamped.msg
[3.017s] -- Up-to-date symlink: /home/nvidia/F1Tenth_WS/install/vesc_msgs/share/vesc_msgs/msg/VescImu.msg
[3.018s] -- Up-to-date symlink: /home/nvidia/F1Tenth_WS/install/vesc_msgs/share/vesc_msgs/msg/VescImuStamped.msg
[3.022s] -- Up-to-date symlink: /home/nvidia/F1Tenth_WS/install/vesc_msgs/share/ament_index/resource_index/package_run_dependencies/vesc_msgs
[3.023s] -- Up-to-date symlink: /home/nvidia/F1Tenth_WS/install/vesc_msgs/share/ament_index/resource_index/parent_prefix_path/vesc_msgs
[3.030s] -- Up-to-date symlink: /home/nvidia/F1Tenth_WS/install/vesc_msgs/share/vesc_msgs/environment/ament_prefix_path.sh
[3.030s] -- Up-to-date symlink: /home/nvidia/F1Tenth_WS/install/vesc_msgs/share/vesc_msgs/environment/ament_prefix_path.dsv
[3.031s] -- Up-to-date symlink: /home/nvidia/F1Tenth_WS/install/vesc_msgs/share/vesc_msgs/environment/path.sh
[3.031s] -- Up-to-date symlink: /home/nvidia/F1Tenth_WS/install/vesc_msgs/share/vesc_msgs/environment/path.dsv
[3.031s] -- Up-to-date symlink: /home/nvidia/F1Tenth_WS/install/vesc_msgs/share/vesc_msgs/local_setup.bash
[3.032s] -- Up-to-date symlink: /home/nvidia/F1Tenth_WS/install/vesc_msgs/share/vesc_msgs/local_setup.sh
[3.034s] -- Up-to-date symlink: /home/nvidia/F1Tenth_WS/install/vesc_msgs/share/vesc_msgs/local_setup.zsh
[3.035s] -- Up-to-date symlink: /home/nvidia/F1Tenth_WS/install/vesc_msgs/share/vesc_msgs/local_setup.dsv
[3.037s] -- Symlinking: /home/nvidia/F1Tenth_WS/install/vesc_msgs/share/vesc_msgs/package.dsv
[3.100s] -- Up-to-date symlink: /home/nvidia/F1Tenth_WS/install/vesc_msgs/share/ament_index/resource_index/packages/vesc_msgs
[3.101s] -- Up-to-date symlink: /home/nvidia/F1Tenth_WS/install/vesc_msgs/share/vesc_msgs/cmake/rosidl_cmake-extras.cmake
[3.102s] -- Up-to-date symlink: /home/nvidia/F1Tenth_WS/install/vesc_msgs/share/vesc_msgs/cmake/ament_cmake_export_dependencies-extras.cmake
[3.103s] -- Up-to-date symlink: /home/nvidia/F1Tenth_WS/install/vesc_msgs/share/vesc_msgs/cmake/ament_cmake_export_libraries-extras.cmake
[3.103s] -- Up-to-date symlink: /home/nvidia/F1Tenth_WS/install/vesc_msgs/share/vesc_msgs/cmake/ament_cmake_export_targets-extras.cmake
[3.104s] -- Up-to-date symlink: /home/nvidia/F1Tenth_WS/install/vesc_msgs/share/vesc_msgs/cmake/ament_cmake_export_include_directories-extras.cmake
[3.104s] -- Up-to-date symlink: /home/nvidia/F1Tenth_WS/install/vesc_msgs/share/vesc_msgs/cmake/rosidl_cmake_export_typesupport_libraries-extras.cmake
[3.105s] -- Up-to-date symlink: /home/nvidia/F1Tenth_WS/install/vesc_msgs/share/vesc_msgs/cmake/rosidl_cmake_export_typesupport_targets-extras.cmake
[3.106s] -- Up-to-date symlink: /home/nvidia/F1Tenth_WS/install/vesc_msgs/share/vesc_msgs/cmake/vesc_msgsConfig.cmake
[3.107s] -- Up-to-date symlink: /home/nvidia/F1Tenth_WS/install/vesc_msgs/share/vesc_msgs/cmake/vesc_msgsConfig-version.cmake
[3.109s] -- Up-to-date symlink: /home/nvidia/F1Tenth_WS/install/vesc_msgs/share/vesc_msgs/package.xml
[3.111s] -- Up-to-date: /home/nvidia/F1Tenth_WS/install/vesc_msgs/lib/libvesc_msgs__rosidl_generator_c.so
[3.113s] -- Up-to-date: /home/nvidia/F1Tenth_WS/install/vesc_msgs/lib/libvesc_msgs__rosidl_typesupport_introspection_c.so
[3.116s] -- Up-to-date: /home/nvidia/F1Tenth_WS/install/vesc_msgs/lib/libvesc_msgs__rosidl_typesupport_c.so
[3.119s] -- Up-to-date: /home/nvidia/F1Tenth_WS/install/vesc_msgs/lib/libvesc_msgs__rosidl_typesupport_introspection_cpp.so
[3.125s] -- Up-to-date: /home/nvidia/F1Tenth_WS/install/vesc_msgs/lib/libvesc_msgs__rosidl_typesupport_cpp.so
[3.331s] -- Up-to-date: /home/nvidia/F1Tenth_WS/install/vesc_msgs/share/vesc_msgs/cmake/vesc_msgs__rosidl_generator_cExport.cmake
[3.333s] -- Up-to-date: /home/nvidia/F1Tenth_WS/install/vesc_msgs/share/vesc_msgs/cmake/vesc_msgs__rosidl_generator_cExport-noconfig.cmake
[3.335s] -- Up-to-date: /home/nvidia/F1Tenth_WS/install/vesc_msgs/share/vesc_msgs/cmake/vesc_msgs__rosidl_typesupport_introspection_cExport.cmake
[3.337s] -- Up-to-date: /home/nvidia/F1Tenth_WS/install/vesc_msgs/share/vesc_msgs/cmake/vesc_msgs__rosidl_typesupport_introspection_cExport-noconfig.cmake
[3.339s] -- Up-to-date: /home/nvidia/F1Tenth_WS/install/vesc_msgs/share/vesc_msgs/cmake/vesc_msgs__rosidl_typesupport_cExport.cmake
[3.340s] -- Up-to-date: /home/nvidia/F1Tenth_WS/install/vesc_msgs/share/vesc_msgs/cmake/vesc_msgs__rosidl_typesupport_cExport-noconfig.cmake
[3.341s] -- Up-to-date: /home/nvidia/F1Tenth_WS/install/vesc_msgs/share/vesc_msgs/cmake/vesc_msgs__rosidl_generator_cppExport.cmake
[3.343s] -- Up-to-date: /home/nvidia/F1Tenth_WS/install/vesc_msgs/share/vesc_msgs/cmake/vesc_msgs__rosidl_typesupport_introspection_cppExport.cmake
[3.344s] -- Up-to-date: /home/nvidia/F1Tenth_WS/install/vesc_msgs/share/vesc_msgs/cmake/vesc_msgs__rosidl_typesupport_introspection_cppExport-noconfig.cmake
[3.346s] -- Up-to-date: /home/nvidia/F1Tenth_WS/install/vesc_msgs/share/vesc_msgs/cmake/vesc_msgs__rosidl_typesupport_cppExport.cmake
[3.348s] -- Up-to-date: /home/nvidia/F1Tenth_WS/install/vesc_msgs/share/vesc_msgs/cmake/vesc_msgs__rosidl_typesupport_cppExport-noconfig.cmake
[4.483s] Invoked command in '/home/nvidia/F1Tenth_WS/build/vesc_msgs' returned '0': CMAKE_PREFIX_PATH=${CMAKE_PREFIX_PATH}:/home/nvidia/F1Tenth_WS/install/f1tenth_stack:/home/nvidia/F1Tenth_WS/install/joy_teleop:/home/nvidia/F1Tenth_WS/install/mouse_teleop:/home/nvidia/F1Tenth_WS/install/key_teleop:/opt/ros/foxy /usr/bin/cmake --install /home/nvidia/F1Tenth_WS/build/vesc_msgs
