[0.218s] Invoking command in '/sim_ws/build/safety_node': CMAKE_PREFIX_PATH=${CMAKE_PREFIX_PATH}:/sim_ws/install/f1tenth_gym_ros:/opt/ros/foxy /usr/bin/cmake --build /sim_ws/build/safety_node -- -j12 -l12
[0.305s] [35m[1mScanning dependencies of target safety_node[0m
[0.350s] [ 50%] [32mBuilding CXX object CMakeFiles/safety_node.dir/src/safety_node.cpp.o[0m
[2.049s] [01m[K/sim_ws/src/safety_node/src/safety_node.cpp:[m[K In member function ‘[01m[Kvoid Safety::scan_callback(sensor_msgs::msg::LaserScan_<std::allocator<void> >::ConstSharedPtr)[m[K’:
[2.049s] [01m[K/sim_ws/src/safety_node/src/safety_node.cpp:85:20:[m[K [01;35m[Kwarning: [m[Kunused variable ‘[01m[KR[m[K’ [[01;35m[K-Wunused-variable[m[K]
[2.049s]    85 |             double [01;35m[KR[m[K = speed / angular;
[2.049s]       |                    [01;35m[K^[m[K
[7.617s] [100%] [32m[1mLinking CXX executable safety_node[0m
[7.966s] [100%] Built target safety_node
[7.981s] Invoked command in '/sim_ws/build/safety_node' returned '0': CMAKE_PREFIX_PATH=${CMAKE_PREFIX_PATH}:/sim_ws/install/f1tenth_gym_ros:/opt/ros/foxy /usr/bin/cmake --build /sim_ws/build/safety_node -- -j12 -l12
[8.014s] Invoking command in '/sim_ws/build/safety_node': CMAKE_PREFIX_PATH=${CMAKE_PREFIX_PATH}:/sim_ws/install/f1tenth_gym_ros:/opt/ros/foxy /usr/bin/cmake --install /sim_ws/build/safety_node
[8.022s] -- Install configuration: ""
[8.023s] -- Execute custom install script
[8.024s] -- Up-to-date symlink: /sim_ws/install/safety_node/lib/safety_node/safety_node
[8.024s] -- Up-to-date symlink: /sim_ws/install/safety_node/share/safety_node/environment/pythonpath.sh
[8.025s] -- Up-to-date symlink: /sim_ws/install/safety_node/share/safety_node/environment/pythonpath.dsv
[8.026s] -- Up-to-date symlink: /sim_ws/install/safety_node/lib/python3.8/site-packages/safety_node/__init__.py
[8.026s] -- Up-to-date symlink: /sim_ws/install/safety_node/lib/safety_node/safety_node.py
[8.026s] -- Up-to-date symlink: /sim_ws/install/safety_node/share/ament_index/resource_index/package_run_dependencies/safety_node
[8.027s] -- Up-to-date symlink: /sim_ws/install/safety_node/share/ament_index/resource_index/parent_prefix_path/safety_node
[8.027s] -- Up-to-date symlink: /sim_ws/install/safety_node/share/safety_node/environment/ament_prefix_path.sh
[8.027s] -- Up-to-date symlink: /sim_ws/install/safety_node/share/safety_node/environment/ament_prefix_path.dsv
[8.028s] -- Up-to-date symlink: /sim_ws/install/safety_node/share/safety_node/environment/path.sh
[8.028s] -- Up-to-date symlink: /sim_ws/install/safety_node/share/safety_node/environment/path.dsv
[8.028s] -- Up-to-date symlink: /sim_ws/install/safety_node/share/safety_node/local_setup.bash
[8.028s] -- Up-to-date symlink: /sim_ws/install/safety_node/share/safety_node/local_setup.sh
[8.029s] -- Up-to-date symlink: /sim_ws/install/safety_node/share/safety_node/local_setup.zsh
[8.029s] -- Up-to-date symlink: /sim_ws/install/safety_node/share/safety_node/local_setup.dsv
[8.029s] -- Symlinking: /sim_ws/install/safety_node/share/safety_node/package.dsv
[8.041s] -- Up-to-date symlink: /sim_ws/install/safety_node/share/ament_index/resource_index/packages/safety_node
[8.041s] -- Up-to-date symlink: /sim_ws/install/safety_node/share/safety_node/cmake/safety_nodeConfig.cmake
[8.041s] -- Up-to-date symlink: /sim_ws/install/safety_node/share/safety_node/cmake/safety_nodeConfig-version.cmake
[8.042s] -- Up-to-date symlink: /sim_ws/install/safety_node/share/safety_node/package.xml
[8.084s] Listing '/sim_ws/install/safety_node/lib/python3.8/site-packages/safety_node'...
[8.093s] Invoked command in '/sim_ws/build/safety_node' returned '0': CMAKE_PREFIX_PATH=${CMAKE_PREFIX_PATH}:/sim_ws/install/f1tenth_gym_ros:/opt/ros/foxy /usr/bin/cmake --install /sim_ws/build/safety_node
