[0.134s] Invoking command in '/home/nvidia/F1Tenth_WS/build/safety_node': CMAKE_PREFIX_PATH=${CMAKE_PREFIX_PATH}:/home/nvidia/F1Tenth_WS/install/f1tenth_stack:/home/nvidia/F1Tenth_WS/install/joy_teleop:/home/nvidia/F1Tenth_WS/install/mouse_teleop:/home/nvidia/F1Tenth_WS/install/key_teleop:/opt/ros/foxy /usr/bin/cmake --build /home/nvidia/F1Tenth_WS/build/safety_node -- -j4 -l4
[0.565s] [100%] Built target safety_node
[0.960s] Invoked command in '/home/nvidia/F1Tenth_WS/build/safety_node' returned '0': CMAKE_PREFIX_PATH=${CMAKE_PREFIX_PATH}:/home/nvidia/F1Tenth_WS/install/f1tenth_stack:/home/nvidia/F1Tenth_WS/install/joy_teleop:/home/nvidia/F1Tenth_WS/install/mouse_teleop:/home/nvidia/F1Tenth_WS/install/key_teleop:/opt/ros/foxy /usr/bin/cmake --build /home/nvidia/F1Tenth_WS/build/safety_node -- -j4 -l4
[1.161s] Invoking command in '/home/nvidia/F1Tenth_WS/build/safety_node': CMAKE_PREFIX_PATH=${CMAKE_PREFIX_PATH}:/home/nvidia/F1Tenth_WS/install/f1tenth_stack:/home/nvidia/F1Tenth_WS/install/joy_teleop:/home/nvidia/F1Tenth_WS/install/mouse_teleop:/home/nvidia/F1Tenth_WS/install/key_teleop:/opt/ros/foxy /usr/bin/cmake --install /home/nvidia/F1Tenth_WS/build/safety_node
[1.227s] -- Install configuration: ""
[1.228s] -- Execute custom install script
[1.230s] -- Up-to-date symlink: /home/nvidia/F1Tenth_WS/install/safety_node/share/safety_node/config/params.yaml
[1.238s] -- Up-to-date symlink: /home/nvidia/F1Tenth_WS/install/safety_node/share/safety_node/launch/safety_node_launch.py
[1.240s] -- Up-to-date symlink: /home/nvidia/F1Tenth_WS/install/safety_node/lib/safety_node/safety_node
[1.243s] -- Up-to-date symlink: /home/nvidia/F1Tenth_WS/install/safety_node/share/safety_node/environment/pythonpath.sh
[1.245s] -- Up-to-date symlink: /home/nvidia/F1Tenth_WS/install/safety_node/share/safety_node/environment/pythonpath.dsv
[1.250s] -- Up-to-date symlink: /home/nvidia/F1Tenth_WS/install/safety_node/lib/python3.8/site-packages/safety_node/__init__.py
[1.251s] -- Up-to-date symlink: /home/nvidia/F1Tenth_WS/install/safety_node/lib/safety_node/safety_node.py
[1.254s] -- Up-to-date symlink: /home/nvidia/F1Tenth_WS/install/safety_node/share/ament_index/resource_index/package_run_dependencies/safety_node
[1.257s] -- Up-to-date symlink: /home/nvidia/F1Tenth_WS/install/safety_node/share/ament_index/resource_index/parent_prefix_path/safety_node
[1.260s] -- Up-to-date symlink: /home/nvidia/F1Tenth_WS/install/safety_node/share/safety_node/environment/ament_prefix_path.sh
[1.263s] -- Up-to-date symlink: /home/nvidia/F1Tenth_WS/install/safety_node/share/safety_node/environment/ament_prefix_path.dsv
[1.264s] -- Up-to-date symlink: /home/nvidia/F1Tenth_WS/install/safety_node/share/safety_node/environment/path.sh
[1.266s] -- Up-to-date symlink: /home/nvidia/F1Tenth_WS/install/safety_node/share/safety_node/environment/path.dsv
[1.268s] -- Up-to-date symlink: /home/nvidia/F1Tenth_WS/install/safety_node/share/safety_node/local_setup.bash
[1.276s] -- Up-to-date symlink: /home/nvidia/F1Tenth_WS/install/safety_node/share/safety_node/local_setup.sh
[1.300s] -- Up-to-date symlink: /home/nvidia/F1Tenth_WS/install/safety_node/share/safety_node/local_setup.zsh
[1.302s] -- Up-to-date symlink: /home/nvidia/F1Tenth_WS/install/safety_node/share/safety_node/local_setup.dsv
[1.314s] -- Symlinking: /home/nvidia/F1Tenth_WS/install/safety_node/share/safety_node/package.dsv
[1.370s] -- Up-to-date symlink: /home/nvidia/F1Tenth_WS/install/safety_node/share/ament_index/resource_index/packages/safety_node
[1.373s] -- Up-to-date symlink: /home/nvidia/F1Tenth_WS/install/safety_node/share/safety_node/cmake/safety_nodeConfig.cmake
[1.374s] -- Up-to-date symlink: /home/nvidia/F1Tenth_WS/install/safety_node/share/safety_node/cmake/safety_nodeConfig-version.cmake
[1.376s] -- Up-to-date symlink: /home/nvidia/F1Tenth_WS/install/safety_node/share/safety_node/package.xml
[1.588s] Listing '/home/nvidia/F1Tenth_WS/install/safety_node/lib/python3.8/site-packages/safety_node'...
[1.635s] Invoked command in '/home/nvidia/F1Tenth_WS/build/safety_node' returned '0': CMAKE_PREFIX_PATH=${CMAKE_PREFIX_PATH}:/home/nvidia/F1Tenth_WS/install/f1tenth_stack:/home/nvidia/F1Tenth_WS/install/joy_teleop:/home/nvidia/F1Tenth_WS/install/mouse_teleop:/home/nvidia/F1Tenth_WS/install/key_teleop:/opt/ros/foxy /usr/bin/cmake --install /home/nvidia/F1Tenth_WS/build/safety_node
