[0.181s] Invoking command in '/sim_ws/build/wall_follow': /usr/bin/cmake /sim_ws/src/wall_follow -DAMENT_CMAKE_SYMLINK_INSTALL=1 -DCMAKE_INSTALL_PREFIX=/sim_ws/install/wall_follow
[0.195s] CMake Error at CMakeLists.txt:25 (find_package):
[0.195s]   By not providing "Findament_cmake.cmake" in CMAKE_MODULE_PATH this project
[0.196s]   has asked CMake to find a package configuration file provided by
[0.196s]   "ament_cmake", but CMake did not find one.
[0.196s] 
[0.196s]   Could not find a package configuration file provided by "ament_cmake" with
[0.196s]   any of the following names:
[0.196s] 
[0.196s]     ament_cmakeConfig.cmake
[0.196s]     ament_cmake-config.cmake
[0.196s] 
[0.196s]   Add the installation prefix of "ament_cmake" to CMAKE_PREFIX_PATH or set
[0.196s]   "ament_cmake_DIR" to a directory containing one of the above files.  If
[0.197s]   "ament_cmake" provides a separate development package or SDK, be sure it
[0.197s]   has been installed.
[0.199s] 
[0.199s] 
[0.202s] -- Configuring incomplete, errors occurred!
[0.203s] See also "/sim_ws/build/wall_follow/CMakeFiles/CMakeOutput.log".
[0.203s] Invoked command in '/sim_ws/build/wall_follow' returned '1': /usr/bin/cmake /sim_ws/src/wall_follow -DAMENT_CMAKE_SYMLINK_INSTALL=1 -DCMAKE_INSTALL_PREFIX=/sim_ws/install/wall_follow
