[0.117s] Invoking command in '/home/nvidia/F1Tenth_WS/build/wall_follow': CMAKE_PREFIX_PATH=${CMAKE_PREFIX_PATH}:/home/nvidia/F1Tenth_WS/install/f1tenth_stack:/home/nvidia/F1Tenth_WS/install/joy_teleop:/home/nvidia/F1Tenth_WS/install/mouse_teleop:/home/nvidia/F1Tenth_WS/install/key_teleop:/opt/ros/foxy /usr/bin/cmake /home/nvidia/F1Tenth_WS/src/wall_follow -DAMENT_CMAKE_SYMLINK_INSTALL=1 -DCMAKE_INSTALL_PREFIX=/home/nvidia/F1Tenth_WS/install/wall_follow
[0.502s] -- The C compiler identification is GNU 9.4.0
[0.908s] -- The CXX compiler identification is GNU 9.4.0
[0.979s] -- Check for working C compiler: /usr/bin/cc
[1.856s] -- Check for working C compiler: /usr/bin/cc -- works
[1.862s] -- Detecting C compiler ABI info
[2.630s] -- Detecting C compiler ABI info - done
[2.689s] -- Detecting C compile features
[2.691s] -- Detecting C compile features - done
[2.711s] -- Check for working CXX compiler: /usr/bin/c++
[3.611s] -- Check for working CXX compiler: /usr/bin/c++ -- works
[3.617s] -- Detecting CXX compiler ABI info
[4.548s] -- Detecting CXX compiler ABI info - done
[4.613s] -- Detecting CXX compile features
[4.615s] -- Detecting CXX compile features - done
[4.634s] -- Found ament_cmake: 0.9.12 (/opt/ros/foxy/share/ament_cmake/cmake)
[4.855s] -- Found PythonInterp: /usr/bin/python3 (found suitable version "3.8.10", minimum required is "3") 
[4.856s] -- Using PYTHON_EXECUTABLE: /usr/bin/python3
[5.862s] -- Override CMake install command with custom implementation using symlinks instead of copying resources
[6.005s] -- Found rclcpp: 2.4.3 (/opt/ros/foxy/share/rclcpp/cmake)
[6.242s] -- Using all available rosidl_typesupport_c: rosidl_typesupport_fastrtps_c;rosidl_typesupport_introspection_c
[6.281s] -- Found rosidl_adapter: 1.3.1 (/opt/ros/foxy/share/rosidl_adapter/cmake)
[6.962s] -- Found OpenSSL: /usr/lib/aarch64-linux-gnu/libcrypto.so (found version "1.1.1f")  
[7.134s] -- Found FastRTPS: /opt/ros/foxy/include  
[7.582s] -- Using all available rosidl_typesupport_cpp: rosidl_typesupport_fastrtps_cpp;rosidl_typesupport_introspection_cpp
[7.862s] -- Found rmw_implementation_cmake: 1.0.4 (/opt/ros/foxy/share/rmw_implementation_cmake/cmake)
[7.872s] -- Using RMW implementation 'rmw_fastrtps_cpp' as default
[7.876s] -- Looking for pthread.h
[8.510s] -- Looking for pthread.h - found
[8.511s] -- Performing Test CMAKE_HAVE_LIBC_PTHREAD
[9.265s] -- Performing Test CMAKE_HAVE_LIBC_PTHREAD - Failed
[9.266s] -- Looking for pthread_create in pthreads
[9.810s] -- Looking for pthread_create in pthreads - not found
[9.814s] -- Looking for pthread_create in pthread
[10.194s] -- Looking for pthread_create in pthread - found
[10.200s] -- Found Threads: TRUE  
[10.890s] -- Found rclpy: 1.0.13 (/opt/ros/foxy/share/rclpy/cmake)
[10.900s] -- Found geometry_msgs: 2.0.5 (/opt/ros/foxy/share/geometry_msgs/cmake)
[11.047s] -- Found nav_msgs: 2.0.5 (/opt/ros/foxy/share/nav_msgs/cmake)
[11.331s] -- Found ackermann_msgs: 2.0.2 (/opt/ros/foxy/share/ackermann_msgs/cmake)
[11.486s] -- Found sensor_msgs: 2.0.5 (/opt/ros/foxy/share/sensor_msgs/cmake)
[11.922s] -- Found ament_lint_auto: 0.9.8 (/opt/ros/foxy/share/ament_lint_auto/cmake)
[12.294s] -- Added test 'copyright' to check source files copyright and LICENSE
[12.302s] -- Added test 'cppcheck' to perform static code analysis on C / C++ code
[12.303s] -- Configured cppcheck include dirs: /home/nvidia/F1Tenth_WS/src/wall_follow/include
[12.303s] -- Configured cppcheck exclude dirs and/or files: 
[12.311s] -- Added test 'cpplint' to check C / C++ code against the Google style
[12.311s] -- Configured cpplint exclude dirs and/or files: 
[12.314s] -- Added test 'flake8' to check Python code syntax and style conventions
[12.318s] -- Added test 'lint_cmake' to check CMake code style
[12.321s] -- Added test 'pep257' to check Python code against some of the style conventions in PEP 257
[12.328s] -- Added test 'uncrustify' to check C / C++ code style
[12.329s] -- Configured uncrustify additional arguments: 
[12.332s] -- Added test 'xmllint' to check XML markup files
[12.356s] -- Configuring done
[12.402s] -- Generating done
[12.410s] -- Build files have been written to: /home/nvidia/F1Tenth_WS/build/wall_follow
[12.450s] Invoked command in '/home/nvidia/F1Tenth_WS/build/wall_follow' returned '0': CMAKE_PREFIX_PATH=${CMAKE_PREFIX_PATH}:/home/nvidia/F1Tenth_WS/install/f1tenth_stack:/home/nvidia/F1Tenth_WS/install/joy_teleop:/home/nvidia/F1Tenth_WS/install/mouse_teleop:/home/nvidia/F1Tenth_WS/install/key_teleop:/opt/ros/foxy /usr/bin/cmake /home/nvidia/F1Tenth_WS/src/wall_follow -DAMENT_CMAKE_SYMLINK_INSTALL=1 -DCMAKE_INSTALL_PREFIX=/home/nvidia/F1Tenth_WS/install/wall_follow
[12.460s] Invoking command in '/home/nvidia/F1Tenth_WS/build/wall_follow': CMAKE_PREFIX_PATH=${CMAKE_PREFIX_PATH}:/home/nvidia/F1Tenth_WS/install/f1tenth_stack:/home/nvidia/F1Tenth_WS/install/joy_teleop:/home/nvidia/F1Tenth_WS/install/mouse_teleop:/home/nvidia/F1Tenth_WS/install/key_teleop:/opt/ros/foxy /usr/bin/cmake --build /home/nvidia/F1Tenth_WS/build/wall_follow -- -j4 -l4
[12.644s] [35m[1mScanning dependencies of target wall_follow_node[0m
[12.871s] [ 50%] [32mBuilding CXX object CMakeFiles/wall_follow_node.dir/src/wall_follow_node.cpp.o[0m
[37.917s] [100%] [32m[1mLinking CXX executable wall_follow_node[0m
[39.195s] [100%] Built target wall_follow_node
[39.386s] Invoked command in '/home/nvidia/F1Tenth_WS/build/wall_follow' returned '0': CMAKE_PREFIX_PATH=${CMAKE_PREFIX_PATH}:/home/nvidia/F1Tenth_WS/install/f1tenth_stack:/home/nvidia/F1Tenth_WS/install/joy_teleop:/home/nvidia/F1Tenth_WS/install/mouse_teleop:/home/nvidia/F1Tenth_WS/install/key_teleop:/opt/ros/foxy /usr/bin/cmake --build /home/nvidia/F1Tenth_WS/build/wall_follow -- -j4 -l4
[39.514s] Invoking command in '/home/nvidia/F1Tenth_WS/build/wall_follow': CMAKE_PREFIX_PATH=${CMAKE_PREFIX_PATH}:/home/nvidia/F1Tenth_WS/install/f1tenth_stack:/home/nvidia/F1Tenth_WS/install/joy_teleop:/home/nvidia/F1Tenth_WS/install/mouse_teleop:/home/nvidia/F1Tenth_WS/install/key_teleop:/opt/ros/foxy /usr/bin/cmake --install /home/nvidia/F1Tenth_WS/build/wall_follow
[39.562s] -- Install configuration: ""
[39.563s] -- Execute custom install script
[39.566s] -- Symlinking: /home/nvidia/F1Tenth_WS/install/wall_follow/lib/wall_follow/wall_follow_node
[39.611s] -- Symlinking: /home/nvidia/F1Tenth_WS/install/wall_follow/share/wall_follow/environment/pythonpath.sh
[39.661s] -- Symlinking: /home/nvidia/F1Tenth_WS/install/wall_follow/share/wall_follow/environment/pythonpath.dsv
[39.705s] -- Symlinking: /home/nvidia/F1Tenth_WS/install/wall_follow/lib/python3.8/site-packages/wall_follow/__init__.py
[39.752s] -- Symlinking: /home/nvidia/F1Tenth_WS/install/wall_follow/lib/wall_follow/wall_follow_node.py
[39.796s] -- Symlinking: /home/nvidia/F1Tenth_WS/install/wall_follow/share/wall_follow/config/wall_follow_params.yaml
[39.842s] -- Symlinking: /home/nvidia/F1Tenth_WS/install/wall_follow/share/wall_follow/launch/wall_follow_launch.py
[39.891s] -- Symlinking: /home/nvidia/F1Tenth_WS/install/wall_follow/share/ament_index/resource_index/package_run_dependencies/wall_follow
[39.937s] -- Symlinking: /home/nvidia/F1Tenth_WS/install/wall_follow/share/ament_index/resource_index/parent_prefix_path/wall_follow
[39.984s] -- Symlinking: /home/nvidia/F1Tenth_WS/install/wall_follow/share/wall_follow/environment/ament_prefix_path.sh
[40.030s] -- Symlinking: /home/nvidia/F1Tenth_WS/install/wall_follow/share/wall_follow/environment/ament_prefix_path.dsv
[40.078s] -- Symlinking: /home/nvidia/F1Tenth_WS/install/wall_follow/share/wall_follow/environment/path.sh
[40.122s] -- Symlinking: /home/nvidia/F1Tenth_WS/install/wall_follow/share/wall_follow/environment/path.dsv
[40.167s] -- Symlinking: /home/nvidia/F1Tenth_WS/install/wall_follow/share/wall_follow/local_setup.bash
[40.382s] -- Symlinking: /home/nvidia/F1Tenth_WS/install/wall_follow/share/wall_follow/local_setup.sh
[40.430s] -- Symlinking: /home/nvidia/F1Tenth_WS/install/wall_follow/share/wall_follow/local_setup.zsh
[40.476s] -- Symlinking: /home/nvidia/F1Tenth_WS/install/wall_follow/share/wall_follow/local_setup.dsv
[40.520s] -- Symlinking: /home/nvidia/F1Tenth_WS/install/wall_follow/share/wall_follow/package.dsv
[40.574s] -- Symlinking: /home/nvidia/F1Tenth_WS/install/wall_follow/share/ament_index/resource_index/packages/wall_follow
[40.620s] -- Symlinking: /home/nvidia/F1Tenth_WS/install/wall_follow/share/wall_follow/cmake/wall_followConfig.cmake
[40.665s] -- Symlinking: /home/nvidia/F1Tenth_WS/install/wall_follow/share/wall_follow/cmake/wall_followConfig-version.cmake
[40.709s] -- Symlinking: /home/nvidia/F1Tenth_WS/install/wall_follow/share/wall_follow/package.xml
[40.946s] Listing '/home/nvidia/F1Tenth_WS/install/wall_follow/lib/python3.8/site-packages/wall_follow'...
[40.946s] Compiling '/home/nvidia/F1Tenth_WS/install/wall_follow/lib/python3.8/site-packages/wall_follow/__init__.py'...
[40.976s] Invoked command in '/home/nvidia/F1Tenth_WS/build/wall_follow' returned '0': CMAKE_PREFIX_PATH=${CMAKE_PREFIX_PATH}:/home/nvidia/F1Tenth_WS/install/f1tenth_stack:/home/nvidia/F1Tenth_WS/install/joy_teleop:/home/nvidia/F1Tenth_WS/install/mouse_teleop:/home/nvidia/F1Tenth_WS/install/key_teleop:/opt/ros/foxy /usr/bin/cmake --install /home/nvidia/F1Tenth_WS/build/wall_follow
