[0.245s] DEBUG:colcon:Command line arguments: ['/usr/bin/colcon', 'build', '--symlink-install']
[0.245s] DEBUG:colcon:Parsed command line arguments: Namespace(ament_cmake_args=None, base_paths=['.'], build_base='build', catkin_cmake_args=None, catkin_skip_building_tests=False, cmake_args=None, cmake_clean_cache=False, cmake_clean_first=False, cmake_force_configure=False, cmake_target=None, cmake_target_skip_unavailable=False, continue_on_error=False, event_handlers=None, executor='parallel', ignore_user_meta=False, install_base='install', log_base=None, log_level=None, main=<bound method BuildVerb.main of <colcon_core.verb.build.BuildVerb object at 0x7f73daffb100>>, merge_install=False, metas=['./colcon.meta'], mixin=None, mixin_files=None, mixin_verb=('build',), packages_above=None, packages_above_and_dependencies=None, packages_above_depth=None, packages_end=None, packages_ignore=None, packages_ignore_regex=None, packages_select=None, packages_select_build_failed=False, packages_select_by_dep=None, packages_select_regex=None, packages_select_test_failures=False, packages_skip=None, packages_skip_build_finished=False, packages_skip_by_dep=None, packages_skip_regex=None, packages_skip_test_passed=False, packages_skip_up_to=None, packages_start=None, packages_up_to=None, packages_up_to_regex=None, parallel_workers=12, paths=None, symlink_install=True, test_result_base=None, verb_extension=<colcon_core.verb.build.BuildVerb object at 0x7f73daffb100>, verb_name='build', verb_parser=<colcon_mixin.mixin.mixin_argument.MixinArgumentDecorator object at 0x7f73daffb760>)
[0.269s] Level 1:colcon.colcon_core.package_discovery:discover_packages(colcon_meta) check parameters
[0.270s] INFO:colcon.colcon_metadata.package_discovery.colcon_meta:Using configuration from '/root/.colcon/metadata/default/Gazebo.meta'
[0.270s] INFO:colcon.colcon_metadata.package_discovery.colcon_meta:Using configuration from '/root/.colcon/metadata/default/fastrtps.meta'
[0.270s] Level 1:colcon.colcon_core.package_discovery:discover_packages(recursive) check parameters
[0.270s] Level 1:colcon.colcon_core.package_discovery:discover_packages(ignore) check parameters
[0.270s] Level 1:colcon.colcon_core.package_discovery:discover_packages(path) check parameters
[0.270s] Level 1:colcon.colcon_core.package_discovery:discover_packages(colcon_meta) discover
[0.271s] Level 1:colcon.colcon_core.package_discovery:discover_packages(recursive) discover
[0.271s] INFO:colcon.colcon_core.package_discovery:Crawling recursively for packages in '/sim_ws'
[0.271s] Level 1:colcon.colcon_core.package_identification:_identify(.) by extensions ['ignore', 'ignore_ament_install']
[0.271s] Level 1:colcon.colcon_core.package_identification:_identify(.) by extension 'ignore'
[0.271s] Level 1:colcon.colcon_core.package_identification:_identify(.) by extension 'ignore_ament_install'
[0.271s] Level 1:colcon.colcon_core.package_identification:_identify(.) by extensions ['colcon_pkg']
[0.271s] Level 1:colcon.colcon_core.package_identification:_identify(.) by extension 'colcon_pkg'
[0.271s] Level 1:colcon.colcon_core.package_identification:_identify(.) by extensions ['colcon_meta']
[0.271s] Level 1:colcon.colcon_core.package_identification:_identify(.) by extension 'colcon_meta'
[0.271s] Level 1:colcon.colcon_core.package_identification:_identify(.) by extensions ['ros']
[0.271s] Level 1:colcon.colcon_core.package_identification:_identify(.) by extension 'ros'
[0.281s] Level 1:colcon.colcon_core.package_identification:_identify(.) by extensions ['cmake', 'python']
[0.281s] Level 1:colcon.colcon_core.package_identification:_identify(.) by extension 'cmake'
[0.281s] Level 1:colcon.colcon_core.package_identification:_identify(.) by extension 'python'
[0.281s] Level 1:colcon.colcon_core.package_identification:_identify(.) by extensions ['python_setup_py']
[0.281s] Level 1:colcon.colcon_core.package_identification:_identify(.) by extension 'python_setup_py'
[0.281s] Level 1:colcon.colcon_core.package_identification:_identify(build) by extensions ['ignore', 'ignore_ament_install']
[0.281s] Level 1:colcon.colcon_core.package_identification:_identify(build) by extension 'ignore'
[0.281s] Level 1:colcon.colcon_core.package_identification:_identify(build) ignored
[0.281s] Level 1:colcon.colcon_core.package_identification:_identify(install) by extensions ['ignore', 'ignore_ament_install']
[0.282s] Level 1:colcon.colcon_core.package_identification:_identify(install) by extension 'ignore'
[0.282s] Level 1:colcon.colcon_core.package_identification:_identify(install) ignored
[0.282s] Level 1:colcon.colcon_core.package_identification:_identify(log) by extensions ['ignore', 'ignore_ament_install']
[0.282s] Level 1:colcon.colcon_core.package_identification:_identify(log) by extension 'ignore'
[0.282s] Level 1:colcon.colcon_core.package_identification:_identify(log) ignored
[0.282s] Level 1:colcon.colcon_core.package_identification:_identify(src) by extensions ['ignore', 'ignore_ament_install']
[0.282s] Level 1:colcon.colcon_core.package_identification:_identify(src) by extension 'ignore'
[0.282s] Level 1:colcon.colcon_core.package_identification:_identify(src) by extension 'ignore_ament_install'
[0.282s] Level 1:colcon.colcon_core.package_identification:_identify(src) by extensions ['colcon_pkg']
[0.282s] Level 1:colcon.colcon_core.package_identification:_identify(src) by extension 'colcon_pkg'
[0.282s] Level 1:colcon.colcon_core.package_identification:_identify(src) by extensions ['colcon_meta']
[0.282s] Level 1:colcon.colcon_core.package_identification:_identify(src) by extension 'colcon_meta'
[0.282s] Level 1:colcon.colcon_core.package_identification:_identify(src) by extensions ['ros']
[0.282s] Level 1:colcon.colcon_core.package_identification:_identify(src) by extension 'ros'
[0.283s] Level 1:colcon.colcon_core.package_identification:_identify(src) by extensions ['cmake', 'python']
[0.283s] Level 1:colcon.colcon_core.package_identification:_identify(src) by extension 'cmake'
[0.283s] Level 1:colcon.colcon_core.package_identification:_identify(src) by extension 'python'
[0.283s] Level 1:colcon.colcon_core.package_identification:_identify(src) by extensions ['python_setup_py']
[0.283s] Level 1:colcon.colcon_core.package_identification:_identify(src) by extension 'python_setup_py'
[0.283s] Level 1:colcon.colcon_core.package_identification:_identify(src/f1tenth_gym_ros) by extensions ['ignore', 'ignore_ament_install']
[0.283s] Level 1:colcon.colcon_core.package_identification:_identify(src/f1tenth_gym_ros) by extension 'ignore'
[0.283s] Level 1:colcon.colcon_core.package_identification:_identify(src/f1tenth_gym_ros) by extension 'ignore_ament_install'
[0.283s] Level 1:colcon.colcon_core.package_identification:_identify(src/f1tenth_gym_ros) by extensions ['colcon_pkg']
[0.283s] Level 1:colcon.colcon_core.package_identification:_identify(src/f1tenth_gym_ros) by extension 'colcon_pkg'
[0.283s] Level 1:colcon.colcon_core.package_identification:_identify(src/f1tenth_gym_ros) by extensions ['colcon_meta']
[0.283s] Level 1:colcon.colcon_core.package_identification:_identify(src/f1tenth_gym_ros) by extension 'colcon_meta'
[0.283s] Level 1:colcon.colcon_core.package_identification:_identify(src/f1tenth_gym_ros) by extensions ['ros']
[0.283s] Level 1:colcon.colcon_core.package_identification:_identify(src/f1tenth_gym_ros) by extension 'ros'
[0.293s] DEBUG:colcon.colcon_core.package_identification:Package 'src/f1tenth_gym_ros' with type 'ros.ament_python' and name 'f1tenth_gym_ros'
[0.293s] Level 1:colcon.colcon_core.package_identification:_identify(src/safety_node) by extensions ['ignore', 'ignore_ament_install']
[0.293s] Level 1:colcon.colcon_core.package_identification:_identify(src/safety_node) by extension 'ignore'
[0.293s] Level 1:colcon.colcon_core.package_identification:_identify(src/safety_node) by extension 'ignore_ament_install'
[0.293s] Level 1:colcon.colcon_core.package_identification:_identify(src/safety_node) by extensions ['colcon_pkg']
[0.293s] Level 1:colcon.colcon_core.package_identification:_identify(src/safety_node) by extension 'colcon_pkg'
[0.293s] Level 1:colcon.colcon_core.package_identification:_identify(src/safety_node) by extensions ['colcon_meta']
[0.293s] Level 1:colcon.colcon_core.package_identification:_identify(src/safety_node) by extension 'colcon_meta'
[0.294s] Level 1:colcon.colcon_core.package_identification:_identify(src/safety_node) by extensions ['ros']
[0.294s] Level 1:colcon.colcon_core.package_identification:_identify(src/safety_node) by extension 'ros'
[0.294s] DEBUG:colcon.colcon_core.package_identification:Package 'src/safety_node' with type 'ros.ament_cmake' and name 'safety_node'
[0.295s] Level 1:colcon.colcon_core.package_identification:_identify(src/wall_follow) by extensions ['ignore', 'ignore_ament_install']
[0.295s] Level 1:colcon.colcon_core.package_identification:_identify(src/wall_follow) by extension 'ignore'
[0.295s] Level 1:colcon.colcon_core.package_identification:_identify(src/wall_follow) by extension 'ignore_ament_install'
[0.295s] Level 1:colcon.colcon_core.package_identification:_identify(src/wall_follow) by extensions ['colcon_pkg']
[0.295s] Level 1:colcon.colcon_core.package_identification:_identify(src/wall_follow) by extension 'colcon_pkg'
[0.295s] Level 1:colcon.colcon_core.package_identification:_identify(src/wall_follow) by extensions ['colcon_meta']
[0.295s] Level 1:colcon.colcon_core.package_identification:_identify(src/wall_follow) by extension 'colcon_meta'
[0.295s] Level 1:colcon.colcon_core.package_identification:_identify(src/wall_follow) by extensions ['ros']
[0.295s] Level 1:colcon.colcon_core.package_identification:_identify(src/wall_follow) by extension 'ros'
[0.296s] DEBUG:colcon.colcon_core.package_identification:Package 'src/wall_follow' with type 'ros.ament_cmake' and name 'wall_follow'
[0.296s] Level 1:colcon.colcon_core.package_discovery:discover_packages(recursive) using defaults
[0.296s] Level 1:colcon.colcon_core.package_discovery:discover_packages(ignore) discover
[0.296s] Level 1:colcon.colcon_core.package_discovery:discover_packages(ignore) using defaults
[0.296s] Level 1:colcon.colcon_core.package_discovery:discover_packages(path) discover
[0.296s] Level 1:colcon.colcon_core.package_discovery:discover_packages(path) using defaults
[0.313s] Level 5:colcon.colcon_core.verb:set package 'f1tenth_gym_ros' build argument 'cmake_args' from command line to 'None'
[0.313s] Level 5:colcon.colcon_core.verb:set package 'f1tenth_gym_ros' build argument 'cmake_target' from command line to 'None'
[0.314s] Level 5:colcon.colcon_core.verb:set package 'f1tenth_gym_ros' build argument 'cmake_target_skip_unavailable' from command line to 'False'
[0.314s] Level 5:colcon.colcon_core.verb:set package 'f1tenth_gym_ros' build argument 'cmake_clean_cache' from command line to 'False'
[0.314s] Level 5:colcon.colcon_core.verb:set package 'f1tenth_gym_ros' build argument 'cmake_clean_first' from command line to 'False'
[0.314s] Level 5:colcon.colcon_core.verb:set package 'f1tenth_gym_ros' build argument 'cmake_force_configure' from command line to 'False'
[0.314s] Level 5:colcon.colcon_core.verb:set package 'f1tenth_gym_ros' build argument 'ament_cmake_args' from command line to 'None'
[0.314s] Level 5:colcon.colcon_core.verb:set package 'f1tenth_gym_ros' build argument 'catkin_cmake_args' from command line to 'None'
[0.314s] Level 5:colcon.colcon_core.verb:set package 'f1tenth_gym_ros' build argument 'catkin_skip_building_tests' from command line to 'False'
[0.314s] DEBUG:colcon.colcon_core.verb:Building package 'f1tenth_gym_ros' with the following arguments: {'ament_cmake_args': None, 'build_base': '/sim_ws/build/f1tenth_gym_ros', 'catkin_cmake_args': None, 'catkin_skip_building_tests': False, 'cmake_args': None, 'cmake_clean_cache': False, 'cmake_clean_first': False, 'cmake_force_configure': False, 'cmake_target': None, 'cmake_target_skip_unavailable': False, 'install_base': '/sim_ws/install/f1tenth_gym_ros', 'merge_install': False, 'path': '/sim_ws/src/f1tenth_gym_ros', 'symlink_install': True, 'test_result_base': None}
[0.315s] Level 5:colcon.colcon_core.verb:set package 'safety_node' build argument 'cmake_args' from command line to 'None'
[0.315s] Level 5:colcon.colcon_core.verb:set package 'safety_node' build argument 'cmake_target' from command line to 'None'
[0.315s] Level 5:colcon.colcon_core.verb:set package 'safety_node' build argument 'cmake_target_skip_unavailable' from command line to 'False'
[0.315s] Level 5:colcon.colcon_core.verb:set package 'safety_node' build argument 'cmake_clean_cache' from command line to 'False'
[0.315s] Level 5:colcon.colcon_core.verb:set package 'safety_node' build argument 'cmake_clean_first' from command line to 'False'
[0.315s] Level 5:colcon.colcon_core.verb:set package 'safety_node' build argument 'cmake_force_configure' from command line to 'False'
[0.315s] Level 5:colcon.colcon_core.verb:set package 'safety_node' build argument 'ament_cmake_args' from command line to 'None'
[0.315s] Level 5:colcon.colcon_core.verb:set package 'safety_node' build argument 'catkin_cmake_args' from command line to 'None'
[0.315s] Level 5:colcon.colcon_core.verb:set package 'safety_node' build argument 'catkin_skip_building_tests' from command line to 'False'
[0.315s] DEBUG:colcon.colcon_core.verb:Building package 'safety_node' with the following arguments: {'ament_cmake_args': None, 'build_base': '/sim_ws/build/safety_node', 'catkin_cmake_args': None, 'catkin_skip_building_tests': False, 'cmake_args': None, 'cmake_clean_cache': False, 'cmake_clean_first': False, 'cmake_force_configure': False, 'cmake_target': None, 'cmake_target_skip_unavailable': False, 'install_base': '/sim_ws/install/safety_node', 'merge_install': False, 'path': '/sim_ws/src/safety_node', 'symlink_install': True, 'test_result_base': None}
[0.316s] Level 5:colcon.colcon_core.verb:set package 'wall_follow' build argument 'cmake_args' from command line to 'None'
[0.316s] Level 5:colcon.colcon_core.verb:set package 'wall_follow' build argument 'cmake_target' from command line to 'None'
[0.316s] Level 5:colcon.colcon_core.verb:set package 'wall_follow' build argument 'cmake_target_skip_unavailable' from command line to 'False'
[0.316s] Level 5:colcon.colcon_core.verb:set package 'wall_follow' build argument 'cmake_clean_cache' from command line to 'False'
[0.316s] Level 5:colcon.colcon_core.verb:set package 'wall_follow' build argument 'cmake_clean_first' from command line to 'False'
[0.316s] Level 5:colcon.colcon_core.verb:set package 'wall_follow' build argument 'cmake_force_configure' from command line to 'False'
[0.316s] Level 5:colcon.colcon_core.verb:set package 'wall_follow' build argument 'ament_cmake_args' from command line to 'None'
[0.316s] Level 5:colcon.colcon_core.verb:set package 'wall_follow' build argument 'catkin_cmake_args' from command line to 'None'
[0.316s] Level 5:colcon.colcon_core.verb:set package 'wall_follow' build argument 'catkin_skip_building_tests' from command line to 'False'
[0.316s] DEBUG:colcon.colcon_core.verb:Building package 'wall_follow' with the following arguments: {'ament_cmake_args': None, 'build_base': '/sim_ws/build/wall_follow', 'catkin_cmake_args': None, 'catkin_skip_building_tests': False, 'cmake_args': None, 'cmake_clean_cache': False, 'cmake_clean_first': False, 'cmake_force_configure': False, 'cmake_target': None, 'cmake_target_skip_unavailable': False, 'install_base': '/sim_ws/install/wall_follow', 'merge_install': False, 'path': '/sim_ws/src/wall_follow', 'symlink_install': True, 'test_result_base': None}
[0.316s] INFO:colcon.colcon_core.executor:Executing jobs using 'parallel' executor
[0.320s] DEBUG:colcon.colcon_parallel_executor.executor.parallel:run_until_complete
[0.320s] INFO:colcon.colcon_ros.task.ament_python.build:Building ROS package in '/sim_ws/src/f1tenth_gym_ros' with build type 'ament_python'
[0.320s] Level 1:colcon.colcon_core.shell:create_environment_hook('f1tenth_gym_ros', 'ament_prefix_path')
[0.328s] INFO:colcon.colcon_core.plugin_system:Skipping extension 'colcon_core.shell.bat': Not used on non-Windows systems
[0.328s] INFO:colcon.colcon_core.shell:Creating environment hook '/sim_ws/install/f1tenth_gym_ros/share/f1tenth_gym_ros/hook/ament_prefix_path.ps1'
[0.329s] INFO:colcon.colcon_core.shell:Creating environment descriptor '/sim_ws/install/f1tenth_gym_ros/share/f1tenth_gym_ros/hook/ament_prefix_path.dsv'
[0.330s] INFO:colcon.colcon_core.shell:Creating environment hook '/sim_ws/install/f1tenth_gym_ros/share/f1tenth_gym_ros/hook/ament_prefix_path.sh'
[0.332s] INFO:colcon.colcon_core.shell:Skip shell extension 'powershell' for command environment: Not usable outside of PowerShell
[0.332s] DEBUG:colcon.colcon_core.shell:Skip shell extension 'dsv' for command environment
[0.338s] INFO:colcon.colcon_ros.task.ament_cmake.build:Building ROS package in '/sim_ws/src/safety_node' with build type 'ament_cmake'
[0.339s] INFO:colcon.colcon_cmake.task.cmake.build:Building CMake package in '/sim_ws/src/safety_node'
[0.342s] INFO:colcon.colcon_core.shell:Skip shell extension 'powershell' for command environment: Not usable outside of PowerShell
[0.343s] DEBUG:colcon.colcon_core.shell:Skip shell extension 'dsv' for command environment
[0.348s] INFO:colcon.colcon_ros.task.ament_cmake.build:Building ROS package in '/sim_ws/src/wall_follow' with build type 'ament_cmake'
[0.348s] INFO:colcon.colcon_cmake.task.cmake.build:Building CMake package in '/sim_ws/src/wall_follow'
[0.350s] INFO:colcon.colcon_core.shell:Skip shell extension 'powershell' for command environment: Not usable outside of PowerShell
[0.351s] DEBUG:colcon.colcon_core.shell:Skip shell extension 'dsv' for command environment
[0.508s] INFO:colcon.colcon_core.task.python.build:Building Python package in '/sim_ws/src/f1tenth_gym_ros'
[0.510s] INFO:colcon.colcon_core.shell:Skip shell extension 'powershell' for command environment: Not usable outside of PowerShell
[0.510s] DEBUG:colcon.colcon_core.shell:Skip shell extension 'dsv' for command environment
[0.521s] DEBUG:colcon.colcon_core.event_handler.log_command:Invoking command in '/sim_ws/build/safety_node': CMAKE_PREFIX_PATH=${CMAKE_PREFIX_PATH}:/sim_ws/install/f1tenth_gym_ros:/opt/ros/foxy /usr/bin/cmake --build /sim_ws/build/safety_node -- -j12 -l12
[0.532s] DEBUG:colcon.colcon_core.event_handler.log_command:Invoking command in '/sim_ws/build/wall_follow': CMAKE_PREFIX_PATH=${CMAKE_PREFIX_PATH}:/sim_ws/install/f1tenth_gym_ros:/opt/ros/foxy /usr/bin/cmake --build /sim_ws/build/wall_follow -- -j12 -l12
[0.589s] DEBUG:colcon.colcon_core.event_handler.log_command:Invoked command in '/sim_ws/build/safety_node' returned '0': CMAKE_PREFIX_PATH=${CMAKE_PREFIX_PATH}:/sim_ws/install/f1tenth_gym_ros:/opt/ros/foxy /usr/bin/cmake --build /sim_ws/build/safety_node -- -j12 -l12
[0.594s] DEBUG:colcon.colcon_core.event_handler.log_command:Invoked command in '/sim_ws/build/wall_follow' returned '0': CMAKE_PREFIX_PATH=${CMAKE_PREFIX_PATH}:/sim_ws/install/f1tenth_gym_ros:/opt/ros/foxy /usr/bin/cmake --build /sim_ws/build/wall_follow -- -j12 -l12
[0.621s] DEBUG:colcon.colcon_core.event_handler.log_command:Invoking command in '/sim_ws/build/safety_node': CMAKE_PREFIX_PATH=${CMAKE_PREFIX_PATH}:/sim_ws/install/f1tenth_gym_ros:/opt/ros/foxy /usr/bin/cmake --install /sim_ws/build/safety_node
[0.627s] DEBUG:colcon.colcon_core.event_handler.log_command:Invoking command in '/sim_ws/build/wall_follow': CMAKE_PREFIX_PATH=${CMAKE_PREFIX_PATH}:/sim_ws/install/f1tenth_gym_ros:/opt/ros/foxy /usr/bin/cmake --install /sim_ws/build/wall_follow
[0.678s] Level 1:colcon.colcon_core.environment:create_environment_scripts_only(safety_node)
[0.681s] DEBUG:colcon.colcon_core.event_handler.log_command:Invoked command in '/sim_ws/build/safety_node' returned '0': CMAKE_PREFIX_PATH=${CMAKE_PREFIX_PATH}:/sim_ws/install/f1tenth_gym_ros:/opt/ros/foxy /usr/bin/cmake --install /sim_ws/build/safety_node
[0.685s] Level 1:colcon.colcon_core.environment:checking '/sim_ws/install/safety_node' for CMake module files
[0.685s] Level 1:colcon.colcon_core.environment:checking '/sim_ws/install/safety_node' for CMake config files
[0.686s] Level 1:colcon.colcon_core.shell:create_environment_hook('safety_node', 'cmake_prefix_path')
[0.687s] INFO:colcon.colcon_core.shell:Creating environment hook '/sim_ws/install/safety_node/share/safety_node/hook/cmake_prefix_path.ps1'
[0.688s] INFO:colcon.colcon_core.shell:Creating environment descriptor '/sim_ws/install/safety_node/share/safety_node/hook/cmake_prefix_path.dsv'
[0.688s] INFO:colcon.colcon_core.shell:Creating environment hook '/sim_ws/install/safety_node/share/safety_node/hook/cmake_prefix_path.sh'
[0.689s] Level 1:colcon.colcon_core.environment:checking '/sim_ws/install/safety_node/lib'
[0.689s] Level 1:colcon.colcon_core.environment:checking '/sim_ws/install/safety_node/bin'
[0.689s] Level 1:colcon.colcon_core.environment:checking '/sim_ws/install/safety_node/lib/pkgconfig/safety_node.pc'
[0.689s] Level 1:colcon.colcon_core.environment:checking '/sim_ws/install/safety_node/lib/python3.8/site-packages'
[0.689s] Level 1:colcon.colcon_core.shell:create_environment_hook('safety_node', 'pythonpath')
[0.691s] INFO:colcon.colcon_core.shell:Creating environment hook '/sim_ws/install/safety_node/share/safety_node/hook/pythonpath.ps1'
[0.691s] INFO:colcon.colcon_core.shell:Creating environment descriptor '/sim_ws/install/safety_node/share/safety_node/hook/pythonpath.dsv'
[0.691s] INFO:colcon.colcon_core.shell:Creating environment hook '/sim_ws/install/safety_node/share/safety_node/hook/pythonpath.sh'
[0.692s] Level 1:colcon.colcon_core.environment:checking '/sim_ws/install/safety_node/bin'
[0.693s] INFO:colcon.colcon_core.shell:Creating package script '/sim_ws/install/safety_node/share/safety_node/package.ps1'
[0.694s] INFO:colcon.colcon_core.shell:Creating package descriptor '/sim_ws/install/safety_node/share/safety_node/package.dsv'
[0.694s] INFO:colcon.colcon_core.shell:Creating package script '/sim_ws/install/safety_node/share/safety_node/package.sh'
[0.695s] INFO:colcon.colcon_core.shell:Creating package script '/sim_ws/install/safety_node/share/safety_node/package.bash'
[0.696s] INFO:colcon.colcon_core.shell:Creating package script '/sim_ws/install/safety_node/share/safety_node/package.zsh'
[0.697s] Level 1:colcon.colcon_core.environment:create_file_with_runtime_dependencies(/sim_ws/install/safety_node/share/colcon-core/packages/safety_node)
[0.700s] Level 1:colcon.colcon_core.environment:create_environment_scripts_only(wall_follow)
[0.703s] Level 1:colcon.colcon_core.environment:checking '/sim_ws/install/wall_follow' for CMake module files
[0.703s] DEBUG:colcon.colcon_core.event_handler.log_command:Invoked command in '/sim_ws/build/wall_follow' returned '0': CMAKE_PREFIX_PATH=${CMAKE_PREFIX_PATH}:/sim_ws/install/f1tenth_gym_ros:/opt/ros/foxy /usr/bin/cmake --install /sim_ws/build/wall_follow
[0.704s] Level 1:colcon.colcon_core.environment:checking '/sim_ws/install/wall_follow' for CMake config files
[0.705s] Level 1:colcon.colcon_core.shell:create_environment_hook('wall_follow', 'cmake_prefix_path')
[0.706s] INFO:colcon.colcon_core.shell:Creating environment hook '/sim_ws/install/wall_follow/share/wall_follow/hook/cmake_prefix_path.ps1'
[0.707s] INFO:colcon.colcon_core.shell:Creating environment descriptor '/sim_ws/install/wall_follow/share/wall_follow/hook/cmake_prefix_path.dsv'
[0.707s] INFO:colcon.colcon_core.shell:Creating environment hook '/sim_ws/install/wall_follow/share/wall_follow/hook/cmake_prefix_path.sh'
[0.708s] Level 1:colcon.colcon_core.environment:checking '/sim_ws/install/wall_follow/lib'
[0.708s] Level 1:colcon.colcon_core.environment:checking '/sim_ws/install/wall_follow/bin'
[0.708s] Level 1:colcon.colcon_core.environment:checking '/sim_ws/install/wall_follow/lib/pkgconfig/wall_follow.pc'
[0.708s] Level 1:colcon.colcon_core.environment:checking '/sim_ws/install/wall_follow/lib/python3.8/site-packages'
[0.708s] Level 1:colcon.colcon_core.shell:create_environment_hook('wall_follow', 'pythonpath')
[0.709s] INFO:colcon.colcon_core.shell:Creating environment hook '/sim_ws/install/wall_follow/share/wall_follow/hook/pythonpath.ps1'
[0.710s] INFO:colcon.colcon_core.shell:Creating environment descriptor '/sim_ws/install/wall_follow/share/wall_follow/hook/pythonpath.dsv'
[0.710s] INFO:colcon.colcon_core.shell:Creating environment hook '/sim_ws/install/wall_follow/share/wall_follow/hook/pythonpath.sh'
[0.711s] Level 1:colcon.colcon_core.environment:checking '/sim_ws/install/wall_follow/bin'
[0.712s] INFO:colcon.colcon_core.shell:Creating package script '/sim_ws/install/wall_follow/share/wall_follow/package.ps1'
[0.713s] INFO:colcon.colcon_core.shell:Creating package descriptor '/sim_ws/install/wall_follow/share/wall_follow/package.dsv'
[0.713s] INFO:colcon.colcon_core.shell:Creating package script '/sim_ws/install/wall_follow/share/wall_follow/package.sh'
[0.714s] INFO:colcon.colcon_core.shell:Creating package script '/sim_ws/install/wall_follow/share/wall_follow/package.bash'
[0.714s] INFO:colcon.colcon_core.shell:Creating package script '/sim_ws/install/wall_follow/share/wall_follow/package.zsh'
[0.715s] Level 1:colcon.colcon_core.environment:create_file_with_runtime_dependencies(/sim_ws/install/wall_follow/share/colcon-core/packages/wall_follow)
[0.720s] Level 1:colcon.colcon_core.environment:create_environment_scripts_only(safety_node)
[0.722s] Level 1:colcon.colcon_core.environment:checking '/sim_ws/install/safety_node' for CMake module files
[0.724s] Level 1:colcon.colcon_core.environment:checking '/sim_ws/install/safety_node' for CMake config files
[0.724s] Level 1:colcon.colcon_core.shell:create_environment_hook('safety_node', 'cmake_prefix_path')
[0.725s] INFO:colcon.colcon_core.shell:Creating environment hook '/sim_ws/install/safety_node/share/safety_node/hook/cmake_prefix_path.ps1'
[0.726s] INFO:colcon.colcon_core.shell:Creating environment descriptor '/sim_ws/install/safety_node/share/safety_node/hook/cmake_prefix_path.dsv'
[0.726s] INFO:colcon.colcon_core.shell:Creating environment hook '/sim_ws/install/safety_node/share/safety_node/hook/cmake_prefix_path.sh'
[0.727s] Level 1:colcon.colcon_core.environment:checking '/sim_ws/install/safety_node/lib'
[0.727s] Level 1:colcon.colcon_core.environment:checking '/sim_ws/install/safety_node/bin'
[0.727s] Level 1:colcon.colcon_core.environment:checking '/sim_ws/install/safety_node/lib/pkgconfig/safety_node.pc'
[0.728s] Level 1:colcon.colcon_core.environment:checking '/sim_ws/install/safety_node/lib/python3.8/site-packages'
[0.728s] Level 1:colcon.colcon_core.shell:create_environment_hook('safety_node', 'pythonpath')
[0.729s] INFO:colcon.colcon_core.shell:Creating environment hook '/sim_ws/install/safety_node/share/safety_node/hook/pythonpath.ps1'
[0.729s] INFO:colcon.colcon_core.shell:Creating environment descriptor '/sim_ws/install/safety_node/share/safety_node/hook/pythonpath.dsv'
[0.730s] INFO:colcon.colcon_core.shell:Creating environment hook '/sim_ws/install/safety_node/share/safety_node/hook/pythonpath.sh'
[0.730s] Level 1:colcon.colcon_core.environment:checking '/sim_ws/install/safety_node/bin'
[0.732s] INFO:colcon.colcon_core.shell:Creating package script '/sim_ws/install/safety_node/share/safety_node/package.ps1'
[0.733s] INFO:colcon.colcon_core.shell:Creating package descriptor '/sim_ws/install/safety_node/share/safety_node/package.dsv'
[0.733s] INFO:colcon.colcon_core.shell:Creating package script '/sim_ws/install/safety_node/share/safety_node/package.sh'
[0.734s] INFO:colcon.colcon_core.shell:Creating package script '/sim_ws/install/safety_node/share/safety_node/package.bash'
[0.735s] INFO:colcon.colcon_core.shell:Creating package script '/sim_ws/install/safety_node/share/safety_node/package.zsh'
[0.735s] Level 1:colcon.colcon_core.environment:create_file_with_runtime_dependencies(/sim_ws/install/safety_node/share/colcon-core/packages/safety_node)
[0.739s] Level 1:colcon.colcon_core.environment:create_environment_scripts_only(wall_follow)
[0.741s] Level 1:colcon.colcon_core.environment:checking '/sim_ws/install/wall_follow' for CMake module files
[0.741s] Level 1:colcon.colcon_core.environment:checking '/sim_ws/install/wall_follow' for CMake config files
[0.742s] Level 1:colcon.colcon_core.shell:create_environment_hook('wall_follow', 'cmake_prefix_path')
[0.743s] INFO:colcon.colcon_core.shell:Creating environment hook '/sim_ws/install/wall_follow/share/wall_follow/hook/cmake_prefix_path.ps1'
[0.743s] INFO:colcon.colcon_core.shell:Creating environment descriptor '/sim_ws/install/wall_follow/share/wall_follow/hook/cmake_prefix_path.dsv'
[0.744s] INFO:colcon.colcon_core.shell:Creating environment hook '/sim_ws/install/wall_follow/share/wall_follow/hook/cmake_prefix_path.sh'
[0.744s] Level 1:colcon.colcon_core.environment:checking '/sim_ws/install/wall_follow/lib'
[0.744s] Level 1:colcon.colcon_core.environment:checking '/sim_ws/install/wall_follow/bin'
[0.744s] Level 1:colcon.colcon_core.environment:checking '/sim_ws/install/wall_follow/lib/pkgconfig/wall_follow.pc'
[0.745s] Level 1:colcon.colcon_core.environment:checking '/sim_ws/install/wall_follow/lib/python3.8/site-packages'
[0.745s] Level 1:colcon.colcon_core.shell:create_environment_hook('wall_follow', 'pythonpath')
[0.746s] INFO:colcon.colcon_core.shell:Creating environment hook '/sim_ws/install/wall_follow/share/wall_follow/hook/pythonpath.ps1'
[0.746s] INFO:colcon.colcon_core.shell:Creating environment descriptor '/sim_ws/install/wall_follow/share/wall_follow/hook/pythonpath.dsv'
[0.747s] INFO:colcon.colcon_core.shell:Creating environment hook '/sim_ws/install/wall_follow/share/wall_follow/hook/pythonpath.sh'
[0.747s] Level 1:colcon.colcon_core.environment:checking '/sim_ws/install/wall_follow/bin'
[0.749s] INFO:colcon.colcon_core.shell:Creating package script '/sim_ws/install/wall_follow/share/wall_follow/package.ps1'
[0.749s] INFO:colcon.colcon_core.shell:Creating package descriptor '/sim_ws/install/wall_follow/share/wall_follow/package.dsv'
[0.750s] INFO:colcon.colcon_core.shell:Creating package script '/sim_ws/install/wall_follow/share/wall_follow/package.sh'
[0.751s] INFO:colcon.colcon_core.shell:Creating package script '/sim_ws/install/wall_follow/share/wall_follow/package.bash'
[0.751s] INFO:colcon.colcon_core.shell:Creating package script '/sim_ws/install/wall_follow/share/wall_follow/package.zsh'
[0.752s] Level 1:colcon.colcon_core.environment:create_file_with_runtime_dependencies(/sim_ws/install/wall_follow/share/colcon-core/packages/wall_follow)
[0.820s] DEBUG:colcon.colcon_core.event_handler.log_command:Invoking command in '/sim_ws/build/f1tenth_gym_ros': PYTHONPATH=/sim_ws/build/f1tenth_gym_ros/prefix_override:/sim_ws/install/f1tenth_gym_ros/lib/python3.8/site-packages:${PYTHONPATH} /usr/bin/python3 setup.py develop --editable --build-directory /sim_ws/build/f1tenth_gym_ros/build --no-deps install_data
[1.137s] Level 1:colcon.colcon_core.shell:create_environment_hook('f1tenth_gym_ros', 'pythonpath_develop')
[1.139s] INFO:colcon.colcon_core.shell:Creating environment hook '/sim_ws/build/f1tenth_gym_ros/share/f1tenth_gym_ros/hook/pythonpath_develop.ps1'
[1.140s] DEBUG:colcon.colcon_core.event_handler.log_command:Invoked command in '/sim_ws/build/f1tenth_gym_ros' returned '0': PYTHONPATH=/sim_ws/build/f1tenth_gym_ros/prefix_override:/sim_ws/install/f1tenth_gym_ros/lib/python3.8/site-packages:${PYTHONPATH} /usr/bin/python3 setup.py develop --editable --build-directory /sim_ws/build/f1tenth_gym_ros/build --no-deps install_data
[1.140s] INFO:colcon.colcon_core.shell:Creating environment descriptor '/sim_ws/build/f1tenth_gym_ros/share/f1tenth_gym_ros/hook/pythonpath_develop.dsv'
[1.140s] INFO:colcon.colcon_core.shell:Creating environment hook '/sim_ws/build/f1tenth_gym_ros/share/f1tenth_gym_ros/hook/pythonpath_develop.sh'
[1.143s] Level 1:colcon.colcon_core.environment:checking '/sim_ws/install/f1tenth_gym_ros' for CMake module files
[1.144s] Level 1:colcon.colcon_core.environment:checking '/sim_ws/install/f1tenth_gym_ros' for CMake config files
[1.144s] Level 1:colcon.colcon_core.environment:checking '/sim_ws/install/f1tenth_gym_ros/lib'
[1.145s] Level 1:colcon.colcon_core.environment:checking '/sim_ws/install/f1tenth_gym_ros/bin'
[1.145s] Level 1:colcon.colcon_core.environment:checking '/sim_ws/install/f1tenth_gym_ros/lib/pkgconfig/f1tenth_gym_ros.pc'
[1.145s] Level 1:colcon.colcon_core.environment:checking '/sim_ws/install/f1tenth_gym_ros/lib/python3.8/site-packages'
[1.145s] Level 1:colcon.colcon_core.shell:create_environment_hook('f1tenth_gym_ros', 'pythonpath')
[1.147s] INFO:colcon.colcon_core.shell:Creating environment hook '/sim_ws/install/f1tenth_gym_ros/share/f1tenth_gym_ros/hook/pythonpath.ps1'
[1.147s] INFO:colcon.colcon_core.shell:Creating environment descriptor '/sim_ws/install/f1tenth_gym_ros/share/f1tenth_gym_ros/hook/pythonpath.dsv'
[1.148s] INFO:colcon.colcon_core.shell:Creating environment hook '/sim_ws/install/f1tenth_gym_ros/share/f1tenth_gym_ros/hook/pythonpath.sh'
[1.148s] Level 1:colcon.colcon_core.environment:checking '/sim_ws/install/f1tenth_gym_ros/bin'
[1.148s] Level 1:colcon.colcon_core.environment:create_environment_scripts_only(f1tenth_gym_ros)
[1.150s] INFO:colcon.colcon_core.shell:Creating package script '/sim_ws/install/f1tenth_gym_ros/share/f1tenth_gym_ros/package.ps1'
[1.150s] INFO:colcon.colcon_core.shell:Creating package descriptor '/sim_ws/install/f1tenth_gym_ros/share/f1tenth_gym_ros/package.dsv'
[1.151s] INFO:colcon.colcon_core.shell:Creating package script '/sim_ws/install/f1tenth_gym_ros/share/f1tenth_gym_ros/package.sh'
[1.151s] INFO:colcon.colcon_core.shell:Creating package script '/sim_ws/install/f1tenth_gym_ros/share/f1tenth_gym_ros/package.bash'
[1.152s] INFO:colcon.colcon_core.shell:Creating package script '/sim_ws/install/f1tenth_gym_ros/share/f1tenth_gym_ros/package.zsh'
[1.152s] Level 1:colcon.colcon_core.environment:create_file_with_runtime_dependencies(/sim_ws/install/f1tenth_gym_ros/share/colcon-core/packages/f1tenth_gym_ros)
[1.153s] DEBUG:colcon.colcon_parallel_executor.executor.parallel:closing loop
[1.154s] DEBUG:colcon.colcon_parallel_executor.executor.parallel:loop closed
[1.154s] DEBUG:colcon.colcon_parallel_executor.executor.parallel:run_until_complete finished with '0'
[1.154s] DEBUG:colcon.colcon_core.event_reactor:joining thread
[1.160s] INFO:colcon.colcon_core.plugin_system:Skipping extension 'colcon_notification.desktop_notification.notify_send': Could not find 'notify-send'
[1.160s] INFO:colcon.colcon_core.plugin_system:Skipping extension 'colcon_notification.desktop_notification.terminal_notifier': Not used on non-Darwin systems
[1.160s] INFO:colcon.colcon_core.plugin_system:Skipping extension 'colcon_notification.desktop_notification.win32': Not used on non-Windows systems
[1.160s] INFO:colcon.colcon_notification.desktop_notification:Sending desktop notification using 'notify2'
[1.161s] DEBUG:colcon.colcon_notification.desktop_notification.notify2:Failed to initialize notify2: org.freedesktop.DBus.Error.Spawn.ExecFailed: /usr/bin/dbus-launch terminated abnormally without any error message
[1.162s] DEBUG:colcon.colcon_core.event_reactor:joined thread
[1.164s] INFO:colcon.colcon_core.shell:Creating prefix script '/sim_ws/install/local_setup.ps1'
[1.165s] INFO:colcon.colcon_core.shell:Creating prefix util module '/sim_ws/install/_local_setup_util_ps1.py'
[1.166s] INFO:colcon.colcon_core.shell:Creating prefix chain script '/sim_ws/install/setup.ps1'
[1.168s] INFO:colcon.colcon_core.shell:Creating prefix script '/sim_ws/install/local_setup.sh'
[1.168s] INFO:colcon.colcon_core.shell:Creating prefix util module '/sim_ws/install/_local_setup_util_sh.py'
[1.169s] INFO:colcon.colcon_core.shell:Creating prefix chain script '/sim_ws/install/setup.sh'
[1.170s] INFO:colcon.colcon_core.shell:Creating prefix script '/sim_ws/install/local_setup.bash'
[1.171s] INFO:colcon.colcon_core.shell:Creating prefix chain script '/sim_ws/install/setup.bash'
[1.172s] INFO:colcon.colcon_core.shell:Creating prefix script '/sim_ws/install/local_setup.zsh'
[1.172s] INFO:colcon.colcon_core.shell:Creating prefix chain script '/sim_ws/install/setup.zsh'
