[0.105s] Invoking command in '/home/nvidia/F1Tenth_WS/build/vesc': CMAKE_PREFIX_PATH=/home/nvidia/F1Tenth_WS/install/vesc_driver:/home/nvidia/F1Tenth_WS/install/vesc_ackermann:/home/nvidia/F1Tenth_WS/install/vesc_msgs:/home/nvidia/F1Tenth_WS/install/wall_follow:/home/nvidia/F1Tenth_WS/install/vesc:/home/nvidia/F1Tenth_WS/install/teleop_tools:/home/nvidia/F1Tenth_WS/install/teleop_tools_msgs:/home/nvidia/F1Tenth_WS/install/safety_node:/home/nvidia/F1Tenth_WS/install/ackermann_mux:/home/nvidia/F1Tenth_WS/install/f1tenth_stack:/home/nvidia/F1Tenth_WS/install/joy_teleop:/home/nvidia/F1Tenth_WS/install/mouse_teleop:/home/nvidia/F1Tenth_WS/install/key_teleop:/opt/ros/foxy PYTHONPATH=/home/nvidia/F1Tenth_WS/install/vesc_msgs/lib/python3.8/site-packages:/home/nvidia/F1Tenth_WS/install/wall_follow/lib/python3.8/site-packages:/home/nvidia/F1Tenth_WS/build/f1tenth_stack:/home/nvidia/F1Tenth_WS/install/f1tenth_stack/lib/python3.8/site-packages:/home/nvidia/F1Tenth_WS/build/joy_teleop:/home/nvidia/F1Tenth_WS/install/joy_teleop/lib/python3.8/site-packages:/home/nvidia/F1Tenth_WS/install/teleop_tools_msgs/lib/python3.8/site-packages:/home/nvidia/F1Tenth_WS/install/safety_node/lib/python3.8/site-packages:/home/nvidia/F1Tenth_WS/build/mouse_teleop:/home/nvidia/F1Tenth_WS/install/mouse_teleop/lib/python3.8/site-packages:/home/nvidia/F1Tenth_WS/build/key_teleop:/home/nvidia/F1Tenth_WS/install/key_teleop/lib/python3.8/site-packages:/opt/ros/foxy/lib/python3.8/site-packages /usr/bin/cmake /home/nvidia/F1Tenth_WS/src/f1tenth_system/vesc/vesc -DAMENT_CMAKE_SYMLINK_INSTALL=1 -DCMAKE_INSTALL_PREFIX=/home/nvidia/F1Tenth_WS/install/vesc
[0.432s] -- The C compiler identification is GNU 9.4.0
[0.714s] -- The CXX compiler identification is GNU 9.4.0
[0.734s] -- Check for working C compiler: /usr/bin/cc
[1.073s] -- Check for working C compiler: /usr/bin/cc -- works
[1.078s] -- Detecting C compiler ABI info
[1.421s] -- Detecting C compiler ABI info - done
[1.469s] -- Detecting C compile features
[1.470s] -- Detecting C compile features - done
[1.479s] -- Check for working CXX compiler: /usr/bin/c++
[1.860s] -- Check for working CXX compiler: /usr/bin/c++ -- works
[1.864s] -- Detecting CXX compiler ABI info
[2.249s] -- Detecting CXX compiler ABI info - done
[2.301s] -- Detecting CXX compile features
[2.303s] -- Detecting CXX compile features - done
[2.317s] -- Found ament_cmake_auto: 0.9.12 (/opt/ros/foxy/share/ament_cmake_auto/cmake)
[2.479s] -- Found PythonInterp: /usr/bin/python3 (found suitable version "3.8.10", minimum required is "3") 
[2.480s] -- Using PYTHON_EXECUTABLE: /usr/bin/python3
[3.220s] -- Override CMake install command with custom implementation using symlinks instead of copying resources
[3.836s] -- Configuring done
[3.847s] -- Generating done
[3.852s] -- Build files have been written to: /home/nvidia/F1Tenth_WS/build/vesc
[3.869s] Invoked command in '/home/nvidia/F1Tenth_WS/build/vesc' returned '0': CMAKE_PREFIX_PATH=/home/nvidia/F1Tenth_WS/install/vesc_driver:/home/nvidia/F1Tenth_WS/install/vesc_ackermann:/home/nvidia/F1Tenth_WS/install/vesc_msgs:/home/nvidia/F1Tenth_WS/install/wall_follow:/home/nvidia/F1Tenth_WS/install/vesc:/home/nvidia/F1Tenth_WS/install/teleop_tools:/home/nvidia/F1Tenth_WS/install/teleop_tools_msgs:/home/nvidia/F1Tenth_WS/install/safety_node:/home/nvidia/F1Tenth_WS/install/ackermann_mux:/home/nvidia/F1Tenth_WS/install/f1tenth_stack:/home/nvidia/F1Tenth_WS/install/joy_teleop:/home/nvidia/F1Tenth_WS/install/mouse_teleop:/home/nvidia/F1Tenth_WS/install/key_teleop:/opt/ros/foxy PYTHONPATH=/home/nvidia/F1Tenth_WS/install/vesc_msgs/lib/python3.8/site-packages:/home/nvidia/F1Tenth_WS/install/wall_follow/lib/python3.8/site-packages:/home/nvidia/F1Tenth_WS/build/f1tenth_stack:/home/nvidia/F1Tenth_WS/install/f1tenth_stack/lib/python3.8/site-packages:/home/nvidia/F1Tenth_WS/build/joy_teleop:/home/nvidia/F1Tenth_WS/install/joy_teleop/lib/python3.8/site-packages:/home/nvidia/F1Tenth_WS/install/teleop_tools_msgs/lib/python3.8/site-packages:/home/nvidia/F1Tenth_WS/install/safety_node/lib/python3.8/site-packages:/home/nvidia/F1Tenth_WS/build/mouse_teleop:/home/nvidia/F1Tenth_WS/install/mouse_teleop/lib/python3.8/site-packages:/home/nvidia/F1Tenth_WS/build/key_teleop:/home/nvidia/F1Tenth_WS/install/key_teleop/lib/python3.8/site-packages:/opt/ros/foxy/lib/python3.8/site-packages /usr/bin/cmake /home/nvidia/F1Tenth_WS/src/f1tenth_system/vesc/vesc -DAMENT_CMAKE_SYMLINK_INSTALL=1 -DCMAKE_INSTALL_PREFIX=/home/nvidia/F1Tenth_WS/install/vesc
[3.882s] Invoking command in '/home/nvidia/F1Tenth_WS/build/vesc': CMAKE_PREFIX_PATH=/home/nvidia/F1Tenth_WS/install/vesc_driver:/home/nvidia/F1Tenth_WS/install/vesc_ackermann:/home/nvidia/F1Tenth_WS/install/vesc_msgs:/home/nvidia/F1Tenth_WS/install/wall_follow:/home/nvidia/F1Tenth_WS/install/vesc:/home/nvidia/F1Tenth_WS/install/teleop_tools:/home/nvidia/F1Tenth_WS/install/teleop_tools_msgs:/home/nvidia/F1Tenth_WS/install/safety_node:/home/nvidia/F1Tenth_WS/install/ackermann_mux:/home/nvidia/F1Tenth_WS/install/f1tenth_stack:/home/nvidia/F1Tenth_WS/install/joy_teleop:/home/nvidia/F1Tenth_WS/install/mouse_teleop:/home/nvidia/F1Tenth_WS/install/key_teleop:/opt/ros/foxy PYTHONPATH=/home/nvidia/F1Tenth_WS/install/vesc_msgs/lib/python3.8/site-packages:/home/nvidia/F1Tenth_WS/install/wall_follow/lib/python3.8/site-packages:/home/nvidia/F1Tenth_WS/build/f1tenth_stack:/home/nvidia/F1Tenth_WS/install/f1tenth_stack/lib/python3.8/site-packages:/home/nvidia/F1Tenth_WS/build/joy_teleop:/home/nvidia/F1Tenth_WS/install/joy_teleop/lib/python3.8/site-packages:/home/nvidia/F1Tenth_WS/install/teleop_tools_msgs/lib/python3.8/site-packages:/home/nvidia/F1Tenth_WS/install/safety_node/lib/python3.8/site-packages:/home/nvidia/F1Tenth_WS/build/mouse_teleop:/home/nvidia/F1Tenth_WS/install/mouse_teleop/lib/python3.8/site-packages:/home/nvidia/F1Tenth_WS/build/key_teleop:/home/nvidia/F1Tenth_WS/install/key_teleop/lib/python3.8/site-packages:/opt/ros/foxy/lib/python3.8/site-packages /usr/bin/cmake --build /home/nvidia/F1Tenth_WS/build/vesc -- -j4 -l4
[4.065s] Invoked command in '/home/nvidia/F1Tenth_WS/build/vesc' returned '0': CMAKE_PREFIX_PATH=/home/nvidia/F1Tenth_WS/install/vesc_driver:/home/nvidia/F1Tenth_WS/install/vesc_ackermann:/home/nvidia/F1Tenth_WS/install/vesc_msgs:/home/nvidia/F1Tenth_WS/install/wall_follow:/home/nvidia/F1Tenth_WS/install/vesc:/home/nvidia/F1Tenth_WS/install/teleop_tools:/home/nvidia/F1Tenth_WS/install/teleop_tools_msgs:/home/nvidia/F1Tenth_WS/install/safety_node:/home/nvidia/F1Tenth_WS/install/ackermann_mux:/home/nvidia/F1Tenth_WS/install/f1tenth_stack:/home/nvidia/F1Tenth_WS/install/joy_teleop:/home/nvidia/F1Tenth_WS/install/mouse_teleop:/home/nvidia/F1Tenth_WS/install/key_teleop:/opt/ros/foxy PYTHONPATH=/home/nvidia/F1Tenth_WS/install/vesc_msgs/lib/python3.8/site-packages:/home/nvidia/F1Tenth_WS/install/wall_follow/lib/python3.8/site-packages:/home/nvidia/F1Tenth_WS/build/f1tenth_stack:/home/nvidia/F1Tenth_WS/install/f1tenth_stack/lib/python3.8/site-packages:/home/nvidia/F1Tenth_WS/build/joy_teleop:/home/nvidia/F1Tenth_WS/install/joy_teleop/lib/python3.8/site-packages:/home/nvidia/F1Tenth_WS/install/teleop_tools_msgs/lib/python3.8/site-packages:/home/nvidia/F1Tenth_WS/install/safety_node/lib/python3.8/site-packages:/home/nvidia/F1Tenth_WS/build/mouse_teleop:/home/nvidia/F1Tenth_WS/install/mouse_teleop/lib/python3.8/site-packages:/home/nvidia/F1Tenth_WS/build/key_teleop:/home/nvidia/F1Tenth_WS/install/key_teleop/lib/python3.8/site-packages:/opt/ros/foxy/lib/python3.8/site-packages /usr/bin/cmake --build /home/nvidia/F1Tenth_WS/build/vesc -- -j4 -l4
[4.184s] Invoking command in '/home/nvidia/F1Tenth_WS/build/vesc': CMAKE_PREFIX_PATH=/home/nvidia/F1Tenth_WS/install/vesc_driver:/home/nvidia/F1Tenth_WS/install/vesc_ackermann:/home/nvidia/F1Tenth_WS/install/vesc_msgs:/home/nvidia/F1Tenth_WS/install/wall_follow:/home/nvidia/F1Tenth_WS/install/vesc:/home/nvidia/F1Tenth_WS/install/teleop_tools:/home/nvidia/F1Tenth_WS/install/teleop_tools_msgs:/home/nvidia/F1Tenth_WS/install/safety_node:/home/nvidia/F1Tenth_WS/install/ackermann_mux:/home/nvidia/F1Tenth_WS/install/f1tenth_stack:/home/nvidia/F1Tenth_WS/install/joy_teleop:/home/nvidia/F1Tenth_WS/install/mouse_teleop:/home/nvidia/F1Tenth_WS/install/key_teleop:/opt/ros/foxy PYTHONPATH=/home/nvidia/F1Tenth_WS/install/vesc_msgs/lib/python3.8/site-packages:/home/nvidia/F1Tenth_WS/install/wall_follow/lib/python3.8/site-packages:/home/nvidia/F1Tenth_WS/build/f1tenth_stack:/home/nvidia/F1Tenth_WS/install/f1tenth_stack/lib/python3.8/site-packages:/home/nvidia/F1Tenth_WS/build/joy_teleop:/home/nvidia/F1Tenth_WS/install/joy_teleop/lib/python3.8/site-packages:/home/nvidia/F1Tenth_WS/install/teleop_tools_msgs/lib/python3.8/site-packages:/home/nvidia/F1Tenth_WS/install/safety_node/lib/python3.8/site-packages:/home/nvidia/F1Tenth_WS/build/mouse_teleop:/home/nvidia/F1Tenth_WS/install/mouse_teleop/lib/python3.8/site-packages:/home/nvidia/F1Tenth_WS/build/key_teleop:/home/nvidia/F1Tenth_WS/install/key_teleop/lib/python3.8/site-packages:/opt/ros/foxy/lib/python3.8/site-packages /usr/bin/cmake --install /home/nvidia/F1Tenth_WS/build/vesc
[4.217s] -- Install configuration: ""
[4.220s] -- Execute custom install script
[4.223s] -- Symlinking: /home/nvidia/F1Tenth_WS/install/vesc/share/ament_index/resource_index/package_run_dependencies/vesc
[4.264s] -- Symlinking: /home/nvidia/F1Tenth_WS/install/vesc/share/ament_index/resource_index/parent_prefix_path/vesc
[4.304s] -- Symlinking: /home/nvidia/F1Tenth_WS/install/vesc/share/vesc/environment/ament_prefix_path.sh
[4.343s] -- Symlinking: /home/nvidia/F1Tenth_WS/install/vesc/share/vesc/environment/ament_prefix_path.dsv
[4.385s] -- Symlinking: /home/nvidia/F1Tenth_WS/install/vesc/share/vesc/environment/path.sh
[4.425s] -- Symlinking: /home/nvidia/F1Tenth_WS/install/vesc/share/vesc/environment/path.dsv
[4.466s] -- Symlinking: /home/nvidia/F1Tenth_WS/install/vesc/share/vesc/local_setup.bash
[4.507s] -- Symlinking: /home/nvidia/F1Tenth_WS/install/vesc/share/vesc/local_setup.sh
[4.547s] -- Symlinking: /home/nvidia/F1Tenth_WS/install/vesc/share/vesc/local_setup.zsh
[4.589s] -- Symlinking: /home/nvidia/F1Tenth_WS/install/vesc/share/vesc/local_setup.dsv
[4.629s] -- Symlinking: /home/nvidia/F1Tenth_WS/install/vesc/share/vesc/package.dsv
[4.672s] -- Symlinking: /home/nvidia/F1Tenth_WS/install/vesc/share/ament_index/resource_index/packages/vesc
[4.713s] -- Symlinking: /home/nvidia/F1Tenth_WS/install/vesc/share/vesc/cmake/vescConfig.cmake
[4.752s] -- Symlinking: /home/nvidia/F1Tenth_WS/install/vesc/share/vesc/cmake/vescConfig-version.cmake
[4.794s] -- Symlinking: /home/nvidia/F1Tenth_WS/install/vesc/share/vesc/package.xml
[4.857s] Invoked command in '/home/nvidia/F1Tenth_WS/build/vesc' returned '0': CMAKE_PREFIX_PATH=/home/nvidia/F1Tenth_WS/install/vesc_driver:/home/nvidia/F1Tenth_WS/install/vesc_ackermann:/home/nvidia/F1Tenth_WS/install/vesc_msgs:/home/nvidia/F1Tenth_WS/install/wall_follow:/home/nvidia/F1Tenth_WS/install/vesc:/home/nvidia/F1Tenth_WS/install/teleop_tools:/home/nvidia/F1Tenth_WS/install/teleop_tools_msgs:/home/nvidia/F1Tenth_WS/install/safety_node:/home/nvidia/F1Tenth_WS/install/ackermann_mux:/home/nvidia/F1Tenth_WS/install/f1tenth_stack:/home/nvidia/F1Tenth_WS/install/joy_teleop:/home/nvidia/F1Tenth_WS/install/mouse_teleop:/home/nvidia/F1Tenth_WS/install/key_teleop:/opt/ros/foxy PYTHONPATH=/home/nvidia/F1Tenth_WS/install/vesc_msgs/lib/python3.8/site-packages:/home/nvidia/F1Tenth_WS/install/wall_follow/lib/python3.8/site-packages:/home/nvidia/F1Tenth_WS/build/f1tenth_stack:/home/nvidia/F1Tenth_WS/install/f1tenth_stack/lib/python3.8/site-packages:/home/nvidia/F1Tenth_WS/build/joy_teleop:/home/nvidia/F1Tenth_WS/install/joy_teleop/lib/python3.8/site-packages:/home/nvidia/F1Tenth_WS/install/teleop_tools_msgs/lib/python3.8/site-packages:/home/nvidia/F1Tenth_WS/install/safety_node/lib/python3.8/site-packages:/home/nvidia/F1Tenth_WS/build/mouse_teleop:/home/nvidia/F1Tenth_WS/install/mouse_teleop/lib/python3.8/site-packages:/home/nvidia/F1Tenth_WS/build/key_teleop:/home/nvidia/F1Tenth_WS/install/key_teleop/lib/python3.8/site-packages:/opt/ros/foxy/lib/python3.8/site-packages /usr/bin/cmake --install /home/nvidia/F1Tenth_WS/build/vesc
