running develop
running egg_info
creating f1tenth_stack.egg-info
writing f1tenth_stack.egg-info/PKG-INFO
writing dependency_links to f1tenth_stack.egg-info/dependency_links.txt
writing entry points to f1tenth_stack.egg-info/entry_points.txt
writing requirements to f1tenth_stack.egg-info/requires.txt
writing top-level names to f1tenth_stack.egg-info/top_level.txt
writing manifest file 'f1tenth_stack.egg-info/SOURCES.txt'
reading manifest file 'f1tenth_stack.egg-info/SOURCES.txt'
writing manifest file 'f1tenth_stack.egg-info/SOURCES.txt'
running build_ext
Creating /home/nvidia/F1Tenth_WS/install/f1tenth_stack/lib/python3.8/site-packages/site.py
Creating /home/nvidia/F1Tenth_WS/install/f1tenth_stack/lib/python3.8/site-packages/f1tenth-stack.egg-link (link to .)
Installing tf_publisher script to /home/nvidia/F1Tenth_WS/install/f1tenth_stack/lib/f1tenth_stack
Installing throttle_interpolator script to /home/nvidia/F1Tenth_WS/install/f1tenth_stack/lib/f1tenth_stack

Installed /home/nvidia/F1Tenth_WS/build/f1tenth_stack
running install_data
creating /home/nvidia/F1Tenth_WS/install/f1tenth_stack/share/ament_index
creating /home/nvidia/F1Tenth_WS/install/f1tenth_stack/share/ament_index/resource_index
creating /home/nvidia/F1Tenth_WS/install/f1tenth_stack/share/ament_index/resource_index/packages
copying resource/f1tenth_stack -> /home/nvidia/F1Tenth_WS/install/f1tenth_stack/share/ament_index/resource_index/packages
copying package.xml -> /home/nvidia/F1Tenth_WS/install/f1tenth_stack/share/f1tenth_stack
creating /home/nvidia/F1Tenth_WS/install/f1tenth_stack/share/f1tenth_stack/launch
copying launch/bringup_launch.py -> /home/nvidia/F1Tenth_WS/install/f1tenth_stack/share/f1tenth_stack/launch
creating /home/nvidia/F1Tenth_WS/install/f1tenth_stack/share/f1tenth_stack/config
copying config/f1tenth_online_async.yaml -> /home/nvidia/F1Tenth_WS/install/f1tenth_stack/share/f1tenth_stack/config
copying config/vesc.yaml -> /home/nvidia/F1Tenth_WS/install/f1tenth_stack/share/f1tenth_stack/config
copying config/sensors.yaml -> /home/nvidia/F1Tenth_WS/install/f1tenth_stack/share/f1tenth_stack/config
copying config/mux.yaml -> /home/nvidia/F1Tenth_WS/install/f1tenth_stack/share/f1tenth_stack/config
copying config/joy_teleop.yaml -> /home/nvidia/F1Tenth_WS/install/f1tenth_stack/share/f1tenth_stack/config
