[2.737s] Invoking command in '/home/nvidia/F1Tenth_WS/build/f1tenth_stack': AMENT_PREFIX_PATH=/home/nvidia/F1Tenth_WS/install/joy_teleop:/home/nvidia/F1Tenth_WS/install/wall_follow:/home/nvidia/F1Tenth_WS/install/f1tenth_stack:/home/nvidia/F1Tenth_WS/install/vesc:/home/nvidia/F1Tenth_WS/install/vesc_driver:/home/nvidia/F1Tenth_WS/install/vesc_ackermann:/home/nvidia/F1Tenth_WS/install/vesc_msgs:/home/nvidia/F1Tenth_WS/install/teleop_tools:/home/nvidia/F1Tenth_WS/install/teleop_tools_msgs:/home/nvidia/F1Tenth_WS/install/safety_node:/home/nvidia/F1Tenth_WS/install/mouse_teleop:/home/nvidia/F1Tenth_WS/install/key_teleop:/home/nvidia/F1Tenth_WS/install/ackermann_mux:/opt/ros/foxy CMAKE_PREFIX_PATH=/home/nvidia/F1Tenth_WS/install/vesc:/home/nvidia/F1Tenth_WS/install/vesc_driver:/home/nvidia/F1Tenth_WS/install/vesc_ackermann:/home/nvidia/F1Tenth_WS/install/vesc_msgs:/home/nvidia/F1Tenth_WS/install/teleop_tools_msgs:/home/nvidia/F1Tenth_WS/install/ackermann_mux:/home/nvidia/F1Tenth_WS/install/wall_follow:/home/nvidia/F1Tenth_WS/install/teleop_tools:/home/nvidia/F1Tenth_WS/install/safety_node PYTHONPATH=/home/nvidia/F1Tenth_WS/build/f1tenth_stack/prefix_override:/home/nvidia/F1Tenth_WS/install/f1tenth_stack/lib/python3.8/site-packages:/home/nvidia/F1Tenth_WS/build/joy_teleop:/home/nvidia/F1Tenth_WS/install/joy_teleop/lib/python3.8/site-packages:/home/nvidia/F1Tenth_WS/install/vesc_msgs/lib/python3.8/site-packages:/home/nvidia/F1Tenth_WS/install/teleop_tools_msgs/lib/python3.8/site-packages:/home/nvidia/F1Tenth_WS/install/wall_follow/lib/python3.8/site-packages:/home/nvidia/F1Tenth_WS/build/f1tenth_stack:/home/nvidia/F1Tenth_WS/install/f1tenth_stack/lib/python3.8/site-packages:/home/nvidia/F1Tenth_WS/install/safety_node/lib/python3.8/site-packages:/home/nvidia/F1Tenth_WS/build/mouse_teleop:/home/nvidia/F1Tenth_WS/install/mouse_teleop/lib/python3.8/site-packages:/home/nvidia/F1Tenth_WS/build/key_teleop:/home/nvidia/F1Tenth_WS/install/key_teleop/lib/python3.8/site-packages:/opt/ros/foxy/lib/python3.8/site-packages /usr/bin/python3 setup.py develop --editable --build-directory /home/nvidia/F1Tenth_WS/build/f1tenth_stack/build --no-deps install_data
[3.757s] running develop
[4.227s] running egg_info
[4.228s] creating f1tenth_stack.egg-info
[4.228s] writing f1tenth_stack.egg-info/PKG-INFO
[4.229s] writing dependency_links to f1tenth_stack.egg-info/dependency_links.txt
[4.230s] writing entry points to f1tenth_stack.egg-info/entry_points.txt
[4.231s] writing requirements to f1tenth_stack.egg-info/requires.txt
[4.231s] writing top-level names to f1tenth_stack.egg-info/top_level.txt
[4.236s] writing manifest file 'f1tenth_stack.egg-info/SOURCES.txt'
[4.356s] reading manifest file 'f1tenth_stack.egg-info/SOURCES.txt'
[4.358s] writing manifest file 'f1tenth_stack.egg-info/SOURCES.txt'
[4.506s] running build_ext
[4.508s] Creating /home/nvidia/F1Tenth_WS/install/f1tenth_stack/lib/python3.8/site-packages/site.py
[4.517s] Creating /home/nvidia/F1Tenth_WS/install/f1tenth_stack/lib/python3.8/site-packages/f1tenth-stack.egg-link (link to .)
[4.520s] Installing tf_publisher script to /home/nvidia/F1Tenth_WS/install/f1tenth_stack/lib/f1tenth_stack
[4.520s] Installing throttle_interpolator script to /home/nvidia/F1Tenth_WS/install/f1tenth_stack/lib/f1tenth_stack
[4.521s] 
[4.522s] Installed /home/nvidia/F1Tenth_WS/build/f1tenth_stack
[4.522s] running install_data
[4.523s] creating /home/nvidia/F1Tenth_WS/install/f1tenth_stack/share/ament_index
[4.523s] creating /home/nvidia/F1Tenth_WS/install/f1tenth_stack/share/ament_index/resource_index
[4.524s] creating /home/nvidia/F1Tenth_WS/install/f1tenth_stack/share/ament_index/resource_index/packages
[4.524s] copying resource/f1tenth_stack -> /home/nvidia/F1Tenth_WS/install/f1tenth_stack/share/ament_index/resource_index/packages
[4.524s] copying package.xml -> /home/nvidia/F1Tenth_WS/install/f1tenth_stack/share/f1tenth_stack
[4.525s] creating /home/nvidia/F1Tenth_WS/install/f1tenth_stack/share/f1tenth_stack/launch
[4.525s] copying launch/bringup_launch.py -> /home/nvidia/F1Tenth_WS/install/f1tenth_stack/share/f1tenth_stack/launch
[4.526s] creating /home/nvidia/F1Tenth_WS/install/f1tenth_stack/share/f1tenth_stack/config
[4.526s] copying config/f1tenth_online_async.yaml -> /home/nvidia/F1Tenth_WS/install/f1tenth_stack/share/f1tenth_stack/config
[4.526s] copying config/vesc.yaml -> /home/nvidia/F1Tenth_WS/install/f1tenth_stack/share/f1tenth_stack/config
[4.527s] copying config/sensors.yaml -> /home/nvidia/F1Tenth_WS/install/f1tenth_stack/share/f1tenth_stack/config
[4.527s] copying config/mux.yaml -> /home/nvidia/F1Tenth_WS/install/f1tenth_stack/share/f1tenth_stack/config
[4.527s] copying config/joy_teleop.yaml -> /home/nvidia/F1Tenth_WS/install/f1tenth_stack/share/f1tenth_stack/config
[4.638s] Invoked command in '/home/nvidia/F1Tenth_WS/build/f1tenth_stack' returned '0': AMENT_PREFIX_PATH=/home/nvidia/F1Tenth_WS/install/joy_teleop:/home/nvidia/F1Tenth_WS/install/wall_follow:/home/nvidia/F1Tenth_WS/install/f1tenth_stack:/home/nvidia/F1Tenth_WS/install/vesc:/home/nvidia/F1Tenth_WS/install/vesc_driver:/home/nvidia/F1Tenth_WS/install/vesc_ackermann:/home/nvidia/F1Tenth_WS/install/vesc_msgs:/home/nvidia/F1Tenth_WS/install/teleop_tools:/home/nvidia/F1Tenth_WS/install/teleop_tools_msgs:/home/nvidia/F1Tenth_WS/install/safety_node:/home/nvidia/F1Tenth_WS/install/mouse_teleop:/home/nvidia/F1Tenth_WS/install/key_teleop:/home/nvidia/F1Tenth_WS/install/ackermann_mux:/opt/ros/foxy CMAKE_PREFIX_PATH=/home/nvidia/F1Tenth_WS/install/vesc:/home/nvidia/F1Tenth_WS/install/vesc_driver:/home/nvidia/F1Tenth_WS/install/vesc_ackermann:/home/nvidia/F1Tenth_WS/install/vesc_msgs:/home/nvidia/F1Tenth_WS/install/teleop_tools_msgs:/home/nvidia/F1Tenth_WS/install/ackermann_mux:/home/nvidia/F1Tenth_WS/install/wall_follow:/home/nvidia/F1Tenth_WS/install/teleop_tools:/home/nvidia/F1Tenth_WS/install/safety_node PYTHONPATH=/home/nvidia/F1Tenth_WS/build/f1tenth_stack/prefix_override:/home/nvidia/F1Tenth_WS/install/f1tenth_stack/lib/python3.8/site-packages:/home/nvidia/F1Tenth_WS/build/joy_teleop:/home/nvidia/F1Tenth_WS/install/joy_teleop/lib/python3.8/site-packages:/home/nvidia/F1Tenth_WS/install/vesc_msgs/lib/python3.8/site-packages:/home/nvidia/F1Tenth_WS/install/teleop_tools_msgs/lib/python3.8/site-packages:/home/nvidia/F1Tenth_WS/install/wall_follow/lib/python3.8/site-packages:/home/nvidia/F1Tenth_WS/build/f1tenth_stack:/home/nvidia/F1Tenth_WS/install/f1tenth_stack/lib/python3.8/site-packages:/home/nvidia/F1Tenth_WS/install/safety_node/lib/python3.8/site-packages:/home/nvidia/F1Tenth_WS/build/mouse_teleop:/home/nvidia/F1Tenth_WS/install/mouse_teleop/lib/python3.8/site-packages:/home/nvidia/F1Tenth_WS/build/key_teleop:/home/nvidia/F1Tenth_WS/install/key_teleop/lib/python3.8/site-packages:/opt/ros/foxy/lib/python3.8/site-packages /usr/bin/python3 setup.py develop --editable --build-directory /home/nvidia/F1Tenth_WS/build/f1tenth_stack/build --no-deps install_data
