[0.225s] Invoking command in '/sim_ws/build/safety_node': CMAKE_PREFIX_PATH=${CMAKE_PREFIX_PATH}:/sim_ws/install/f1tenth_gym_ros:/opt/ros/foxy /usr/bin/cmake --build /sim_ws/build/safety_node -- -j12 -l12
[0.279s] [100%] Built target safety_node
[0.292s] Invoked command in '/sim_ws/build/safety_node' returned '0': CMAKE_PREFIX_PATH=${CMAKE_PREFIX_PATH}:/sim_ws/install/f1tenth_gym_ros:/opt/ros/foxy /usr/bin/cmake --build /sim_ws/build/safety_node -- -j12 -l12
[0.329s] Invoking command in '/sim_ws/build/safety_node': CMAKE_PREFIX_PATH=${CMAKE_PREFIX_PATH}:/sim_ws/install/f1tenth_gym_ros:/opt/ros/foxy /usr/bin/cmake --install /sim_ws/build/safety_node
[0.340s] -- Install configuration: ""
[0.341s] -- Execute custom install script
[0.341s] -- Up-to-date symlink: /sim_ws/install/safety_node/lib/safety_node/safety_node
[0.342s] -- Up-to-date symlink: /sim_ws/install/safety_node/share/safety_node/environment/pythonpath.sh
[0.342s] -- Up-to-date symlink: /sim_ws/install/safety_node/share/safety_node/environment/pythonpath.dsv
[0.343s] -- Up-to-date symlink: /sim_ws/install/safety_node/lib/python3.8/site-packages/safety_node/__init__.py
[0.343s] -- Up-to-date symlink: /sim_ws/install/safety_node/lib/safety_node/safety_node.py
[0.343s] -- Up-to-date symlink: /sim_ws/install/safety_node/share/ament_index/resource_index/package_run_dependencies/safety_node
[0.343s] -- Up-to-date symlink: /sim_ws/install/safety_node/share/ament_index/resource_index/parent_prefix_path/safety_node
[0.344s] -- Up-to-date symlink: /sim_ws/install/safety_node/share/safety_node/environment/ament_prefix_path.sh
[0.344s] -- Up-to-date symlink: /sim_ws/install/safety_node/share/safety_node/environment/ament_prefix_path.dsv
[0.344s] -- Up-to-date symlink: /sim_ws/install/safety_node/share/safety_node/environment/path.sh
[0.345s] -- Up-to-date symlink: /sim_ws/install/safety_node/share/safety_node/environment/path.dsv
[0.345s] -- Up-to-date symlink: /sim_ws/install/safety_node/share/safety_node/local_setup.bash
[0.345s] -- Up-to-date symlink: /sim_ws/install/safety_node/share/safety_node/local_setup.sh
[0.345s] -- Up-to-date symlink: /sim_ws/install/safety_node/share/safety_node/local_setup.zsh
[0.346s] -- Up-to-date symlink: /sim_ws/install/safety_node/share/safety_node/local_setup.dsv
[0.346s] -- Symlinking: /sim_ws/install/safety_node/share/safety_node/package.dsv
[0.369s] -- Up-to-date symlink: /sim_ws/install/safety_node/share/ament_index/resource_index/packages/safety_node
[0.369s] -- Up-to-date symlink: /sim_ws/install/safety_node/share/safety_node/cmake/safety_nodeConfig.cmake
[0.369s] -- Up-to-date symlink: /sim_ws/install/safety_node/share/safety_node/cmake/safety_nodeConfig-version.cmake
[0.370s] -- Up-to-date symlink: /sim_ws/install/safety_node/share/safety_node/package.xml
[0.407s] Listing '/sim_ws/install/safety_node/lib/python3.8/site-packages/safety_node'...
[0.420s] Invoked command in '/sim_ws/build/safety_node' returned '0': CMAKE_PREFIX_PATH=${CMAKE_PREFIX_PATH}:/sim_ws/install/f1tenth_gym_ros:/opt/ros/foxy /usr/bin/cmake --install /sim_ws/build/safety_node
