[0.249s] Invoking command in '/home/nvidia/F1Tenth_WS/build/ackermann_mux': CMAKE_PREFIX_PATH=${CMAKE_PREFIX_PATH}:/home/nvidia/F1Tenth_WS/install/f1tenth_stack:/home/nvidia/F1Tenth_WS/install/joy_teleop:/home/nvidia/F1Tenth_WS/install/mouse_teleop:/home/nvidia/F1Tenth_WS/install/key_teleop:/opt/ros/foxy /usr/bin/cmake --build /home/nvidia/F1Tenth_WS/build/ackermann_mux -- -j4 -l4
[0.812s] [100%] Built target ackermann_mux
[1.801s] Invoked command in '/home/nvidia/F1Tenth_WS/build/ackermann_mux' returned '0': CMAKE_PREFIX_PATH=${CMAKE_PREFIX_PATH}:/home/nvidia/F1Tenth_WS/install/f1tenth_stack:/home/nvidia/F1Tenth_WS/install/joy_teleop:/home/nvidia/F1Tenth_WS/install/mouse_teleop:/home/nvidia/F1Tenth_WS/install/key_teleop:/opt/ros/foxy /usr/bin/cmake --build /home/nvidia/F1Tenth_WS/build/ackermann_mux -- -j4 -l4
[2.075s] Invoking command in '/home/nvidia/F1Tenth_WS/build/ackermann_mux': CMAKE_PREFIX_PATH=${CMAKE_PREFIX_PATH}:/home/nvidia/F1Tenth_WS/install/f1tenth_stack:/home/nvidia/F1Tenth_WS/install/joy_teleop:/home/nvidia/F1Tenth_WS/install/mouse_teleop:/home/nvidia/F1Tenth_WS/install/key_teleop:/opt/ros/foxy /usr/bin/cmake --install /home/nvidia/F1Tenth_WS/build/ackermann_mux
[2.127s] -- Install configuration: ""
[2.129s] -- Execute custom install script
[2.131s] -- Up-to-date symlink: /home/nvidia/F1Tenth_WS/install/ackermann_mux/lib/ackermann_mux/ackermann_mux
[2.134s] -- Up-to-date symlink: /home/nvidia/F1Tenth_WS/install/ackermann_mux/share/ackermann_mux/launch/ackermann_mux_launch.py
[2.138s] -- Up-to-date symlink: /home/nvidia/F1Tenth_WS/install/ackermann_mux/share/ackermann_mux/config/ackermann_mux_locks.yaml
[2.140s] -- Up-to-date symlink: /home/nvidia/F1Tenth_WS/install/ackermann_mux/share/ackermann_mux/config/ackermann_mux_topics.yaml
[2.142s] -- Up-to-date symlink: /home/nvidia/F1Tenth_WS/install/ackermann_mux/share/ackermann_mux/config/joystick.yaml
[2.144s] -- Up-to-date symlink: /home/nvidia/F1Tenth_WS/install/ackermann_mux/include/ackermann_mux/ackermann_mux.hpp
[2.145s] -- Up-to-date symlink: /home/nvidia/F1Tenth_WS/install/ackermann_mux/include/ackermann_mux/ackermann_mux_diagnostics.hpp
[2.146s] -- Up-to-date symlink: /home/nvidia/F1Tenth_WS/install/ackermann_mux/include/ackermann_mux/ackermann_mux_diagnostics_status.hpp
[2.147s] -- Up-to-date symlink: /home/nvidia/F1Tenth_WS/install/ackermann_mux/include/ackermann_mux/params_helpers.hpp
[2.148s] -- Up-to-date symlink: /home/nvidia/F1Tenth_WS/install/ackermann_mux/include/ackermann_mux/topic_handle.hpp
[2.149s] -- Up-to-date symlink: /home/nvidia/F1Tenth_WS/install/ackermann_mux/include/ackermann_mux/utils.hpp
[2.151s] -- Up-to-date symlink: /home/nvidia/F1Tenth_WS/install/ackermann_mux/share/ament_index/resource_index/package_run_dependencies/ackermann_mux
[2.152s] -- Up-to-date symlink: /home/nvidia/F1Tenth_WS/install/ackermann_mux/share/ament_index/resource_index/parent_prefix_path/ackermann_mux
[2.154s] -- Up-to-date symlink: /home/nvidia/F1Tenth_WS/install/ackermann_mux/share/ackermann_mux/environment/ament_prefix_path.sh
[2.156s] -- Up-to-date symlink: /home/nvidia/F1Tenth_WS/install/ackermann_mux/share/ackermann_mux/environment/ament_prefix_path.dsv
[2.157s] -- Up-to-date symlink: /home/nvidia/F1Tenth_WS/install/ackermann_mux/share/ackermann_mux/environment/path.sh
[2.159s] -- Up-to-date symlink: /home/nvidia/F1Tenth_WS/install/ackermann_mux/share/ackermann_mux/environment/path.dsv
[2.167s] -- Up-to-date symlink: /home/nvidia/F1Tenth_WS/install/ackermann_mux/share/ackermann_mux/local_setup.bash
[2.168s] -- Up-to-date symlink: /home/nvidia/F1Tenth_WS/install/ackermann_mux/share/ackermann_mux/local_setup.sh
[2.169s] -- Up-to-date symlink: /home/nvidia/F1Tenth_WS/install/ackermann_mux/share/ackermann_mux/local_setup.zsh
[2.171s] -- Up-to-date symlink: /home/nvidia/F1Tenth_WS/install/ackermann_mux/share/ackermann_mux/local_setup.dsv
[2.172s] -- Symlinking: /home/nvidia/F1Tenth_WS/install/ackermann_mux/share/ackermann_mux/package.dsv
[2.221s] -- Up-to-date symlink: /home/nvidia/F1Tenth_WS/install/ackermann_mux/share/ament_index/resource_index/packages/ackermann_mux
[2.222s] -- Up-to-date symlink: /home/nvidia/F1Tenth_WS/install/ackermann_mux/share/ackermann_mux/cmake/ament_cmake_export_include_directories-extras.cmake
[2.224s] -- Up-to-date symlink: /home/nvidia/F1Tenth_WS/install/ackermann_mux/share/ackermann_mux/cmake/ament_cmake_export_dependencies-extras.cmake
[2.226s] -- Up-to-date symlink: /home/nvidia/F1Tenth_WS/install/ackermann_mux/share/ackermann_mux/cmake/ackermann_muxConfig.cmake
[2.226s] -- Up-to-date symlink: /home/nvidia/F1Tenth_WS/install/ackermann_mux/share/ackermann_mux/cmake/ackermann_muxConfig-version.cmake
[2.229s] -- Up-to-date symlink: /home/nvidia/F1Tenth_WS/install/ackermann_mux/share/ackermann_mux/package.xml
[2.245s] Invoked command in '/home/nvidia/F1Tenth_WS/build/ackermann_mux' returned '0': CMAKE_PREFIX_PATH=${CMAKE_PREFIX_PATH}:/home/nvidia/F1Tenth_WS/install/f1tenth_stack:/home/nvidia/F1Tenth_WS/install/joy_teleop:/home/nvidia/F1Tenth_WS/install/mouse_teleop:/home/nvidia/F1Tenth_WS/install/key_teleop:/opt/ros/foxy /usr/bin/cmake --install /home/nvidia/F1Tenth_WS/build/ackermann_mux
