[0.275s] Invoking command in '/home/nvidia/F1Tenth_WS/build/vesc_msgs': CMAKE_PREFIX_PATH=${CMAKE_PREFIX_PATH}:/home/nvidia/F1Tenth_WS/install/f1tenth_stack:/home/nvidia/F1Tenth_WS/install/joy_teleop:/home/nvidia/F1Tenth_WS/install/mouse_teleop:/home/nvidia/F1Tenth_WS/install/key_teleop:/opt/ros/foxy /usr/bin/cmake --build /home/nvidia/F1Tenth_WS/build/vesc_msgs -- -j4 -l4
[0.735s] [  1%] Built target vesc_msgs__cpp
[0.903s] [ 12%] Built target vesc_msgs__rosidl_generator_c
[0.969s] [ 23%] Built target vesc_msgs__rosidl_typesupport_fastrtps_cpp
[1.078s] [ 34%] Built target vesc_msgs__rosidl_typesupport_introspection_cpp
[1.085s] [ 45%] Built target vesc_msgs__rosidl_typesupport_cpp
[1.175s] [ 56%] Built target vesc_msgs__rosidl_typesupport_c
[1.236s] [ 67%] Built target vesc_msgs__rosidl_typesupport_introspection_c
[1.282s] [ 78%] Built target vesc_msgs__rosidl_typesupport_fastrtps_c
[1.381s] [ 78%] Built target vesc_msgs
[1.483s] [ 80%] Built target vesc_msgs__py
[1.633s] [ 89%] Built target vesc_msgs__python
[1.857s] [ 92%] Built target vesc_msgs__rosidl_typesupport_introspection_c__pyext
[1.877s] [ 96%] Built target vesc_msgs__rosidl_typesupport_c__pyext
[1.897s] [100%] Built target vesc_msgs__rosidl_typesupport_fastrtps_c__pyext
[1.999s] Invoked command in '/home/nvidia/F1Tenth_WS/build/vesc_msgs' returned '0': CMAKE_PREFIX_PATH=${CMAKE_PREFIX_PATH}:/home/nvidia/F1Tenth_WS/install/f1tenth_stack:/home/nvidia/F1Tenth_WS/install/joy_teleop:/home/nvidia/F1Tenth_WS/install/mouse_teleop:/home/nvidia/F1Tenth_WS/install/key_teleop:/opt/ros/foxy /usr/bin/cmake --build /home/nvidia/F1Tenth_WS/build/vesc_msgs -- -j4 -l4
[3.914s] Invoking command in '/home/nvidia/F1Tenth_WS/build/vesc_msgs': CMAKE_PREFIX_PATH=${CMAKE_PREFIX_PATH}:/home/nvidia/F1Tenth_WS/install/f1tenth_stack:/home/nvidia/F1Tenth_WS/install/joy_teleop:/home/nvidia/F1Tenth_WS/install/mouse_teleop:/home/nvidia/F1Tenth_WS/install/key_teleop:/opt/ros/foxy /usr/bin/cmake --install /home/nvidia/F1Tenth_WS/build/vesc_msgs
[4.135s] -- Install configuration: ""
[4.136s] -- Execute custom install script
[4.137s] -- Up-to-date symlink: /home/nvidia/F1Tenth_WS/install/vesc_msgs/share/ament_index/resource_index/rosidl_interfaces/vesc_msgs
[4.144s] -- Up-to-date symlink: /home/nvidia/F1Tenth_WS/install/vesc_msgs/include/vesc_msgs/msg/detail/vesc_imu__functions.h
[4.144s] -- Up-to-date symlink: /home/nvidia/F1Tenth_WS/install/vesc_msgs/include/vesc_msgs/msg/detail/vesc_imu__struct.h
[4.145s] -- Up-to-date symlink: /home/nvidia/F1Tenth_WS/install/vesc_msgs/include/vesc_msgs/msg/detail/vesc_imu__type_support.h
[4.145s] -- Up-to-date symlink: /home/nvidia/F1Tenth_WS/install/vesc_msgs/include/vesc_msgs/msg/detail/vesc_imu_stamped__functions.h
[4.145s] -- Up-to-date symlink: /home/nvidia/F1Tenth_WS/install/vesc_msgs/include/vesc_msgs/msg/detail/vesc_imu_stamped__struct.h
[4.146s] -- Up-to-date symlink: /home/nvidia/F1Tenth_WS/install/vesc_msgs/include/vesc_msgs/msg/detail/vesc_imu_stamped__type_support.h
[4.146s] -- Up-to-date symlink: /home/nvidia/F1Tenth_WS/install/vesc_msgs/include/vesc_msgs/msg/detail/vesc_state__functions.h
[4.146s] -- Up-to-date symlink: /home/nvidia/F1Tenth_WS/install/vesc_msgs/include/vesc_msgs/msg/detail/vesc_state__struct.h
[4.147s] -- Up-to-date symlink: /home/nvidia/F1Tenth_WS/install/vesc_msgs/include/vesc_msgs/msg/detail/vesc_state__type_support.h
[4.147s] -- Up-to-date symlink: /home/nvidia/F1Tenth_WS/install/vesc_msgs/include/vesc_msgs/msg/detail/vesc_state_stamped__functions.h
[4.147s] -- Up-to-date symlink: /home/nvidia/F1Tenth_WS/install/vesc_msgs/include/vesc_msgs/msg/detail/vesc_state_stamped__struct.h
[4.148s] -- Up-to-date symlink: /home/nvidia/F1Tenth_WS/install/vesc_msgs/include/vesc_msgs/msg/detail/vesc_state_stamped__type_support.h
[4.148s] -- Up-to-date symlink: /home/nvidia/F1Tenth_WS/install/vesc_msgs/include/vesc_msgs/msg/rosidl_generator_c__visibility_control.h
[4.148s] -- Up-to-date symlink: /home/nvidia/F1Tenth_WS/install/vesc_msgs/include/vesc_msgs/msg/vesc_imu.h
[4.149s] -- Up-to-date symlink: /home/nvidia/F1Tenth_WS/install/vesc_msgs/include/vesc_msgs/msg/vesc_imu_stamped.h
[4.153s] -- Up-to-date symlink: /home/nvidia/F1Tenth_WS/install/vesc_msgs/include/vesc_msgs/msg/vesc_state.h
[4.154s] -- Up-to-date symlink: /home/nvidia/F1Tenth_WS/install/vesc_msgs/include/vesc_msgs/msg/vesc_state_stamped.h
[4.154s] -- Up-to-date symlink: /home/nvidia/F1Tenth_WS/install/vesc_msgs/share/vesc_msgs/environment/library_path.sh
[4.155s] -- Up-to-date symlink: /home/nvidia/F1Tenth_WS/install/vesc_msgs/share/vesc_msgs/environment/library_path.dsv
[4.155s] -- Up-to-date symlink: /home/nvidia/F1Tenth_WS/install/vesc_msgs/include/vesc_msgs/msg/detail/vesc_imu__rosidl_typesupport_fastrtps_c.h
[4.155s] -- Up-to-date symlink: /home/nvidia/F1Tenth_WS/install/vesc_msgs/include/vesc_msgs/msg/detail/vesc_imu_stamped__rosidl_typesupport_fastrtps_c.h
[4.156s] -- Up-to-date symlink: /home/nvidia/F1Tenth_WS/install/vesc_msgs/include/vesc_msgs/msg/detail/vesc_state__rosidl_typesupport_fastrtps_c.h
[4.156s] -- Up-to-date symlink: /home/nvidia/F1Tenth_WS/install/vesc_msgs/include/vesc_msgs/msg/detail/vesc_state_stamped__rosidl_typesupport_fastrtps_c.h
[4.157s] -- Up-to-date symlink: /home/nvidia/F1Tenth_WS/install/vesc_msgs/include/vesc_msgs/msg/rosidl_typesupport_fastrtps_c__visibility_control.h
[4.157s] -- Up-to-date symlink: /home/nvidia/F1Tenth_WS/install/vesc_msgs/lib/libvesc_msgs__rosidl_typesupport_fastrtps_c.so
[4.158s] -- Up-to-date symlink: /home/nvidia/F1Tenth_WS/install/vesc_msgs/include/vesc_msgs/msg/detail/vesc_imu__rosidl_typesupport_fastrtps_cpp.hpp
[4.159s] -- Up-to-date symlink: /home/nvidia/F1Tenth_WS/install/vesc_msgs/include/vesc_msgs/msg/detail/vesc_imu_stamped__rosidl_typesupport_fastrtps_cpp.hpp
[4.159s] -- Up-to-date symlink: /home/nvidia/F1Tenth_WS/install/vesc_msgs/include/vesc_msgs/msg/detail/vesc_state__rosidl_typesupport_fastrtps_cpp.hpp
[4.159s] -- Up-to-date symlink: /home/nvidia/F1Tenth_WS/install/vesc_msgs/include/vesc_msgs/msg/detail/vesc_state_stamped__rosidl_typesupport_fastrtps_cpp.hpp
[4.160s] -- Up-to-date symlink: /home/nvidia/F1Tenth_WS/install/vesc_msgs/include/vesc_msgs/msg/rosidl_typesupport_fastrtps_cpp__visibility_control.h
[4.160s] -- Up-to-date symlink: /home/nvidia/F1Tenth_WS/install/vesc_msgs/lib/libvesc_msgs__rosidl_typesupport_fastrtps_cpp.so
[4.160s] -- Up-to-date symlink: /home/nvidia/F1Tenth_WS/install/vesc_msgs/include/vesc_msgs/msg/detail/vesc_imu__rosidl_typesupport_introspection_c.h
[4.161s] -- Up-to-date symlink: /home/nvidia/F1Tenth_WS/install/vesc_msgs/include/vesc_msgs/msg/detail/vesc_imu_stamped__rosidl_typesupport_introspection_c.h
[4.161s] -- Up-to-date symlink: /home/nvidia/F1Tenth_WS/install/vesc_msgs/include/vesc_msgs/msg/detail/vesc_state__rosidl_typesupport_introspection_c.h
[4.161s] -- Up-to-date symlink: /home/nvidia/F1Tenth_WS/install/vesc_msgs/include/vesc_msgs/msg/detail/vesc_state_stamped__rosidl_typesupport_introspection_c.h
[4.162s] -- Up-to-date symlink: /home/nvidia/F1Tenth_WS/install/vesc_msgs/include/vesc_msgs/msg/rosidl_typesupport_introspection_c__visibility_control.h
[4.162s] -- Up-to-date symlink: /home/nvidia/F1Tenth_WS/install/vesc_msgs/include/vesc_msgs/msg/detail/vesc_imu__builder.hpp
[4.162s] -- Up-to-date symlink: /home/nvidia/F1Tenth_WS/install/vesc_msgs/include/vesc_msgs/msg/detail/vesc_imu__struct.hpp
[4.163s] -- Up-to-date symlink: /home/nvidia/F1Tenth_WS/install/vesc_msgs/include/vesc_msgs/msg/detail/vesc_imu__traits.hpp
[4.163s] -- Up-to-date symlink: /home/nvidia/F1Tenth_WS/install/vesc_msgs/include/vesc_msgs/msg/detail/vesc_imu__type_support.hpp
[4.163s] -- Up-to-date symlink: /home/nvidia/F1Tenth_WS/install/vesc_msgs/include/vesc_msgs/msg/detail/vesc_imu_stamped__builder.hpp
[4.172s] -- Up-to-date symlink: /home/nvidia/F1Tenth_WS/install/vesc_msgs/include/vesc_msgs/msg/detail/vesc_imu_stamped__struct.hpp
[4.173s] -- Up-to-date symlink: /home/nvidia/F1Tenth_WS/install/vesc_msgs/include/vesc_msgs/msg/detail/vesc_imu_stamped__traits.hpp
[4.173s] -- Up-to-date symlink: /home/nvidia/F1Tenth_WS/install/vesc_msgs/include/vesc_msgs/msg/detail/vesc_imu_stamped__type_support.hpp
[4.173s] -- Up-to-date symlink: /home/nvidia/F1Tenth_WS/install/vesc_msgs/include/vesc_msgs/msg/detail/vesc_state__builder.hpp
[4.174s] -- Up-to-date symlink: /home/nvidia/F1Tenth_WS/install/vesc_msgs/include/vesc_msgs/msg/detail/vesc_state__struct.hpp
[4.174s] -- Up-to-date symlink: /home/nvidia/F1Tenth_WS/install/vesc_msgs/include/vesc_msgs/msg/detail/vesc_state__traits.hpp
[4.174s] -- Up-to-date symlink: /home/nvidia/F1Tenth_WS/install/vesc_msgs/include/vesc_msgs/msg/detail/vesc_state__type_support.hpp
[4.175s] -- Up-to-date symlink: /home/nvidia/F1Tenth_WS/install/vesc_msgs/include/vesc_msgs/msg/detail/vesc_state_stamped__builder.hpp
[4.175s] -- Up-to-date symlink: /home/nvidia/F1Tenth_WS/install/vesc_msgs/include/vesc_msgs/msg/detail/vesc_state_stamped__struct.hpp
[4.175s] -- Up-to-date symlink: /home/nvidia/F1Tenth_WS/install/vesc_msgs/include/vesc_msgs/msg/detail/vesc_state_stamped__traits.hpp
[4.176s] -- Up-to-date symlink: /home/nvidia/F1Tenth_WS/install/vesc_msgs/include/vesc_msgs/msg/detail/vesc_state_stamped__type_support.hpp
[4.176s] -- Up-to-date symlink: /home/nvidia/F1Tenth_WS/install/vesc_msgs/include/vesc_msgs/msg/rosidl_generator_cpp__visibility_control.hpp
[4.176s] -- Up-to-date symlink: /home/nvidia/F1Tenth_WS/install/vesc_msgs/include/vesc_msgs/msg/vesc_imu.hpp
[4.177s] -- Up-to-date symlink: /home/nvidia/F1Tenth_WS/install/vesc_msgs/include/vesc_msgs/msg/vesc_imu_stamped.hpp
[4.184s] -- Up-to-date symlink: /home/nvidia/F1Tenth_WS/install/vesc_msgs/include/vesc_msgs/msg/vesc_state.hpp
[4.188s] -- Up-to-date symlink: /home/nvidia/F1Tenth_WS/install/vesc_msgs/include/vesc_msgs/msg/vesc_state_stamped.hpp
[4.189s] -- Up-to-date symlink: /home/nvidia/F1Tenth_WS/install/vesc_msgs/include/vesc_msgs/msg/detail/vesc_imu__rosidl_typesupport_introspection_cpp.hpp
[4.189s] -- Up-to-date symlink: /home/nvidia/F1Tenth_WS/install/vesc_msgs/include/vesc_msgs/msg/detail/vesc_imu_stamped__rosidl_typesupport_introspection_cpp.hpp
[4.189s] -- Up-to-date symlink: /home/nvidia/F1Tenth_WS/install/vesc_msgs/include/vesc_msgs/msg/detail/vesc_state__rosidl_typesupport_introspection_cpp.hpp
[4.190s] -- Up-to-date symlink: /home/nvidia/F1Tenth_WS/install/vesc_msgs/include/vesc_msgs/msg/detail/vesc_state_stamped__rosidl_typesupport_introspection_cpp.hpp
[4.190s] -- Up-to-date symlink: /home/nvidia/F1Tenth_WS/install/vesc_msgs/share/vesc_msgs/environment/pythonpath.sh
[4.190s] -- Up-to-date symlink: /home/nvidia/F1Tenth_WS/install/vesc_msgs/share/vesc_msgs/environment/pythonpath.dsv
[4.191s] -- Up-to-date symlink: /home/nvidia/F1Tenth_WS/install/vesc_msgs/lib/python3.8/site-packages/vesc_msgs/__init__.py
[4.191s] -- Up-to-date symlink: /home/nvidia/F1Tenth_WS/install/vesc_msgs/lib/python3.8/site-packages/vesc_msgs/msg/__init__.py
[4.191s] -- Up-to-date symlink: /home/nvidia/F1Tenth_WS/install/vesc_msgs/lib/python3.8/site-packages/vesc_msgs/msg/_vesc_imu.py
[4.196s] -- Up-to-date symlink: /home/nvidia/F1Tenth_WS/install/vesc_msgs/lib/python3.8/site-packages/vesc_msgs/msg/_vesc_imu_stamped.py
[4.197s] -- Up-to-date symlink: /home/nvidia/F1Tenth_WS/install/vesc_msgs/lib/python3.8/site-packages/vesc_msgs/msg/_vesc_state.py
[4.197s] -- Up-to-date symlink: /home/nvidia/F1Tenth_WS/install/vesc_msgs/lib/python3.8/site-packages/vesc_msgs/msg/_vesc_state_stamped.py
[4.197s] -- Up-to-date symlink: /home/nvidia/F1Tenth_WS/install/vesc_msgs/lib/python3.8/site-packages/vesc_msgs/vesc_msgs_s__rosidl_typesupport_fastrtps_c.cpython-38-aarch64-linux-gnu.so
[4.198s] -- Up-to-date symlink: /home/nvidia/F1Tenth_WS/install/vesc_msgs/lib/python3.8/site-packages/vesc_msgs/vesc_msgs_s__rosidl_typesupport_introspection_c.cpython-38-aarch64-linux-gnu.so
[4.203s] -- Up-to-date symlink: /home/nvidia/F1Tenth_WS/install/vesc_msgs/lib/python3.8/site-packages/vesc_msgs/vesc_msgs_s__rosidl_typesupport_c.cpython-38-aarch64-linux-gnu.so
[4.203s] -- Up-to-date symlink: /home/nvidia/F1Tenth_WS/install/vesc_msgs/lib/libvesc_msgs__python.so
[4.204s] -- Up-to-date symlink: /home/nvidia/F1Tenth_WS/install/vesc_msgs/share/vesc_msgs/msg/VescState.idl
[4.204s] -- Up-to-date symlink: /home/nvidia/F1Tenth_WS/install/vesc_msgs/share/vesc_msgs/msg/VescStateStamped.idl
[4.205s] -- Up-to-date symlink: /home/nvidia/F1Tenth_WS/install/vesc_msgs/share/vesc_msgs/msg/VescImu.idl
[4.205s] -- Up-to-date symlink: /home/nvidia/F1Tenth_WS/install/vesc_msgs/share/vesc_msgs/msg/VescImuStamped.idl
[4.205s] -- Up-to-date symlink: /home/nvidia/F1Tenth_WS/install/vesc_msgs/share/vesc_msgs/msg/VescState.msg
[4.205s] -- Up-to-date symlink: /home/nvidia/F1Tenth_WS/install/vesc_msgs/share/vesc_msgs/msg/VescStateStamped.msg
[4.206s] -- Up-to-date symlink: /home/nvidia/F1Tenth_WS/install/vesc_msgs/share/vesc_msgs/msg/VescImu.msg
[4.206s] -- Up-to-date symlink: /home/nvidia/F1Tenth_WS/install/vesc_msgs/share/vesc_msgs/msg/VescImuStamped.msg
[4.206s] -- Up-to-date symlink: /home/nvidia/F1Tenth_WS/install/vesc_msgs/share/ament_index/resource_index/package_run_dependencies/vesc_msgs
[4.207s] -- Up-to-date symlink: /home/nvidia/F1Tenth_WS/install/vesc_msgs/share/ament_index/resource_index/parent_prefix_path/vesc_msgs
[4.207s] -- Up-to-date symlink: /home/nvidia/F1Tenth_WS/install/vesc_msgs/share/vesc_msgs/environment/ament_prefix_path.sh
[4.207s] -- Up-to-date symlink: /home/nvidia/F1Tenth_WS/install/vesc_msgs/share/vesc_msgs/environment/ament_prefix_path.dsv
[4.208s] -- Up-to-date symlink: /home/nvidia/F1Tenth_WS/install/vesc_msgs/share/vesc_msgs/environment/path.sh
[4.208s] -- Up-to-date symlink: /home/nvidia/F1Tenth_WS/install/vesc_msgs/share/vesc_msgs/environment/path.dsv
[4.208s] -- Up-to-date symlink: /home/nvidia/F1Tenth_WS/install/vesc_msgs/share/vesc_msgs/local_setup.bash
[4.209s] -- Up-to-date symlink: /home/nvidia/F1Tenth_WS/install/vesc_msgs/share/vesc_msgs/local_setup.sh
[4.209s] -- Up-to-date symlink: /home/nvidia/F1Tenth_WS/install/vesc_msgs/share/vesc_msgs/local_setup.zsh
[4.209s] -- Up-to-date symlink: /home/nvidia/F1Tenth_WS/install/vesc_msgs/share/vesc_msgs/local_setup.dsv
[4.210s] -- Symlinking: /home/nvidia/F1Tenth_WS/install/vesc_msgs/share/vesc_msgs/package.dsv
[4.265s] -- Up-to-date symlink: /home/nvidia/F1Tenth_WS/install/vesc_msgs/share/ament_index/resource_index/packages/vesc_msgs
[4.269s] -- Up-to-date symlink: /home/nvidia/F1Tenth_WS/install/vesc_msgs/share/vesc_msgs/cmake/rosidl_cmake-extras.cmake
[4.272s] -- Up-to-date symlink: /home/nvidia/F1Tenth_WS/install/vesc_msgs/share/vesc_msgs/cmake/ament_cmake_export_dependencies-extras.cmake
[4.275s] -- Up-to-date symlink: /home/nvidia/F1Tenth_WS/install/vesc_msgs/share/vesc_msgs/cmake/ament_cmake_export_libraries-extras.cmake
[4.277s] -- Up-to-date symlink: /home/nvidia/F1Tenth_WS/install/vesc_msgs/share/vesc_msgs/cmake/ament_cmake_export_targets-extras.cmake
[4.279s] -- Up-to-date symlink: /home/nvidia/F1Tenth_WS/install/vesc_msgs/share/vesc_msgs/cmake/ament_cmake_export_include_directories-extras.cmake
[4.280s] -- Up-to-date symlink: /home/nvidia/F1Tenth_WS/install/vesc_msgs/share/vesc_msgs/cmake/rosidl_cmake_export_typesupport_libraries-extras.cmake
[4.281s] -- Up-to-date symlink: /home/nvidia/F1Tenth_WS/install/vesc_msgs/share/vesc_msgs/cmake/rosidl_cmake_export_typesupport_targets-extras.cmake
[4.283s] -- Up-to-date symlink: /home/nvidia/F1Tenth_WS/install/vesc_msgs/share/vesc_msgs/cmake/vesc_msgsConfig.cmake
[4.286s] -- Up-to-date symlink: /home/nvidia/F1Tenth_WS/install/vesc_msgs/share/vesc_msgs/cmake/vesc_msgsConfig-version.cmake
[4.287s] -- Up-to-date symlink: /home/nvidia/F1Tenth_WS/install/vesc_msgs/share/vesc_msgs/package.xml
[4.289s] -- Up-to-date: /home/nvidia/F1Tenth_WS/install/vesc_msgs/lib/libvesc_msgs__rosidl_generator_c.so
[4.292s] -- Up-to-date: /home/nvidia/F1Tenth_WS/install/vesc_msgs/lib/libvesc_msgs__rosidl_typesupport_introspection_c.so
[4.294s] -- Up-to-date: /home/nvidia/F1Tenth_WS/install/vesc_msgs/lib/libvesc_msgs__rosidl_typesupport_c.so
[4.296s] -- Up-to-date: /home/nvidia/F1Tenth_WS/install/vesc_msgs/lib/libvesc_msgs__rosidl_typesupport_introspection_cpp.so
[4.299s] -- Up-to-date: /home/nvidia/F1Tenth_WS/install/vesc_msgs/lib/libvesc_msgs__rosidl_typesupport_cpp.so
[4.493s] -- Up-to-date: /home/nvidia/F1Tenth_WS/install/vesc_msgs/share/vesc_msgs/cmake/vesc_msgs__rosidl_generator_cExport.cmake
[4.494s] -- Up-to-date: /home/nvidia/F1Tenth_WS/install/vesc_msgs/share/vesc_msgs/cmake/vesc_msgs__rosidl_generator_cExport-noconfig.cmake
[4.494s] -- Up-to-date: /home/nvidia/F1Tenth_WS/install/vesc_msgs/share/vesc_msgs/cmake/vesc_msgs__rosidl_typesupport_introspection_cExport.cmake
[4.495s] -- Up-to-date: /home/nvidia/F1Tenth_WS/install/vesc_msgs/share/vesc_msgs/cmake/vesc_msgs__rosidl_typesupport_introspection_cExport-noconfig.cmake
[4.495s] -- Up-to-date: /home/nvidia/F1Tenth_WS/install/vesc_msgs/share/vesc_msgs/cmake/vesc_msgs__rosidl_typesupport_cExport.cmake
[4.496s] -- Up-to-date: /home/nvidia/F1Tenth_WS/install/vesc_msgs/share/vesc_msgs/cmake/vesc_msgs__rosidl_typesupport_cExport-noconfig.cmake
[4.500s] -- Up-to-date: /home/nvidia/F1Tenth_WS/install/vesc_msgs/share/vesc_msgs/cmake/vesc_msgs__rosidl_generator_cppExport.cmake
[4.500s] -- Up-to-date: /home/nvidia/F1Tenth_WS/install/vesc_msgs/share/vesc_msgs/cmake/vesc_msgs__rosidl_typesupport_introspection_cppExport.cmake
[4.501s] -- Up-to-date: /home/nvidia/F1Tenth_WS/install/vesc_msgs/share/vesc_msgs/cmake/vesc_msgs__rosidl_typesupport_introspection_cppExport-noconfig.cmake
[4.501s] -- Up-to-date: /home/nvidia/F1Tenth_WS/install/vesc_msgs/share/vesc_msgs/cmake/vesc_msgs__rosidl_typesupport_cppExport.cmake
[4.502s] -- Up-to-date: /home/nvidia/F1Tenth_WS/install/vesc_msgs/share/vesc_msgs/cmake/vesc_msgs__rosidl_typesupport_cppExport-noconfig.cmake
[4.535s] Invoked command in '/home/nvidia/F1Tenth_WS/build/vesc_msgs' returned '0': CMAKE_PREFIX_PATH=${CMAKE_PREFIX_PATH}:/home/nvidia/F1Tenth_WS/install/f1tenth_stack:/home/nvidia/F1Tenth_WS/install/joy_teleop:/home/nvidia/F1Tenth_WS/install/mouse_teleop:/home/nvidia/F1Tenth_WS/install/key_teleop:/opt/ros/foxy /usr/bin/cmake --install /home/nvidia/F1Tenth_WS/build/vesc_msgs
