[0.194s] Invoking command in '/sim_ws/build/wall_follow': CMAKE_PREFIX_PATH=${CMAKE_PREFIX_PATH}:/sim_ws/install/f1tenth_gym_ros:/opt/ros/foxy /usr/bin/cmake --build /sim_ws/build/wall_follow -- -j12 -l12
[0.231s] [35m[1mScanning dependencies of target wall_follow_node[0m
[0.266s] [ 50%] [32mBuilding CXX object CMakeFiles/wall_follow_node.dir/src/wall_follow_node.cpp.o[0m
[1.613s] [01m[K/sim_ws/src/wall_follow/src/wall_follow_node.cpp:[m[K In member function ‘[01m[Kdouble WallFollow::get_range(std::vector<float>&, double)[m[K’:
[1.614s] [01m[K/sim_ws/src/wall_follow/src/wall_follow_node.cpp:86:32:[m[K [01;35m[Kwarning: [m[Kcomparison of integer expressions of different signedness: ‘[01m[Kint[m[K’ and ‘[01m[Kstd::vector<float>::size_type[m[K’ {aka ‘[01m[Klong unsigned int[m[K’} [[01;35m[K-Wsign-compare[m[K]
[1.614s]    86 |         if (index < 0 || [01;35m[Kindex > range_data.size()[m[K) {
[1.614s]       |                          [01;35m[K~~~~~~^~~~~~~~~~~~~~~~~~~[m[K
[6.614s] [100%] [32m[1mLinking CXX executable wall_follow_node[0m
[6.973s] [100%] Built target wall_follow_node
[6.989s] Invoked command in '/sim_ws/build/wall_follow' returned '0': CMAKE_PREFIX_PATH=${CMAKE_PREFIX_PATH}:/sim_ws/install/f1tenth_gym_ros:/opt/ros/foxy /usr/bin/cmake --build /sim_ws/build/wall_follow -- -j12 -l12
[7.012s] Invoking command in '/sim_ws/build/wall_follow': CMAKE_PREFIX_PATH=${CMAKE_PREFIX_PATH}:/sim_ws/install/f1tenth_gym_ros:/opt/ros/foxy /usr/bin/cmake --install /sim_ws/build/wall_follow
[7.019s] -- Install configuration: ""
[7.020s] -- Execute custom install script
[7.020s] -- Up-to-date symlink: /sim_ws/install/wall_follow/lib/wall_follow/wall_follow_node
[7.021s] -- Up-to-date symlink: /sim_ws/install/wall_follow/share/wall_follow/environment/pythonpath.sh
[7.021s] -- Up-to-date symlink: /sim_ws/install/wall_follow/share/wall_follow/environment/pythonpath.dsv
[7.021s] -- Up-to-date symlink: /sim_ws/install/wall_follow/lib/python3.8/site-packages/wall_follow/__init__.py
[7.022s] -- Up-to-date symlink: /sim_ws/install/wall_follow/lib/wall_follow/wall_follow_node.py
[7.022s] -- Up-to-date symlink: /sim_ws/install/wall_follow/share/wall_follow/config/wall_follow_params.yaml
[7.023s] -- Up-to-date symlink: /sim_ws/install/wall_follow/share/wall_follow/launch/wall_follow_launch.py
[7.023s] -- Up-to-date symlink: /sim_ws/install/wall_follow/share/ament_index/resource_index/package_run_dependencies/wall_follow
[7.023s] -- Up-to-date symlink: /sim_ws/install/wall_follow/share/ament_index/resource_index/parent_prefix_path/wall_follow
[7.023s] -- Up-to-date symlink: /sim_ws/install/wall_follow/share/wall_follow/environment/ament_prefix_path.sh
[7.024s] -- Up-to-date symlink: /sim_ws/install/wall_follow/share/wall_follow/environment/ament_prefix_path.dsv
[7.024s] -- Up-to-date symlink: /sim_ws/install/wall_follow/share/wall_follow/environment/path.sh
[7.024s] -- Up-to-date symlink: /sim_ws/install/wall_follow/share/wall_follow/environment/path.dsv
[7.024s] -- Up-to-date symlink: /sim_ws/install/wall_follow/share/wall_follow/local_setup.bash
[7.025s] -- Up-to-date symlink: /sim_ws/install/wall_follow/share/wall_follow/local_setup.sh
[7.025s] -- Up-to-date symlink: /sim_ws/install/wall_follow/share/wall_follow/local_setup.zsh
[7.025s] -- Up-to-date symlink: /sim_ws/install/wall_follow/share/wall_follow/local_setup.dsv
[7.025s] -- Symlinking: /sim_ws/install/wall_follow/share/wall_follow/package.dsv
[7.034s] -- Up-to-date symlink: /sim_ws/install/wall_follow/share/ament_index/resource_index/packages/wall_follow
[7.034s] -- Up-to-date symlink: /sim_ws/install/wall_follow/share/wall_follow/cmake/wall_followConfig.cmake
[7.034s] -- Up-to-date symlink: /sim_ws/install/wall_follow/share/wall_follow/cmake/wall_followConfig-version.cmake
[7.035s] -- Up-to-date symlink: /sim_ws/install/wall_follow/share/wall_follow/package.xml
[7.063s] Listing '/sim_ws/install/wall_follow/lib/python3.8/site-packages/wall_follow'...
[7.072s] Invoked command in '/sim_ws/build/wall_follow' returned '0': CMAKE_PREFIX_PATH=${CMAKE_PREFIX_PATH}:/sim_ws/install/f1tenth_gym_ros:/opt/ros/foxy /usr/bin/cmake --install /sim_ws/build/wall_follow
