[0.267s] DEBUG:colcon:Command line arguments: ['/usr/bin/colcon', 'build', '--symlink-install']
[0.268s] DEBUG:colcon:Parsed command line arguments: Namespace(ament_cmake_args=None, base_paths=['.'], build_base='build', catkin_cmake_args=None, catkin_skip_building_tests=False, cmake_args=None, cmake_clean_cache=False, cmake_clean_first=False, cmake_force_configure=False, cmake_target=None, cmake_target_skip_unavailable=False, continue_on_error=False, event_handlers=None, executor='parallel', ignore_user_meta=False, install_base='install', log_base=None, log_level=None, main=<bound method BuildVerb.main of <colcon_core.verb.build.BuildVerb object at 0x7fa5556193a0>>, merge_install=False, metas=['./colcon.meta'], mixin=None, mixin_files=None, mixin_verb=('build',), packages_above=None, packages_above_and_dependencies=None, packages_above_depth=None, packages_end=None, packages_ignore=None, packages_ignore_regex=None, packages_select=None, packages_select_build_failed=False, packages_select_by_dep=None, packages_select_regex=None, packages_select_test_failures=False, packages_skip=None, packages_skip_build_finished=False, packages_skip_by_dep=None, packages_skip_regex=None, packages_skip_test_passed=False, packages_skip_up_to=None, packages_start=None, packages_up_to=None, packages_up_to_regex=None, parallel_workers=12, paths=None, symlink_install=True, test_result_base=None, verb_extension=<colcon_core.verb.build.BuildVerb object at 0x7fa5556193a0>, verb_name='build', verb_parser=<colcon_mixin.mixin.mixin_argument.MixinArgumentDecorator object at 0x7fa555619a00>)
[0.293s] Level 1:colcon.colcon_core.package_discovery:discover_packages(colcon_meta) check parameters
[0.293s] INFO:colcon.colcon_metadata.package_discovery.colcon_meta:Using configuration from '/root/.colcon/metadata/default/Gazebo.meta'
[0.294s] INFO:colcon.colcon_metadata.package_discovery.colcon_meta:Using configuration from '/root/.colcon/metadata/default/fastrtps.meta'
[0.294s] Level 1:colcon.colcon_core.package_discovery:discover_packages(recursive) check parameters
[0.294s] Level 1:colcon.colcon_core.package_discovery:discover_packages(ignore) check parameters
[0.294s] Level 1:colcon.colcon_core.package_discovery:discover_packages(path) check parameters
[0.294s] Level 1:colcon.colcon_core.package_discovery:discover_packages(colcon_meta) discover
[0.294s] Level 1:colcon.colcon_core.package_discovery:discover_packages(recursive) discover
[0.294s] INFO:colcon.colcon_core.package_discovery:Crawling recursively for packages in '/sim_ws'
[0.294s] Level 1:colcon.colcon_core.package_identification:_identify(.) by extensions ['ignore', 'ignore_ament_install']
[0.295s] Level 1:colcon.colcon_core.package_identification:_identify(.) by extension 'ignore'
[0.295s] Level 1:colcon.colcon_core.package_identification:_identify(.) by extension 'ignore_ament_install'
[0.295s] Level 1:colcon.colcon_core.package_identification:_identify(.) by extensions ['colcon_pkg']
[0.295s] Level 1:colcon.colcon_core.package_identification:_identify(.) by extension 'colcon_pkg'
[0.295s] Level 1:colcon.colcon_core.package_identification:_identify(.) by extensions ['colcon_meta']
[0.295s] Level 1:colcon.colcon_core.package_identification:_identify(.) by extension 'colcon_meta'
[0.295s] Level 1:colcon.colcon_core.package_identification:_identify(.) by extensions ['ros']
[0.295s] Level 1:colcon.colcon_core.package_identification:_identify(.) by extension 'ros'
[0.305s] Level 1:colcon.colcon_core.package_identification:_identify(.) by extensions ['cmake', 'python']
[0.305s] Level 1:colcon.colcon_core.package_identification:_identify(.) by extension 'cmake'
[0.305s] Level 1:colcon.colcon_core.package_identification:_identify(.) by extension 'python'
[0.305s] Level 1:colcon.colcon_core.package_identification:_identify(.) by extensions ['python_setup_py']
[0.306s] Level 1:colcon.colcon_core.package_identification:_identify(.) by extension 'python_setup_py'
[0.306s] Level 1:colcon.colcon_core.package_identification:_identify(build) by extensions ['ignore', 'ignore_ament_install']
[0.306s] Level 1:colcon.colcon_core.package_identification:_identify(build) by extension 'ignore'
[0.306s] Level 1:colcon.colcon_core.package_identification:_identify(build) ignored
[0.306s] Level 1:colcon.colcon_core.package_identification:_identify(install) by extensions ['ignore', 'ignore_ament_install']
[0.306s] Level 1:colcon.colcon_core.package_identification:_identify(install) by extension 'ignore'
[0.306s] Level 1:colcon.colcon_core.package_identification:_identify(install) ignored
[0.306s] Level 1:colcon.colcon_core.package_identification:_identify(log) by extensions ['ignore', 'ignore_ament_install']
[0.306s] Level 1:colcon.colcon_core.package_identification:_identify(log) by extension 'ignore'
[0.307s] Level 1:colcon.colcon_core.package_identification:_identify(log) ignored
[0.307s] Level 1:colcon.colcon_core.package_identification:_identify(src) by extensions ['ignore', 'ignore_ament_install']
[0.307s] Level 1:colcon.colcon_core.package_identification:_identify(src) by extension 'ignore'
[0.307s] Level 1:colcon.colcon_core.package_identification:_identify(src) by extension 'ignore_ament_install'
[0.307s] Level 1:colcon.colcon_core.package_identification:_identify(src) by extensions ['colcon_pkg']
[0.307s] Level 1:colcon.colcon_core.package_identification:_identify(src) by extension 'colcon_pkg'
[0.307s] Level 1:colcon.colcon_core.package_identification:_identify(src) by extensions ['colcon_meta']
[0.307s] Level 1:colcon.colcon_core.package_identification:_identify(src) by extension 'colcon_meta'
[0.307s] Level 1:colcon.colcon_core.package_identification:_identify(src) by extensions ['ros']
[0.307s] Level 1:colcon.colcon_core.package_identification:_identify(src) by extension 'ros'
[0.307s] Level 1:colcon.colcon_core.package_identification:_identify(src) by extensions ['cmake', 'python']
[0.307s] Level 1:colcon.colcon_core.package_identification:_identify(src) by extension 'cmake'
[0.307s] Level 1:colcon.colcon_core.package_identification:_identify(src) by extension 'python'
[0.307s] Level 1:colcon.colcon_core.package_identification:_identify(src) by extensions ['python_setup_py']
[0.307s] Level 1:colcon.colcon_core.package_identification:_identify(src) by extension 'python_setup_py'
[0.307s] Level 1:colcon.colcon_core.package_identification:_identify(src/f1tenth_gym_ros) by extensions ['ignore', 'ignore_ament_install']
[0.307s] Level 1:colcon.colcon_core.package_identification:_identify(src/f1tenth_gym_ros) by extension 'ignore'
[0.308s] Level 1:colcon.colcon_core.package_identification:_identify(src/f1tenth_gym_ros) by extension 'ignore_ament_install'
[0.308s] Level 1:colcon.colcon_core.package_identification:_identify(src/f1tenth_gym_ros) by extensions ['colcon_pkg']
[0.308s] Level 1:colcon.colcon_core.package_identification:_identify(src/f1tenth_gym_ros) by extension 'colcon_pkg'
[0.308s] Level 1:colcon.colcon_core.package_identification:_identify(src/f1tenth_gym_ros) by extensions ['colcon_meta']
[0.308s] Level 1:colcon.colcon_core.package_identification:_identify(src/f1tenth_gym_ros) by extension 'colcon_meta'
[0.308s] Level 1:colcon.colcon_core.package_identification:_identify(src/f1tenth_gym_ros) by extensions ['ros']
[0.308s] Level 1:colcon.colcon_core.package_identification:_identify(src/f1tenth_gym_ros) by extension 'ros'
[0.317s] DEBUG:colcon.colcon_core.package_identification:Package 'src/f1tenth_gym_ros' with type 'ros.ament_python' and name 'f1tenth_gym_ros'
[0.317s] Level 1:colcon.colcon_core.package_identification:_identify(src/safety_node) by extensions ['ignore', 'ignore_ament_install']
[0.317s] Level 1:colcon.colcon_core.package_identification:_identify(src/safety_node) by extension 'ignore'
[0.317s] Level 1:colcon.colcon_core.package_identification:_identify(src/safety_node) by extension 'ignore_ament_install'
[0.317s] Level 1:colcon.colcon_core.package_identification:_identify(src/safety_node) by extensions ['colcon_pkg']
[0.317s] Level 1:colcon.colcon_core.package_identification:_identify(src/safety_node) by extension 'colcon_pkg'
[0.317s] Level 1:colcon.colcon_core.package_identification:_identify(src/safety_node) by extensions ['colcon_meta']
[0.317s] Level 1:colcon.colcon_core.package_identification:_identify(src/safety_node) by extension 'colcon_meta'
[0.317s] Level 1:colcon.colcon_core.package_identification:_identify(src/safety_node) by extensions ['ros']
[0.317s] Level 1:colcon.colcon_core.package_identification:_identify(src/safety_node) by extension 'ros'
[0.319s] DEBUG:colcon.colcon_core.package_identification:Package 'src/safety_node' with type 'ros.ament_cmake' and name 'safety_node'
[0.319s] Level 1:colcon.colcon_core.package_identification:_identify(src/wall_follow) by extensions ['ignore', 'ignore_ament_install']
[0.319s] Level 1:colcon.colcon_core.package_identification:_identify(src/wall_follow) by extension 'ignore'
[0.319s] Level 1:colcon.colcon_core.package_identification:_identify(src/wall_follow) by extension 'ignore_ament_install'
[0.319s] Level 1:colcon.colcon_core.package_identification:_identify(src/wall_follow) by extensions ['colcon_pkg']
[0.319s] Level 1:colcon.colcon_core.package_identification:_identify(src/wall_follow) by extension 'colcon_pkg'
[0.320s] Level 1:colcon.colcon_core.package_identification:_identify(src/wall_follow) by extensions ['colcon_meta']
[0.320s] Level 1:colcon.colcon_core.package_identification:_identify(src/wall_follow) by extension 'colcon_meta'
[0.320s] Level 1:colcon.colcon_core.package_identification:_identify(src/wall_follow) by extensions ['ros']
[0.320s] Level 1:colcon.colcon_core.package_identification:_identify(src/wall_follow) by extension 'ros'
[0.321s] DEBUG:colcon.colcon_core.package_identification:Package 'src/wall_follow' with type 'ros.ament_cmake' and name 'wall_follow'
[0.321s] Level 1:colcon.colcon_core.package_discovery:discover_packages(recursive) using defaults
[0.321s] Level 1:colcon.colcon_core.package_discovery:discover_packages(ignore) discover
[0.321s] Level 1:colcon.colcon_core.package_discovery:discover_packages(ignore) using defaults
[0.321s] Level 1:colcon.colcon_core.package_discovery:discover_packages(path) discover
[0.321s] Level 1:colcon.colcon_core.package_discovery:discover_packages(path) using defaults
[0.338s] Level 5:colcon.colcon_core.verb:set package 'f1tenth_gym_ros' build argument 'cmake_args' from command line to 'None'
[0.338s] Level 5:colcon.colcon_core.verb:set package 'f1tenth_gym_ros' build argument 'cmake_target' from command line to 'None'
[0.338s] Level 5:colcon.colcon_core.verb:set package 'f1tenth_gym_ros' build argument 'cmake_target_skip_unavailable' from command line to 'False'
[0.338s] Level 5:colcon.colcon_core.verb:set package 'f1tenth_gym_ros' build argument 'cmake_clean_cache' from command line to 'False'
[0.338s] Level 5:colcon.colcon_core.verb:set package 'f1tenth_gym_ros' build argument 'cmake_clean_first' from command line to 'False'
[0.338s] Level 5:colcon.colcon_core.verb:set package 'f1tenth_gym_ros' build argument 'cmake_force_configure' from command line to 'False'
[0.338s] Level 5:colcon.colcon_core.verb:set package 'f1tenth_gym_ros' build argument 'ament_cmake_args' from command line to 'None'
[0.338s] Level 5:colcon.colcon_core.verb:set package 'f1tenth_gym_ros' build argument 'catkin_cmake_args' from command line to 'None'
[0.338s] Level 5:colcon.colcon_core.verb:set package 'f1tenth_gym_ros' build argument 'catkin_skip_building_tests' from command line to 'False'
[0.338s] DEBUG:colcon.colcon_core.verb:Building package 'f1tenth_gym_ros' with the following arguments: {'ament_cmake_args': None, 'build_base': '/sim_ws/build/f1tenth_gym_ros', 'catkin_cmake_args': None, 'catkin_skip_building_tests': False, 'cmake_args': None, 'cmake_clean_cache': False, 'cmake_clean_first': False, 'cmake_force_configure': False, 'cmake_target': None, 'cmake_target_skip_unavailable': False, 'install_base': '/sim_ws/install/f1tenth_gym_ros', 'merge_install': False, 'path': '/sim_ws/src/f1tenth_gym_ros', 'symlink_install': True, 'test_result_base': None}
[0.339s] Level 5:colcon.colcon_core.verb:set package 'safety_node' build argument 'cmake_args' from command line to 'None'
[0.339s] Level 5:colcon.colcon_core.verb:set package 'safety_node' build argument 'cmake_target' from command line to 'None'
[0.339s] Level 5:colcon.colcon_core.verb:set package 'safety_node' build argument 'cmake_target_skip_unavailable' from command line to 'False'
[0.339s] Level 5:colcon.colcon_core.verb:set package 'safety_node' build argument 'cmake_clean_cache' from command line to 'False'
[0.340s] Level 5:colcon.colcon_core.verb:set package 'safety_node' build argument 'cmake_clean_first' from command line to 'False'
[0.340s] Level 5:colcon.colcon_core.verb:set package 'safety_node' build argument 'cmake_force_configure' from command line to 'False'
[0.340s] Level 5:colcon.colcon_core.verb:set package 'safety_node' build argument 'ament_cmake_args' from command line to 'None'
[0.340s] Level 5:colcon.colcon_core.verb:set package 'safety_node' build argument 'catkin_cmake_args' from command line to 'None'
[0.340s] Level 5:colcon.colcon_core.verb:set package 'safety_node' build argument 'catkin_skip_building_tests' from command line to 'False'
[0.340s] DEBUG:colcon.colcon_core.verb:Building package 'safety_node' with the following arguments: {'ament_cmake_args': None, 'build_base': '/sim_ws/build/safety_node', 'catkin_cmake_args': None, 'catkin_skip_building_tests': False, 'cmake_args': None, 'cmake_clean_cache': False, 'cmake_clean_first': False, 'cmake_force_configure': False, 'cmake_target': None, 'cmake_target_skip_unavailable': False, 'install_base': '/sim_ws/install/safety_node', 'merge_install': False, 'path': '/sim_ws/src/safety_node', 'symlink_install': True, 'test_result_base': None}
[0.340s] Level 5:colcon.colcon_core.verb:set package 'wall_follow' build argument 'cmake_args' from command line to 'None'
[0.341s] Level 5:colcon.colcon_core.verb:set package 'wall_follow' build argument 'cmake_target' from command line to 'None'
[0.341s] Level 5:colcon.colcon_core.verb:set package 'wall_follow' build argument 'cmake_target_skip_unavailable' from command line to 'False'
[0.341s] Level 5:colcon.colcon_core.verb:set package 'wall_follow' build argument 'cmake_clean_cache' from command line to 'False'
[0.341s] Level 5:colcon.colcon_core.verb:set package 'wall_follow' build argument 'cmake_clean_first' from command line to 'False'
[0.341s] Level 5:colcon.colcon_core.verb:set package 'wall_follow' build argument 'cmake_force_configure' from command line to 'False'
[0.341s] Level 5:colcon.colcon_core.verb:set package 'wall_follow' build argument 'ament_cmake_args' from command line to 'None'
[0.341s] Level 5:colcon.colcon_core.verb:set package 'wall_follow' build argument 'catkin_cmake_args' from command line to 'None'
[0.341s] Level 5:colcon.colcon_core.verb:set package 'wall_follow' build argument 'catkin_skip_building_tests' from command line to 'False'
[0.341s] DEBUG:colcon.colcon_core.verb:Building package 'wall_follow' with the following arguments: {'ament_cmake_args': None, 'build_base': '/sim_ws/build/wall_follow', 'catkin_cmake_args': None, 'catkin_skip_building_tests': False, 'cmake_args': None, 'cmake_clean_cache': False, 'cmake_clean_first': False, 'cmake_force_configure': False, 'cmake_target': None, 'cmake_target_skip_unavailable': False, 'install_base': '/sim_ws/install/wall_follow', 'merge_install': False, 'path': '/sim_ws/src/wall_follow', 'symlink_install': True, 'test_result_base': None}
[0.341s] INFO:colcon.colcon_core.executor:Executing jobs using 'parallel' executor
[0.345s] DEBUG:colcon.colcon_parallel_executor.executor.parallel:run_until_complete
[0.345s] INFO:colcon.colcon_ros.task.ament_python.build:Building ROS package in '/sim_ws/src/f1tenth_gym_ros' with build type 'ament_python'
[0.346s] Level 1:colcon.colcon_core.shell:create_environment_hook('f1tenth_gym_ros', 'ament_prefix_path')
[0.354s] INFO:colcon.colcon_core.plugin_system:Skipping extension 'colcon_core.shell.bat': Not used on non-Windows systems
[0.354s] INFO:colcon.colcon_core.shell:Creating environment hook '/sim_ws/install/f1tenth_gym_ros/share/f1tenth_gym_ros/hook/ament_prefix_path.ps1'
[0.355s] INFO:colcon.colcon_core.shell:Creating environment descriptor '/sim_ws/install/f1tenth_gym_ros/share/f1tenth_gym_ros/hook/ament_prefix_path.dsv'
[0.355s] INFO:colcon.colcon_core.shell:Creating environment hook '/sim_ws/install/f1tenth_gym_ros/share/f1tenth_gym_ros/hook/ament_prefix_path.sh'
[0.357s] INFO:colcon.colcon_core.shell:Skip shell extension 'powershell' for command environment: Not usable outside of PowerShell
[0.357s] DEBUG:colcon.colcon_core.shell:Skip shell extension 'dsv' for command environment
[0.364s] INFO:colcon.colcon_ros.task.ament_cmake.build:Building ROS package in '/sim_ws/src/safety_node' with build type 'ament_cmake'
[0.365s] INFO:colcon.colcon_cmake.task.cmake.build:Building CMake package in '/sim_ws/src/safety_node'
[0.367s] INFO:colcon.colcon_core.shell:Skip shell extension 'powershell' for command environment: Not usable outside of PowerShell
[0.368s] DEBUG:colcon.colcon_core.shell:Skip shell extension 'dsv' for command environment
[0.373s] INFO:colcon.colcon_ros.task.ament_cmake.build:Building ROS package in '/sim_ws/src/wall_follow' with build type 'ament_cmake'
[0.374s] INFO:colcon.colcon_cmake.task.cmake.build:Building CMake package in '/sim_ws/src/wall_follow'
[0.376s] INFO:colcon.colcon_core.shell:Skip shell extension 'powershell' for command environment: Not usable outside of PowerShell
[0.376s] DEBUG:colcon.colcon_core.shell:Skip shell extension 'dsv' for command environment
[0.558s] INFO:colcon.colcon_core.task.python.build:Building Python package in '/sim_ws/src/f1tenth_gym_ros'
[0.560s] INFO:colcon.colcon_core.shell:Skip shell extension 'powershell' for command environment: Not usable outside of PowerShell
[0.560s] DEBUG:colcon.colcon_core.shell:Skip shell extension 'dsv' for command environment
[0.575s] DEBUG:colcon.colcon_core.event_handler.log_command:Invoking command in '/sim_ws/build/safety_node': CMAKE_PREFIX_PATH=${CMAKE_PREFIX_PATH}:/sim_ws/install/f1tenth_gym_ros:/opt/ros/foxy /usr/bin/cmake --build /sim_ws/build/safety_node -- -j12 -l12
[0.588s] DEBUG:colcon.colcon_core.event_handler.log_command:Invoking command in '/sim_ws/build/wall_follow': CMAKE_PREFIX_PATH=${CMAKE_PREFIX_PATH}:/sim_ws/install/f1tenth_gym_ros:/opt/ros/foxy /usr/bin/cmake --build /sim_ws/build/wall_follow -- -j12 -l12
[0.645s] DEBUG:colcon.colcon_core.event_handler.log_command:Invoked command in '/sim_ws/build/safety_node' returned '0': CMAKE_PREFIX_PATH=${CMAKE_PREFIX_PATH}:/sim_ws/install/f1tenth_gym_ros:/opt/ros/foxy /usr/bin/cmake --build /sim_ws/build/safety_node -- -j12 -l12
[0.684s] DEBUG:colcon.colcon_core.event_handler.log_command:Invoking command in '/sim_ws/build/safety_node': CMAKE_PREFIX_PATH=${CMAKE_PREFIX_PATH}:/sim_ws/install/f1tenth_gym_ros:/opt/ros/foxy /usr/bin/cmake --install /sim_ws/build/safety_node
[0.745s] Level 1:colcon.colcon_core.environment:create_environment_scripts_only(safety_node)
[0.747s] DEBUG:colcon.colcon_core.event_handler.log_command:Invoked command in '/sim_ws/build/safety_node' returned '0': CMAKE_PREFIX_PATH=${CMAKE_PREFIX_PATH}:/sim_ws/install/f1tenth_gym_ros:/opt/ros/foxy /usr/bin/cmake --install /sim_ws/build/safety_node
[0.753s] Level 1:colcon.colcon_core.environment:checking '/sim_ws/install/safety_node' for CMake module files
[0.754s] Level 1:colcon.colcon_core.environment:checking '/sim_ws/install/safety_node' for CMake config files
[0.754s] Level 1:colcon.colcon_core.shell:create_environment_hook('safety_node', 'cmake_prefix_path')
[0.757s] INFO:colcon.colcon_core.shell:Creating environment hook '/sim_ws/install/safety_node/share/safety_node/hook/cmake_prefix_path.ps1'
[0.758s] INFO:colcon.colcon_core.shell:Creating environment descriptor '/sim_ws/install/safety_node/share/safety_node/hook/cmake_prefix_path.dsv'
[0.759s] INFO:colcon.colcon_core.shell:Creating environment hook '/sim_ws/install/safety_node/share/safety_node/hook/cmake_prefix_path.sh'
[0.760s] Level 1:colcon.colcon_core.environment:checking '/sim_ws/install/safety_node/lib'
[0.760s] Level 1:colcon.colcon_core.environment:checking '/sim_ws/install/safety_node/bin'
[0.760s] Level 1:colcon.colcon_core.environment:checking '/sim_ws/install/safety_node/lib/pkgconfig/safety_node.pc'
[0.761s] Level 1:colcon.colcon_core.environment:checking '/sim_ws/install/safety_node/lib/python3.8/site-packages'
[0.761s] Level 1:colcon.colcon_core.shell:create_environment_hook('safety_node', 'pythonpath')
[0.762s] INFO:colcon.colcon_core.shell:Creating environment hook '/sim_ws/install/safety_node/share/safety_node/hook/pythonpath.ps1'
[0.763s] INFO:colcon.colcon_core.shell:Creating environment descriptor '/sim_ws/install/safety_node/share/safety_node/hook/pythonpath.dsv'
[0.763s] INFO:colcon.colcon_core.shell:Creating environment hook '/sim_ws/install/safety_node/share/safety_node/hook/pythonpath.sh'
[0.763s] Level 1:colcon.colcon_core.environment:checking '/sim_ws/install/safety_node/bin'
[0.765s] INFO:colcon.colcon_core.shell:Creating package script '/sim_ws/install/safety_node/share/safety_node/package.ps1'
[0.767s] INFO:colcon.colcon_core.shell:Creating package descriptor '/sim_ws/install/safety_node/share/safety_node/package.dsv'
[0.767s] INFO:colcon.colcon_core.shell:Creating package script '/sim_ws/install/safety_node/share/safety_node/package.sh'
[0.768s] INFO:colcon.colcon_core.shell:Creating package script '/sim_ws/install/safety_node/share/safety_node/package.bash'
[0.769s] INFO:colcon.colcon_core.shell:Creating package script '/sim_ws/install/safety_node/share/safety_node/package.zsh'
[0.770s] Level 1:colcon.colcon_core.environment:create_file_with_runtime_dependencies(/sim_ws/install/safety_node/share/colcon-core/packages/safety_node)
[0.797s] Level 1:colcon.colcon_core.environment:create_environment_scripts_only(safety_node)
[0.799s] Level 1:colcon.colcon_core.environment:checking '/sim_ws/install/safety_node' for CMake module files
[0.799s] Level 1:colcon.colcon_core.environment:checking '/sim_ws/install/safety_node' for CMake config files
[0.800s] Level 1:colcon.colcon_core.shell:create_environment_hook('safety_node', 'cmake_prefix_path')
[0.801s] INFO:colcon.colcon_core.shell:Creating environment hook '/sim_ws/install/safety_node/share/safety_node/hook/cmake_prefix_path.ps1'
[0.801s] INFO:colcon.colcon_core.shell:Creating environment descriptor '/sim_ws/install/safety_node/share/safety_node/hook/cmake_prefix_path.dsv'
[0.802s] INFO:colcon.colcon_core.shell:Creating environment hook '/sim_ws/install/safety_node/share/safety_node/hook/cmake_prefix_path.sh'
[0.802s] Level 1:colcon.colcon_core.environment:checking '/sim_ws/install/safety_node/lib'
[0.802s] Level 1:colcon.colcon_core.environment:checking '/sim_ws/install/safety_node/bin'
[0.803s] Level 1:colcon.colcon_core.environment:checking '/sim_ws/install/safety_node/lib/pkgconfig/safety_node.pc'
[0.803s] Level 1:colcon.colcon_core.environment:checking '/sim_ws/install/safety_node/lib/python3.8/site-packages'
[0.803s] Level 1:colcon.colcon_core.shell:create_environment_hook('safety_node', 'pythonpath')
[0.804s] INFO:colcon.colcon_core.shell:Creating environment hook '/sim_ws/install/safety_node/share/safety_node/hook/pythonpath.ps1'
[0.805s] INFO:colcon.colcon_core.shell:Creating environment descriptor '/sim_ws/install/safety_node/share/safety_node/hook/pythonpath.dsv'
[0.805s] INFO:colcon.colcon_core.shell:Creating environment hook '/sim_ws/install/safety_node/share/safety_node/hook/pythonpath.sh'
[0.806s] Level 1:colcon.colcon_core.environment:checking '/sim_ws/install/safety_node/bin'
[0.807s] INFO:colcon.colcon_core.shell:Creating package script '/sim_ws/install/safety_node/share/safety_node/package.ps1'
[0.808s] INFO:colcon.colcon_core.shell:Creating package descriptor '/sim_ws/install/safety_node/share/safety_node/package.dsv'
[0.808s] INFO:colcon.colcon_core.shell:Creating package script '/sim_ws/install/safety_node/share/safety_node/package.sh'
[0.809s] INFO:colcon.colcon_core.shell:Creating package script '/sim_ws/install/safety_node/share/safety_node/package.bash'
[0.809s] INFO:colcon.colcon_core.shell:Creating package script '/sim_ws/install/safety_node/share/safety_node/package.zsh'
[0.809s] Level 1:colcon.colcon_core.environment:create_file_with_runtime_dependencies(/sim_ws/install/safety_node/share/colcon-core/packages/safety_node)
[0.930s] DEBUG:colcon.colcon_core.event_handler.log_command:Invoking command in '/sim_ws/build/f1tenth_gym_ros': PYTHONPATH=/sim_ws/build/f1tenth_gym_ros/prefix_override:/sim_ws/install/f1tenth_gym_ros/lib/python3.8/site-packages:${PYTHONPATH} /usr/bin/python3 setup.py develop --editable --build-directory /sim_ws/build/f1tenth_gym_ros/build --no-deps install_data
[1.264s] Level 1:colcon.colcon_core.shell:create_environment_hook('f1tenth_gym_ros', 'pythonpath_develop')
[1.264s] DEBUG:colcon.colcon_core.event_handler.log_command:Invoked command in '/sim_ws/build/f1tenth_gym_ros' returned '0': PYTHONPATH=/sim_ws/build/f1tenth_gym_ros/prefix_override:/sim_ws/install/f1tenth_gym_ros/lib/python3.8/site-packages:${PYTHONPATH} /usr/bin/python3 setup.py develop --editable --build-directory /sim_ws/build/f1tenth_gym_ros/build --no-deps install_data
[1.266s] INFO:colcon.colcon_core.shell:Creating environment hook '/sim_ws/build/f1tenth_gym_ros/share/f1tenth_gym_ros/hook/pythonpath_develop.ps1'
[1.267s] INFO:colcon.colcon_core.shell:Creating environment descriptor '/sim_ws/build/f1tenth_gym_ros/share/f1tenth_gym_ros/hook/pythonpath_develop.dsv'
[1.267s] INFO:colcon.colcon_core.shell:Creating environment hook '/sim_ws/build/f1tenth_gym_ros/share/f1tenth_gym_ros/hook/pythonpath_develop.sh'
[1.270s] Level 1:colcon.colcon_core.environment:checking '/sim_ws/install/f1tenth_gym_ros' for CMake module files
[1.270s] Level 1:colcon.colcon_core.environment:checking '/sim_ws/install/f1tenth_gym_ros' for CMake config files
[1.271s] Level 1:colcon.colcon_core.environment:checking '/sim_ws/install/f1tenth_gym_ros/lib'
[1.271s] Level 1:colcon.colcon_core.environment:checking '/sim_ws/install/f1tenth_gym_ros/bin'
[1.271s] Level 1:colcon.colcon_core.environment:checking '/sim_ws/install/f1tenth_gym_ros/lib/pkgconfig/f1tenth_gym_ros.pc'
[1.271s] Level 1:colcon.colcon_core.environment:checking '/sim_ws/install/f1tenth_gym_ros/lib/python3.8/site-packages'
[1.271s] Level 1:colcon.colcon_core.shell:create_environment_hook('f1tenth_gym_ros', 'pythonpath')
[1.273s] INFO:colcon.colcon_core.shell:Creating environment hook '/sim_ws/install/f1tenth_gym_ros/share/f1tenth_gym_ros/hook/pythonpath.ps1'
[1.273s] INFO:colcon.colcon_core.shell:Creating environment descriptor '/sim_ws/install/f1tenth_gym_ros/share/f1tenth_gym_ros/hook/pythonpath.dsv'
[1.273s] INFO:colcon.colcon_core.shell:Creating environment hook '/sim_ws/install/f1tenth_gym_ros/share/f1tenth_gym_ros/hook/pythonpath.sh'
[1.274s] Level 1:colcon.colcon_core.environment:checking '/sim_ws/install/f1tenth_gym_ros/bin'
[1.274s] Level 1:colcon.colcon_core.environment:create_environment_scripts_only(f1tenth_gym_ros)
[1.275s] INFO:colcon.colcon_core.shell:Creating package script '/sim_ws/install/f1tenth_gym_ros/share/f1tenth_gym_ros/package.ps1'
[1.276s] INFO:colcon.colcon_core.shell:Creating package descriptor '/sim_ws/install/f1tenth_gym_ros/share/f1tenth_gym_ros/package.dsv'
[1.277s] INFO:colcon.colcon_core.shell:Creating package script '/sim_ws/install/f1tenth_gym_ros/share/f1tenth_gym_ros/package.sh'
[1.277s] INFO:colcon.colcon_core.shell:Creating package script '/sim_ws/install/f1tenth_gym_ros/share/f1tenth_gym_ros/package.bash'
[1.278s] INFO:colcon.colcon_core.shell:Creating package script '/sim_ws/install/f1tenth_gym_ros/share/f1tenth_gym_ros/package.zsh'
[1.279s] Level 1:colcon.colcon_core.environment:create_file_with_runtime_dependencies(/sim_ws/install/f1tenth_gym_ros/share/colcon-core/packages/f1tenth_gym_ros)
[7.333s] DEBUG:colcon.colcon_core.event_handler.log_command:Invoked command in '/sim_ws/build/wall_follow' returned '0': CMAKE_PREFIX_PATH=${CMAKE_PREFIX_PATH}:/sim_ws/install/f1tenth_gym_ros:/opt/ros/foxy /usr/bin/cmake --build /sim_ws/build/wall_follow -- -j12 -l12
[7.357s] DEBUG:colcon.colcon_core.event_handler.log_command:Invoking command in '/sim_ws/build/wall_follow': CMAKE_PREFIX_PATH=${CMAKE_PREFIX_PATH}:/sim_ws/install/f1tenth_gym_ros:/opt/ros/foxy /usr/bin/cmake --install /sim_ws/build/wall_follow
[7.413s] Level 1:colcon.colcon_core.environment:create_environment_scripts_only(wall_follow)
[7.415s] Level 1:colcon.colcon_core.environment:checking '/sim_ws/install/wall_follow' for CMake module files
[7.416s] DEBUG:colcon.colcon_core.event_handler.log_command:Invoked command in '/sim_ws/build/wall_follow' returned '0': CMAKE_PREFIX_PATH=${CMAKE_PREFIX_PATH}:/sim_ws/install/f1tenth_gym_ros:/opt/ros/foxy /usr/bin/cmake --install /sim_ws/build/wall_follow
[7.417s] Level 1:colcon.colcon_core.environment:checking '/sim_ws/install/wall_follow' for CMake config files
[7.417s] Level 1:colcon.colcon_core.shell:create_environment_hook('wall_follow', 'cmake_prefix_path')
[7.419s] INFO:colcon.colcon_core.shell:Creating environment hook '/sim_ws/install/wall_follow/share/wall_follow/hook/cmake_prefix_path.ps1'
[7.419s] INFO:colcon.colcon_core.shell:Creating environment descriptor '/sim_ws/install/wall_follow/share/wall_follow/hook/cmake_prefix_path.dsv'
[7.420s] INFO:colcon.colcon_core.shell:Creating environment hook '/sim_ws/install/wall_follow/share/wall_follow/hook/cmake_prefix_path.sh'
[7.420s] Level 1:colcon.colcon_core.environment:checking '/sim_ws/install/wall_follow/lib'
[7.420s] Level 1:colcon.colcon_core.environment:checking '/sim_ws/install/wall_follow/bin'
[7.420s] Level 1:colcon.colcon_core.environment:checking '/sim_ws/install/wall_follow/lib/pkgconfig/wall_follow.pc'
[7.421s] Level 1:colcon.colcon_core.environment:checking '/sim_ws/install/wall_follow/lib/python3.8/site-packages'
[7.421s] Level 1:colcon.colcon_core.shell:create_environment_hook('wall_follow', 'pythonpath')
[7.422s] INFO:colcon.colcon_core.shell:Creating environment hook '/sim_ws/install/wall_follow/share/wall_follow/hook/pythonpath.ps1'
[7.422s] INFO:colcon.colcon_core.shell:Creating environment descriptor '/sim_ws/install/wall_follow/share/wall_follow/hook/pythonpath.dsv'
[7.423s] INFO:colcon.colcon_core.shell:Creating environment hook '/sim_ws/install/wall_follow/share/wall_follow/hook/pythonpath.sh'
[7.423s] Level 1:colcon.colcon_core.environment:checking '/sim_ws/install/wall_follow/bin'
[7.425s] INFO:colcon.colcon_core.shell:Creating package script '/sim_ws/install/wall_follow/share/wall_follow/package.ps1'
[7.425s] INFO:colcon.colcon_core.shell:Creating package descriptor '/sim_ws/install/wall_follow/share/wall_follow/package.dsv'
[7.426s] INFO:colcon.colcon_core.shell:Creating package script '/sim_ws/install/wall_follow/share/wall_follow/package.sh'
[7.426s] INFO:colcon.colcon_core.shell:Creating package script '/sim_ws/install/wall_follow/share/wall_follow/package.bash'
[7.427s] INFO:colcon.colcon_core.shell:Creating package script '/sim_ws/install/wall_follow/share/wall_follow/package.zsh'
[7.427s] Level 1:colcon.colcon_core.environment:create_file_with_runtime_dependencies(/sim_ws/install/wall_follow/share/colcon-core/packages/wall_follow)
[7.450s] Level 1:colcon.colcon_core.environment:create_environment_scripts_only(wall_follow)
[7.452s] Level 1:colcon.colcon_core.environment:checking '/sim_ws/install/wall_follow' for CMake module files
[7.453s] Level 1:colcon.colcon_core.environment:checking '/sim_ws/install/wall_follow' for CMake config files
[7.453s] Level 1:colcon.colcon_core.shell:create_environment_hook('wall_follow', 'cmake_prefix_path')
[7.454s] INFO:colcon.colcon_core.shell:Creating environment hook '/sim_ws/install/wall_follow/share/wall_follow/hook/cmake_prefix_path.ps1'
[7.455s] INFO:colcon.colcon_core.shell:Creating environment descriptor '/sim_ws/install/wall_follow/share/wall_follow/hook/cmake_prefix_path.dsv'
[7.455s] INFO:colcon.colcon_core.shell:Creating environment hook '/sim_ws/install/wall_follow/share/wall_follow/hook/cmake_prefix_path.sh'
[7.456s] Level 1:colcon.colcon_core.environment:checking '/sim_ws/install/wall_follow/lib'
[7.456s] Level 1:colcon.colcon_core.environment:checking '/sim_ws/install/wall_follow/bin'
[7.456s] Level 1:colcon.colcon_core.environment:checking '/sim_ws/install/wall_follow/lib/pkgconfig/wall_follow.pc'
[7.457s] Level 1:colcon.colcon_core.environment:checking '/sim_ws/install/wall_follow/lib/python3.8/site-packages'
[7.457s] Level 1:colcon.colcon_core.shell:create_environment_hook('wall_follow', 'pythonpath')
[7.458s] INFO:colcon.colcon_core.shell:Creating environment hook '/sim_ws/install/wall_follow/share/wall_follow/hook/pythonpath.ps1'
[7.459s] INFO:colcon.colcon_core.shell:Creating environment descriptor '/sim_ws/install/wall_follow/share/wall_follow/hook/pythonpath.dsv'
[7.459s] INFO:colcon.colcon_core.shell:Creating environment hook '/sim_ws/install/wall_follow/share/wall_follow/hook/pythonpath.sh'
[7.460s] Level 1:colcon.colcon_core.environment:checking '/sim_ws/install/wall_follow/bin'
[7.461s] INFO:colcon.colcon_core.shell:Creating package script '/sim_ws/install/wall_follow/share/wall_follow/package.ps1'
[7.462s] INFO:colcon.colcon_core.shell:Creating package descriptor '/sim_ws/install/wall_follow/share/wall_follow/package.dsv'
[7.462s] INFO:colcon.colcon_core.shell:Creating package script '/sim_ws/install/wall_follow/share/wall_follow/package.sh'
[7.463s] INFO:colcon.colcon_core.shell:Creating package script '/sim_ws/install/wall_follow/share/wall_follow/package.bash'
[7.463s] INFO:colcon.colcon_core.shell:Creating package script '/sim_ws/install/wall_follow/share/wall_follow/package.zsh'
[7.464s] Level 1:colcon.colcon_core.environment:create_file_with_runtime_dependencies(/sim_ws/install/wall_follow/share/colcon-core/packages/wall_follow)
[7.464s] DEBUG:colcon.colcon_parallel_executor.executor.parallel:closing loop
[7.465s] DEBUG:colcon.colcon_parallel_executor.executor.parallel:loop closed
[7.465s] DEBUG:colcon.colcon_parallel_executor.executor.parallel:run_until_complete finished with '0'
[7.465s] DEBUG:colcon.colcon_core.event_reactor:joining thread
[7.472s] INFO:colcon.colcon_core.plugin_system:Skipping extension 'colcon_notification.desktop_notification.notify_send': Could not find 'notify-send'
[7.472s] INFO:colcon.colcon_core.plugin_system:Skipping extension 'colcon_notification.desktop_notification.terminal_notifier': Not used on non-Darwin systems
[7.473s] INFO:colcon.colcon_core.plugin_system:Skipping extension 'colcon_notification.desktop_notification.win32': Not used on non-Windows systems
[7.473s] INFO:colcon.colcon_notification.desktop_notification:Sending desktop notification using 'notify2'
[7.475s] DEBUG:colcon.colcon_notification.desktop_notification.notify2:Failed to initialize notify2: org.freedesktop.DBus.Error.Spawn.ExecFailed: /usr/bin/dbus-launch terminated abnormally without any error message
[7.475s] DEBUG:colcon.colcon_core.event_reactor:joined thread
[7.477s] INFO:colcon.colcon_core.shell:Creating prefix script '/sim_ws/install/local_setup.ps1'
[7.479s] INFO:colcon.colcon_core.shell:Creating prefix util module '/sim_ws/install/_local_setup_util_ps1.py'
[7.480s] INFO:colcon.colcon_core.shell:Creating prefix chain script '/sim_ws/install/setup.ps1'
[7.482s] INFO:colcon.colcon_core.shell:Creating prefix script '/sim_ws/install/local_setup.sh'
[7.483s] INFO:colcon.colcon_core.shell:Creating prefix util module '/sim_ws/install/_local_setup_util_sh.py'
[7.484s] INFO:colcon.colcon_core.shell:Creating prefix chain script '/sim_ws/install/setup.sh'
[7.485s] INFO:colcon.colcon_core.shell:Creating prefix script '/sim_ws/install/local_setup.bash'
[7.486s] INFO:colcon.colcon_core.shell:Creating prefix chain script '/sim_ws/install/setup.bash'
[7.487s] INFO:colcon.colcon_core.shell:Creating prefix script '/sim_ws/install/local_setup.zsh'
[7.488s] INFO:colcon.colcon_core.shell:Creating prefix chain script '/sim_ws/install/setup.zsh'
