[0.162s] Invoking command in '/home/nvidia/F1Tenth_WS/build/safety_node': CMAKE_PREFIX_PATH=${CMAKE_PREFIX_PATH}:/home/nvidia/F1Tenth_WS/install/f1tenth_stack:/home/nvidia/F1Tenth_WS/install/joy_teleop:/home/nvidia/F1Tenth_WS/install/mouse_teleop:/home/nvidia/F1Tenth_WS/install/key_teleop:/opt/ros/foxy /usr/bin/cmake --build /home/nvidia/F1Tenth_WS/build/safety_node -- -j4 -l4
[0.470s] [35m[1mScanning dependencies of target safety_node[0m
[0.871s] [ 50%] [32mBuilding CXX object CMakeFiles/safety_node.dir/src/safety_node.cpp.o[0m
[7.077s] [01m[K/home/nvidia/F1Tenth_WS/src/safety_node/src/safety_node.cpp:[m[K In member function ‘[01m[Kvoid Safety::scan_callback(sensor_msgs::msg::LaserScan_<std::allocator<void> >::ConstSharedPtr)[m[K’:
[7.078s] [01m[K/home/nvidia/F1Tenth_WS/src/safety_node/src/safety_node.cpp:85:20:[m[K [01;35m[Kwarning: [m[Kunused variable ‘[01m[KR[m[K’ [[01;35m[K-Wunused-variable[m[K]
[7.078s]    85 |             double [01;35m[KR[m[K = speed / angular;
[7.078s]       |                    [01;35m[K^[m[K
[24.005s] [100%] [32m[1mLinking CXX executable safety_node[0m
[25.164s] [100%] Built target safety_node
[25.338s] Invoked command in '/home/nvidia/F1Tenth_WS/build/safety_node' returned '0': CMAKE_PREFIX_PATH=${CMAKE_PREFIX_PATH}:/home/nvidia/F1Tenth_WS/install/f1tenth_stack:/home/nvidia/F1Tenth_WS/install/joy_teleop:/home/nvidia/F1Tenth_WS/install/mouse_teleop:/home/nvidia/F1Tenth_WS/install/key_teleop:/opt/ros/foxy /usr/bin/cmake --build /home/nvidia/F1Tenth_WS/build/safety_node -- -j4 -l4
[25.470s] Invoking command in '/home/nvidia/F1Tenth_WS/build/safety_node': CMAKE_PREFIX_PATH=${CMAKE_PREFIX_PATH}:/home/nvidia/F1Tenth_WS/install/f1tenth_stack:/home/nvidia/F1Tenth_WS/install/joy_teleop:/home/nvidia/F1Tenth_WS/install/mouse_teleop:/home/nvidia/F1Tenth_WS/install/key_teleop:/opt/ros/foxy /usr/bin/cmake --install /home/nvidia/F1Tenth_WS/build/safety_node
[25.505s] -- Install configuration: ""
[25.507s] -- Execute custom install script
[25.510s] -- Up-to-date symlink: /home/nvidia/F1Tenth_WS/install/safety_node/share/safety_node/config/params.yaml
[25.512s] -- Up-to-date symlink: /home/nvidia/F1Tenth_WS/install/safety_node/share/safety_node/launch/safety_node_launch.py
[25.514s] -- Up-to-date symlink: /home/nvidia/F1Tenth_WS/install/safety_node/lib/safety_node/safety_node
[25.515s] -- Up-to-date symlink: /home/nvidia/F1Tenth_WS/install/safety_node/share/safety_node/environment/pythonpath.sh
[25.517s] -- Up-to-date symlink: /home/nvidia/F1Tenth_WS/install/safety_node/share/safety_node/environment/pythonpath.dsv
[25.520s] -- Up-to-date symlink: /home/nvidia/F1Tenth_WS/install/safety_node/lib/python3.8/site-packages/safety_node/__init__.py
[25.521s] -- Up-to-date symlink: /home/nvidia/F1Tenth_WS/install/safety_node/lib/safety_node/safety_node.py
[25.523s] -- Up-to-date symlink: /home/nvidia/F1Tenth_WS/install/safety_node/share/ament_index/resource_index/package_run_dependencies/safety_node
[25.524s] -- Up-to-date symlink: /home/nvidia/F1Tenth_WS/install/safety_node/share/ament_index/resource_index/parent_prefix_path/safety_node
[25.526s] -- Up-to-date symlink: /home/nvidia/F1Tenth_WS/install/safety_node/share/safety_node/environment/ament_prefix_path.sh
[25.527s] -- Up-to-date symlink: /home/nvidia/F1Tenth_WS/install/safety_node/share/safety_node/environment/ament_prefix_path.dsv
[25.528s] -- Up-to-date symlink: /home/nvidia/F1Tenth_WS/install/safety_node/share/safety_node/environment/path.sh
[25.529s] -- Up-to-date symlink: /home/nvidia/F1Tenth_WS/install/safety_node/share/safety_node/environment/path.dsv
[25.531s] -- Up-to-date symlink: /home/nvidia/F1Tenth_WS/install/safety_node/share/safety_node/local_setup.bash
[25.532s] -- Up-to-date symlink: /home/nvidia/F1Tenth_WS/install/safety_node/share/safety_node/local_setup.sh
[25.533s] -- Up-to-date symlink: /home/nvidia/F1Tenth_WS/install/safety_node/share/safety_node/local_setup.zsh
[25.534s] -- Up-to-date symlink: /home/nvidia/F1Tenth_WS/install/safety_node/share/safety_node/local_setup.dsv
[25.536s] -- Symlinking: /home/nvidia/F1Tenth_WS/install/safety_node/share/safety_node/package.dsv
[25.577s] -- Up-to-date symlink: /home/nvidia/F1Tenth_WS/install/safety_node/share/ament_index/resource_index/packages/safety_node
[25.578s] -- Up-to-date symlink: /home/nvidia/F1Tenth_WS/install/safety_node/share/safety_node/cmake/safety_nodeConfig.cmake
[25.579s] -- Up-to-date symlink: /home/nvidia/F1Tenth_WS/install/safety_node/share/safety_node/cmake/safety_nodeConfig-version.cmake
[25.580s] -- Up-to-date symlink: /home/nvidia/F1Tenth_WS/install/safety_node/share/safety_node/package.xml
[25.734s] Listing '/home/nvidia/F1Tenth_WS/install/safety_node/lib/python3.8/site-packages/safety_node'...
[25.767s] Invoked command in '/home/nvidia/F1Tenth_WS/build/safety_node' returned '0': CMAKE_PREFIX_PATH=${CMAKE_PREFIX_PATH}:/home/nvidia/F1Tenth_WS/install/f1tenth_stack:/home/nvidia/F1Tenth_WS/install/joy_teleop:/home/nvidia/F1Tenth_WS/install/mouse_teleop:/home/nvidia/F1Tenth_WS/install/key_teleop:/opt/ros/foxy /usr/bin/cmake --install /home/nvidia/F1Tenth_WS/build/safety_node
