[0.365s] Invoking command in '/home/nvidia/F1Tenth_WS/build/teleop_tools_msgs': CMAKE_PREFIX_PATH=${CMAKE_PREFIX_PATH}:/home/nvidia/F1Tenth_WS/install/f1tenth_stack:/home/nvidia/F1Tenth_WS/install/joy_teleop:/home/nvidia/F1Tenth_WS/install/mouse_teleop:/home/nvidia/F1Tenth_WS/install/key_teleop:/opt/ros/foxy /usr/bin/cmake /home/nvidia/F1Tenth_WS/src/f1tenth_system/teleop_tools/teleop_tools_msgs -DAMENT_CMAKE_SYMLINK_INSTALL=1 -DCMAKE_INSTALL_PREFIX=/home/nvidia/F1Tenth_WS/install/teleop_tools_msgs
[0.766s] -- The C compiler identification is GNU 9.4.0
[1.169s] -- The CXX compiler identification is GNU 9.4.0
[1.198s] -- Check for working C compiler: /usr/bin/cc
[1.690s] -- Check for working C compiler: /usr/bin/cc -- works
[1.700s] -- Detecting C compiler ABI info
[2.321s] -- Detecting C compiler ABI info - done
[2.372s] -- Detecting C compile features
[2.374s] -- Detecting C compile features - done
[2.387s] -- Check for working CXX compiler: /usr/bin/c++
[3.010s] -- Check for working CXX compiler: /usr/bin/c++ -- works
[3.016s] -- Detecting CXX compiler ABI info
[3.624s] -- Detecting CXX compiler ABI info - done
[3.674s] -- Detecting CXX compile features
[3.678s] -- Detecting CXX compile features - done
[3.693s] -- Found ament_cmake: 0.9.12 (/opt/ros/foxy/share/ament_cmake/cmake)
[3.814s] -- Found PythonInterp: /usr/bin/python3 (found suitable version "3.8.10", minimum required is "3") 
[3.814s] -- Using PYTHON_EXECUTABLE: /usr/bin/python3
[4.675s] -- Override CMake install command with custom implementation using symlinks instead of copying resources
[4.793s] -- Found rosidl_default_generators: 1.0.1 (/opt/ros/foxy/share/rosidl_default_generators/cmake)
[4.819s] -- Using all available rosidl_typesupport_c: rosidl_typesupport_fastrtps_c;rosidl_typesupport_introspection_c
[4.850s] -- Found rosidl_adapter: 1.3.1 (/opt/ros/foxy/share/rosidl_adapter/cmake)
[5.423s] -- Found OpenSSL: /usr/lib/aarch64-linux-gnu/libcrypto.so (found version "1.1.1f")  
[5.563s] -- Found FastRTPS: /opt/ros/foxy/include  
[6.007s] -- Using all available rosidl_typesupport_cpp: rosidl_typesupport_fastrtps_cpp;rosidl_typesupport_introspection_cpp
[6.161s] -- Found ament_lint_auto: 0.9.8 (/opt/ros/foxy/share/ament_lint_auto/cmake)
[6.680s] -- Found PythonInterp: /usr/bin/python3 (found version "3.8.10") 
[7.314s] -- Found ament_cmake_ros: 0.9.2 (/opt/ros/foxy/share/ament_cmake_ros/cmake)
[8.068s] -- Using all available rosidl_typesupport_c: rosidl_typesupport_fastrtps_c;rosidl_typesupport_introspection_c
[8.227s] -- Using all available rosidl_typesupport_cpp: rosidl_typesupport_fastrtps_cpp;rosidl_typesupport_introspection_cpp
[8.386s] -- Found PythonInterp: /usr/bin/python3 (found suitable version "3.8.10", minimum required is "3.5") 
[8.396s] -- Found python_cmake_module: 0.8.1 (/opt/ros/foxy/share/python_cmake_module/cmake)
[8.584s] -- Found PythonLibs: /usr/lib/aarch64-linux-gnu/libpython3.8.so (found suitable version "3.8.10", minimum required is "3.5") 
[8.585s] -- Using PYTHON_EXECUTABLE: /usr/bin/python3
[8.585s] -- Using PYTHON_INCLUDE_DIRS: /usr/include/python3.8
[8.586s] -- Using PYTHON_LIBRARIES: /usr/lib/aarch64-linux-gnu/libpython3.8.so
[8.729s] -- Found PythonExtra: .so  
[9.081s] -- Added test 'copyright' to check source files copyright and LICENSE
[9.091s] -- Added test 'lint_cmake' to check CMake code style
[9.097s] -- Added test 'xmllint' to check XML markup files
[9.156s] -- Configuring done
[9.472s] -- Generating done
[9.488s] -- Build files have been written to: /home/nvidia/F1Tenth_WS/build/teleop_tools_msgs
[9.676s] Invoked command in '/home/nvidia/F1Tenth_WS/build/teleop_tools_msgs' returned '0': CMAKE_PREFIX_PATH=${CMAKE_PREFIX_PATH}:/home/nvidia/F1Tenth_WS/install/f1tenth_stack:/home/nvidia/F1Tenth_WS/install/joy_teleop:/home/nvidia/F1Tenth_WS/install/mouse_teleop:/home/nvidia/F1Tenth_WS/install/key_teleop:/opt/ros/foxy /usr/bin/cmake /home/nvidia/F1Tenth_WS/src/f1tenth_system/teleop_tools/teleop_tools_msgs -DAMENT_CMAKE_SYMLINK_INSTALL=1 -DCMAKE_INSTALL_PREFIX=/home/nvidia/F1Tenth_WS/install/teleop_tools_msgs
[9.679s] Invoking command in '/home/nvidia/F1Tenth_WS/build/teleop_tools_msgs': CMAKE_PREFIX_PATH=${CMAKE_PREFIX_PATH}:/home/nvidia/F1Tenth_WS/install/f1tenth_stack:/home/nvidia/F1Tenth_WS/install/joy_teleop:/home/nvidia/F1Tenth_WS/install/mouse_teleop:/home/nvidia/F1Tenth_WS/install/key_teleop:/opt/ros/foxy /usr/bin/cmake --build /home/nvidia/F1Tenth_WS/build/teleop_tools_msgs -- -j4 -l4
[9.891s] [35m[1mScanning dependencies of target teleop_tools_msgs__cpp[0m
[9.928s] [  3%] [34m[1mGenerating C code for ROS interfaces[0m
[9.964s] [  6%] [34m[1mGenerating C++ code for ROS interfaces[0m
[12.013s] [  6%] Built target teleop_tools_msgs__cpp
[12.197s] [  9%] [34m[1mGenerating C++ introspection for ROS interfaces[0m
[12.232s] [ 12%] [34m[1mGenerating C++ type support for eProsima Fast-RTPS[0m
[12.233s] [ 16%] [34m[1mGenerating C++ type support dispatch for ROS interfaces[0m
[12.686s] [35m[1mScanning dependencies of target teleop_tools_msgs__rosidl_generator_c[0m
[12.893s] [ 19%] [32mBuilding C object CMakeFiles/teleop_tools_msgs__rosidl_generator_c.dir/rosidl_generator_c/teleop_tools_msgs/action/detail/increment__functions.c.o[0m
[14.374s] [35m[1mScanning dependencies of target teleop_tools_msgs__rosidl_typesupport_introspection_cpp[0m
[14.766s] [ 22%] [32mBuilding CXX object CMakeFiles/teleop_tools_msgs__rosidl_typesupport_introspection_cpp.dir/rosidl_typesupport_introspection_cpp/teleop_tools_msgs/action/detail/increment__type_support.cpp.o[0m
[15.154s] [ 25%] [32m[1mLinking C shared library libteleop_tools_msgs__rosidl_generator_c.so[0m
[15.630s] [35m[1mScanning dependencies of target teleop_tools_msgs__rosidl_typesupport_cpp[0m
[15.797s] [35m[1mScanning dependencies of target teleop_tools_msgs__rosidl_typesupport_fastrtps_cpp[0m
[15.888s] [ 29%] [32mBuilding CXX object CMakeFiles/teleop_tools_msgs__rosidl_typesupport_cpp.dir/rosidl_typesupport_cpp/teleop_tools_msgs/action/increment__type_support.cpp.o[0m
[15.935s] [ 29%] Built target teleop_tools_msgs__rosidl_generator_c
[16.033s] [ 32%] [34m[1mGenerating C introspection for ROS interfaces[0m
[16.077s] [ 35%] [32mBuilding CXX object CMakeFiles/teleop_tools_msgs__rosidl_typesupport_fastrtps_cpp.dir/rosidl_typesupport_fastrtps_cpp/teleop_tools_msgs/action/detail/dds_fastrtps/increment__type_support.cpp.o[0m
[19.715s] [35m[1mScanning dependencies of target teleop_tools_msgs__rosidl_typesupport_introspection_c[0m
[20.141s] [ 38%] [32m[1mLinking CXX shared library libteleop_tools_msgs__rosidl_typesupport_introspection_cpp.so[0m
[20.190s] [ 41%] [32mBuilding C object CMakeFiles/teleop_tools_msgs__rosidl_typesupport_introspection_c.dir/rosidl_typesupport_introspection_c/teleop_tools_msgs/action/detail/increment__type_support.c.o[0m
[21.803s] [ 45%] [32m[1mLinking C shared library libteleop_tools_msgs__rosidl_typesupport_introspection_c.so[0m
[21.874s] [ 45%] Built target teleop_tools_msgs__rosidl_typesupport_introspection_cpp
[22.194s] [ 45%] Built target teleop_tools_msgs__rosidl_typesupport_introspection_c
[22.624s] [ 48%] [32m[1mLinking CXX shared library libteleop_tools_msgs__rosidl_typesupport_cpp.so[0m
[23.383s] [ 48%] Built target teleop_tools_msgs__rosidl_typesupport_cpp
[26.155s] [ 51%] [32m[1mLinking CXX shared library libteleop_tools_msgs__rosidl_typesupport_fastrtps_cpp.so[0m
[27.309s] [ 51%] Built target teleop_tools_msgs__rosidl_typesupport_fastrtps_cpp
[27.474s] [ 54%] [34m[1mGenerating C type support dispatch for ROS interfaces[0m
[29.050s] [35m[1mScanning dependencies of target teleop_tools_msgs__rosidl_typesupport_c[0m
[29.218s] [ 58%] [32mBuilding CXX object CMakeFiles/teleop_tools_msgs__rosidl_typesupport_c.dir/rosidl_typesupport_c/teleop_tools_msgs/action/increment__type_support.cpp.o[0m
[29.787s] [ 61%] [32m[1mLinking CXX shared library libteleop_tools_msgs__rosidl_typesupport_c.so[0m
[30.498s] [ 61%] Built target teleop_tools_msgs__rosidl_typesupport_c
[30.711s] [ 64%] [34m[1mGenerating C type support for eProsima Fast-RTPS[0m
[34.186s] [35m[1mScanning dependencies of target teleop_tools_msgs__rosidl_typesupport_fastrtps_c[0m
[34.408s] [ 67%] [32mBuilding CXX object CMakeFiles/teleop_tools_msgs__rosidl_typesupport_fastrtps_c.dir/rosidl_typesupport_fastrtps_c/teleop_tools_msgs/action/detail/increment__type_support_c.cpp.o[0m
[37.897s] [ 70%] [32m[1mLinking CXX shared library libteleop_tools_msgs__rosidl_typesupport_fastrtps_c.so[0m
[38.621s] [ 70%] Built target teleop_tools_msgs__rosidl_typesupport_fastrtps_c
[38.765s] [35m[1mScanning dependencies of target teleop_tools_msgs[0m
[38.816s] [ 70%] Built target teleop_tools_msgs
[38.930s] [35m[1mScanning dependencies of target teleop_tools_msgs__py[0m
[39.070s] [ 74%] [34m[1mGenerating Python code for ROS interfaces[0m
[43.693s] [ 74%] Built target teleop_tools_msgs__py
[43.862s] [35m[1mScanning dependencies of target teleop_tools_msgs__python[0m
[44.062s] [ 77%] [32mBuilding C object CMakeFiles/teleop_tools_msgs__python.dir/rosidl_generator_py/teleop_tools_msgs/action/_increment_s.c.o[0m
[44.969s] [ 80%] [32m[1mLinking C shared library rosidl_generator_py/teleop_tools_msgs/libteleop_tools_msgs__python.so[0m
[45.652s] [ 80%] Built target teleop_tools_msgs__python
[45.795s] [35m[1mScanning dependencies of target teleop_tools_msgs__rosidl_typesupport_c__pyext[0m
[46.004s] [ 83%] [32mBuilding C object CMakeFiles/teleop_tools_msgs__rosidl_typesupport_c__pyext.dir/rosidl_generator_py/teleop_tools_msgs/_teleop_tools_msgs_s.ep.rosidl_typesupport_c.c.o[0m
[47.009s] [ 87%] [32m[1mLinking C shared library rosidl_generator_py/teleop_tools_msgs/teleop_tools_msgs_s__rosidl_typesupport_c.cpython-38-aarch64-linux-gnu.so[0m
[47.339s] [ 87%] Built target teleop_tools_msgs__rosidl_typesupport_c__pyext
[47.388s] [35m[1mScanning dependencies of target teleop_tools_msgs__rosidl_typesupport_fastrtps_c__pyext[0m
[47.598s] [ 90%] [32mBuilding C object CMakeFiles/teleop_tools_msgs__rosidl_typesupport_fastrtps_c__pyext.dir/rosidl_generator_py/teleop_tools_msgs/_teleop_tools_msgs_s.ep.rosidl_typesupport_fastrtps_c.c.o[0m
[48.889s] [ 93%] [32m[1mLinking CXX shared library rosidl_generator_py/teleop_tools_msgs/teleop_tools_msgs_s__rosidl_typesupport_fastrtps_c.cpython-38-aarch64-linux-gnu.so[0m
[49.434s] [ 93%] Built target teleop_tools_msgs__rosidl_typesupport_fastrtps_c__pyext
[49.588s] [35m[1mScanning dependencies of target teleop_tools_msgs__rosidl_typesupport_introspection_c__pyext[0m
[49.820s] [ 96%] [32mBuilding C object CMakeFiles/teleop_tools_msgs__rosidl_typesupport_introspection_c__pyext.dir/rosidl_generator_py/teleop_tools_msgs/_teleop_tools_msgs_s.ep.rosidl_typesupport_introspection_c.c.o[0m
[50.792s] [100%] [32m[1mLinking C shared library rosidl_generator_py/teleop_tools_msgs/teleop_tools_msgs_s__rosidl_typesupport_introspection_c.cpython-38-aarch64-linux-gnu.so[0m
[51.243s] [100%] Built target teleop_tools_msgs__rosidl_typesupport_introspection_c__pyext
[51.422s] Invoked command in '/home/nvidia/F1Tenth_WS/build/teleop_tools_msgs' returned '0': CMAKE_PREFIX_PATH=${CMAKE_PREFIX_PATH}:/home/nvidia/F1Tenth_WS/install/f1tenth_stack:/home/nvidia/F1Tenth_WS/install/joy_teleop:/home/nvidia/F1Tenth_WS/install/mouse_teleop:/home/nvidia/F1Tenth_WS/install/key_teleop:/opt/ros/foxy /usr/bin/cmake --build /home/nvidia/F1Tenth_WS/build/teleop_tools_msgs -- -j4 -l4
[52.423s] Invoking command in '/home/nvidia/F1Tenth_WS/build/teleop_tools_msgs': CMAKE_PREFIX_PATH=${CMAKE_PREFIX_PATH}:/home/nvidia/F1Tenth_WS/install/f1tenth_stack:/home/nvidia/F1Tenth_WS/install/joy_teleop:/home/nvidia/F1Tenth_WS/install/mouse_teleop:/home/nvidia/F1Tenth_WS/install/key_teleop:/opt/ros/foxy /usr/bin/cmake --install /home/nvidia/F1Tenth_WS/build/teleop_tools_msgs
[52.494s] -- Install configuration: ""
[52.498s] -- Execute custom install script
[52.503s] -- Symlinking: /home/nvidia/F1Tenth_WS/install/teleop_tools_msgs/share/ament_index/resource_index/rosidl_interfaces/teleop_tools_msgs
[52.560s] -- Symlinking: /home/nvidia/F1Tenth_WS/install/teleop_tools_msgs/include/teleop_tools_msgs/action/detail/increment__functions.h
[52.668s] -- Symlinking: /home/nvidia/F1Tenth_WS/install/teleop_tools_msgs/include/teleop_tools_msgs/action/detail/increment__struct.h
[52.743s] -- Symlinking: /home/nvidia/F1Tenth_WS/install/teleop_tools_msgs/include/teleop_tools_msgs/action/detail/increment__type_support.h
[52.790s] -- Symlinking: /home/nvidia/F1Tenth_WS/install/teleop_tools_msgs/include/teleop_tools_msgs/action/increment.h
[52.846s] -- Symlinking: /home/nvidia/F1Tenth_WS/install/teleop_tools_msgs/include/teleop_tools_msgs/msg/rosidl_generator_c__visibility_control.h
[52.893s] -- Symlinking: /home/nvidia/F1Tenth_WS/install/teleop_tools_msgs/share/teleop_tools_msgs/environment/library_path.sh
[52.949s] -- Symlinking: /home/nvidia/F1Tenth_WS/install/teleop_tools_msgs/share/teleop_tools_msgs/environment/library_path.dsv
[53.000s] -- Symlinking: /home/nvidia/F1Tenth_WS/install/teleop_tools_msgs/include/teleop_tools_msgs/action/detail/increment__rosidl_typesupport_fastrtps_c.h
[53.055s] -- Symlinking: /home/nvidia/F1Tenth_WS/install/teleop_tools_msgs/include/teleop_tools_msgs/msg/rosidl_typesupport_fastrtps_c__visibility_control.h
[53.103s] -- Symlinking: /home/nvidia/F1Tenth_WS/install/teleop_tools_msgs/lib/libteleop_tools_msgs__rosidl_typesupport_fastrtps_c.so
[53.161s] -- Symlinking: /home/nvidia/F1Tenth_WS/install/teleop_tools_msgs/include/teleop_tools_msgs/action/detail/increment__rosidl_typesupport_fastrtps_cpp.hpp
[53.210s] -- Symlinking: /home/nvidia/F1Tenth_WS/install/teleop_tools_msgs/include/teleop_tools_msgs/msg/rosidl_typesupport_fastrtps_cpp__visibility_control.h
[53.266s] -- Symlinking: /home/nvidia/F1Tenth_WS/install/teleop_tools_msgs/lib/libteleop_tools_msgs__rosidl_typesupport_fastrtps_cpp.so
[53.318s] -- Symlinking: /home/nvidia/F1Tenth_WS/install/teleop_tools_msgs/include/teleop_tools_msgs/action/detail/increment__rosidl_typesupport_introspection_c.h
[53.369s] -- Symlinking: /home/nvidia/F1Tenth_WS/install/teleop_tools_msgs/include/teleop_tools_msgs/msg/rosidl_typesupport_introspection_c__visibility_control.h
[53.421s] -- Symlinking: /home/nvidia/F1Tenth_WS/install/teleop_tools_msgs/include/teleop_tools_msgs/action/detail/increment__builder.hpp
[53.476s] -- Symlinking: /home/nvidia/F1Tenth_WS/install/teleop_tools_msgs/include/teleop_tools_msgs/action/detail/increment__struct.hpp
[53.528s] -- Symlinking: /home/nvidia/F1Tenth_WS/install/teleop_tools_msgs/include/teleop_tools_msgs/action/detail/increment__traits.hpp
[53.572s] -- Symlinking: /home/nvidia/F1Tenth_WS/install/teleop_tools_msgs/include/teleop_tools_msgs/action/detail/increment__type_support.hpp
[53.619s] -- Symlinking: /home/nvidia/F1Tenth_WS/install/teleop_tools_msgs/include/teleop_tools_msgs/action/increment.hpp
[53.667s] -- Symlinking: /home/nvidia/F1Tenth_WS/install/teleop_tools_msgs/include/teleop_tools_msgs/msg/rosidl_generator_cpp__visibility_control.hpp
[53.718s] -- Symlinking: /home/nvidia/F1Tenth_WS/install/teleop_tools_msgs/include/teleop_tools_msgs/action/detail/increment__rosidl_typesupport_introspection_cpp.hpp
[53.774s] -- Symlinking: /home/nvidia/F1Tenth_WS/install/teleop_tools_msgs/share/teleop_tools_msgs/environment/pythonpath.sh
[53.818s] -- Symlinking: /home/nvidia/F1Tenth_WS/install/teleop_tools_msgs/share/teleop_tools_msgs/environment/pythonpath.dsv
[53.871s] -- Symlinking: /home/nvidia/F1Tenth_WS/install/teleop_tools_msgs/lib/python3.8/site-packages/teleop_tools_msgs/__init__.py
[53.926s] -- Symlinking: /home/nvidia/F1Tenth_WS/install/teleop_tools_msgs/lib/python3.8/site-packages/teleop_tools_msgs/action/__init__.py
[53.973s] -- Symlinking: /home/nvidia/F1Tenth_WS/install/teleop_tools_msgs/lib/python3.8/site-packages/teleop_tools_msgs/action/_increment.py
[54.020s] -- Symlinking: /home/nvidia/F1Tenth_WS/install/teleop_tools_msgs/lib/python3.8/site-packages/teleop_tools_msgs/teleop_tools_msgs_s__rosidl_typesupport_fastrtps_c.cpython-38-aarch64-linux-gnu.so
[54.072s] -- Symlinking: /home/nvidia/F1Tenth_WS/install/teleop_tools_msgs/lib/python3.8/site-packages/teleop_tools_msgs/teleop_tools_msgs_s__rosidl_typesupport_introspection_c.cpython-38-aarch64-linux-gnu.so
[54.122s] -- Symlinking: /home/nvidia/F1Tenth_WS/install/teleop_tools_msgs/lib/python3.8/site-packages/teleop_tools_msgs/teleop_tools_msgs_s__rosidl_typesupport_c.cpython-38-aarch64-linux-gnu.so
[54.175s] -- Symlinking: /home/nvidia/F1Tenth_WS/install/teleop_tools_msgs/lib/libteleop_tools_msgs__python.so
[54.220s] -- Symlinking: /home/nvidia/F1Tenth_WS/install/teleop_tools_msgs/share/teleop_tools_msgs/action/Increment.idl
[54.337s] -- Symlinking: /home/nvidia/F1Tenth_WS/install/teleop_tools_msgs/share/teleop_tools_msgs/action/Increment.action
[54.383s] -- Symlinking: /home/nvidia/F1Tenth_WS/install/teleop_tools_msgs/share/ament_index/resource_index/package_run_dependencies/teleop_tools_msgs
[54.440s] -- Symlinking: /home/nvidia/F1Tenth_WS/install/teleop_tools_msgs/share/ament_index/resource_index/parent_prefix_path/teleop_tools_msgs
[54.486s] -- Symlinking: /home/nvidia/F1Tenth_WS/install/teleop_tools_msgs/share/teleop_tools_msgs/environment/ament_prefix_path.sh
[54.541s] -- Symlinking: /home/nvidia/F1Tenth_WS/install/teleop_tools_msgs/share/teleop_tools_msgs/environment/ament_prefix_path.dsv
[54.588s] -- Symlinking: /home/nvidia/F1Tenth_WS/install/teleop_tools_msgs/share/teleop_tools_msgs/environment/path.sh
[54.640s] -- Symlinking: /home/nvidia/F1Tenth_WS/install/teleop_tools_msgs/share/teleop_tools_msgs/environment/path.dsv
[54.686s] -- Symlinking: /home/nvidia/F1Tenth_WS/install/teleop_tools_msgs/share/teleop_tools_msgs/local_setup.bash
[54.741s] -- Symlinking: /home/nvidia/F1Tenth_WS/install/teleop_tools_msgs/share/teleop_tools_msgs/local_setup.sh
[54.788s] -- Symlinking: /home/nvidia/F1Tenth_WS/install/teleop_tools_msgs/share/teleop_tools_msgs/local_setup.zsh
[54.845s] -- Symlinking: /home/nvidia/F1Tenth_WS/install/teleop_tools_msgs/share/teleop_tools_msgs/local_setup.dsv
[54.892s] -- Symlinking: /home/nvidia/F1Tenth_WS/install/teleop_tools_msgs/share/teleop_tools_msgs/package.dsv
[54.946s] -- Symlinking: /home/nvidia/F1Tenth_WS/install/teleop_tools_msgs/share/ament_index/resource_index/packages/teleop_tools_msgs
[54.995s] -- Symlinking: /home/nvidia/F1Tenth_WS/install/teleop_tools_msgs/share/teleop_tools_msgs/cmake/rosidl_cmake-extras.cmake
[55.051s] -- Symlinking: /home/nvidia/F1Tenth_WS/install/teleop_tools_msgs/share/teleop_tools_msgs/cmake/ament_cmake_export_dependencies-extras.cmake
[55.100s] -- Symlinking: /home/nvidia/F1Tenth_WS/install/teleop_tools_msgs/share/teleop_tools_msgs/cmake/ament_cmake_export_libraries-extras.cmake
[55.155s] -- Symlinking: /home/nvidia/F1Tenth_WS/install/teleop_tools_msgs/share/teleop_tools_msgs/cmake/ament_cmake_export_targets-extras.cmake
[55.201s] -- Symlinking: /home/nvidia/F1Tenth_WS/install/teleop_tools_msgs/share/teleop_tools_msgs/cmake/ament_cmake_export_include_directories-extras.cmake
[55.258s] -- Symlinking: /home/nvidia/F1Tenth_WS/install/teleop_tools_msgs/share/teleop_tools_msgs/cmake/rosidl_cmake_export_typesupport_libraries-extras.cmake
[55.303s] -- Symlinking: /home/nvidia/F1Tenth_WS/install/teleop_tools_msgs/share/teleop_tools_msgs/cmake/rosidl_cmake_export_typesupport_targets-extras.cmake
[55.360s] -- Symlinking: /home/nvidia/F1Tenth_WS/install/teleop_tools_msgs/share/teleop_tools_msgs/cmake/teleop_tools_msgsConfig.cmake
[55.407s] -- Symlinking: /home/nvidia/F1Tenth_WS/install/teleop_tools_msgs/share/teleop_tools_msgs/cmake/teleop_tools_msgsConfig-version.cmake
[55.464s] -- Symlinking: /home/nvidia/F1Tenth_WS/install/teleop_tools_msgs/share/teleop_tools_msgs/package.xml
[55.677s] -- Installing: /home/nvidia/F1Tenth_WS/install/teleop_tools_msgs/lib/libteleop_tools_msgs__rosidl_generator_c.so
[55.681s] -- Set runtime path of "/home/nvidia/F1Tenth_WS/install/teleop_tools_msgs/lib/libteleop_tools_msgs__rosidl_generator_c.so" to ""
[55.682s] -- Installing: /home/nvidia/F1Tenth_WS/install/teleop_tools_msgs/lib/libteleop_tools_msgs__rosidl_typesupport_introspection_c.so
[55.691s] -- Set runtime path of "/home/nvidia/F1Tenth_WS/install/teleop_tools_msgs/lib/libteleop_tools_msgs__rosidl_typesupport_introspection_c.so" to ""
[55.693s] -- Installing: /home/nvidia/F1Tenth_WS/install/teleop_tools_msgs/lib/libteleop_tools_msgs__rosidl_typesupport_c.so
[55.694s] -- Set runtime path of "/home/nvidia/F1Tenth_WS/install/teleop_tools_msgs/lib/libteleop_tools_msgs__rosidl_typesupport_c.so" to ""
[55.694s] -- Installing: /home/nvidia/F1Tenth_WS/install/teleop_tools_msgs/lib/libteleop_tools_msgs__rosidl_typesupport_introspection_cpp.so
[55.700s] -- Set runtime path of "/home/nvidia/F1Tenth_WS/install/teleop_tools_msgs/lib/libteleop_tools_msgs__rosidl_typesupport_introspection_cpp.so" to ""
[55.700s] -- Installing: /home/nvidia/F1Tenth_WS/install/teleop_tools_msgs/lib/libteleop_tools_msgs__rosidl_typesupport_cpp.so
[55.702s] -- Set runtime path of "/home/nvidia/F1Tenth_WS/install/teleop_tools_msgs/lib/libteleop_tools_msgs__rosidl_typesupport_cpp.so" to ""
[55.888s] Compiling '/home/nvidia/F1Tenth_WS/install/teleop_tools_msgs/lib/python3.8/site-packages/teleop_tools_msgs/__init__.py'...
[55.909s] -- Installing: /home/nvidia/F1Tenth_WS/install/teleop_tools_msgs/share/teleop_tools_msgs/cmake/teleop_tools_msgs__rosidl_generator_cExport.cmake
[55.910s] -- Installing: /home/nvidia/F1Tenth_WS/install/teleop_tools_msgs/share/teleop_tools_msgs/cmake/teleop_tools_msgs__rosidl_generator_cExport-noconfig.cmake
[55.911s] -- Installing: /home/nvidia/F1Tenth_WS/install/teleop_tools_msgs/share/teleop_tools_msgs/cmake/teleop_tools_msgs__rosidl_typesupport_introspection_cExport.cmake
[55.913s] -- Installing: /home/nvidia/F1Tenth_WS/install/teleop_tools_msgs/share/teleop_tools_msgs/cmake/teleop_tools_msgs__rosidl_typesupport_introspection_cExport-noconfig.cmake
[55.914s] -- Installing: /home/nvidia/F1Tenth_WS/install/teleop_tools_msgs/share/teleop_tools_msgs/cmake/teleop_tools_msgs__rosidl_typesupport_cExport.cmake
[55.915s] -- Installing: /home/nvidia/F1Tenth_WS/install/teleop_tools_msgs/share/teleop_tools_msgs/cmake/teleop_tools_msgs__rosidl_typesupport_cExport-noconfig.cmake
[55.917s] -- Installing: /home/nvidia/F1Tenth_WS/install/teleop_tools_msgs/share/teleop_tools_msgs/cmake/teleop_tools_msgs__rosidl_generator_cppExport.cmake
[55.918s] -- Installing: /home/nvidia/F1Tenth_WS/install/teleop_tools_msgs/share/teleop_tools_msgs/cmake/teleop_tools_msgs__rosidl_typesupport_introspection_cppExport.cmake
[55.918s] -- Installing: /home/nvidia/F1Tenth_WS/install/teleop_tools_msgs/share/teleop_tools_msgs/cmake/teleop_tools_msgs__rosidl_typesupport_introspection_cppExport-noconfig.cmake
[55.919s] -- Installing: /home/nvidia/F1Tenth_WS/install/teleop_tools_msgs/share/teleop_tools_msgs/cmake/teleop_tools_msgs__rosidl_typesupport_cppExport.cmake
[55.920s] -- Installing: /home/nvidia/F1Tenth_WS/install/teleop_tools_msgs/share/teleop_tools_msgs/cmake/teleop_tools_msgs__rosidl_typesupport_cppExport-noconfig.cmake
[55.935s] Invoked command in '/home/nvidia/F1Tenth_WS/build/teleop_tools_msgs' returned '0': CMAKE_PREFIX_PATH=${CMAKE_PREFIX_PATH}:/home/nvidia/F1Tenth_WS/install/f1tenth_stack:/home/nvidia/F1Tenth_WS/install/joy_teleop:/home/nvidia/F1Tenth_WS/install/mouse_teleop:/home/nvidia/F1Tenth_WS/install/key_teleop:/opt/ros/foxy /usr/bin/cmake --install /home/nvidia/F1Tenth_WS/build/teleop_tools_msgs
